[12:12:07] This is prokka 1.14.6
[12:12:07] Written by Torsten Seemann <torsten.seemann@gmail.com>
[12:12:07] Homepage is https://github.com/tseemann/prokka
[12:12:07] Local time is Tue Apr 26 12:12:07 2022
[12:12:07] You are Team5
[12:12:07] Operating system is linux
[12:12:07] You have BioPerl 1.7.8
[12:12:07] System has 4 cores.
[12:12:07] Option --cpu asked for 8 cores, but system only has 4
[12:12:07] Will use maximum of 4 cores.
[12:12:07] Annotating as >>> Bacteria <<<
[12:12:07] Generating locus_tag from './final_output/CGT1005_contigs.fa' contents.
[12:12:07] Setting --locustag HGLHCLKK from MD5 1051c54488d36dba058089e22b37cea8
[12:12:07] Creating new output folder: ./gp/CGT1005
[12:12:07] Running: mkdir -p \.\/gp\/CGT1005
[12:12:07] Using filename prefix: PROKKA_04262022.XXX
[12:12:07] Setting HMMER_NCPU=1
[12:12:07] Writing log to: ./gp/CGT1005/PROKKA_04262022.log
[12:12:07] Command: /home/Team5/miniconda3/envs/gene_prediction/bin/prokka ./final_output/CGT1005_contigs.fa --outdir ./gp/CGT1005 --kingdom Bacteria --rfam
[12:12:07] Appending to PATH: /home/Team5/miniconda3/envs/gene_prediction/bin
[12:12:07] Looking for 'aragorn' - found /home/Team5/miniconda3/envs/gene_prediction/bin/aragorn
[12:12:07] Determined aragorn version is 001002 from 'ARAGORN v1.2.41 Dean Laslett'
[12:12:07] Looking for 'barrnap' - found /home/Team5/miniconda3/envs/gene_prediction/bin/barrnap
[12:12:07] Determined barrnap version is 000009 from 'barrnap 0.9'
[12:12:07] Looking for 'blastp' - found /home/Team5/miniconda3/envs/gene_prediction/bin/blastp
[12:12:07] Determined blastp version is 002012 from 'blastp: 2.12.0+'
[12:12:07] Looking for 'cmpress' - found /home/Team5/miniconda3/envs/gene_prediction/bin/cmpress
[12:12:07] Determined cmpress version is 001001 from '# INFERNAL 1.1.4 (Dec 2020)'
[12:12:07] Looking for 'cmscan' - found /home/Team5/miniconda3/envs/gene_prediction/bin/cmscan
[12:12:07] Determined cmscan version is 001001 from '# INFERNAL 1.1.4 (Dec 2020)'
[12:12:07] Looking for 'egrep' - found /usr/bin/egrep
[12:12:07] Looking for 'find' - found /usr/bin/find
[12:12:07] Looking for 'grep' - found /usr/bin/grep
[12:12:07] Looking for 'hmmpress' - found /home/Team5/miniconda3/envs/gene_prediction/bin/hmmpress
[12:12:07] Determined hmmpress version is 003003 from '# HMMER 3.3.2 (Nov 2020); http://hmmer.org/'
[12:12:07] Looking for 'hmmscan' - found /home/Team5/miniconda3/envs/gene_prediction/bin/hmmscan
[12:12:07] Determined hmmscan version is 003003 from '# HMMER 3.3.2 (Nov 2020); http://hmmer.org/'
[12:12:07] Looking for 'java' - found /home/Team5/miniconda3/envs/gene_prediction/bin/java
[12:12:07] Looking for 'makeblastdb' - found /home/Team5/miniconda3/envs/gene_prediction/bin/makeblastdb
[12:12:07] Determined makeblastdb version is 002012 from 'makeblastdb: 2.12.0+'
[12:12:07] Looking for 'minced' - found /home/Team5/miniconda3/envs/gene_prediction/bin/minced
[12:12:07] Determined minced version is 004002 from 'minced 0.4.2'
[12:12:07] Looking for 'parallel' - found /home/Team5/miniconda3/envs/gene_prediction/bin/parallel
[12:12:07] Determined parallel version is 20220222 from 'GNU parallel 20220222'
[12:12:07] Looking for 'prodigal' - found /home/Team5/miniconda3/envs/gene_prediction/bin/prodigal
[12:12:07] Determined prodigal version is 002006 from 'Prodigal V2.6.3: February, 2016'
[12:12:07] Looking for 'prokka-genbank_to_fasta_db' - found /home/Team5/miniconda3/envs/gene_prediction/bin/prokka-genbank_to_fasta_db
[12:12:07] Looking for 'sed' - found /usr/bin/sed
[12:12:07] Looking for 'tbl2asn' - found /home/Team5/miniconda3/envs/gene_prediction/bin/tbl2asn
[12:12:08] Determined tbl2asn version is 025007 from 'tbl2asn 25.7   arguments:'
[12:12:08] Using genetic code table 11.
[12:12:08] Loading and checking input file: ./final_output/CGT1005_contigs.fa
[12:12:08] Wrote 415 contigs totalling 5434116 bp.
[12:12:08] Predicting tRNAs and tmRNAs
[12:12:08] Running: aragorn -l -gc11  -w \.\/gp\/CGT1005\/PROKKA_04262022\.fna
[12:12:10] 1 tRNA-Phe c[104876,104951] 34 (gaa)
[12:12:10] 2 tRNA-Gly [133959,134034] 34 (gcc)
[12:12:10] 3 tRNA-Gly [134071,134146] 34 (gcc)
[12:12:10] 4 tRNA-Gly [134182,134257] 34 (gcc)
[12:12:10] 5 tRNA-Leu [234820,234904] 35 (caa)
[12:12:10] 6 tRNA-Leu c[350737,350823] 35 (cag)
[12:12:10] 1 tRNA-Met c[9493,9568] 34 (cat)
[12:12:10] 2 tRNA-Arg c[43488,43564] 35 (acg)
[12:12:10] 3 tRNA-Arg c[43667,43743] 35 (acg)
[12:12:10] 4 tRNA-Arg c[43806,43882] 35 (acg)
[12:12:10] 5 tRNA-Arg c[43947,44023] 35 (acg)
[12:12:10] 6 tRNA-Ser c[44027,44119] 35 (gct)
[12:12:10] 7 tRNA-Met [171495,171571] 35 (cat)
[12:12:10] 8 tRNA-Met [171605,171681] 35 (cat)
[12:12:10] 9 tRNA-Met [171715,171791] 35 (cat)
[12:12:10] 10 tRNA-Gly c[239021,239094] 33 (ccc)
[12:12:10] 11 tRNA-Phe [353667,353742] 34 (gaa)
[12:12:10] 1 tRNA-Pro c[259959,260035] 35 (cgg)
[12:12:10] 1 tRNA-Leu [92845,92931] 35 (gag)
[12:12:10] 2 tRNA-Met [96714,96790] 35 (cat)
[12:12:10] 3 tRNA-Met c[200981,201056] 34 (cat)
[12:12:10] 1 tRNA-Arg [17208,17282] 34 (cct)
[12:12:10] 2 tRNA-Ala c[69124,69199] 34 (ggc)
[12:12:10] 3 tRNA-Ala c[69239,69314] 34 (ggc)
[12:12:10] 4 tRNA-Val [73761,73836] 34 (tac)
[12:12:10] 5 tRNA-Val [73881,73956] 34 (tac)
[12:12:10] 6 tRNA-Val [74003,74078] 34 (tac)
[12:12:10] 7 tRNA-Lys [74083,74158] 34 (ttt)
[12:12:10] 1 tRNA-Ser c[214723,214803] 38 (gga)
[12:12:10] 1 tRNA-Ser [105720,105807] 35 (gga)
[12:12:10] 1 tRNA-Val c[107990,108066] 35 (gac)
[12:12:10] 2 tRNA-Val c[108071,108147] 35 (gac)
[12:12:10] 1 tRNA-Arg [37636,37712] 35 (tct)
[12:12:10] 2 tRNA-Gln c[157044,157118] 33 (ctg)
[12:12:10] 3 tRNA-Gln c[157156,157230] 33 (ctg)
[12:12:10] 4 tRNA-Met c[157279,157355] 35 (cat)
[12:12:10] 5 tRNA-Gln c[157371,157445] 33 (ttg)
[12:12:10] 6 tRNA-Gln c[157480,157554] 33 (ttg)
[12:12:10] 7 tRNA-Leu c[157578,157662] 35 (tag)
[12:12:10] 8 tRNA-Met c[157673,157749] 35 (cat)
[12:12:10] 1 tRNA-Pro c[67732,67808] 35 (ggg)
[12:12:10] 1 tRNA-Asp [154,230] 35 (gtc)
[12:12:10] 2 tRNA-Asp [8378,8454] 35 (gtc)
[12:12:10] 3 tRNA-Lys [93790,93865] 34 (ttt)
[12:12:10] 4 tRNA-Val [93901,93976] 34 (tac)
[12:12:10] 5 tRNA-Lys [93979,94054] 34 (ttt)
[12:12:10] 6 tRNA-Val [94106,94181] 34 (tac)
[12:12:10] 7 tRNA-Lys [94185,94260] 34 (ttt)
[12:12:10] 8 tRNA-Lys [94407,94482] 34 (ttt)
[12:12:10] 1 tRNA-Ser [109478,109565] 35 (tga)
[12:12:10] 1 tRNA-Ser c[6129,6216] 35 (gga)
[12:12:10] 1 tRNA-Pro c[55162,55238] 35 (tgg)
[12:12:10] 2 tRNA-Leu c[55281,55367] 35 (cag)
[12:12:10] 3 tRNA-His c[55388,55463] 34 (gtg)
[12:12:10] 4 tRNA-Arg c[55522,55598] 35 (ccg)
[12:12:10] 5 tRNA-Trp c[90902,90977] 34 (cca)
[12:12:10] 6 tRNA-Asp c[90986,91062] 35 (gtc)
[12:12:10] 1 tRNA-Tyr [30561,30645] 35 (gta)
[12:12:10] 2 tRNA-Tyr [30855,30939] 35 (gta)
[12:12:10] 1 tRNA-SeC [72361,72455] 35 (tca)
[12:12:10] 1 tRNA-Leu c[9533,9619] 35 (taa)
[12:12:10] 2 tRNA-Cys c[9632,9705] 33 (gca)
[12:12:10] 3 tRNA-Gly c[9759,9834] 34 (gcc)
[12:12:10] 1 tmRNA c[4352,4714] 90,125 ANDENYALAA**
[12:12:10] 1 tRNA-Thr [25928,26003] 34 (cgt)
[12:12:10] 1 tRNA-Asn c[3809,3884] 34 (gtt)
[12:12:10] 2 tRNA-Asn c[6217,6292] 34 (gtt)
[12:12:10] 3 tRNA-Asn [8041,8116] 34 (gtt)
[12:12:10] 4 tRNA-Asn c[22421,22496] 34 (gtt)
[12:12:10] 5 tRNA-Ser [23488,23577] 35 (cga)
[12:12:10] 1 tRNA-Arg c[1062,1138] 35 (tct)
[12:12:10] 2 tRNA-Met c[1219,1294] 34 (cat)
[12:12:10] 1 tRNA-Met [4676,4751] 34 (cat)
[12:12:10] 2 tRNA-Arg [4761,4837] 35 (tcg)
[12:12:10] 3 tRNA-Arg [4851,4927] 35 (tct)
[12:12:10] 1 tRNA-Met [3021,3096] 34 (cat)
[12:12:10] 2 tRNA-Arg [3104,3180] 35 (tcg)
[12:12:10] 3 tRNA-Arg [3194,3270] 35 (tct)
[12:12:10] 1 tRNA-Thr [3565,3640] 34 (tgt)
[12:12:10] 2 tRNA-Tyr [3649,3733] 35 (gta)
[12:12:10] 3 tRNA-Gly [3850,3924] 34 (tcc)
[12:12:10] 4 tRNA-Thr [3931,4006] 34 (ggt)
[12:12:10] 1 tRNA-Met [2330,2405] 34 (cat)
[12:12:10] 2 tRNA-Arg [2506,2582] 35 (tct)
[12:12:10] 1 tRNA-Arg c[372,448] 35 (tct)
[12:12:10] 2 tRNA-Arg c[462,538] 35 (tcg)
[12:12:10] 3 tRNA-Met c[540,615] 34 (cat)
[12:12:10] 1 tRNA-Thr c[1310,1385] 34 (ggt)
[12:12:10] 1 tRNA-Arg c[331,407] 35 (tct)
[12:12:10] 1 tRNA-Met c[3,78] 34 (cat)
[12:12:10] 1 tRNA-Glu [74,149] 35 (ttc)
[12:12:10] Found 91 tRNAs
[12:12:10] Predicting Ribosomal RNAs
[12:12:10] Running Barrnap with 4 threads
[12:12:13] 1 contig00005 270570 5S ribosomal RNA
[12:12:13] 2 contig00015 4 5S ribosomal RNA (partial)
[12:12:13] 3 contig00020 92232 5S ribosomal RNA
[12:12:13] 4 contig00065 4 5S ribosomal RNA (partial)
[12:12:13] 5 contig00083 11 5S ribosomal RNA
[12:12:13] 6 contig00083 219 23S ribosomal RNA (partial)
[12:12:13] 7 contig00094 125 16S ribosomal RNA
[12:12:13] 8 contig00107 1158 5S ribosomal RNA
[12:12:13] 9 contig00107 1403 5S ribosomal RNA
[12:12:13] Found 9 rRNAs
[12:12:13] Scanning for ncRNAs... please be patient.
[12:12:13] Running: cmscan -Z 10.868232 --cut_ga --rfam --nohmmonly --fmt 2 --cpu 4 --tblout /dev/stdout -o /dev/null --noali /home/Team5/miniconda3/envs/gene_prediction/db/cm/Bacteria \.\/gp\/CGT1005\/PROKKA_04262022\.fna
[12:12:52] 1 ncRNA 1 contig00001 1..232
[12:12:52] 2 ncRNA 2 contig00001 1..195
[12:12:52] 3 ncRNA 3 contig00001 1..166
[12:12:52] 4 ncRNA 4 contig00001 1..142
[12:12:52] 5 ncRNA 5 contig00001 1..148
[12:12:52] 6 ncRNA 6 contig00001 1..123
[12:12:52] 7 ncRNA 7 contig00001 1..111
[12:12:52] 8 ncRNA 8 contig00001 1..158
[12:12:52] 9 ncRNA 9 contig00001 1..115
[12:12:52] 10 ncRNA 10 contig00001 1..85
[12:12:52] 11 ncRNA 11 contig00001 1..118
[12:12:52] 12 ncRNA 12 contig00001 1..93
[12:12:52] 13 ncRNA 13 contig00001 1..77
[12:12:52] 14 ncRNA 14 contig00001 1..97
[12:12:52] 15 ncRNA 15 contig00001 1..55
[12:12:52] 16 ncRNA 16 contig00001 1..114
[12:12:52] 17 ncRNA 17 contig00001 1..77
[12:12:52] 18 ncRNA 18 contig00001 1..77
[12:12:52] 19 ncRNA 19 contig00001 1..53
[12:12:52] 20 ncRNA 20 contig00001 1..57
[12:12:52] 21 ncRNA 21 contig00001 1..77
[12:12:52] 22 ncRNA 22 contig00001 1..46
[12:12:52] 23 ncRNA 23 contig00001 1..70
[12:12:52] 24 ncRNA 24 contig00001 1..77
[12:12:52] 25 ncRNA 25 contig00001 1..77
[12:12:52] 26 ncRNA 26 contig00001 1..77
[12:12:52] 27 ncRNA 27 contig00001 1..76
[12:12:52] 28 ncRNA 28 contig00001 1..77
[12:12:52] 29 ncRNA 29 contig00001 1..77
[12:12:52] 30 ncRNA 30 contig00001 1..77
[12:12:52] 31 ncRNA 31 contig00001 1..77
[12:12:52] 32 ncRNA 32 contig00001 1..105
[12:13:18] 33 ncRNA 33 contig00001 1..77
[12:13:18] 34 ncRNA 34 contig00001 1..77
[12:13:18] 35 ncRNA 35 contig00001 1..77
[12:13:18] 36 ncRNA 36 contig00001 1..77
[12:13:18] 37 ncRNA 37 contig00001 1..77
[12:13:18] 38 ncRNA 38 contig00001 1..48
[12:13:18] 39 ncRNA 1 contig00002 1..356
[12:13:18] 40 ncRNA 2 contig00002 1..198
[12:13:18] 41 ncRNA 3 contig00002 1..147
[12:13:18] 42 ncRNA 4 contig00002 1..147
[12:13:18] 43 ncRNA 5 contig00002 1..188
[12:13:18] 44 ncRNA 6 contig00002 1..158
[12:13:18] 45 ncRNA 7 contig00002 1..87
[12:13:18] 46 ncRNA 8 contig00002 1..87
[12:13:18] 47 ncRNA 9 contig00002 1..75
[12:13:18] 48 ncRNA 10 contig00002 1..77
[12:13:18] 49 ncRNA 11 contig00002 1..75
[12:14:14] 50 ncRNA 12 contig00002 1..77
[12:14:14] 51 ncRNA 13 contig00002 1..43
[12:14:14] 52 ncRNA 14 contig00002 1..43
[12:14:14] 53 ncRNA 1 contig00003 1..428
[12:14:14] 54 ncRNA 2 contig00003 1..114
[12:14:14] 55 ncRNA 3 contig00003 1..158
[12:14:14] 56 ncRNA 4 contig00003 1..84
[12:14:14] 57 ncRNA 5 contig00003 1..66
[12:14:14] 58 ncRNA 6 contig00003 1..72
[12:14:14] 59 ncRNA 7 contig00003 1..84
[12:14:14] 60 ncRNA 8 contig00003 1..67
[12:14:14] 61 ncRNA 9 contig00003 1..77
[12:14:14] 62 ncRNA 10 contig00003 1..43
[12:14:14] 63 ncRNA 11 contig00003 1..32
[12:14:14] 64 ncRNA 1 contig00004 1..367
[12:14:14] 65 ncRNA 2 contig00004 1..123
[12:14:14] 66 ncRNA 3 contig00004 1..147
[12:14:41] 67 ncRNA 4 contig00004 1..177
[12:14:41] 68 ncRNA 5 contig00004 1..147
[12:14:41] 69 ncRNA 6 contig00004 1..140
[12:14:41] 70 ncRNA 7 contig00004 1..117
[12:14:41] 71 ncRNA 8 contig00004 1..106
[12:14:41] 72 ncRNA 9 contig00004 1..124
[12:14:41] 73 ncRNA 10 contig00004 1..64
[12:14:41] 74 ncRNA 11 contig00004 1..111
[12:14:41] 75 ncRNA 12 contig00004 1..77
[12:14:41] 76 ncRNA 13 contig00004 1..77
[12:14:41] 77 ncRNA 14 contig00004 1..77
[12:14:41] 78 ncRNA 15 contig00004 1..77
[12:14:41] 79 ncRNA 16 contig00004 1..77
[12:14:41] 80 ncRNA 1 contig00005 1..296
[12:14:41] 81 ncRNA 2 contig00005 1..214
[12:14:41] 82 ncRNA 3 contig00005 1..110
[12:14:41] 83 ncRNA 4 contig00005 1..163
[12:15:09] 84 ncRNA 5 contig00005 1..92
[12:15:09] 85 ncRNA 6 contig00005 1..59
[12:15:09] 86 ncRNA 7 contig00005 1..77
[12:15:09] 87 ncRNA 9 contig00005 1..87
[12:15:09] 88 ncRNA 1 contig00006 1..65
[12:15:09] 89 ncRNA 2 contig00006 1..95
[12:15:09] 90 ncRNA 3 contig00006 1..77
[12:15:09] 91 ncRNA 4 contig00006 1..97
[12:15:09] 92 ncRNA 5 contig00006 1..77
[12:15:09] 93 ncRNA 6 contig00006 1..77
[12:15:09] 94 ncRNA 7 contig00006 1..77
[12:15:09] 95 ncRNA 8 contig00006 1..77
[12:15:09] 96 ncRNA 9 contig00006 1..77
[12:15:09] 97 ncRNA 10 contig00006 1..77
[12:15:09] 98 ncRNA 11 contig00006 1..83
[12:15:09] 99 ncRNA 12 contig00006 1..77
[12:15:57] 100 ncRNA 13 contig00006 1..77
[12:15:57] 101 ncRNA 14 contig00006 1..77
[12:15:57] 102 ncRNA 15 contig00006 1..77
[12:15:57] 103 ncRNA 16 contig00006 1..77
[12:15:57] 104 ncRNA 17 contig00006 1..77
[12:15:57] 105 ncRNA 18 contig00006 1..77
[12:15:57] 106 ncRNA 1 contig00007 1..135
[12:15:57] 107 ncRNA 2 contig00007 1..135
[12:15:57] 108 ncRNA 3 contig00007 1..79
[12:15:57] 109 ncRNA 4 contig00007 1..74
[12:15:57] 110 ncRNA 5 contig00007 1..77
[12:15:57] 111 ncRNA 6 contig00007 1..77
[12:15:57] 112 ncRNA 7 contig00007 1..77
[12:15:57] 113 ncRNA 8 contig00007 1..28
[12:15:57] 114 ncRNA 1 contig00008 1..388
[12:15:57] 115 ncRNA 2 contig00008 1..62
[12:16:57] 116 ncRNA 3 contig00008 1..108
[12:16:57] 117 ncRNA 4 contig00008 1..52
[12:16:57] 118 ncRNA 5 contig00008 1..156
[12:16:57] 119 ncRNA 6 contig00008 1..202
[12:16:57] 120 ncRNA 7 contig00008 1..125
[12:16:57] 121 ncRNA 1 contig00009 1..163
[12:16:57] 122 ncRNA 2 contig00009 1..428
[12:16:57] 123 ncRNA 3 contig00009 1..109
[12:16:57] 124 ncRNA 4 contig00009 1..158
[12:16:57] 125 ncRNA 5 contig00009 1..72
[12:16:57] 126 ncRNA 6 contig00009 1..158
[12:16:57] 127 ncRNA 1 contig00010 1..217
[12:16:57] 128 ncRNA 2 contig00010 1..119
[12:16:57] 129 ncRNA 3 contig00010 1..158
[12:16:57] 130 ncRNA 4 contig00010 1..96
[12:16:57] 131 ncRNA 5 contig00010 1..123
[12:16:57] 132 ncRNA 6 contig00010 1..100
[12:16:57] 133 ncRNA 7 contig00010 1..64
[12:17:30] 134 ncRNA 1 contig00011 1..308
[12:17:30] 135 ncRNA 2 contig00011 1..145
[12:17:30] 136 ncRNA 3 contig00011 1..428
[12:17:30] 137 ncRNA 4 contig00011 1..86
[12:17:30] 138 ncRNA 5 contig00011 1..100
[12:17:30] 139 ncRNA 6 contig00011 1..78
[12:17:30] 140 ncRNA 7 contig00011 1..87
[12:17:30] 141 ncRNA 8 contig00011 1..77
[12:17:30] 142 ncRNA 9 contig00011 1..77
[12:17:30] 143 ncRNA 1 contig00012 1..94
[12:17:30] 144 ncRNA 2 contig00012 1..77
[12:17:30] 145 ncRNA 3 contig00012 1..77
[12:17:30] 146 ncRNA 4 contig00012 1..77
[12:17:30] 147 ncRNA 5 contig00012 1..84
[12:17:30] 148 ncRNA 6 contig00012 1..77
[12:17:30] 149 ncRNA 1 contig00013 1..158
[12:17:30] 150 ncRNA 2 contig00013 1..130
[12:18:25] 151 ncRNA 3 contig00013 1..73
[12:18:25] 152 ncRNA 4 contig00013 1..81
[12:18:25] 153 ncRNA 5 contig00013 1..43
[12:18:25] 154 ncRNA 1 contig00014 1..77
[12:18:25] 155 ncRNA 2 contig00014 1..77
[12:18:25] 156 ncRNA 3 contig00014 1..77
[12:18:25] 157 ncRNA 4 contig00014 1..44
[12:18:25] 158 ncRNA 1 contig00015 1..77
[12:18:25] 159 ncRNA 2 contig00015 1..43
[12:18:25] 160 ncRNA 3 contig00015 1..130
[12:18:25] 161 ncRNA 1 contig00016 1..194
[12:18:25] 162 ncRNA 2 contig00016 1..428
[12:18:25] 163 ncRNA 3 contig00016 1..117
[12:18:25] 164 ncRNA 4 contig00016 1..77
[12:18:25] 165 ncRNA 1 contig00017 1..214
[12:18:25] 166 ncRNA 2 contig00017 1..59
[12:18:25] 167 ncRNA 3 contig00017 1..118
[12:18:49] 168 ncRNA 1 contig00018 1..334
[12:18:49] 169 ncRNA 2 contig00018 1..169
[12:18:49] 170 ncRNA 3 contig00018 1..92
[12:18:49] 171 ncRNA 4 contig00018 1..50
[12:18:49] 172 ncRNA 5 contig00018 1..43
[12:18:49] 173 ncRNA 1 contig00019 1..147
[12:18:49] 174 ncRNA 2 contig00019 1..147
[12:18:49] 175 ncRNA 3 contig00019 1..147
[12:18:49] 176 ncRNA 4 contig00019 1..127
[12:18:49] 177 ncRNA 5 contig00019 1..85
[12:18:49] 178 ncRNA 6 contig00019 1..52
[12:18:49] 179 ncRNA 7 contig00019 1..77
[12:18:49] 180 ncRNA 8 contig00019 1..38
[12:18:49] 181 ncRNA 9 contig00019 1..38
[12:18:49] 182 ncRNA 1 contig00020 1..255
[12:18:49] 183 ncRNA 2 contig00020 1..108
[12:18:49] 184 ncRNA 3 contig00020 1..115
[12:19:22] 185 ncRNA 4 contig00020 1..59
[12:19:22] 186 ncRNA 5 contig00020 1..77
[12:19:22] 187 ncRNA 6 contig00020 1..77
[12:19:22] 188 ncRNA 7 contig00020 1..58
[12:19:22] 189 ncRNA 8 contig00020 1..71
[12:19:22] 190 ncRNA 1 contig00021 1..252
[12:19:22] 191 ncRNA 2 contig00021 1..212
[12:19:22] 192 ncRNA 3 contig00021 1..300
[12:19:22] 193 ncRNA 4 contig00021 1..88
[12:19:22] 194 ncRNA 1 contig00022 1..130
[12:19:22] 195 ncRNA 2 contig00022 1..130
[12:19:22] 196 ncRNA 3 contig00022 1..130
[12:19:22] 197 ncRNA 4 contig00022 1..79
[12:19:22] 198 ncRNA 5 contig00022 1..66
[12:19:22] 199 ncRNA 6 contig00022 1..66
[12:19:22] 200 ncRNA 1 contig00023 1..123
[12:19:22] 201 ncRNA 2 contig00023 1..38
[12:19:48] 202 ncRNA 1 contig00024 1..76
[12:19:48] 203 ncRNA 2 contig00024 1..76
[12:19:48] 204 ncRNA 3 contig00024 1..105
[12:19:48] 205 ncRNA 4 contig00024 1..77
[12:19:48] 206 ncRNA 1 contig00025 1..198
[12:19:48] 207 ncRNA 2 contig00025 1..85
[12:19:48] 208 ncRNA 3 contig00025 1..94
[12:19:48] 209 ncRNA 1 contig00026 1..183
[12:19:48] 210 ncRNA 2 contig00026 1..77
[12:19:48] 211 ncRNA 3 contig00026 1..77
[12:19:48] 212 ncRNA 4 contig00026 1..77
[12:19:48] 213 ncRNA 5 contig00026 1..162
[12:19:48] 214 ncRNA 1 contig00027 1..152
[12:19:48] 215 ncRNA 2 contig00027 1..292
[12:19:48] 216 ncRNA 3 contig00027 1..74
[12:19:48] 217 ncRNA 4 contig00027 1..134
[12:19:48] 218 ncRNA 5 contig00027 1..158
[12:20:34] 219 ncRNA 1 contig00028 1..110
[12:20:34] 220 ncRNA 2 contig00028 1..191
[12:20:34] 221 ncRNA 1 contig00030 1..161
[12:20:34] 222 ncRNA 2 contig00030 1..66
[12:20:34] 223 ncRNA 3 contig00030 1..105
[12:20:34] 224 ncRNA 1 contig00031 1..140
[12:20:34] 225 ncRNA 2 contig00031 1..125
[12:20:34] 226 ncRNA 1 contig00032 1..77
[12:20:34] 227 ncRNA 1 contig00033 1..110
[12:20:34] 228 ncRNA 1 contig00036 1..158
[12:20:34] 229 ncRNA 2 contig00036 1..99
[12:20:34] 230 ncRNA 1 contig00037 1..87
[12:20:34] 231 ncRNA 2 contig00037 1..77
[12:20:34] 232 ncRNA 1 contig00038 1..206
[12:20:34] 233 ncRNA 1 contig00041 1..198
[12:20:34] 234 ncRNA 1 contig00042 1..198
[12:20:34] 235 ncRNA 1 contig00043 1..185
[12:20:34] 236 ncRNA 2 contig00043 1..92
[12:21:03] 237 ncRNA 1 contig00044 1..158
[12:21:03] 238 ncRNA 2 contig00044 1..52
[12:21:03] 239 ncRNA 1 contig00045 1..206
[12:21:03] 240 ncRNA 2 contig00045 1..158
[12:21:03] 241 ncRNA 3 contig00045 1..62
[12:21:03] 242 ncRNA 1 contig00047 1..158
[12:21:03] 243 ncRNA 2 contig00047 1..52
[12:21:03] 244 ncRNA 1 contig00054 1..206
[12:21:03] 245 ncRNA 2 contig00054 1..62
[12:21:03] 246 ncRNA 1 contig00060 1..77
[12:21:03] 247 ncRNA 2 contig00060 1..87
[12:21:03] 248 ncRNA 1 contig00061 1..158
[12:21:03] 249 ncRNA 1 contig00062 1..206
[12:21:03] 250 ncRNA 1 contig00066 1..206
[12:21:03] 251 ncRNA 1 contig00068 1..117
[12:21:03] 252 ncRNA 1 contig00075 1..77
[12:21:03] 253 ncRNA 2 contig00075 1..87
[12:21:41] 254 ncRNA 3 contig00075 1..87
[12:21:41] 255 ncRNA 1 contig00082 1..68
[12:21:41] 256 ncRNA 1 contig00093 1..206
[12:21:41] 257 ncRNA 1 contig00103 1..206
[12:21:41] 258 ncRNA 2 contig00103 1..53
[12:21:41] 259 ncRNA 1 contig00156 1..158
[12:21:41] 260 ncRNA 1 contig00165 1..59
[12:21:41] 261 ncRNA 1 contig00232 1..62
[12:21:41] 262 ncRNA 2 contig00232 85..206
[12:21:41] 263 ncRNA 1 contig00331 13..151
[12:21:41] Found 263 ncRNAs.
[12:21:41] Total of 99 tRNA + rRNA features
[12:21:41] Searching for CRISPR repeats
[12:21:41] CRISPR1 contig00002 99930 with 4 spacers
[12:21:42] Found 1 CRISPRs
[12:21:42] Predicting coding sequences
[12:21:42] Contigs total 5434116 bp, so using single mode
[12:21:42] Running: prodigal -i \.\/gp\/CGT1005\/PROKKA_04262022\.fna -c -m -g 11 -p single -f sco -q
[12:21:50] Excluding CDS which overlaps existing RNA (tRNA) at contig00001:234699..234902 on - strand
[12:21:51] Excluding CDS which overlaps existing RNA (tRNA) at contig00002:43669..44316 on + strand
[12:21:54] Excluding CDS which overlaps existing RNA (tRNA) at contig00022:30552..31118 on - strand
[12:21:54] Excluding CDS which overlaps existing RNA (tRNA) at contig00025:9335..9586 on + strand
[12:21:55] Excluding CDS which overlaps existing RNA (rRNA) at contig00094:224..478 on - strand
[12:21:55] Found 5164 CDS
[12:21:55] Connecting features back to sequences
[12:21:55] Not using genus-specific database. Try --usegenus to enable it.
[12:21:55] Annotating CDS, please be patient.
[12:21:55] Will use 4 CPUs for similarity searching.
[12:21:58] There are still 5164 unannotated CDS left (started with 5164)
[12:21:58] Will use blast to search against /home/Team5/miniconda3/envs/gene_prediction/db/kingdom/Bacteria/IS with 4 CPUs
[12:21:58] Running: cat \.\/gp\/CGT1005\/PROKKA_04262022\.IS\.tmp\.707639\.faa | parallel --gnu --plain -j 4 --block 197632 --recstart '>' --pipe blastp -query - -db /home/Team5/miniconda3/envs/gene_prediction/db/kingdom/Bacteria/IS -evalue 1e-30 -qcov_hsp_perc 90 -num_threads 1 -num_descriptions 1 -num_alignments 1 -seg no > \.\/gp\/CGT1005\/PROKKA_04262022\.IS\.tmp\.707639\.blast 2> /dev/null
[12:22:51] Deleting unwanted file: ./gp/CGT1005/PROKKA_04262022.IS.tmp.707639.faa
[12:22:51] Deleting unwanted file: ./gp/CGT1005/PROKKA_04262022.IS.tmp.707639.blast
[12:22:54] There are still 5116 unannotated CDS left (started with 5164)
[12:22:54] Will use blast to search against /home/Team5/miniconda3/envs/gene_prediction/db/kingdom/Bacteria/AMR with 4 CPUs
[12:22:54] Running: cat \.\/gp\/CGT1005\/PROKKA_04262022\.AMR\.tmp\.707639\.faa | parallel --gnu --plain -j 4 --block 196160 --recstart '>' --pipe blastp -query - -db /home/Team5/miniconda3/envs/gene_prediction/db/kingdom/Bacteria/AMR -evalue 1e-300 -qcov_hsp_perc 90 -num_threads 1 -num_descriptions 1 -num_alignments 1 -seg no > \.\/gp\/CGT1005\/PROKKA_04262022\.AMR\.tmp\.707639\.blast 2> /dev/null
[12:23:31] Deleting unwanted file: ./gp/CGT1005/PROKKA_04262022.AMR.tmp.707639.faa
[12:23:31] Deleting unwanted file: ./gp/CGT1005/PROKKA_04262022.AMR.tmp.707639.blast
[12:23:33] There are still 5116 unannotated CDS left (started with 5164)
[12:23:33] Will use blast to search against /home/Team5/miniconda3/envs/gene_prediction/db/kingdom/Bacteria/sprot with 4 CPUs
[12:23:33] Running: cat \.\/gp\/CGT1005\/PROKKA_04262022\.sprot\.tmp\.707639\.faa | parallel --gnu --plain -j 4 --block 196160 --recstart '>' --pipe blastp -query - -db /home/Team5/miniconda3/envs/gene_prediction/db/kingdom/Bacteria/sprot -evalue 1e-09 -qcov_hsp_perc 80 -num_threads 1 -num_descriptions 1 -num_alignments 1 -seg no > \.\/gp\/CGT1005\/PROKKA_04262022\.sprot\.tmp\.707639\.blast 2> /dev/null
[12:27:49] Modify product: Uncharacterized protein YjbR => putative protein YjbR
[12:27:49] Modify product: Probable cyclic di-GMP phosphodiesterase PdeC => putative cyclic di-GMP phosphodiesterase PdeC
[12:27:49] Modify product: Uncharacterized ferredoxin-like protein YdhX => putative ferredoxin-like protein YdhX
[12:27:49] Modify product: Probable fructose-bisphosphate aldolase => putative fructose-bisphosphate aldolase
[12:27:49] Modify product: Probable transcriptional regulator PhnF => putative transcriptional regulator PhnF
[12:27:49] Modify product: Uncharacterized protein YjdJ => putative protein YjdJ
[12:27:49] Modify product: Probable cadaverine/lysine antiporter => putative cadaverine/lysine antiporter
[12:27:49] Modify product: UPF0716 protein FxsA => hypothetical protein
[12:27:49] Modify product: UPF0719 inner membrane protein YjfL => hypothetical protein
[12:27:49] Modify product: Probable L-ascorbate-6-phosphate lactonase UlaG => putative L-ascorbate-6-phosphate lactonase UlaG
[12:27:49] Modify product: Uncharacterized protein YtfJ => putative protein YtfJ
[12:27:49] Modify product: UPF0053 inner membrane protein YtfL => hypothetical protein
[12:27:49] Modify product: UPF0307 protein YjgA => hypothetical protein
[12:27:49] Modify product: Uncharacterized protein YjgL => putative protein YjgL
[12:27:49] Modify product: Probable 9-O-acetyl-N-acetylneuraminic acid deacetylase => putative 9-O-acetyl-N-acetylneuraminic acid deacetylase
[12:27:49] Modify product: Probable N-acetylneuraminic acid outer membrane channel protein NanC => putative N-acetylneuraminic acid outer membrane channel protein NanC
[12:27:49] Modify product: Probable major fimbrial subunit LpfA => putative major fimbrial subunit LpfA
[12:27:49] Modify product: Uncharacterized protein YjiK => putative protein YjiK
[12:27:49] Modify product: Probable type I restriction enzyme BthVORF4518P M protein => putative type I restriction enzymeP M protein
[12:27:49] Modify product: Probable L-galactonate transporter => putative L-galactonate transporter
[12:27:49] Modify product: Probable HTH-type transcriptional regulator LgoR => putative HTH-type transcriptional regulator LgoR
[12:27:49] Modify product: UPF0442 protein YjjB => hypothetical protein
[12:27:49] Modify product: Uncharacterized metal-dependent hydrolase YjjV => putative metal-dependent hydrolase YjjV
[12:27:49] Modify product: Uncharacterized protein YjjI => putative protein YjjI
[12:27:49] Modify product: Uncharacterized protein YjjI => putative protein YjjI
[12:27:49] Modify product: Probable fimbrial chaperone YehC => putative fimbrial chaperone YehC
[12:27:49] Modify product: Uncharacterized fimbrial-like protein YehD => putative fimbrial-like protein YehD
[12:27:49] Modify product: Probable peptidoglycan glycosyltransferase FtsW => putative peptidoglycan glycosyltransferase FtsW
[12:27:50] Modify product: UPF0231 protein YacL => hypothetical protein
[12:27:50] Modify product: Uncharacterized ABC transporter ATP-binding protein YadG => putative ABC transporter ATP-binding protein YadG
[12:27:50] Modify product: Uncharacterized fimbrial-like protein YadK => putative fimbrial-like protein YadK
[12:27:50] Modify product: Uncharacterized fimbrial-like protein YadL => putative fimbrial-like protein YadL
[12:27:50] Modify product: Uncharacterized fimbrial-like protein YadM => putative fimbrial-like protein YadM
[12:27:50] Modify product: Probable fimbrial chaperone YadV => putative fimbrial chaperone YadV
[12:27:50] Modify product: Uncharacterized fimbrial-like protein YadN => putative fimbrial-like protein YadN
[12:27:50] Modify product: UPF0126 inner membrane protein YadS => hypothetical protein
[12:27:50] Modify product: UPF0253 protein YaeP => hypothetical protein
[12:27:50] Modify product: Uncharacterized protein YaeQ => putative protein YaeQ
[12:27:50] Modify product: Probable autotransporter ROD_p1121 => putative autotransporter
[12:27:50] Modify product: Probable HTH-type transcriptional regulator YgaV => putative HTH-type transcriptional regulator YgaV
[12:27:50] Modify product: Uncharacterized protein YgaM => putative protein YgaM
[12:27:50] Modify product: Probable transporter SCO4007 => putative transporter
[12:27:50] Modify product: Probable UbiX-like flavin prenyltransferase => putative UbiX-like flavin prenyltransferase
[12:27:50] Modify product: Uncharacterized protein YgcP => putative protein YgcP
[12:27:50] Modify product: Probable glucarate transporter => putative glucarate transporter
[12:27:50] Modify product: Uncharacterized protein PA3435 => putative protein
[12:27:50] Modify product: Uncharacterized protein YqcC => putative protein YqcC
[12:27:50] Modify product: Uncharacterized HTH-type transcriptional regulator YdjF => putative HTH-type transcriptional regulator YdjF
[12:27:50] Modify product: UPF0382 inner membrane protein YgdD => hypothetical protein
[12:27:50] Modify product: Uncharacterized lipoprotein YgdR => putative lipoprotein YgdR
[12:27:50] Modify product: UPF0053 inner membrane protein YgdQ => hypothetical protein
[12:27:50] Modify product: Uncharacterized lipoprotein YgdR => putative lipoprotein YgdR
[12:27:50] Modify product: Probable ATP synthase SpaL => putative ATP synthase SpaL
[12:27:50] Modify product: Uncharacterized protein YqfG => putative protein YqfG
[12:27:50] Modify product: UPF0073 inner membrane protein YqfA => hypothetical protein
[12:27:50] Modify product: UPF0267 protein YqfB => hypothetical protein
[12:27:50] Modify product: UPF0149 protein HI_0817 => hypothetical protein
[12:27:50] Modify product: UPF0301 protein YqgE => hypothetical protein
[12:27:50] Modify product: Uncharacterized protein YggR => putative protein YggR
[12:27:50] Modify product: UPF0235 protein YggU => hypothetical protein
[12:27:50] Modify product: Uncharacterized protein HI_0341 => putative protein
[12:27:50] Modify product: Uncharacterized signaling protein PA1727 => putative signaling protein
[12:27:50] Modify product: UPF0401 protein YkfF => hypothetical protein
[12:27:50] Modify product: UPF0758 protein => hypothetical protein
[12:27:50] Modify product: Protein SlyX homolog => Protein SlyX 
[12:27:50] Modify product: Uncharacterized ABC transporter ATP-binding protein YheS => putative ABC transporter ATP-binding protein YheS
[12:27:50] Modify product: UPF0270 protein PA3463 => hypothetical protein
[12:27:50] Modify product: Probable protein adenylyltransferase Fic => putative protein adenylyltransferase Fic
[12:27:50] Modify product: Uncharacterized protein YhfG => putative protein YhfG
[12:27:50] Modify product: Probable fructoselysine/psicoselysine transporter FrlA => putative fructoselysine/psicoselysine transporter FrlA
[12:27:50] Modify product: Probable fructoselysine utilization operon transcriptional repressor => putative fructoselysine utilization operon transcriptional repressor
[12:27:50] Modify product: Putative membrane protein IgaA homolog => Putative membrane protein IgaA 
[12:27:50] Modify product: Probable [Fe-S]-dependent transcriptional repressor FeoC => putative [Fe-S]-dependent transcriptional repressor FeoC
[12:27:50] Modify product: UPF0056 inner membrane protein YhgN => hypothetical protein
[12:27:50] Modify product: Uncharacterized oxidoreductase YhhX => putative oxidoreductase YhhX
[12:27:50] Modify product: Uncharacterized protein YhhA => putative protein YhhA
[12:27:50] Modify product: Uncharacterized MFS-type transporter YhhS => putative MFS-type transporter YhhS
[12:27:51] Modify product: Uncharacterized protein HI_0933 => putative protein
[12:27:51] Modify product: Probable cyclic di-GMP phosphodiesterase PdeK => putative cyclic di-GMP phosphodiesterase PdeK
[12:27:51] Modify product: Probable fimbrial subunit LpfE => putative fimbrial subunit LpfE
[12:27:51] Modify product: Probable minor fimbrial subunit LpfD => putative minor fimbrial subunit LpfD
[12:27:51] Modify product: Probable outer membrane usher protein LpfC' => putative outer membrane usher protein LpfC'
[12:27:51] Modify product: Probable outer membrane usher protein LpfC => putative outer membrane usher protein LpfC
[12:27:51] Modify product: Probable fimbrial chaperone LpfB => putative fimbrial chaperone LpfB
[12:27:51] Modify product: Probable major fimbrial subunit LpfA => putative major fimbrial subunit LpfA
[12:27:51] Modify product: Uncharacterized MFS-type transporter YhjX => putative MFS-type transporter YhjX
[12:27:51] Modify product: Probable lipoprotein YiaD => putative lipoprotein YiaD
[12:27:51] Modify product: Uncharacterized GST-like protein YibF => putative GST-like protein YibF
[12:27:51] Modify product: Uncharacterized membrane protein YhdT => putative membrane protein YhdT
[12:27:51] Modify product: Probable acrylyl-CoA reductase AcuI => putative acrylyl-CoA reductase AcuI
[12:27:51] Modify product: Uncharacterized protein YhcO => putative protein YhcO
[12:27:51] Modify product: Uncharacterized protein YhcH => putative protein YhcH
[12:27:51] Modify product: Uncharacterized protein YrbL => putative protein YrbL
[12:27:51] Modify product: Uncharacterized inner membrane transporter YhbE => putative inner membrane transporter YhbE
[12:27:51] Modify product: Uncharacterized protease YhbU => putative protease YhbU
[12:27:51] Modify product: UPF0213 protein BH0048 => hypothetical protein
[12:27:51] Modify product: Uncharacterized fimbrial-like protein YraK => putative fimbrial-like protein YraK
[12:27:51] Modify product: Uncharacterized fimbrial-like protein YraK => putative fimbrial-like protein YraK
[12:27:51] Modify product: Probable fimbrial chaperone YraI => putative fimbrial chaperone YraI
[12:27:51] Modify product: Uncharacterized fimbrial-like protein YraH => putative fimbrial-like protein YraH
[12:27:51] Modify product: Probable glucosamine-6-phosphate deaminase 2 => putative glucosamine-6-phosphate deaminase 2
[12:27:51] Modify product: Probable galactarate transporter => putative galactarate transporter
[12:27:51] Modify product: Probable serine transporter => putative serine transporter
[12:27:51] Modify product: UPF0597 protein YhaM => hypothetical protein
[12:27:51] Modify product: Uncharacterized protein YqjD => putative protein YqjD
[12:27:51] Modify product: Probable glycerol-3-phosphate acyltransferase => putative glycerol-3-phosphate acyltransferase
[12:27:51] Modify product: Probable siderophore transport system ATP-binding protein YusV => putative siderophore transport system ATP-binding protein YusV
[12:27:51] Modify product: Probable siderophore transport system permease protein YfiZ => putative siderophore transport system permease protein YfiZ
[12:27:51] Modify product: Probable quinol monooxygenase YgiN => putative quinol monooxygenase YgiN
[12:27:51] Modify product: Probable deoxycholate-binding periplasmic protein YgiS => putative deoxycholate-binding periplasmic protein YgiS
[12:27:51] Modify product: Uncharacterized oxidoreductase YghA => putative oxidoreductase YghA
[12:27:51] Modify product: Probable Ni/Fe-hydrogenase 2 b-type cytochrome subunit => putative Ni/Fe-hydrogenase 2 b-type cytochrome subunit
[12:27:51] Modify product: Probable multidrug resistance protein EmrY => putative multidrug resistance protein EmrY
[12:27:51] Modify product: Probable multidrug resistance protein EmrK => putative multidrug resistance protein EmrK
[12:27:51] Modify product: Probable cyclic di-GMP phosphodiesterase PdeA => putative cyclic di-GMP phosphodiesterase PdeA
[12:27:51] Modify product: Uncharacterized protein YfeY => putative protein YfeY
[12:27:51] Modify product: Uncharacterized protein Rv2575 => putative protein
[12:27:51] Modify product: Probable formate transporter 2 => putative formate transporter 2
[12:27:51] Modify product: Uncharacterized protein YfgD => putative protein YfgD
[12:27:51] Modify product: Uncharacterized protein YfgJ => putative protein YfgJ
[12:27:51] Modify product: UPF0070 protein HI_0370 => hypothetical protein
[12:27:52] Modify product: Uncharacterized protein Rv2307c => putative protein
[12:27:52] Modify product: Probable 3-phenylpropionic acid transporter => putative 3-phenylpropionic acid transporter
[12:27:52] Modify product: Uncharacterized protein YphB => putative protein YphB
[12:27:52] Modify product: Uncharacterized tRNA/rRNA methyltransferase YfiF => putative tRNA/rRNA methyltransferase YfiF
[12:27:52] Modify product: Probable iron export permease protein FetB => putative iron export permease protein FetB
[12:27:52] Modify product: Probable iron export ATP-binding protein FetA => putative iron export ATP-binding protein FetA
[12:27:52] Modify product: Uncharacterized HTH-type transcriptional regulator YbaQ => putative HTH-type transcriptional regulator YbaQ
[12:27:52] Modify product: Probable cyclic di-GMP phosphodiesterase PdeB => putative cyclic di-GMP phosphodiesterase PdeB
[12:27:52] Modify product: Uncharacterized protein YbaA => putative protein YbaA
[12:27:52] Modify product: Uncharacterized lipoprotein YbaY => putative lipoprotein YbaY
[12:27:52] Modify product: Probable multidrug resistance ABC transporter ATP-binding/permease protein YheI => putative multidrug resistance ABC transporter ATP-binding/permease protein YheI
[12:27:52] Modify product: Uncharacterized protein HI_1008 => putative protein
[12:27:52] Modify product: UPF0234 protein YajQ => hypothetical protein
[12:27:52] Modify product: Uncharacterized lipoprotein YajI => putative lipoprotein YajI
[12:27:52] Modify product: Uncharacterized protein YaiA => putative protein YaiA
[12:27:52] Modify product: UPF0178 protein YaiI => hypothetical protein
[12:27:52] Modify product: Probable diguanylate cyclase DgcC => putative diguanylate cyclase DgcC
[12:27:52] Modify product: Uncharacterized protein HI_0131 => putative protein
[12:27:52] Modify product: Uncharacterized transporter YycB => putative transporter YycB
[12:27:52] Modify product: Uncharacterized HTH-type transcriptional regulator YahB => putative HTH-type transcriptional regulator YahB
[12:27:52] Modify product: Uncharacterized HTH-type transcriptional regulator YahB => putative HTH-type transcriptional regulator YahB
[12:27:52] Modify product: Probable pyridine nucleotide-disulfide oxidoreductase RclA => putative pyridine nucleotide-disulfide oxidoreductase RclA
[12:27:52] Modify product: Uncharacterized oxidoreductase YtbE => putative oxidoreductase YtbE
[12:27:52] Modify product: Uncharacterized protein YcjY => putative protein YcjY
[12:27:52] Modify product: Uncharacterized protein YccU => putative protein YccU
[12:27:52] Modify product: UPF0319 protein HI_1681 => hypothetical protein
[12:27:52] Modify product: Uncharacterized protein YcbX => putative protein YcbX
[12:27:52] Modify product: Uncharacterized fimbrial-like protein YcbV => putative fimbrial-like protein YcbV
[12:27:52] Modify product: Uncharacterized fimbrial-like protein YcbU => putative fimbrial-like protein YcbU
[12:27:52] Modify product: Uncharacterized fimbrial-like protein ElfG => putative fimbrial-like protein ElfG
[12:27:52] Modify product: Probable outer membrane usher protein ElfC => putative outer membrane usher protein ElfC
[12:27:52] Modify product: Probable outer membrane usher protein ElfC => putative outer membrane usher protein ElfC
[12:27:52] Modify product: Probable fimbrial chaperone protein ElfD => putative fimbrial chaperone protein ElfD
[12:27:52] Modify product: Probable L,D-transpeptidase YcbB => putative L,D-transpeptidase YcbB
[12:27:52] Modify product: UPF0434 protein YcaR => hypothetical protein
[12:27:52] Modify product: Probable formate transporter 1 => putative formate transporter 1
[12:27:52] Modify product: Uncharacterized MFS-type transporter YcaD => putative MFS-type transporter YcaD
[12:27:52] Modify product: Probable hydrolase YcaC => putative hydrolase YcaC
[12:27:52] Modify product: Probable ABC transporter ATP-binding/permease protein HI_0664 => putative ABC transporter ATP-binding/permease protein
[12:27:52] Modify product: UPF0145 protein YbjQ => hypothetical protein
[12:27:52] Modify product: Uncharacterized lipoprotein YbjP => putative lipoprotein YbjP
[12:27:52] Modify product: Uncharacterized lipoprotein YbjP => putative lipoprotein YbjP
[12:27:52] Modify product: Uncharacterized protein YbjN => putative protein YbjN
[12:27:52] Modify product: Probable cyclic di-GMP phosphodiesterase PdeI => putative cyclic di-GMP phosphodiesterase PdeI
[12:27:52] Modify product: Uncharacterized protein YbiU => putative protein YbiU
[12:27:52] Modify product: Uncharacterized ABC transporter ATP-binding protein YbiT => putative ABC transporter ATP-binding protein YbiT
[12:27:52] Modify product: Probable L,D-transpeptidase YbiS => putative L,D-transpeptidase YbiS
[12:27:52] Modify product: Uncharacterized protein McbA => putative protein McbA
[12:27:52] Modify product: PKHD-type hydroxylase Sbal_3634 => PKHD-type hydroxylase
[12:27:52] Modify product: Uncharacterized protein YbiI => putative protein YbiI
[12:27:52] Modify product: Uncharacterized protein YbiB => putative protein YbiB
[12:27:52] Modify product: UPF0194 membrane protein YbhG => hypothetical protein
[12:27:52] Modify product: Probable multidrug ABC transporter ATP-binding protein YbhF => putative multidrug ABC transporter ATP-binding protein YbhF
[12:27:52] Modify product: Probable multidrug ABC transporter permease YbhS => putative multidrug ABC transporter permease YbhS
[12:27:52] Modify product: Probable multidrug ABC transporter permease YbhR => putative multidrug ABC transporter permease YbhR
[12:27:52] Modify product: UPF0098 protein YbhB => hypothetical protein
[12:27:52] Modify product: Probable ketoamine kinase lp_1983 => putative ketoamine kinase
[12:27:52] Modify product: Uncharacterized protein YniD => putative protein YniD
[12:27:52] Modify product: Uncharacterized protein YdiE => putative protein YdiE
[12:27:52] Modify product: Uncharacterized protein HI_1163 => putative protein
[12:27:52] Modify product: Probable ATP-dependent transporter SufC => putative ATP-dependent transporter SufC
[12:27:52] Modify product: Probable L,D-transpeptidase YnhG => putative L,D-transpeptidase YnhG
[12:27:52] Modify product: Uncharacterized ferredoxin-like protein YdhY => putative ferredoxin-like protein YdhY
[12:27:52] Modify product: Uncharacterized oxidoreductase YdhV => putative oxidoreductase YdhV
[12:27:52] Modify product: Uncharacterized protein YdhW => putative protein YdhW
[12:27:52] Modify product: Uncharacterized ferredoxin-like protein YdhX => putative ferredoxin-like protein YdhX
[12:27:52] Modify product: Uncharacterized protein YdhT => putative protein YdhT
[12:27:52] Modify product: Uncharacterized HTH-type transcriptional regulator YahB => putative HTH-type transcriptional regulator YahB
[12:27:52] Modify product: Uncharacterized protein YnhF => putative protein YnhF
[12:27:52] Modify product: Uncharacterized oxidoreductase YdgJ => putative oxidoreductase YdgJ
[12:27:53] Modify product: Cytochrome b561 homolog 1 => Cytochrome b561 
[12:27:53] Modify product: Uncharacterized lipoprotein GfcB => putative lipoprotein GfcB
[12:27:53] Modify product: UPF0337 protein YjbJ => hypothetical protein
[12:27:53] Modify product: Probable cystine transporter YijE => putative cystine transporter YijE
[12:27:53] Modify product: Uncharacterized protein HI_0431 => putative protein
[12:27:53] Modify product: UPF0125 protein RatB => hypothetical protein
[12:27:53] Modify product: UPF0053 inner membrane protein YfjD => hypothetical protein
[12:27:53] Modify product: UPF0053 inner membrane protein YfjD => hypothetical protein
[12:27:53] Modify product: Uncharacterized N-acetyltransferase YafP => putative N-acetyltransferase YafP
[12:27:53] Modify product: UPF0255 protein VV1_0328 => hypothetical protein
[12:27:53] Modify product: Probable L,D-transpeptidase ErfK/SrfK => putative L,D-transpeptidase ErfK/SrfK
[12:27:53] Modify product: Probable FMN/FAD exporter YeeO => putative FMN/FAD exporter YeeO
[12:27:53] Modify product: Probable transcriptional regulatory protein YeeN => putative transcriptional regulatory protein YeeN
[12:27:53] Modify product: UPF0401 protein YkfF => hypothetical protein
[12:27:53] Modify product: Uncharacterized protein PA2218 => putative protein
[12:27:53] Modify product: Uncharacterized oxidoreductase SA2266 => putative oxidoreductase
[12:27:53] Modify product: Uncharacterized protein YbdM => putative protein YbdM
[12:27:53] Modify product: Probable fimbrial chaperone EcpE => putative fimbrial chaperone EcpE
[12:27:53] Modify product: Probable outer membrane usher protein EcpC => putative outer membrane usher protein EcpC
[12:27:53] Modify product: Probable fimbrial chaperone EcpB => putative fimbrial chaperone EcpB
[12:27:53] Modify product: Prophage tail fiber assembly protein homolog TfaE => Prophage tail fiber assembly protein TfaE
[12:27:53] Modify product: Uncharacterized protein YdfB => putative protein YdfB
[12:27:53] Modify product: UPF0265 protein YeeX => hypothetical protein
[12:27:53] Modify product: Uncharacterized protein YlcG => putative protein YlcG
[12:27:53] Modify product: Uncharacterized protein YdfO => putative protein YdfO
[12:27:53] Modify product: UPF0098 protein YbcL => hypothetical protein
[12:27:53] Modify product: Uncharacterized protein YlcG => putative protein YlcG
[12:27:53] Modify product: Uncharacterized HTH-type transcriptional regulator CBU_1416 => putative HTH-type transcriptional regulator
[12:27:53] Modify product: Prophage tail fiber assembly protein homolog TfaE => Prophage tail fiber assembly protein TfaE
[12:27:53] Modify product: Prophage tail fiber assembly protein homolog TfaE => Prophage tail fiber assembly protein TfaE
[12:27:53] Modify product: Probable dimethyl sulfoxide reductase chain YnfF => putative dimethyl sulfoxide reductase chain YnfF
[12:27:53] Modify product: Uncharacterized protein YnfD => putative protein YnfD
[12:27:53] Modify product: UPF0482 protein YnfB => hypothetical protein
[12:27:53] Modify product: UPF0060 membrane protein YnfA => hypothetical protein
[12:27:53] Modify product: Uncharacterized protein YbcJ => putative protein YbcJ
[12:27:53] Modify product: Bifunctional protein FolD => Bifunctional protein FolD protein
[12:27:53] Modify product: Uncharacterized fimbrial-like protein SfmA => putative fimbrial-like protein SfmA
[12:27:53] Modify product: Probable fimbrial chaperone SfmC => putative fimbrial chaperone SfmC
[12:27:53] Modify product: Uncharacterized fimbrial-like protein SfmH => putative fimbrial-like protein SfmH
[12:27:53] Modify product: Uncharacterized fimbrial-like protein SfmF => putative fimbrial-like protein SfmF
[12:27:53] Modify product: Probable deoxyribonuclease RhsA => putative deoxyribonuclease RhsA
[12:27:53] Modify product: Uncharacterized protein YbdM => putative protein YbdM
[12:27:53] Modify product: Uncharacterized HTH-type transcriptional regulator YbdO => putative HTH-type transcriptional regulator YbdO
[12:27:53] Modify product: Probable zinc-binding alcohol dehydrogenase Rv1895 => putative zinc-binding alcohol dehydrogenase
[12:27:53] Modify product: Uncharacterized HTH-type transcriptional regulator YbdO => putative HTH-type transcriptional regulator YbdO
[12:27:53] Modify product: UPF0250 protein YbeD => hypothetical protein
[12:27:54] Modify product: Uncharacterized lipoprotein ChiQ => putative lipoprotein ChiQ
[12:27:54] Modify product: Uncharacterized protein YbfE => putative protein YbfE
[12:27:54] Modify product: Uncharacterized protein YncE => putative protein YncE
[12:27:54] Modify product: Uncharacterized protein YdcY => putative protein YdcY
[12:27:54] Modify product: Probable mRNA interferase toxin HicA => putative mRNA interferase toxin HicA
[12:27:54] Modify product: 23S rRNA 5-hydroxycytidine C2501 synthase => 23S rRNA 5-hydroxycytidine synthase
[12:27:54] Modify product: Uncharacterized protein Rv3292 => putative protein
[12:27:54] Modify product: Uncharacterized protein YnbD => putative protein YnbD
[12:27:54] Modify product: Uncharacterized protein YnbC => putative protein YnbC
[12:27:54] Modify product: Probable DNA endonuclease SmrA => putative DNA endonuclease SmrA
[12:27:54] Modify product: Uncharacterized protein YcjY => putative protein YcjY
[12:27:54] Modify product: Uncharacterized protein YcjY => putative protein YcjY
[12:27:54] Modify product: Uncharacterized protein YcjY => putative protein YcjY
[12:27:54] Modify product: UPF0283 membrane protein YcjF => hypothetical protein
[12:27:54] Modify product: Uncharacterized protein YcjX => putative protein YcjX
[12:27:54] Modify product: UPF0509 protein YciZ => hypothetical protein
[12:27:54] Modify product: Uncharacterized protein YciH => putative protein YciH
[12:27:54] Modify product: Probable protease SohB => putative protease SohB
[12:27:54] Modify product: Uncharacterized oxidoreductase YciK => putative oxidoreductase YciK
[12:27:54] Modify product: Uncharacterized protein YciO => putative protein YciO
[12:27:54] Modify product: Probable transcriptional regulatory protein YebC => putative transcriptional regulatory protein YebC
[12:27:54] Modify product: Uncharacterized protein YebV => putative protein YebV
[12:27:54] Modify product: Probable manganese efflux pump MntP => putative manganese efflux pump MntP
[12:27:54] Modify product: UPF0266 membrane protein YobD => hypothetical protein
[12:27:54] Modify product: UPF0053 inner membrane protein YoaE => hypothetical protein
[12:27:54] Modify product: Probable cyclic di-GMP phosphodiesterase PdeD => putative cyclic di-GMP phosphodiesterase PdeD
[12:27:54] Modify product: Probable ATP-dependent DNA helicase YoaA => putative ATP-dependent DNA helicase YoaA
[12:27:54] Modify product: Uncharacterized protein YeaR => putative protein YeaR
[12:27:54] Modify product: Probable diguanylate cyclase DgcJ => putative diguanylate cyclase DgcJ
[12:27:54] Modify product: Probable diguanylate cyclase CdgI => putative diguanylate cyclase CdgI
[12:27:54] Modify product: Stress response UPF0229 protein YhbH => hypothetical protein
[12:27:54] Modify product: Uncharacterized zinc-type alcohol dehydrogenase-like protein YdjJ => putative zinc-type alcohol dehydrogenase-like protein YdjJ
[12:27:54] Modify product: Uncharacterized protein YdjI => putative protein YdjI
[12:27:54] Modify product: Uncharacterized sugar kinase YdjH => putative sugar kinase YdjH
[12:27:54] Modify product: Uncharacterized HTH-type transcriptional regulator YdjF => putative HTH-type transcriptional regulator YdjF
[12:27:54] Modify product: Probable autotransporter YfaL => putative autotransporter YfaL
[12:27:54] Modify product: Probable autotransporter ROD_p1121 => putative autotransporter
[12:27:54] Modify product: UPF0352 protein YejL => hypothetical protein
[12:27:54] Modify product: Uncharacterized protein YejG => putative protein YejG
[12:27:54] Modify product: Uncharacterized ABC transporter ATP-binding protein YejF => putative ABC transporter ATP-binding protein YejF
[12:27:54] Modify product: Probable cyclic di-GMP phosphodiesterase PdeN => putative cyclic di-GMP phosphodiesterase PdeN
[12:27:54] Modify product: UPF0153 protein YeiW => hypothetical protein
[12:27:54] Modify product: UPF0324 inner membrane protein YeiH => hypothetical protein
[12:27:54] Modify product: UPF0176 protein YceA => hypothetical protein
[12:27:54] Modify product: Cytochrome b561 homolog 2 => Cytochrome b561 
[12:27:54] Modify product: Uncharacterized protein YceO => putative protein YceO
[12:27:54] Modify product: Uncharacterized lipoprotein YceB => putative lipoprotein YceB
[12:27:54] Modify product: UPF0502 protein YceH => hypothetical protein
[12:27:54] Modify product: Uncharacterized metal-dependent hydrolase YcfH => putative metal-dependent hydrolase YcfH
[12:27:54] Modify product: UPF0227 protein YcfP => hypothetical protein
[12:27:54] Modify product: Probable L,D-transpeptidase YcfS => putative L,D-transpeptidase YcfS
[12:27:54] Modify product: 23S rRNA 5-hydroxycytidine C2501 synthase => 23S rRNA 5-hydroxycytidine synthase
[12:27:54] Modify product: UPF0339 protein YegP => hypothetical protein
[12:27:54] Modify product: Probable diguanylate cyclase DgcE => putative diguanylate cyclase DgcE
[12:27:54] Modify product: Probable diguanylate cyclase DgcE => putative diguanylate cyclase DgcE
[12:27:54] Modify product: UPF0053 inner membrane protein YoaE => hypothetical protein
[12:27:54] Modify product: Uncharacterized glycosyltransferase Rv1514c => putative glycosyltransferase
[12:27:54] Modify product: UPF0394 inner membrane protein YeeE => hypothetical protein
[12:27:54] Modify product: UPF0381 protein YiiS => hypothetical protein
[12:27:55] Modify product: UPF0761 membrane protein YihY => hypothetical protein
[12:27:55] Modify product: Uncharacterized protein YihR => putative protein YihR
[12:27:55] Modify product: Uncharacterized protein YshB => putative protein YshB
[12:27:55] Modify product: Probable GTP-binding protein EngB => putative GTP-binding protein EngB
[12:27:55] Modify product: Probable acyltransferase YihG => putative acyltransferase YihG
[12:27:55] Modify product: Probable protein kinase UbiB => putative protein kinase UbiB
[12:27:55] Modify product: Probable transport protein YifK => putative transport protein YifK
[12:27:55] Modify product: Probable ECA polymerase => putative ECA polymerase
[12:27:55] Modify product: UPF0438 protein YifE => hypothetical protein
[12:27:55] Modify product: UPF0259 membrane protein YciC => hypothetical protein
[12:27:55] Modify product: Probable intracellular septation protein A => putative intracellular septation protein A
[12:27:55] Modify product: Uncharacterized acyl-CoA thioester hydrolase HI_0827 => putative acyl-CoA thioester hydrolase
[12:27:55] Modify product: UPF0263 protein YciU => hypothetical protein
[12:27:55] Modify product: UPF0056 inner membrane protein MarC => hypothetical protein
[12:27:55] Modify product: Uncharacterized NTE family protein Rv1063c => putative NTE family protein
[12:27:55] Modify product: UPF0225 protein YchJ => hypothetical protein
[12:27:55] Modify product: Uncharacterized protein YcgM => putative protein YcgM
[12:27:55] Modify product: Probable autotransporter ROD_p1121 => putative autotransporter
[12:27:55] Modify product: Uncharacterized protein YibL => putative protein YibL
[12:27:55] Modify product: Uncharacterized protein YibN => putative protein YibN
[12:27:55] Modify product: UPF0758 protein SP_1088 => hypothetical protein
[12:27:55] Modify product: UPF0701 protein YicC => hypothetical protein
[12:27:55] Modify product: UPF0126 inner membrane protein YicG => hypothetical protein
[12:27:55] Modify product: Uncharacterized lipoprotein YehR => putative lipoprotein YehR
[12:27:55] Modify product: Uncharacterized protein YehL => putative protein YehL
[12:27:55] Modify product: Uncharacterized fimbrial-like protein YehD => putative fimbrial-like protein YehD
[12:27:55] Modify product: Probable fimbrial chaperone YehC => putative fimbrial chaperone YehC
[12:27:55] Modify product: Prophage tail fiber assembly protein homolog TfaE => Prophage tail fiber assembly protein TfaE
[12:27:55] Modify product: UPF0394 inner membrane protein YedE => hypothetical protein
[12:27:55] Modify product: Uncharacterized N-acetyltransferase YsnE => putative N-acetyltransferase YsnE
[12:27:55] Modify product: Probable diguanylate cyclase DgcQ => putative diguanylate cyclase DgcQ
[12:27:55] Modify product: Uncharacterized inner membrane transporter YedA => putative inner membrane transporter YedA
[12:27:55] Modify product: Uncharacterized protein YedJ => putative protein YedJ
[12:27:55] Modify product: UPF0299 membrane protein YohJ => hypothetical protein
[12:27:55] Modify product: Uncharacterized oxidoreductase YohF => putative oxidoreductase YohF
[12:27:55] Modify product: UPF0387 membrane protein YohO => hypothetical protein
[12:27:55] Modify product: Probable transport protein HsrA => putative transport protein HsrA
[12:27:55] Modify product: Probable major fimbrial subunit LpfA => putative major fimbrial subunit LpfA
[12:27:55] Modify product: Probable fimbrial chaperone YraI => putative fimbrial chaperone YraI
[12:27:55] Modify product: Probable outer membrane usher protein ElfC => putative outer membrane usher protein ElfC
[12:27:55] Modify product: Uncharacterized fimbrial-like protein ElfG => putative fimbrial-like protein ElfG
[12:27:55] Modify product: Uncharacterized fimbrial-like protein ElfG => putative fimbrial-like protein ElfG
[12:27:55] Modify product: Uncharacterized symporter YidK => putative symporter YidK
[12:27:55] Modify product: Uncharacterized inner membrane transporter YicL => putative inner membrane transporter YicL
[12:27:55] Modify product: Uncharacterized protein YjiK => putative protein YjiK
[12:27:55] Modify product: Probable ATP synthase YscN => putative ATP synthase YscN
[12:27:55] Modify product: Uncharacterized HTH-type transcriptional regulator RhmR => putative HTH-type transcriptional regulator RhmR
[12:27:55] Modify product: Probable 4-deoxy-4-formamido-L-arabinose-phosphoundecaprenol deformylase ArnD => putative 4-deoxy-4-formamido-L-arabinose-phosphoundecaprenol deformylase ArnD
[12:27:55] Modify product: Probable 4-amino-4-deoxy-L-arabinose-phosphoundecaprenol flippase subunit ArnE => putative 4-amino-4-deoxy-L-arabinose-phosphoundecaprenol flippase subunit ArnE
[12:27:55] Modify product: Probable 4-amino-4-deoxy-L-arabinose-phosphoundecaprenol flippase subunit ArnF => putative 4-amino-4-deoxy-L-arabinose-phosphoundecaprenol flippase subunit ArnF
[12:27:55] Modify product: UPF0304 protein YfbU => hypothetical protein
[12:27:55] Modify product: UPF0208 membrane protein YfbV => hypothetical protein
[12:27:55] Modify product: Uncharacterized Nudix hydrolase YfcD => putative Nudix hydrolase YfcD
[12:27:55] Modify product: Epimerase family protein SA0724 => Epimerase family protein
[12:27:55] Modify product: Uncharacterized MFS-type transporter YfcJ => putative MFS-type transporter YfcJ
[12:27:55] Modify product: Probable membrane transporter protein YfcA => putative membrane transporter protein YfcA
[12:27:55] Modify product: Uncharacterized protein YfcO => putative protein YfcO
[12:27:55] Modify product: Uncharacterized fimbrial-like protein YfcP => putative fimbrial-like protein YfcP
[12:27:55] Modify product: Uncharacterized fimbrial-like protein YfcQ => putative fimbrial-like protein YfcQ
[12:27:55] Modify product: Uncharacterized fimbrial-like protein YfcR => putative fimbrial-like protein YfcR
[12:27:55] Modify product: Probable fimbrial chaperone YfcS => putative fimbrial chaperone YfcS
[12:27:55] Modify product: Uncharacterized fimbrial-like protein YfcV => putative fimbrial-like protein YfcV
[12:27:55] Modify product: UPF0381 protein YiiS => hypothetical protein
[12:27:55] Modify product: Uncharacterized methyltransferase YcgJ => putative methyltransferase YcgJ
[12:27:56] Modify product: GTP cyclohydrolase 1 type 2 homolog => GTP cyclohydrolase 1 type 2 
[12:27:56] Modify product: Uncharacterized fimbrial-like protein YbgD => putative fimbrial-like protein YbgD
[12:27:56] Modify product: Uncharacterized ABC transporter ATP-binding protein YknY => putative ABC transporter ATP-binding protein YknY
[12:27:56] Modify product: Probable fimbrial chaperone YadV => putative fimbrial chaperone YadV
[12:27:56] Modify product: Probable outer membrane usher protein ElfC => putative outer membrane usher protein ElfC
[12:27:56] Modify product: Probable outer membrane usher protein LpfC' => putative outer membrane usher protein LpfC'
[12:27:56] Modify product: Probable fimbrial chaperone YadV => putative fimbrial chaperone YadV
[12:27:56] Modify product: Probable cyclic di-GMP phosphodiesterase PdeN => putative cyclic di-GMP phosphodiesterase PdeN
[12:27:56] Modify product: Probable diguanylate cyclase DgcT => putative diguanylate cyclase DgcT
[12:27:56] Modify product: Probable malonic semialdehyde reductase RutE => putative malonic semialdehyde reductase RutE
[12:27:56] Modify product: Uncharacterized protein YccJ => putative protein YccJ
[12:27:56] Modify product: Uncharacterized lipoprotein GfcB => putative lipoprotein GfcB
[12:27:56] Modify product: Probable Ni/Fe-hydrogenase 1 B-type cytochrome subunit => putative Ni/Fe-hydrogenase 1 B-type cytochrome subunit
[12:27:56] Modify product: Probable Ni/Fe-hydrogenase 1 B-type cytochrome subunit => putative Ni/Fe-hydrogenase 1 B-type cytochrome subunit
[12:27:56] Modify product: Probable amino-acid metabolite efflux pump => putative amino-acid metabolite efflux pump
[12:27:56] Modify product: UPF0056 inner membrane protein MarC => hypothetical protein
[12:27:56] Modify product: Probable glutamate/gamma-aminobutyrate antiporter => putative glutamate/gamma-aminobutyrate antiporter
[12:27:56] Modify product: Probable D,D-dipeptide-binding periplasmic protein DdpA => putative D,D-dipeptide-binding periplasmic protein DdpA
[12:27:56] Modify product: Probable D,D-dipeptide transport system permease protein DdpB => putative D,D-dipeptide transport system permease protein DdpB
[12:27:56] Modify product: Probable D,D-dipeptide transport system permease protein DdpC => putative D,D-dipeptide transport system permease protein DdpC
[12:27:56] Modify product: Probable D,D-dipeptide transport ATP-binding protein DdpD => putative D,D-dipeptide transport ATP-binding protein DdpD
[12:27:56] Modify product: Probable D,D-dipeptide transport ATP-binding protein DdpF => putative D,D-dipeptide transport ATP-binding protein DdpF
[12:27:56] Modify product: Uncharacterized HTH-type transcriptional regulator YddM => putative HTH-type transcriptional regulator YddM
[12:27:56] Modify product: Probable nitrate reductase molybdenum cofactor assembly chaperone NarW => putative nitrate reductase molybdenum cofactor assembly chaperone NarW
[12:27:56] Modify product: Uncharacterized isomerase YddE => putative isomerase YddE
[12:27:56] Modify product: UPF0758 protein CT0611 => hypothetical protein
[12:27:56] Modify product: Probable phosphatase YcdX => putative phosphatase YcdX
[12:27:56] Modify product: Uncharacterized protein YmdA => putative protein YmdA
[12:27:56] Cleaned 388 /product names
[12:27:56] Deleting unwanted file: ./gp/CGT1005/PROKKA_04262022.sprot.tmp.707639.faa
[12:27:56] Deleting unwanted file: ./gp/CGT1005/PROKKA_04262022.sprot.tmp.707639.blast
[12:27:57] There are still 1533 unannotated CDS left (started with 5164)
[12:27:57] Will use hmmer3 to search against /home/Team5/miniconda3/envs/gene_prediction/db/hmm/HAMAP.hmm with 4 CPUs
[12:27:57] Running: cat \.\/gp\/CGT1005\/PROKKA_04262022\.HAMAP\.hmm\.tmp\.707639\.faa | parallel --gnu --plain -j 4 --block 46528 --recstart '>' --pipe hmmscan --noali --notextw --acc -E 1e-09 --cpu 1 /home/Team5/miniconda3/envs/gene_prediction/db/hmm/HAMAP.hmm /dev/stdin > \.\/gp\/CGT1005\/PROKKA_04262022\.HAMAP\.hmm\.tmp\.707639\.hmmer3 2> /dev/null
[12:29:07] Modify product: Uncharacterized Nudix hydrolase NudL => putative Nudix hydrolase NudL
[12:29:07] Cleaned 1 /product names
[12:29:07] Deleting unwanted file: ./gp/CGT1005/PROKKA_04262022.HAMAP.hmm.tmp.707639.faa
[12:29:07] Deleting unwanted file: ./gp/CGT1005/PROKKA_04262022.HAMAP.hmm.tmp.707639.hmmer3
[12:29:07] Labelling remaining 1440 proteins as 'hypothetical protein'
[12:29:07] Possible /pseudo 'Formate dehydrogenase H' at contig00001 position 39497
[12:29:07] Possible /pseudo 'Biodegradative arginine decarboxylase' at contig00001 position 80967
[12:29:07] Possible /pseudo 'Fructose import ATP-binding protein FruK' at contig00001 position 195112
[12:29:07] Possible /pseudo 'Fructose import ATP-binding protein FruK' at contig00001 position 195625
[12:29:07] Possible /pseudo 'ISKra4 family transposase ISCep1' at contig00001 position 283267
[12:29:07] Possible /pseudo 'putative protein YjjI' at contig00001 position 359937
[12:29:07] Possible /pseudo 'Outer membrane usher protein YehB' at contig00001 position 404597
[12:29:07] Possible /pseudo 'Inner membrane metabolite transport protein YgcS' at contig00002 position 118561
[12:29:07] Possible /pseudo 'Glucarate dehydratase-related protein' at contig00002 position 144633
[12:29:07] Possible /pseudo 'Energy-coupling factor transporter ATP-binding protein EcfA1' at contig00002 position 315645
[12:29:07] Possible /pseudo 'Streptomycin 3''-adenylyltransferase' at contig00002 position 389885
[12:29:07] Possible /pseudo 'Fructoselysine 6-kinase' at contig00003 position 32967
[12:29:07] Possible /pseudo '1,4-alpha-glucan branching enzyme GlgB' at contig00003 position 98716
[12:29:07] Possible /pseudo 'Oligopeptidase A' at contig00003 position 187430
[12:29:07] Possible /pseudo 'Cellulose biosynthesis protein BcsQ' at contig00003 position 247454
[12:29:07] Possible /pseudo 'Dipeptide transport ATP-binding protein DppD' at contig00003 position 255128
[12:29:07] Possible /pseudo 'Xylose isomerase' at contig00003 position 286177
[12:29:07] Possible /pseudo 'Xylose import ATP-binding protein XylG' at contig00003 position 288911
[12:29:07] Possible /pseudo 'Multidrug export protein AcrF' at contig00004 position 5623
[12:29:07] Possible /pseudo 'putative fimbrial-like protein YraK' at contig00004 position 122897
[12:29:07] Possible /pseudo 'Pirin-like protein YhaK' at contig00004 position 161818
[12:29:07] Possible /pseudo 'Acetyl-CoA:oxalate CoA-transferase' at contig00005 position 41371
[12:29:07] Possible /pseudo 'Oxidoreductase UcpA' at contig00005 position 91691
[12:29:07] Possible /pseudo 'Alpha-2-macroglobulin' at contig00005 position 195932
[12:29:07] Possible /pseudo 'Multidrug resistance-like ATP-binding protein MdlB' at contig00006 position 79968
[12:29:07] Possible /pseudo 'D-alanyl-D-alanine-carboxypeptidase/endopeptidase AmpH' at contig00006 position 161030
[12:29:07] Possible /pseudo 'putative HTH-type transcriptional regulator YahB' at contig00006 position 231587
[12:29:07] Possible /pseudo 'putative outer membrane usher protein ElfC' at contig00007 position 33478
[12:29:07] Possible /pseudo 'putative lipoprotein YbjP' at contig00007 position 129895
[12:29:07] Possible /pseudo 'Isoaspartyl peptidase' at contig00007 position 171512
[12:29:07] Possible /pseudo 'Beta-glucuronidase' at contig00008 position 159308
[12:29:07] Possible /pseudo 'Membrane-associated protein UidC' at contig00008 position 162866
[12:29:07] Possible /pseudo 'Allantoinase' at contig00009 position 12997
[12:29:07] Possible /pseudo 'Toxic protein HokE' at contig00009 position 71294
[12:29:07] Possible /pseudo 'Chitoporin' at contig00009 position 169309
[12:29:07] Possible /pseudo 'Inner membrane protein YdcO' at contig00010 position 24319
[12:29:07] Possible /pseudo 'Outer membrane porin N' at contig00010 position 71218
[12:29:07] Possible /pseudo 'putative protein YcjY' at contig00010 position 92551
[12:29:07] Possible /pseudo 'putative protein YcjY' at contig00010 position 92858
[12:29:07] Possible /pseudo 'Glucosylglycerate phosphorylase' at contig00010 position 114437
[12:29:07] Possible /pseudo 'Cyclic di-GMP phosphodiesterase PdeR' at contig00010 position 146965
[12:29:07] Possible /pseudo 'Flagellar biosynthetic protein FlhB' at contig00011 position 36463
[12:29:07] Possible /pseudo 'putative fimbrial-like protein ElfG' at contig00013 position 35653
[12:29:07] Possible /pseudo 'Adenine permease AdeQ' at contig00013 position 105220
[12:29:07] Possible /pseudo '1,4-dihydroxy-2-naphthoyl-CoA synthase' at contig00014 position 16798
[12:29:07] Possible /pseudo 'Long-chain fatty acid transport protein' at contig00014 position 98358
[12:29:07] Possible /pseudo 'Corrinoid adenosyltransferase' at contig00015 position 72263
[12:29:07] Possible /pseudo 'IS3 family transposase IS629' at contig00016 position 4015
[12:29:07] Possible /pseudo 'Glucose-1-phosphatase' at contig00016 position 75804
[12:29:07] Possible /pseudo 'putative Ni/Fe-hydrogenase 1 B-type cytochrome subunit' at contig00016 position 105790
[12:29:07] Possible /pseudo 'Outer membrane usher protein FimD' at contig00017 position 46788
[12:29:07] Possible /pseudo 'Oxygen sensor protein DosP' at contig00017 position 72596
[12:29:07] Possible /pseudo 'Formate dehydrogenase, nitrate-inducible, major subunit' at contig00017 position 88914
[12:29:07] Possible /pseudo 'Arylamine N-acetyltransferase' at contig00017 position 104329
[12:29:07] Possible /pseudo 'putative diguanylate cyclase DgcE' at contig00019 position 30524
[12:29:07] Possible /pseudo 'L-rhamnose-proton symporter' at contig00020 position 28745
[12:29:07] Possible /pseudo 'Formate dehydrogenase-O major subunit' at contig00020 position 45166
[12:29:07] Possible /pseudo 'Putative 2,3-dihydroxypropane-1-sulfonate exporter' at contig00020 position 67421
[12:29:07] Possible /pseudo 'Small toxic polypeptide LdrA' at contig00022 position 48072
[12:29:07] Possible /pseudo 'IS3 family transposase ISEc31' at contig00023 position 74401
[12:29:07] Possible /pseudo 'Inner membrane protein YedI' at contig00025 position 49213
[12:29:07] Possible /pseudo 'General stress protein 16U' at contig00027 position 15605
[12:29:07] Possible /pseudo 'IS3 family transposase IS2' at contig00029 position 29769
[12:29:07] Possible /pseudo 'Phosphoheptose isomerase' at contig00032 position 8010
[12:29:07] Found 3158 unique /gene codes.
[12:29:07] Fixed 2 duplicate /gene - dnaB_1 dnaB_2
[12:29:07] Fixed 3 duplicate /gene - ygcS_1 ygcS_2 ygcS_3
[12:29:07] Fixed 2 duplicate /gene - yiaW_1 yiaW_2
[12:29:07] Fixed 2 duplicate /gene - ccmH_1 ccmH_2
[12:29:07] Fixed 2 duplicate /gene - rbsB_1 rbsB_2
[12:29:07] Fixed 2 duplicate /gene - alx_1 alx_2
[12:29:07] Fixed 4 duplicate /gene - srlR_1 srlR_2 srlR_3 srlR_4
[12:29:07] Fixed 3 duplicate /gene - cbeA_1 cbeA_2 cbeA_3
[12:29:07] Fixed 2 duplicate /gene - yehD_1 yehD_2
[12:29:07] Fixed 2 duplicate /gene - fryB_1 fryB_2
[12:29:07] Fixed 2 duplicate /gene - rhtC_1 rhtC_2
[12:29:07] Fixed 2 duplicate /gene - epsE_1 epsE_2
[12:29:07] Fixed 2 duplicate /gene - yraK_1 yraK_2
[12:29:07] Fixed 2 duplicate /gene - rcsC_1 rcsC_2
[12:29:07] Fixed 2 duplicate /gene - bcsQ_1 bcsQ_2
[12:29:07] Fixed 2 duplicate /gene - ulaB_1 ulaB_2
[12:29:07] Fixed 2 duplicate /gene - gpFI_1 gpFI_2
[12:29:07] Fixed 2 duplicate /gene - rlhA_1 rlhA_2
[12:29:07] Fixed 2 duplicate /gene - ycjM_1 ycjM_2
[12:29:07] Fixed 3 duplicate /gene - acrB_1 acrB_2 acrB_3
[12:29:07] Fixed 2 duplicate /gene - rhlE_1 rhlE_2
[12:29:07] Fixed 2 duplicate /gene - spaP_1 spaP_2
[12:29:07] Fixed 3 duplicate /gene - fimD_1 fimD_2 fimD_3
[12:29:07] Fixed 2 duplicate /gene - mdlB_1 mdlB_2
[12:29:07] Fixed 2 duplicate /gene - dctA_1 dctA_2
[12:29:07] Fixed 2 duplicate /gene - dppD_1 dppD_2
[12:29:07] Fixed 3 duplicate /gene - gadW_1 gadW_2 gadW_3
[12:29:07] Fixed 2 duplicate /gene - bioD1_1 bioD1_2
[12:29:07] Fixed 2 duplicate /gene - yicJ_1 yicJ_2
[12:29:07] Fixed 3 duplicate /gene - lexA_1 lexA_2 lexA_3
[12:29:07] Fixed 2 duplicate /gene - fadL_1 fadL_2
[12:29:07] Fixed 2 duplicate /gene - glmS_1 glmS_2
[12:29:07] Fixed 2 duplicate /gene - fruA_1 fruA_2
[12:29:07] Fixed 2 duplicate /gene - pdeR_1 pdeR_2
[12:29:07] Fixed 2 duplicate /gene - dgkA_1 dgkA_2
[12:29:07] Fixed 2 duplicate /gene - agaC_1 agaC_2
[12:29:07] Fixed 2 duplicate /gene - pitA_1 pitA_2
[12:29:07] Fixed 2 duplicate /gene - flhB_1 flhB_2
[12:29:07] Fixed 2 duplicate /gene - gfcB_1 gfcB_2
[12:29:07] Fixed 2 duplicate /gene - dlsT_1 dlsT_2
[12:29:07] Fixed 2 duplicate /gene - aaeB_1 aaeB_2
[12:29:07] Fixed 3 duplicate /gene - folP_1 folP_2 folP_3
[12:29:07] Fixed 2 duplicate /gene - aspT_1 aspT_2
[12:29:07] Fixed 2 duplicate /gene - hycG_1 hycG_2
[12:29:07] Fixed 2 duplicate /gene - ttdT_1 ttdT_2
[12:29:07] Fixed 3 duplicate /gene - dinI_1 dinI_2 dinI_3
[12:29:07] Fixed 2 duplicate /gene - gudX_1 gudX_2
[12:29:07] Fixed 3 duplicate /gene - bhsA_1 bhsA_2 bhsA_3
[12:29:07] Fixed 2 duplicate /gene - acrF_1 acrF_2
[12:29:07] Fixed 2 duplicate /gene - fdnG_1 fdnG_2
[12:29:07] Fixed 5 duplicate /gene - hyfA_1 hyfA_2 hyfA_3 hyfA_4 hyfA_5
[12:29:07] Fixed 2 duplicate /gene - nagK_1 nagK_2
[12:29:07] Fixed 2 duplicate /gene - sapB_1 sapB_2
[12:29:07] Fixed 3 duplicate /gene - manZ_1 manZ_2 manZ_3
[12:29:07] Fixed 2 duplicate /gene - yhbX_1 yhbX_2
[12:29:07] Fixed 2 duplicate /gene - xylB_1 xylB_2
[12:29:07] Fixed 3 duplicate /gene - cysE_1 cysE_2 cysE_3
[12:29:07] Fixed 2 duplicate /gene - mdh_1 mdh_2
[12:29:07] Fixed 2 duplicate /gene - yhaK_1 yhaK_2
[12:29:07] Fixed 2 duplicate /gene - ompC_1 ompC_2
[12:29:07] Fixed 2 duplicate /gene - mglA_1 mglA_2
[12:29:07] Fixed 2 duplicate /gene - intQ_1 intQ_2
[12:29:07] Fixed 2 duplicate /gene - recQ_1 recQ_2
[12:29:07] Fixed 2 duplicate /gene - lsrD_1 lsrD_2
[12:29:07] Fixed 2 duplicate /gene - fdnH_1 fdnH_2
[12:29:07] Fixed 2 duplicate /gene - proQ_1 proQ_2
[12:29:07] Fixed 2 duplicate /gene - lpxM_1 lpxM_2
[12:29:07] Fixed 2 duplicate /gene - ybjP_1 ybjP_2
[12:29:07] Fixed 2 duplicate /gene - trmH_1 trmH_2
[12:29:07] Fixed 2 duplicate /gene - acpS_1 acpS_2
[12:29:07] Fixed 2 duplicate /gene - murR_1 murR_2
[12:29:07] Fixed 4 duplicate /gene - ycjY_1 ycjY_2 ycjY_3 ycjY_4
[12:29:07] Fixed 2 duplicate /gene - fimA_1 fimA_2
[12:29:07] Fixed 2 duplicate /gene - ompR_1 ompR_2
[12:29:07] Fixed 2 duplicate /gene - dadA_1 dadA_2
[12:29:07] Fixed 3 duplicate /gene - ydcV_1 ydcV_2 ydcV_3
[12:29:07] Fixed 2 duplicate /gene - uidC_1 uidC_2
[12:29:07] Fixed 2 duplicate /gene - gmhA_1 gmhA_2
[12:29:07] Fixed 2 duplicate /gene - leuC_1 leuC_2
[12:29:07] Fixed 5 duplicate /gene - rrrD_1 rrrD_2 rrrD_3 rrrD_4 rrrD_5
[12:29:07] Fixed 2 duplicate /gene - ccdB_1 ccdB_2
[12:29:07] Fixed 3 duplicate /gene - mshA_1 mshA_2 mshA_3
[12:29:07] Fixed 2 duplicate /gene - manC1_1 manC1_2
[12:29:07] Fixed 2 duplicate /gene - gatC_1 gatC_2
[12:29:07] Fixed 4 duplicate /gene - hdfR_1 hdfR_2 hdfR_3 hdfR_4
[12:29:07] Fixed 2 duplicate /gene - rep_1 rep_2
[12:29:07] Fixed 2 duplicate /gene - ykgM_1 ykgM_2
[12:29:07] Fixed 2 duplicate /gene - uhpB_1 uhpB_2
[12:29:07] Fixed 2 duplicate /gene - ydjE_1 ydjE_2
[12:29:07] Fixed 3 duplicate /gene - fixX_1 fixX_2 fixX_3
[12:29:07] Fixed 2 duplicate /gene - sgrR_1 sgrR_2
[12:29:07] Fixed 2 duplicate /gene - rsxB_1 rsxB_2
[12:29:07] Fixed 2 duplicate /gene - por_1 por_2
[12:29:07] Fixed 2 duplicate /gene - lpfC'_1 lpfC'_2
[12:29:07] Fixed 2 duplicate /gene - ant1_1 ant1_2
[12:29:07] Fixed 2 duplicate /gene - ucpA_1 ucpA_2
[12:29:07] Fixed 2 duplicate /gene - ampH_1 ampH_2
[12:29:07] Fixed 2 duplicate /gene - dnaK_1 dnaK_2
[12:29:07] Fixed 3 duplicate /gene - elfG_1 elfG_2 elfG_3
[12:29:07] Fixed 4 duplicate /gene - cbtA_1 cbtA_2 cbtA_3 cbtA_4
[12:29:07] Fixed 2 duplicate /gene - cynR_1 cynR_2
[12:29:07] Fixed 3 duplicate /gene - dmsB_1 dmsB_2 dmsB_3
[12:29:07] Fixed 4 duplicate /gene - yceD_1 yceD_2 yceD_3 yceD_4
[12:29:07] Fixed 2 duplicate /gene - kdgK_1 kdgK_2
[12:29:07] Fixed 2 duplicate /gene - papC_1 papC_2
[12:29:07] Fixed 2 duplicate /gene - pdhR_1 pdhR_2
[12:29:07] Fixed 2 duplicate /gene - yraI_1 yraI_2
[12:29:07] Fixed 5 duplicate /gene - rhaR_1 rhaR_2 rhaR_3 rhaR_4 rhaR_5
[12:29:07] Fixed 2 duplicate /gene - adeQ_1 adeQ_2
[12:29:07] Fixed 2 duplicate /gene - lldR_1 lldR_2
[12:29:07] Fixed 2 duplicate /gene - lolA_1 lolA_2
[12:29:07] Fixed 2 duplicate /gene - ybdO_1 ybdO_2
[12:29:07] Fixed 5 duplicate /gene - intS_1 intS_2 intS_3 intS_4 intS_5
[12:29:07] Fixed 2 duplicate /gene - lptB_1 lptB_2
[12:29:07] Fixed 2 duplicate /gene - ccmF_1 ccmF_2
[12:29:07] Fixed 2 duplicate /gene - artM_1 artM_2
[12:29:07] Fixed 2 duplicate /gene - fdrA_1 fdrA_2
[12:29:07] Fixed 2 duplicate /gene - kgtP_1 kgtP_2
[12:29:07] Fixed 2 duplicate /gene - rhaT_1 rhaT_2
[12:29:07] Fixed 2 duplicate /gene - arcC2_1 arcC2_2
[12:29:07] Fixed 2 duplicate /gene - yehC_1 yehC_2
[12:29:07] Fixed 2 duplicate /gene - iaaA_1 iaaA_2
[12:29:07] Fixed 2 duplicate /gene - mepS_1 mepS_2
[12:29:07] Fixed 2 duplicate /gene - gstB_1 gstB_2
[12:29:07] Fixed 2 duplicate /gene - xylG_1 xylG_2
[12:29:07] Fixed 2 duplicate /gene - ylcG_1 ylcG_2
[12:29:07] Fixed 3 duplicate /gene - lpfA_1 lpfA_2 lpfA_3
[12:29:07] Fixed 2 duplicate /gene - uidA_1 uidA_2
[12:29:07] Fixed 2 duplicate /gene - rhmT_1 rhmT_2
[12:29:07] Fixed 2 duplicate /gene - yciE_1 yciE_2
[12:29:07] Fixed 2 duplicate /gene - pspB_1 pspB_2
[12:29:07] Fixed 3 duplicate /gene - cutC_1 cutC_2 cutC_3
[12:29:07] Fixed 2 duplicate /gene - malP_1 malP_2
[12:29:07] Fixed 2 duplicate /gene - ybcO_1 ybcO_2
[12:29:07] Fixed 2 duplicate /gene - lolD_1 lolD_2
[12:29:07] Fixed 2 duplicate /gene - fixB_1 fixB_2
[12:29:07] Fixed 2 duplicate /gene - acpP_1 acpP_2
[12:29:07] Fixed 2 duplicate /gene - coaA_1 coaA_2
[12:29:07] Fixed 2 duplicate /gene - lon_1 lon_2
[12:29:07] Fixed 3 duplicate /gene - yadV_1 yadV_2 yadV_3
[12:29:07] Fixed 2 duplicate /gene - narL_1 narL_2
[12:29:07] Fixed 5 duplicate /gene - dmlR_1 dmlR_2 dmlR_3 dmlR_4 dmlR_5
[12:29:07] Fixed 2 duplicate /gene - ptsH_1 ptsH_2
[12:29:07] Fixed 2 duplicate /gene - ecfA1_1 ecfA1_2
[12:29:07] Fixed 2 duplicate /gene - ydjZ_1 ydjZ_2
[12:29:07] Fixed 2 duplicate /gene - gcvA_1 gcvA_2
[12:29:07] Fixed 2 duplicate /gene - kefC_1 kefC_2
[12:29:07] Fixed 2 duplicate /gene - ulaA_1 ulaA_2
[12:29:07] Fixed 2 duplicate /gene - rob_1 rob_2
[12:29:07] Fixed 2 duplicate /gene - ugpC_1 ugpC_2
[12:29:07] Fixed 2 duplicate /gene - tsaR_1 tsaR_2
[12:29:07] Fixed 2 duplicate /gene - agp_1 agp_2
[12:29:07] Fixed 2 duplicate /gene - dmsC_1 dmsC_2
[12:29:07] Fixed 2 duplicate /gene - yjjI_1 yjjI_2
[12:29:07] Fixed 3 duplicate /gene - potA_1 potA_2 potA_3
[12:29:07] Fixed 2 duplicate /gene - ydeO_1 ydeO_2
[12:29:07] Fixed 3 duplicate /gene - btuR_1 btuR_2 btuR_3
[12:29:07] Fixed 2 duplicate /gene - caiA_1 caiA_2
[12:29:07] Fixed 2 duplicate /gene - pdeN_1 pdeN_2
[12:29:07] Fixed 2 duplicate /gene - proA_1 proA_2
[12:29:07] Fixed 2 duplicate /gene - lsrB_1 lsrB_2
[12:29:07] Fixed 3 duplicate /gene - glnQ_1 glnQ_2 glnQ_3
[12:29:07] Fixed 3 duplicate /gene - norR_1 norR_2 norR_3
[12:29:07] Fixed 2 duplicate /gene - flhA_1 flhA_2
[12:29:07] Fixed 2 duplicate /gene - ydcO_1 ydcO_2
[12:29:07] Fixed 2 duplicate /gene - intA_1 intA_2
[12:29:07] Fixed 2 duplicate /gene - dosP_1 dosP_2
[12:29:07] Fixed 2 duplicate /gene - epsF_1 epsF_2
[12:29:07] Fixed 9 duplicate /gene - xerC_1 xerC_2 xerC_3 xerC_4 xerC_5 xerC_6 xerC_7 xerC_8 xerC_9
[12:29:07] Fixed 2 duplicate /gene - fimF_1 fimF_2
[12:29:07] Fixed 2 duplicate /gene - oxyR_1 oxyR_2
[12:29:07] Fixed 2 duplicate /gene - rbsA_1 rbsA_2
[12:29:07] Fixed 2 duplicate /gene - mlc_1 mlc_2
[12:29:07] Fixed 2 duplicate /gene - cntO_1 cntO_2
[12:29:07] Fixed 2 duplicate /gene - manX_1 manX_2
[12:29:07] Fixed 2 duplicate /gene - manP_1 manP_2
[12:29:07] Fixed 2 duplicate /gene - uhpC_1 uhpC_2
[12:29:07] Fixed 2 duplicate /gene - gatB_1 gatB_2
[12:29:07] Fixed 3 duplicate /gene - ygiW_1 ygiW_2 ygiW_3
[12:29:07] Fixed 2 duplicate /gene - psuK_1 psuK_2
[12:29:07] Fixed 2 duplicate /gene - fryA_1 fryA_2
[12:29:07] Fixed 2 duplicate /gene - prfB_1 prfB_2
[12:29:07] Fixed 3 duplicate /gene - kduD_1 kduD_2 kduD_3
[12:29:07] Fixed 2 duplicate /gene - chuR_1 chuR_2
[12:29:07] Fixed 2 duplicate /gene - nepI_1 nepI_2
[12:29:07] Fixed 2 duplicate /gene - hha_1 hha_2
[12:29:07] Fixed 2 duplicate /gene - gspA_1 gspA_2
[12:29:07] Fixed 2 duplicate /gene - mngR_1 mngR_2
[12:29:07] Fixed 2 duplicate /gene - hyaC_1 hyaC_2
[12:29:07] Fixed 2 duplicate /gene - mipA_1 mipA_2
[12:29:07] Fixed 3 duplicate /gene - cirA_1 cirA_2 cirA_3
[12:29:07] Fixed 2 duplicate /gene - yihP_1 yihP_2
[12:29:07] Fixed 2 duplicate /gene - gmd_1 gmd_2
[12:29:07] Fixed 2 duplicate /gene - recD_1 recD_2
[12:29:07] Fixed 2 duplicate /gene - ygdR_1 ygdR_2
[12:29:07] Fixed 3 duplicate /gene - clpP_1 clpP_2 clpP_3
[12:29:07] Fixed 3 duplicate /gene - ompN_1 ompN_2 ompN_3
[12:29:07] Fixed 2 duplicate /gene - fumA_1 fumA_2
[12:29:07] Fixed 2 duplicate /gene - frlD_1 frlD_2
[12:29:07] Fixed 2 duplicate /gene - ydhX_1 ydhX_2
[12:29:07] Fixed 2 duplicate /gene - allB_1 allB_2
[12:29:07] Fixed 2 duplicate /gene - betI_1 betI_2
[12:29:07] Fixed 2 duplicate /gene - aaeA_1 aaeA_2
[12:29:07] Fixed 2 duplicate /gene - hcaR_1 hcaR_2
[12:29:07] Fixed 3 duplicate /gene - hokE_1 hokE_2 hokE_3
[12:29:07] Fixed 2 duplicate /gene - mtlA_1 mtlA_2
[12:29:07] Fixed 2 duplicate /gene - yhaJ_1 yhaJ_2
[12:29:07] Fixed 3 duplicate /gene - yehB_1 yehB_2 yehB_3
[12:29:07] Fixed 2 duplicate /gene - kbaY_1 kbaY_2
[12:29:07] Fixed 2 duplicate /gene - nuoL_1 nuoL_2
[12:29:07] Fixed 3 duplicate /gene - fabF_1 fabF_2 fabF_3
[12:29:07] Fixed 2 duplicate /gene - fdoG_1 fdoG_2
[12:29:07] Fixed 2 duplicate /gene - araG_1 araG_2
[12:29:07] Fixed 2 duplicate /gene - ylpA_1 ylpA_2
[12:29:07] Fixed 2 duplicate /gene - prlC_1 prlC_2
[12:29:07] Fixed 2 duplicate /gene - flu_1 flu_2
[12:29:07] Fixed 2 duplicate /gene - sorB_1 sorB_2
[12:29:07] Fixed 2 duplicate /gene - xylA_1 xylA_2
[12:29:07] Fixed 2 duplicate /gene - eptA_1 eptA_2
[12:29:07] Fixed 2 duplicate /gene - ldrA_1 ldrA_2
[12:29:07] Fixed 2 duplicate /gene - yhdJ_1 yhdJ_2
[12:29:07] Fixed 2 duplicate /gene - ssuC_1 ssuC_2
[12:29:07] Fixed 2 duplicate /gene - gmm_1 gmm_2
[12:29:07] Fixed 4 duplicate /gene - nohA_1 nohA_2 nohA_3 nohA_4
[12:29:07] Fixed 3 duplicate /gene - yahB_1 yahB_2 yahB_3
[12:29:07] Fixed 2 duplicate /gene - ndhB_1 ndhB_2
[12:29:07] Fixed 2 duplicate /gene - der_1 der_2
[12:29:07] Fixed 2 duplicate /gene - ndhI_1 ndhI_2
[12:29:07] Fixed 2 duplicate /gene - glgB_1 glgB_2
[12:29:07] Fixed 2 duplicate /gene - nanM_1 nanM_2
[12:29:07] Fixed 2 duplicate /gene - cytR_1 cytR_2
[12:29:07] Fixed 2 duplicate /gene - ftsA_1 ftsA_2
[12:29:07] Fixed 2 duplicate /gene - nlpD_1 nlpD_2
[12:29:07] Fixed 2 duplicate /gene - dmsA_1 dmsA_2
[12:29:07] Fixed 3 duplicate /gene - fabG_1 fabG_2 fabG_3
[12:29:07] Fixed 2 duplicate /gene - hin_1 hin_2
[12:29:07] Fixed 2 duplicate /gene - yrdA_1 yrdA_2
[12:29:07] Fixed 2 duplicate /gene - ydjF_1 ydjF_2
[12:29:07] Fixed 2 duplicate /gene - cysH_1 cysH_2
[12:29:07] Fixed 2 duplicate /gene - yfdE_1 yfdE_2
[12:29:07] Fixed 2 duplicate /gene - sctC_1 sctC_2
[12:29:07] Fixed 2 duplicate /gene - adiA_1 adiA_2
[12:29:07] Fixed 4 duplicate /gene - elfC_1 elfC_2 elfC_3 elfC_4
[12:29:07] Fixed 4 duplicate /gene - klcA_1 klcA_2 klcA_3 klcA_4
[12:29:07] Fixed 2 duplicate /gene - chiP_1 chiP_2
[12:29:07] Fixed 4 duplicate /gene - ompX_1 ompX_2 ompX_3 ompX_4
[12:29:07] Fixed 2 duplicate /gene - rcsB_1 rcsB_2
[12:29:07] Fixed 2 duplicate /gene - fbaA_1 fbaA_2
[12:29:07] Fixed 2 duplicate /gene - nanR_1 nanR_2
[12:29:07] Fixed 2 duplicate /gene - yhhT_1 yhhT_2
[12:29:07] Fixed 2 duplicate /gene - uhpA_1 uhpA_2
[12:29:07] Fixed 2 duplicate /gene - osmY_1 osmY_2
[12:29:07] Fixed 2 duplicate /gene - fdhF_1 fdhF_2
[12:29:07] Fixed 2 duplicate /gene - lsrK_1 lsrK_2
[12:29:07] Fixed 4 duplicate /gene - rbsC_1 rbsC_2 rbsC_3 rbsC_4
[12:29:07] Fixed 2 duplicate /gene - acs_1 acs_2
[12:29:07] Fixed 2 duplicate /gene - slp_1 slp_2
[12:29:07] Fixed 2 duplicate /gene - purR_1 purR_2
[12:29:07] Fixed 4 duplicate /gene - fruK_1 fruK_2 fruK_3 fruK_4
[12:29:07] Fixed 2 duplicate /gene - yjiK_1 yjiK_2
[12:29:07] Fixed 2 duplicate /gene - menB_1 menB_2
[12:29:07] Fixed 2 duplicate /gene - dcuD_1 dcuD_2
[12:29:07] Fixed 2 duplicate /gene - acrR_1 acrR_2
[12:29:07] Fixed 2 duplicate /gene - prs_1 prs_2
[12:29:07] Fixed 3 duplicate /gene - dnaC_1 dnaC_2 dnaC_3
[12:29:07] Fixed 2 duplicate /gene - yggP_1 yggP_2
[12:29:07] Fixed 2 duplicate /gene - gcvT_1 gcvT_2
[12:29:07] Fixed 2 duplicate /gene - srmB_1 srmB_2
[12:29:07] Fixed 4 duplicate /gene - tfaE_1 tfaE_2 tfaE_3 tfaE_4
[12:29:07] Fixed 2 duplicate /gene - ybdM_1 ybdM_2
[12:29:07] Fixed 2 duplicate /gene - fixA_1 fixA_2
[12:29:07] Fixed 2 duplicate /gene - era_1 era_2
[12:29:07] Fixed 4 duplicate /gene - pgrR_1 pgrR_2 pgrR_3 pgrR_4
[12:29:07] Fixed 2 duplicate /gene - yedI_1 yedI_2
[12:29:07] Fixed 2 duplicate /gene - xdhA_1 xdhA_2
[12:29:07] Fixed 2 duplicate /gene - fimG_1 fimG_2
[12:29:07] Fixed 2 duplicate /gene - caiT_1 caiT_2
[12:29:07] Fixed 2 duplicate /gene - gadX_1 gadX_2
[12:29:07] Fixed 2 duplicate /gene - fcl_1 fcl_2
[12:29:07] Fixed 2 duplicate /gene - ydgA_1 ydgA_2
[12:29:07] Fixed 2 duplicate /gene - cdhR_1 cdhR_2
[12:29:07] Fixed 5 duplicate /gene - rhaS_1 rhaS_2 rhaS_3 rhaS_4 rhaS_5
[12:29:07] Fixed 2 duplicate /gene - cusC_1 cusC_2
[12:29:07] Fixed 2 duplicate /gene - ubiJ_1 ubiJ_2
[12:29:07] Fixed 2 duplicate /gene - katG_1 katG_2
[12:29:07] Fixed 3 duplicate /gene - tdh_1 tdh_2 tdh_3
[12:29:07] Fixed 3 duplicate /gene - gltC_1 gltC_2 gltC_3
[12:29:07] Fixed 2 duplicate /gene - crfC_1 crfC_2
[12:29:07] Fixed 2 duplicate /gene - topA_1 topA_2
[12:29:07] Fixed 2 duplicate /gene - fimH_1 fimH_2
[12:29:07] Fixed 2 duplicate /gene - hcpA_1 hcpA_2
[12:29:07] Fixed 2 duplicate /gene - ssb_1 ssb_2
[12:29:07] Fixed 2 duplicate /gene - yciF_1 yciF_2
[12:29:07] Fixed 2 duplicate /gene - yvgN_1 yvgN_2
[12:29:07] Fixed 2 duplicate /gene - eptC_1 eptC_2
[12:29:07] Fixed 2 duplicate /gene - rhsD_1 rhsD_2
[12:29:07] Fixed 4 duplicate /gene - dnaT_1 dnaT_2 dnaT_3 dnaT_4
[12:29:07] Fixed 2 duplicate /gene - xerD_1 xerD_2
[12:29:07] Fixed 3 duplicate /gene - bcr_1 bcr_2 bcr_3
[12:29:07] Fixed 2 duplicate /gene - argE_1 argE_2
[12:29:07] Fixed 2 duplicate /gene - arnC_1 arnC_2
[12:29:07] Fixed 2 duplicate /gene - algC_1 algC_2
[12:29:07] Fixed 2 duplicate /gene - dgcE_1 dgcE_2
[12:29:07] Fixed 2 duplicate /gene - nhoA_1 nhoA_2
[12:29:07] Fixed 2 duplicate /gene - pal_1 pal_2
[12:29:07] Fixed 2 duplicate /gene - rapA_1 rapA_2
[12:29:07] Fixed 2 duplicate /gene - melR_1 melR_2
[12:29:07] Fixed 5 duplicate /gene - rusA_1 rusA_2 rusA_3 rusA_4 rusA_5
[12:29:07] Fixed 3 duplicate /gene - btuD_1 btuD_2 btuD_3
[12:29:07] Fixed 2 duplicate /gene - yfhM_1 yfhM_2
[12:29:07] Fixed 2 duplicate /gene - pncC_1 pncC_2
[12:29:07] Fixed 311 colliding /gene names.
[12:29:07] Adding /locus_tag identifiers
[12:29:08] Assigned 5527 locus_tags to CDS and RNA features.
[12:29:08] Writing outputs to ./gp/CGT1005/
[12:29:13] Generating annotation statistics file
[12:29:13] Generating Genbank and Sequin files
[12:29:13] Running: tbl2asn -V b -a r10k -l paired-ends -M n -N 1 -y 'Annotated using prokka 1.14.6 from https://github.com/tseemann/prokka' -Z \.\/gp\/CGT1005\/PROKKA_04262022\.err -i \.\/gp\/CGT1005\/PROKKA_04262022\.fsa 2> /dev/null
[12:29:50] Deleting unwanted file: ./gp/CGT1005/errorsummary.val
[12:29:50] Deleting unwanted file: ./gp/CGT1005/PROKKA_04262022.dr
[12:29:50] Deleting unwanted file: ./gp/CGT1005/PROKKA_04262022.fixedproducts
[12:29:50] Deleting unwanted file: ./gp/CGT1005/PROKKA_04262022.ecn
[12:29:50] Deleting unwanted file: ./gp/CGT1005/PROKKA_04262022.val
[12:29:50] Repairing broken .GBK output that tbl2asn produces...
[12:29:50] Running: sed 's/COORDINATES: profile/COORDINATES:profile/' < \.\/gp\/CGT1005\/PROKKA_04262022\.gbf > \.\/gp\/CGT1005\/PROKKA_04262022\.gbk
[12:29:50] Deleting unwanted file: ./gp/CGT1005/PROKKA_04262022.gbf
[12:29:50] Output files:
[12:29:50] ./gp/CGT1005/PROKKA_04262022.tbl
[12:29:50] ./gp/CGT1005/PROKKA_04262022.txt
[12:29:50] ./gp/CGT1005/PROKKA_04262022.fna
[12:29:50] ./gp/CGT1005/PROKKA_04262022.gbk
[12:29:50] ./gp/CGT1005/PROKKA_04262022.err
[12:29:50] ./gp/CGT1005/PROKKA_04262022.log
[12:29:50] ./gp/CGT1005/PROKKA_04262022.gff
[12:29:50] ./gp/CGT1005/PROKKA_04262022.ffn
[12:29:50] ./gp/CGT1005/PROKKA_04262022.sqn
[12:29:50] ./gp/CGT1005/PROKKA_04262022.faa
[12:29:50] ./gp/CGT1005/PROKKA_04262022.tsv
[12:29:50] ./gp/CGT1005/PROKKA_04262022.fsa
[12:29:50] Annotation finished successfully.
[12:29:50] Walltime used: 17.72 minutes
[12:29:50] If you use this result please cite the Prokka paper:
[12:29:50] Seemann T (2014) Prokka: rapid prokaryotic genome annotation. Bioinformatics. 30(14):2068-9.
[12:29:50] Type 'prokka --citation' for more details.
[12:29:50] Share and enjoy!
