[12:30:29] This is prokka 1.14.6
[12:30:29] Written by Torsten Seemann <torsten.seemann@gmail.com>
[12:30:29] Homepage is https://github.com/tseemann/prokka
[12:30:29] Local time is Tue Apr 26 12:30:29 2022
[12:30:29] You are Team5
[12:30:29] Operating system is linux
[12:30:29] You have BioPerl 1.7.8
[12:30:29] System has 4 cores.
[12:30:29] Option --cpu asked for 8 cores, but system only has 4
[12:30:29] Will use maximum of 4 cores.
[12:30:29] Annotating as >>> Bacteria <<<
[12:30:29] Generating locus_tag from './final_output/CGT1113_contigs.fa' contents.
[12:30:29] Setting --locustag LCMHGFIA from MD5 5c610f2a268617a6cfe0e9b15adabe96
[12:30:29] Creating new output folder: ./gp/CGT1113
[12:30:29] Running: mkdir -p \.\/gp\/CGT1113
[12:30:29] Using filename prefix: PROKKA_04262022.XXX
[12:30:29] Setting HMMER_NCPU=1
[12:30:29] Writing log to: ./gp/CGT1113/PROKKA_04262022.log
[12:30:29] Command: /home/Team5/miniconda3/envs/gene_prediction/bin/prokka ./final_output/CGT1113_contigs.fa --outdir ./gp/CGT1113 --kingdom Bacteria --rfam
[12:30:29] Appending to PATH: /home/Team5/miniconda3/envs/gene_prediction/bin
[12:30:29] Looking for 'aragorn' - found /home/Team5/miniconda3/envs/gene_prediction/bin/aragorn
[12:30:29] Determined aragorn version is 001002 from 'ARAGORN v1.2.41 Dean Laslett'
[12:30:29] Looking for 'barrnap' - found /home/Team5/miniconda3/envs/gene_prediction/bin/barrnap
[12:30:29] Determined barrnap version is 000009 from 'barrnap 0.9'
[12:30:29] Looking for 'blastp' - found /home/Team5/miniconda3/envs/gene_prediction/bin/blastp
[12:30:29] Determined blastp version is 002012 from 'blastp: 2.12.0+'
[12:30:29] Looking for 'cmpress' - found /home/Team5/miniconda3/envs/gene_prediction/bin/cmpress
[12:30:29] Determined cmpress version is 001001 from '# INFERNAL 1.1.4 (Dec 2020)'
[12:30:29] Looking for 'cmscan' - found /home/Team5/miniconda3/envs/gene_prediction/bin/cmscan
[12:30:29] Determined cmscan version is 001001 from '# INFERNAL 1.1.4 (Dec 2020)'
[12:30:29] Looking for 'egrep' - found /usr/bin/egrep
[12:30:29] Looking for 'find' - found /usr/bin/find
[12:30:29] Looking for 'grep' - found /usr/bin/grep
[12:30:29] Looking for 'hmmpress' - found /home/Team5/miniconda3/envs/gene_prediction/bin/hmmpress
[12:30:29] Determined hmmpress version is 003003 from '# HMMER 3.3.2 (Nov 2020); http://hmmer.org/'
[12:30:29] Looking for 'hmmscan' - found /home/Team5/miniconda3/envs/gene_prediction/bin/hmmscan
[12:30:29] Determined hmmscan version is 003003 from '# HMMER 3.3.2 (Nov 2020); http://hmmer.org/'
[12:30:29] Looking for 'java' - found /home/Team5/miniconda3/envs/gene_prediction/bin/java
[12:30:29] Looking for 'makeblastdb' - found /home/Team5/miniconda3/envs/gene_prediction/bin/makeblastdb
[12:30:29] Determined makeblastdb version is 002012 from 'makeblastdb: 2.12.0+'
[12:30:29] Looking for 'minced' - found /home/Team5/miniconda3/envs/gene_prediction/bin/minced
[12:30:30] Determined minced version is 004002 from 'minced 0.4.2'
[12:30:30] Looking for 'parallel' - found /home/Team5/miniconda3/envs/gene_prediction/bin/parallel
[12:30:30] Determined parallel version is 20220222 from 'GNU parallel 20220222'
[12:30:30] Looking for 'prodigal' - found /home/Team5/miniconda3/envs/gene_prediction/bin/prodigal
[12:30:30] Determined prodigal version is 002006 from 'Prodigal V2.6.3: February, 2016'
[12:30:30] Looking for 'prokka-genbank_to_fasta_db' - found /home/Team5/miniconda3/envs/gene_prediction/bin/prokka-genbank_to_fasta_db
[12:30:30] Looking for 'sed' - found /usr/bin/sed
[12:30:30] Looking for 'tbl2asn' - found /home/Team5/miniconda3/envs/gene_prediction/bin/tbl2asn
[12:30:30] Determined tbl2asn version is 025007 from 'tbl2asn 25.7   arguments:'
[12:30:30] Using genetic code table 11.
[12:30:30] Loading and checking input file: ./final_output/CGT1113_contigs.fa
[12:30:30] Wrote 234 contigs totalling 5432060 bp.
[12:30:30] Predicting tRNAs and tmRNAs
[12:30:30] Running: aragorn -l -gc11  -w \.\/gp\/CGT1113\/PROKKA_04262022\.fna
[12:30:33] 1 tRNA-Leu [260985,261071] 35 (cag)
[12:30:33] 2 tRNA-Leu c[376904,376988] 35 (caa)
[12:30:33] 3 tRNA-Gly c[477551,477626] 34 (gcc)
[12:30:33] 4 tRNA-Gly c[477662,477737] 34 (gcc)
[12:30:33] 5 tRNA-Gly c[477774,477849] 34 (gcc)
[12:30:33] 6 tRNA-Phe [506857,506932] 34 (gaa)
[12:30:33] 1 tRNA-Met c[9500,9575] 34 (cat)
[12:30:33] 2 tRNA-Arg c[43495,43571] 35 (acg)
[12:30:33] 3 tRNA-Arg c[43674,43750] 35 (acg)
[12:30:33] 4 tRNA-Arg c[43813,43889] 35 (acg)
[12:30:33] 5 tRNA-Arg c[43954,44030] 35 (acg)
[12:30:33] 6 tRNA-Ser c[44034,44126] 35 (gct)
[12:30:33] 7 tRNA-Met [171502,171578] 35 (cat)
[12:30:33] 8 tRNA-Met [171612,171688] 35 (cat)
[12:30:33] 9 tRNA-Met [171722,171798] 35 (cat)
[12:30:33] 10 tRNA-Gly c[239028,239101] 33 (ccc)
[12:30:33] 11 tRNA-Phe [353674,353749] 34 (gaa)
[12:30:33] 1 tRNA-Pro [54451,54527] 35 (cgg)
[12:30:33] 1 tRNA-Leu [92860,92946] 35 (gag)
[12:30:33] 2 tRNA-Met [96729,96805] 35 (cat)
[12:30:33] 3 tRNA-Met c[200996,201071] 34 (cat)
[12:30:33] 1 tRNA-Arg [16317,16391] 34 (cct)
[12:30:33] 2 tRNA-Ala c[68233,68308] 34 (ggc)
[12:30:33] 3 tRNA-Ala c[68348,68423] 34 (ggc)
[12:30:33] 4 tRNA-Val [72870,72945] 34 (tac)
[12:30:33] 5 tRNA-Val [72990,73065] 34 (tac)
[12:30:33] 6 tRNA-Val [73112,73187] 34 (tac)
[12:30:33] 7 tRNA-Lys [73192,73267] 34 (ttt)
[12:30:33] 1 tRNA-Ser c[214451,214531] 38 (gga)
[12:30:33] 1 tRNA-Ser [105721,105808] 35 (gga)
[12:30:33] 1 tRNA-Val c[108005,108081] 35 (gac)
[12:30:33] 2 tRNA-Val c[108086,108162] 35 (gac)
[12:30:33] 1 tRNA-Arg [37779,37855] 35 (tct)
[12:30:33] 2 tRNA-Gln c[157187,157261] 33 (ctg)
[12:30:33] 3 tRNA-Gln c[157299,157373] 33 (ctg)
[12:30:33] 4 tRNA-Met c[157422,157498] 35 (cat)
[12:30:33] 5 tRNA-Gln c[157514,157588] 33 (ttg)
[12:30:33] 6 tRNA-Gln c[157623,157697] 33 (ttg)
[12:30:33] 7 tRNA-Leu c[157721,157805] 35 (tag)
[12:30:33] 8 tRNA-Met c[157816,157892] 35 (cat)
[12:30:33] 1 tRNA-Pro [79760,79836] 35 (ggg)
[12:30:33] 1 tRNA-Lys c[26940,27015] 34 (ttt)
[12:30:33] 2 tRNA-Lys c[27162,27237] 34 (ttt)
[12:30:33] 3 tRNA-Val c[27241,27316] 34 (tac)
[12:30:33] 4 tRNA-Lys c[27368,27443] 34 (ttt)
[12:30:33] 5 tRNA-Val c[27446,27521] 34 (tac)
[12:30:33] 6 tRNA-Lys c[27557,27632] 34 (ttt)
[12:30:33] 7 tRNA-Asp c[112968,113044] 35 (gtc)
[12:30:33] 8 tRNA-Asp c[121192,121268] 35 (gtc)
[12:30:33] 1 tRNA-Ser c[996,1083] 35 (tga)
[12:30:33] 1 tRNA-Ser c[6632,6719] 35 (gga)
[12:30:33] 1 tRNA-Tyr c[56683,56767] 35 (gta)
[12:30:33] 2 tRNA-Tyr c[56977,57061] 35 (gta)
[12:30:33] 3 tRNA-Met [98421,98496] 34 (cat)
[12:30:33] 4 tRNA-Arg [98577,98653] 35 (tct)
[12:30:33] 1 tRNA-Pro c[55164,55240] 35 (tgg)
[12:30:33] 2 tRNA-Leu c[55283,55369] 35 (cag)
[12:30:33] 3 tRNA-His c[55390,55465] 34 (gtg)
[12:30:33] 4 tRNA-Arg c[55524,55600] 35 (ccg)
[12:30:33] 5 tRNA-Trp c[90904,90979] 34 (cca)
[12:30:33] 6 tRNA-Asp c[90988,91064] 35 (gtc)
[12:30:33] 1 tRNA-SeC [72369,72463] 35 (tca)
[12:30:33] 1 tRNA-Leu c[9548,9634] 35 (taa)
[12:30:34] 2 tRNA-Cys c[9647,9720] 33 (gca)
[12:30:34] 3 tRNA-Gly c[9774,9849] 34 (gcc)
[12:30:34] 1 tRNA-Thr [25943,26018] 34 (cgt)
[12:30:34] 1 tRNA-Asn c[3816,3891] 34 (gtt)
[12:30:34] 2 tRNA-Asn c[6224,6299] 34 (gtt)
[12:30:34] 3 tRNA-Asn [8048,8123] 34 (gtt)
[12:30:34] 4 tRNA-Asn c[22428,22503] 34 (gtt)
[12:30:34] 5 tRNA-Ser [23495,23584] 35 (cga)
[12:30:34] 1 tmRNA [24123,24485] 90,125 ANDENYALAA**
[12:30:34] 1 tRNA-Met [4692,4767] 34 (cat)
[12:30:34] 2 tRNA-Arg [4777,4853] 35 (tcg)
[12:30:34] 3 tRNA-Arg [4867,4943] 35 (tct)
[12:30:34] 1 tRNA-Met [3034,3109] 34 (cat)
[12:30:34] 2 tRNA-Arg [3117,3193] 35 (tcg)
[12:30:34] 3 tRNA-Arg [3207,3283] 35 (tct)
[12:30:34] 1 tRNA-Arg c[2112,2188] 35 (tct)
[12:30:34] 2 tRNA-Met c[2289,2364] 34 (cat)
[12:30:34] 1 tRNA-Thr c[377,452] 34 (ggt)
[12:30:34] 2 tRNA-Gly c[459,533] 34 (tcc)
[12:30:34] 3 tRNA-Tyr c[650,734] 35 (gta)
[12:30:34] 4 tRNA-Thr c[743,818] 34 (tgt)
[12:30:34] 1 tRNA-Met [1020,1095] 34 (cat)
[12:30:34] 2 tRNA-Arg [1097,1173] 35 (tcg)
[12:30:34] 3 tRNA-Arg [1187,1263] 35 (tct)
[12:30:34] 1 tRNA-Thr [120,195] 34 (ggt)
[12:30:34] 1 tRNA-Met [529,604] 34 (cat)
[12:30:34] 2 tRNA-Arg [612,688] 35 (tcg)
[12:30:34] 3 tRNA-Arg [702,778] 35 (tct)
[12:30:34] 1 tRNA-Glu [206,281] 35 (ttc)
[12:30:34] Found 92 tRNAs
[12:30:34] Predicting Ribosomal RNAs
[12:30:34] Running Barrnap with 4 threads
[12:30:39] 1 contig00005 269679 5S ribosomal RNA
[12:30:39] 2 contig00015 121326 5S ribosomal RNA
[12:30:39] 3 contig00021 2 5S ribosomal RNA
[12:30:39] 4 contig00065 4289 5S ribosomal RNA
[12:30:39] 5 contig00084 11 5S ribosomal RNA
[12:30:39] 6 contig00084 219 23S ribosomal RNA (partial)
[12:30:39] 7 contig00103 150 16S ribosomal RNA
[12:30:39] 8 contig00106 2 5S ribosomal RNA
[12:30:39] 9 contig00106 237 5S ribosomal RNA
[12:30:39] Found 9 rRNAs
[12:30:39] Scanning for ncRNAs... please be patient.
[12:30:39] Running: cmscan -Z 10.86412 --cut_ga --rfam --nohmmonly --fmt 2 --cpu 4 --tblout /dev/stdout -o /dev/null --noali /home/Team5/miniconda3/envs/gene_prediction/db/cm/Bacteria \.\/gp\/CGT1113\/PROKKA_04262022\.fna
[12:31:37] 1 ncRNA 1 contig00001 1..232
[12:31:37] 2 ncRNA 2 contig00001 1..195
[12:31:37] 3 ncRNA 3 contig00001 1..166
[12:31:37] 4 ncRNA 4 contig00001 1..142
[12:31:37] 5 ncRNA 5 contig00001 1..148
[12:31:37] 6 ncRNA 6 contig00001 1..123
[12:31:37] 7 ncRNA 7 contig00001 1..111
[12:31:37] 8 ncRNA 8 contig00001 1..158
[12:31:37] 9 ncRNA 9 contig00001 1..115
[12:31:37] 10 ncRNA 10 contig00001 1..85
[12:31:37] 11 ncRNA 11 contig00001 1..118
[12:31:37] 12 ncRNA 12 contig00001 1..93
[12:31:37] 13 ncRNA 13 contig00001 1..77
[12:31:37] 14 ncRNA 14 contig00001 1..97
[12:31:37] 15 ncRNA 15 contig00001 1..55
[12:31:37] 16 ncRNA 16 contig00001 1..114
[12:31:37] 17 ncRNA 17 contig00001 1..77
[12:31:37] 18 ncRNA 18 contig00001 1..77
[12:31:37] 19 ncRNA 19 contig00001 1..53
[12:31:37] 20 ncRNA 20 contig00001 1..57
[12:31:37] 21 ncRNA 21 contig00001 1..77
[12:31:37] 22 ncRNA 22 contig00001 1..46
[12:31:37] 23 ncRNA 23 contig00001 1..70
[12:31:37] 24 ncRNA 24 contig00001 1..77
[12:31:37] 25 ncRNA 25 contig00001 1..77
[12:31:37] 26 ncRNA 26 contig00001 1..77
[12:31:37] 27 ncRNA 27 contig00001 1..76
[12:31:37] 28 ncRNA 28 contig00001 1..77
[12:31:37] 29 ncRNA 29 contig00001 1..77
[12:31:37] 30 ncRNA 30 contig00001 1..77
[12:31:37] 31 ncRNA 31 contig00001 1..77
[12:31:37] 32 ncRNA 32 contig00001 1..105
[12:32:06] 33 ncRNA 33 contig00001 1..77
[12:32:06] 34 ncRNA 34 contig00001 1..77
[12:32:06] 35 ncRNA 35 contig00001 1..77
[12:32:06] 36 ncRNA 36 contig00001 1..77
[12:32:06] 37 ncRNA 37 contig00001 1..77
[12:32:06] 38 ncRNA 38 contig00001 1..48
[12:32:06] 39 ncRNA 1 contig00002 1..356
[12:32:06] 40 ncRNA 2 contig00002 1..198
[12:32:06] 41 ncRNA 3 contig00002 1..147
[12:32:06] 42 ncRNA 4 contig00002 1..147
[12:32:06] 43 ncRNA 5 contig00002 1..188
[12:32:06] 44 ncRNA 6 contig00002 1..158
[12:32:06] 45 ncRNA 7 contig00002 1..87
[12:32:06] 46 ncRNA 8 contig00002 1..87
[12:32:06] 47 ncRNA 9 contig00002 1..75
[12:32:06] 48 ncRNA 10 contig00002 1..77
[12:32:06] 49 ncRNA 11 contig00002 1..75
[12:32:49] 50 ncRNA 12 contig00002 1..77
[12:32:49] 51 ncRNA 13 contig00002 1..43
[12:32:49] 52 ncRNA 14 contig00002 1..43
[12:32:49] 53 ncRNA 1 contig00003 1..428
[12:32:49] 54 ncRNA 2 contig00003 1..114
[12:32:49] 55 ncRNA 3 contig00003 1..158
[12:32:49] 56 ncRNA 4 contig00003 1..84
[12:32:49] 57 ncRNA 5 contig00003 1..66
[12:32:49] 58 ncRNA 6 contig00003 1..72
[12:32:49] 59 ncRNA 7 contig00003 1..84
[12:32:49] 60 ncRNA 8 contig00003 1..67
[12:32:49] 61 ncRNA 9 contig00003 1..77
[12:32:49] 62 ncRNA 10 contig00003 1..43
[12:32:49] 63 ncRNA 11 contig00003 1..32
[12:32:49] 64 ncRNA 1 contig00004 1..367
[12:32:49] 65 ncRNA 2 contig00004 1..123
[12:32:49] 66 ncRNA 3 contig00004 1..147
[12:33:05] 67 ncRNA 4 contig00004 1..177
[12:33:05] 68 ncRNA 5 contig00004 1..140
[12:33:05] 69 ncRNA 6 contig00004 1..147
[12:33:05] 70 ncRNA 7 contig00004 1..117
[12:33:05] 71 ncRNA 8 contig00004 1..106
[12:33:05] 72 ncRNA 9 contig00004 1..124
[12:33:05] 73 ncRNA 10 contig00004 1..64
[12:33:05] 74 ncRNA 11 contig00004 1..111
[12:33:05] 75 ncRNA 12 contig00004 1..77
[12:33:05] 76 ncRNA 13 contig00004 1..77
[12:33:05] 77 ncRNA 14 contig00004 1..77
[12:33:05] 78 ncRNA 15 contig00004 1..77
[12:33:05] 79 ncRNA 16 contig00004 1..77
[12:33:05] 80 ncRNA 1 contig00005 1..296
[12:33:05] 81 ncRNA 2 contig00005 1..214
[12:33:05] 82 ncRNA 3 contig00005 1..110
[12:33:05] 83 ncRNA 4 contig00005 1..163
[12:33:23] 84 ncRNA 5 contig00005 1..92
[12:33:23] 85 ncRNA 6 contig00005 1..59
[12:33:23] 86 ncRNA 7 contig00005 1..77
[12:33:23] 87 ncRNA 9 contig00005 1..87
[12:33:23] 88 ncRNA 1 contig00006 1..65
[12:33:23] 89 ncRNA 2 contig00006 1..95
[12:33:23] 90 ncRNA 3 contig00006 1..77
[12:33:23] 91 ncRNA 4 contig00006 1..97
[12:33:23] 92 ncRNA 5 contig00006 1..77
[12:33:23] 93 ncRNA 6 contig00006 1..77
[12:33:23] 94 ncRNA 7 contig00006 1..77
[12:33:23] 95 ncRNA 8 contig00006 1..77
[12:33:23] 96 ncRNA 9 contig00006 1..77
[12:33:23] 97 ncRNA 10 contig00006 1..77
[12:33:23] 98 ncRNA 11 contig00006 1..83
[12:33:23] 99 ncRNA 12 contig00006 1..77
[12:34:06] 100 ncRNA 13 contig00006 1..77
[12:34:06] 101 ncRNA 14 contig00006 1..77
[12:34:06] 102 ncRNA 15 contig00006 1..77
[12:34:06] 103 ncRNA 16 contig00006 1..77
[12:34:06] 104 ncRNA 1 contig00007 1..135
[12:34:06] 105 ncRNA 2 contig00007 1..135
[12:34:06] 106 ncRNA 3 contig00007 1..79
[12:34:06] 107 ncRNA 4 contig00007 1..74
[12:34:06] 108 ncRNA 5 contig00007 1..77
[12:34:06] 109 ncRNA 6 contig00007 1..77
[12:34:06] 110 ncRNA 7 contig00007 1..77
[12:34:06] 111 ncRNA 8 contig00007 1..28
[12:34:06] 112 ncRNA 1 contig00008 1..388
[12:34:06] 113 ncRNA 2 contig00008 1..62
[12:34:06] 114 ncRNA 3 contig00008 1..108
[12:34:06] 115 ncRNA 4 contig00008 1..52
[12:35:05] 116 ncRNA 5 contig00008 1..156
[12:35:05] 117 ncRNA 6 contig00008 1..202
[12:35:05] 118 ncRNA 7 contig00008 1..125
[12:35:05] 119 ncRNA 1 contig00009 1..163
[12:35:05] 120 ncRNA 2 contig00009 1..428
[12:35:05] 121 ncRNA 3 contig00009 1..109
[12:35:05] 122 ncRNA 4 contig00009 1..158
[12:35:05] 123 ncRNA 5 contig00009 1..72
[12:35:05] 124 ncRNA 6 contig00009 1..158
[12:35:05] 125 ncRNA 1 contig00010 1..217
[12:35:05] 126 ncRNA 2 contig00010 1..119
[12:35:05] 127 ncRNA 3 contig00010 1..158
[12:35:05] 128 ncRNA 4 contig00010 1..96
[12:35:05] 129 ncRNA 5 contig00010 1..123
[12:35:05] 130 ncRNA 6 contig00010 1..100
[12:35:05] 131 ncRNA 7 contig00010 1..64
[12:35:05] 132 ncRNA 1 contig00011 1..308
[12:35:05] 133 ncRNA 2 contig00011 1..145
[12:35:39] 134 ncRNA 3 contig00011 1..428
[12:35:39] 135 ncRNA 4 contig00011 1..86
[12:35:39] 136 ncRNA 5 contig00011 1..100
[12:35:39] 137 ncRNA 6 contig00011 1..78
[12:35:39] 138 ncRNA 7 contig00011 1..87
[12:35:39] 139 ncRNA 8 contig00011 1..77
[12:35:39] 140 ncRNA 9 contig00011 1..77
[12:35:39] 141 ncRNA 1 contig00012 1..94
[12:35:39] 142 ncRNA 2 contig00012 1..77
[12:35:39] 143 ncRNA 3 contig00012 1..77
[12:35:39] 144 ncRNA 4 contig00012 1..77
[12:35:39] 145 ncRNA 5 contig00012 1..84
[12:35:39] 146 ncRNA 6 contig00012 1..77
[12:35:39] 147 ncRNA 1 contig00013 1..158
[12:35:39] 148 ncRNA 2 contig00013 1..130
[12:35:39] 149 ncRNA 3 contig00013 1..73
[12:35:39] 150 ncRNA 4 contig00013 1..81
[12:36:45] 151 ncRNA 5 contig00013 1..43
[12:36:45] 152 ncRNA 1 contig00014 1..77
[12:36:45] 153 ncRNA 2 contig00014 1..77
[12:36:45] 154 ncRNA 3 contig00014 1..77
[12:36:45] 155 ncRNA 4 contig00014 1..44
[12:36:45] 156 ncRNA 1 contig00015 1..77
[12:36:45] 157 ncRNA 2 contig00015 1..43
[12:36:45] 158 ncRNA 3 contig00015 1..130
[12:36:45] 159 ncRNA 1 contig00016 1..194
[12:36:45] 160 ncRNA 2 contig00016 1..428
[12:36:45] 161 ncRNA 3 contig00016 1..117
[12:36:45] 162 ncRNA 4 contig00016 1..77
[12:36:45] 163 ncRNA 1 contig00017 1..214
[12:36:45] 164 ncRNA 2 contig00017 1..59
[12:36:45] 165 ncRNA 3 contig00017 1..118
[12:36:45] 166 ncRNA 1 contig00018 1..147
[12:36:45] 167 ncRNA 2 contig00018 1..147
[12:37:07] 168 ncRNA 3 contig00018 1..147
[12:37:07] 169 ncRNA 4 contig00018 1..127
[12:37:07] 170 ncRNA 5 contig00018 1..85
[12:37:07] 171 ncRNA 6 contig00018 1..52
[12:37:07] 172 ncRNA 7 contig00018 1..77
[12:37:07] 173 ncRNA 8 contig00018 1..38
[12:37:07] 174 ncRNA 9 contig00018 1..38
[12:37:07] 175 ncRNA 1 contig00019 1..334
[12:37:07] 176 ncRNA 2 contig00019 1..169
[12:37:07] 177 ncRNA 3 contig00019 1..92
[12:37:07] 178 ncRNA 4 contig00019 1..50
[12:37:07] 179 ncRNA 5 contig00019 1..43
[12:37:07] 180 ncRNA 1 contig00020 1..206
[12:37:07] 181 ncRNA 2 contig00020 1..130
[12:37:07] 182 ncRNA 3 contig00020 1..130
[12:37:07] 183 ncRNA 4 contig00020 1..130
[12:37:07] 184 ncRNA 5 contig00020 1..158
[12:37:07] 185 ncRNA 6 contig00020 1..79
[12:37:35] 186 ncRNA 7 contig00020 1..66
[12:37:35] 187 ncRNA 8 contig00020 1..66
[12:37:35] 188 ncRNA 9 contig00020 1..62
[12:37:35] 189 ncRNA 1 contig00021 1..255
[12:37:35] 190 ncRNA 2 contig00021 1..108
[12:37:35] 191 ncRNA 3 contig00021 1..115
[12:37:35] 192 ncRNA 4 contig00021 1..59
[12:37:35] 193 ncRNA 5 contig00021 1..77
[12:37:35] 194 ncRNA 6 contig00021 1..77
[12:37:35] 195 ncRNA 7 contig00021 1..58
[12:37:35] 196 ncRNA 8 contig00021 1..71
[12:37:35] 197 ncRNA 1 contig00022 1..252
[12:37:35] 198 ncRNA 2 contig00022 1..212
[12:37:35] 199 ncRNA 3 contig00022 1..300
[12:37:35] 200 ncRNA 4 contig00022 1..88
[12:37:35] 201 ncRNA 1 contig00023 1..76
[12:38:05] 202 ncRNA 2 contig00023 1..76
[12:38:05] 203 ncRNA 3 contig00023 1..105
[12:38:05] 204 ncRNA 4 contig00023 1..77
[12:38:05] 205 ncRNA 1 contig00024 1..123
[12:38:05] 206 ncRNA 2 contig00024 1..38
[12:38:05] 207 ncRNA 1 contig00025 1..198
[12:38:05] 208 ncRNA 2 contig00025 1..85
[12:38:05] 209 ncRNA 3 contig00025 1..94
[12:38:05] 210 ncRNA 1 contig00026 1..183
[12:38:05] 211 ncRNA 2 contig00026 1..77
[12:38:05] 212 ncRNA 3 contig00026 1..77
[12:38:05] 213 ncRNA 4 contig00026 1..77
[12:38:05] 214 ncRNA 5 contig00026 1..162
[12:38:05] 215 ncRNA 1 contig00027 1..152
[12:38:05] 216 ncRNA 2 contig00027 1..292
[12:38:05] 217 ncRNA 3 contig00027 1..74
[12:38:05] 218 ncRNA 4 contig00027 1..134
[12:38:53] 219 ncRNA 5 contig00027 1..158
[12:38:53] 220 ncRNA 1 contig00028 1..110
[12:38:53] 221 ncRNA 2 contig00028 1..191
[12:38:53] 222 ncRNA 1 contig00030 1..161
[12:38:53] 223 ncRNA 2 contig00030 1..66
[12:38:53] 224 ncRNA 3 contig00030 1..105
[12:38:53] 225 ncRNA 1 contig00031 1..77
[12:38:53] 226 ncRNA 1 contig00032 1..110
[12:38:53] 227 ncRNA 1 contig00034 1..140
[12:38:53] 228 ncRNA 2 contig00034 1..125
[12:38:53] 229 ncRNA 1 contig00035 1..117
[12:38:53] 230 ncRNA 2 contig00035 1..158
[12:38:53] 231 ncRNA 3 contig00035 1..99
[12:38:53] 232 ncRNA 1 contig00037 1..87
[12:38:53] 233 ncRNA 2 contig00037 1..77
[12:38:53] 234 ncRNA 1 contig00039 1..206
[12:38:53] 235 ncRNA 1 contig00042 1..198
[12:38:53] 236 ncRNA 1 contig00043 1..198
[12:39:30] 237 ncRNA 1 contig00044 1..158
[12:39:30] 238 ncRNA 2 contig00044 1..52
[12:39:30] 239 ncRNA 1 contig00045 1..185
[12:39:30] 240 ncRNA 2 contig00045 1..92
[12:39:30] 241 ncRNA 1 contig00047 1..158
[12:39:30] 242 ncRNA 2 contig00047 1..52
[12:39:30] 243 ncRNA 1 contig00054 1..206
[12:39:30] 244 ncRNA 2 contig00054 1..62
[12:39:30] 245 ncRNA 1 contig00059 1..158
[12:39:30] 246 ncRNA 1 contig00061 1..77
[12:39:30] 247 ncRNA 2 contig00061 1..87
[12:39:30] 248 ncRNA 1 contig00062 1..206
[12:39:30] 249 ncRNA 1 contig00063 1..206
[12:39:30] 250 ncRNA 1 contig00067 1..117
[12:39:30] 251 ncRNA 1 contig00073 1..77
[12:39:30] 252 ncRNA 2 contig00073 1..87
[12:39:30] 253 ncRNA 3 contig00073 1..87
[12:39:55] 254 ncRNA 1 contig00082 1..68
[12:39:55] 255 ncRNA 1 contig00094 1..206
[12:39:55] 256 ncRNA 1 contig00100 1..206
[12:39:55] 257 ncRNA 2 contig00100 1..53
[12:39:55] 258 ncRNA 1 contig00134 1..158
[12:39:55] 259 ncRNA 1 contig00135 18..59
[12:39:55] 260 ncRNA 1 contig00144 1..206
[12:39:55] 261 ncRNA 1 contig00154 1..59
[12:39:55] 262 ncRNA 1 contig00163 1..169
[12:39:55] 263 ncRNA 1 contig00185 1..62
[12:39:55] 264 ncRNA 2 contig00185 55..206
[12:39:55] Found 264 ncRNAs.
[12:39:55] Total of 100 tRNA + rRNA features
[12:39:55] Searching for CRISPR repeats
[12:39:56] CRISPR1 contig00002 99937 with 4 spacers
[12:39:57] Found 1 CRISPRs
[12:39:57] Predicting coding sequences
[12:39:57] Contigs total 5432060 bp, so using single mode
[12:39:57] Running: prodigal -i \.\/gp\/CGT1113\/PROKKA_04262022\.fna -c -m -g 11 -p single -f sco -q
[12:40:08] Excluding CDS which overlaps existing RNA (tRNA) at contig00002:43676..44323 on + strand
[12:40:13] Excluding CDS which overlaps existing RNA (tRNA) at contig00020:56504..57070 on + strand
[12:40:13] Excluding CDS which overlaps existing RNA (tRNA) at contig00025:9350..9601 on + strand
[12:40:14] Found 5185 CDS
[12:40:14] Connecting features back to sequences
[12:40:14] Not using genus-specific database. Try --usegenus to enable it.
[12:40:14] Annotating CDS, please be patient.
[12:40:14] Will use 4 CPUs for similarity searching.
[12:40:18] There are still 5185 unannotated CDS left (started with 5185)
[12:40:18] Will use blast to search against /home/Team5/miniconda3/envs/gene_prediction/db/kingdom/Bacteria/IS with 4 CPUs
[12:40:18] Running: cat \.\/gp\/CGT1113\/PROKKA_04262022\.IS\.tmp\.718024\.faa | parallel --gnu --plain -j 4 --block 198620 --recstart '>' --pipe blastp -query - -db /home/Team5/miniconda3/envs/gene_prediction/db/kingdom/Bacteria/IS -evalue 1e-30 -qcov_hsp_perc 90 -num_threads 1 -num_descriptions 1 -num_alignments 1 -seg no > \.\/gp\/CGT1113\/PROKKA_04262022\.IS\.tmp\.718024\.blast 2> /dev/null
[12:41:21] Deleting unwanted file: ./gp/CGT1113/PROKKA_04262022.IS.tmp.718024.faa
[12:41:21] Deleting unwanted file: ./gp/CGT1113/PROKKA_04262022.IS.tmp.718024.blast
[12:41:24] There are still 5136 unannotated CDS left (started with 5185)
[12:41:24] Will use blast to search against /home/Team5/miniconda3/envs/gene_prediction/db/kingdom/Bacteria/AMR with 4 CPUs
[12:41:24] Running: cat \.\/gp\/CGT1113\/PROKKA_04262022\.AMR\.tmp\.718024\.faa | parallel --gnu --plain -j 4 --block 197122 --recstart '>' --pipe blastp -query - -db /home/Team5/miniconda3/envs/gene_prediction/db/kingdom/Bacteria/AMR -evalue 1e-300 -qcov_hsp_perc 90 -num_threads 1 -num_descriptions 1 -num_alignments 1 -seg no > \.\/gp\/CGT1113\/PROKKA_04262022\.AMR\.tmp\.718024\.blast 2> /dev/null
[12:42:13] Deleting unwanted file: ./gp/CGT1113/PROKKA_04262022.AMR.tmp.718024.faa
[12:42:13] Deleting unwanted file: ./gp/CGT1113/PROKKA_04262022.AMR.tmp.718024.blast
[12:42:15] There are still 5136 unannotated CDS left (started with 5185)
[12:42:15] Will use blast to search against /home/Team5/miniconda3/envs/gene_prediction/db/kingdom/Bacteria/sprot with 4 CPUs
[12:42:15] Running: cat \.\/gp\/CGT1113\/PROKKA_04262022\.sprot\.tmp\.718024\.faa | parallel --gnu --plain -j 4 --block 197122 --recstart '>' --pipe blastp -query - -db /home/Team5/miniconda3/envs/gene_prediction/db/kingdom/Bacteria/sprot -evalue 1e-09 -qcov_hsp_perc 80 -num_threads 1 -num_descriptions 1 -num_alignments 1 -seg no > \.\/gp\/CGT1113\/PROKKA_04262022\.sprot\.tmp\.718024\.blast 2> /dev/null
[12:45:59] Modify product: Probable fructoselysine/psicoselysine transporter FrlA => putative fructoselysine/psicoselysine transporter FrlA
[12:45:59] Modify product: Uncharacterized protein YhfG => putative protein YhfG
[12:45:59] Modify product: Probable protein adenylyltransferase Fic => putative protein adenylyltransferase Fic
[12:45:59] Modify product: UPF0270 protein PA3463 => hypothetical protein
[12:45:59] Modify product: Uncharacterized ABC transporter ATP-binding protein YheS => putative ABC transporter ATP-binding protein YheS
[12:45:59] Modify product: Protein SlyX homolog => Protein SlyX 
[12:45:59] Modify product: Uncharacterized membrane protein YhdT => putative membrane protein YhdT
[12:45:59] Modify product: Probable acrylyl-CoA reductase AcuI => putative acrylyl-CoA reductase AcuI
[12:45:59] Modify product: Uncharacterized protein YhcO => putative protein YhcO
[12:45:59] Modify product: Uncharacterized protein YhcH => putative protein YhcH
[12:45:59] Modify product: Uncharacterized protein YrbL => putative protein YrbL
[12:45:59] Modify product: Uncharacterized inner membrane transporter YhbE => putative inner membrane transporter YhbE
[12:45:59] Modify product: Uncharacterized protease YhbU => putative protease YhbU
[12:45:59] Modify product: UPF0213 protein BH0048 => hypothetical protein
[12:45:59] Modify product: Uncharacterized fimbrial-like protein YraK => putative fimbrial-like protein YraK
[12:45:59] Modify product: Uncharacterized fimbrial-like protein YraK => putative fimbrial-like protein YraK
[12:45:59] Modify product: Probable fimbrial chaperone YraI => putative fimbrial chaperone YraI
[12:45:59] Modify product: Uncharacterized fimbrial-like protein YraH => putative fimbrial-like protein YraH
[12:45:59] Modify product: Probable glucosamine-6-phosphate deaminase 2 => putative glucosamine-6-phosphate deaminase 2
[12:45:59] Modify product: Probable galactarate transporter => putative galactarate transporter
[12:46:00] Modify product: UPF0597 protein YhaM => hypothetical protein
[12:46:00] Modify product: Uncharacterized protein YqjD => putative protein YqjD
[12:46:00] Modify product: Probable glycerol-3-phosphate acyltransferase => putative glycerol-3-phosphate acyltransferase
[12:46:00] Modify product: Probable siderophore transport system ATP-binding protein YusV => putative siderophore transport system ATP-binding protein YusV
[12:46:00] Modify product: Probable siderophore transport system permease protein YfiZ => putative siderophore transport system permease protein YfiZ
[12:46:00] Modify product: Probable quinol monooxygenase YgiN => putative quinol monooxygenase YgiN
[12:46:00] Modify product: Probable deoxycholate-binding periplasmic protein YgiS => putative deoxycholate-binding periplasmic protein YgiS
[12:46:00] Modify product: Uncharacterized oxidoreductase YghA => putative oxidoreductase YghA
[12:46:00] Modify product: Probable Ni/Fe-hydrogenase 2 b-type cytochrome subunit => putative Ni/Fe-hydrogenase 2 b-type cytochrome subunit
[12:46:00] Modify product: Probable multidrug resistance protein EmrY => putative multidrug resistance protein EmrY
[12:46:00] Modify product: Probable multidrug resistance protein EmrK => putative multidrug resistance protein EmrK
[12:46:00] Modify product: Probable cyclic di-GMP phosphodiesterase PdeA => putative cyclic di-GMP phosphodiesterase PdeA
[12:46:00] Modify product: Uncharacterized protein YfeY => putative protein YfeY
[12:46:00] Modify product: Uncharacterized protein Rv2575 => putative protein
[12:46:00] Modify product: Probable formate transporter 2 => putative formate transporter 2
[12:46:00] Modify product: Uncharacterized protein YfgD => putative protein YfgD
[12:46:00] Modify product: Uncharacterized protein YfgJ => putative protein YfgJ
[12:46:00] Modify product: UPF0070 protein HI_0370 => hypothetical protein
[12:46:00] Modify product: Uncharacterized protein Rv2307c => putative protein
[12:46:00] Modify product: Probable 3-phenylpropionic acid transporter => putative 3-phenylpropionic acid transporter
[12:46:00] Modify product: Uncharacterized protein YphB => putative protein YphB
[12:46:00] Modify product: Uncharacterized tRNA/rRNA methyltransferase YfiF => putative tRNA/rRNA methyltransferase YfiF
[12:46:00] Modify product: Probable iron export permease protein FetB => putative iron export permease protein FetB
[12:46:00] Modify product: Probable iron export ATP-binding protein FetA => putative iron export ATP-binding protein FetA
[12:46:00] Modify product: Uncharacterized HTH-type transcriptional regulator YbaQ => putative HTH-type transcriptional regulator YbaQ
[12:46:01] Modify product: Probable UbiX-like flavin prenyltransferase => putative UbiX-like flavin prenyltransferase
[12:46:01] Modify product: Uncharacterized protein YgcP => putative protein YgcP
[12:46:01] Modify product: Probable glucarate transporter => putative glucarate transporter
[12:46:01] Modify product: Uncharacterized protein PA3435 => putative protein
[12:46:01] Modify product: Uncharacterized protein YqcC => putative protein YqcC
[12:46:01] Modify product: Uncharacterized HTH-type transcriptional regulator YdjF => putative HTH-type transcriptional regulator YdjF
[12:46:01] Modify product: UPF0382 inner membrane protein YgdD => hypothetical protein
[12:46:01] Modify product: Uncharacterized lipoprotein YgdR => putative lipoprotein YgdR
[12:46:01] Modify product: UPF0053 inner membrane protein YgdQ => hypothetical protein
[12:46:01] Modify product: Uncharacterized lipoprotein YgdR => putative lipoprotein YgdR
[12:46:01] Modify product: Probable ATP synthase SpaL => putative ATP synthase SpaL
[12:46:01] Modify product: Uncharacterized protein YqfG => putative protein YqfG
[12:46:01] Modify product: UPF0073 inner membrane protein YqfA => hypothetical protein
[12:46:01] Modify product: UPF0267 protein YqfB => hypothetical protein
[12:46:01] Modify product: UPF0149 protein HI_0817 => hypothetical protein
[12:46:01] Modify product: UPF0301 protein YqgE => hypothetical protein
[12:46:01] Modify product: Uncharacterized protein YggR => putative protein YggR
[12:46:01] Modify product: UPF0235 protein YggU => hypothetical protein
[12:46:01] Modify product: Uncharacterized protein HI_0341 => putative protein
[12:46:01] Modify product: Probable Fe(2+)-trafficking protein => putative Fe(2+)-trafficking protein
[12:46:01] Modify product: Uncharacterized signaling protein PA1727 => putative signaling protein
[12:46:01] Modify product: UPF0401 protein YkfF => hypothetical protein
[12:46:01] Modify product: UPF0758 protein => hypothetical protein
[12:46:01] Modify product: Uncharacterized GST-like protein YibF => putative GST-like protein YibF
[12:46:01] Modify product: Probable lipoprotein YiaD => putative lipoprotein YiaD
[12:46:01] Modify product: Uncharacterized MFS-type transporter YhjX => putative MFS-type transporter YhjX
[12:46:01] Modify product: Probable major fimbrial subunit LpfA => putative major fimbrial subunit LpfA
[12:46:01] Modify product: Probable fimbrial chaperone LpfB => putative fimbrial chaperone LpfB
[12:46:01] Modify product: Probable outer membrane usher protein LpfC => putative outer membrane usher protein LpfC
[12:46:01] Modify product: Probable outer membrane usher protein LpfC' => putative outer membrane usher protein LpfC'
[12:46:01] Modify product: Probable minor fimbrial subunit LpfD => putative minor fimbrial subunit LpfD
[12:46:01] Modify product: Probable fimbrial subunit LpfE => putative fimbrial subunit LpfE
[12:46:01] Modify product: Probable cyclic di-GMP phosphodiesterase PdeK => putative cyclic di-GMP phosphodiesterase PdeK
[12:46:02] Modify product: Uncharacterized protein HI_0933 => putative protein
[12:46:02] Modify product: Uncharacterized MFS-type transporter YhhS => putative MFS-type transporter YhhS
[12:46:02] Modify product: Uncharacterized protein YhhA => putative protein YhhA
[12:46:02] Modify product: Uncharacterized oxidoreductase YhhX => putative oxidoreductase YhhX
[12:46:02] Modify product: UPF0056 inner membrane protein YhgN => hypothetical protein
[12:46:02] Modify product: Probable [Fe-S]-dependent transcriptional repressor FeoC => putative [Fe-S]-dependent transcriptional repressor FeoC
[12:46:02] Modify product: Putative membrane protein IgaA homolog => Putative membrane protein IgaA 
[12:46:02] Modify product: Probable fructoselysine utilization operon transcriptional repressor => putative fructoselysine utilization operon transcriptional repressor
[12:46:02] Modify product: Probable fructoselysine utilization operon transcriptional repressor => putative fructoselysine utilization operon transcriptional repressor
[12:46:02] Modify product: Uncharacterized protein YaeQ => putative protein YaeQ
[12:46:02] Modify product: UPF0253 protein YaeP => hypothetical protein
[12:46:02] Modify product: UPF0126 inner membrane protein YadS => hypothetical protein
[12:46:02] Modify product: Uncharacterized fimbrial-like protein YadN => putative fimbrial-like protein YadN
[12:46:02] Modify product: Probable fimbrial chaperone YadV => putative fimbrial chaperone YadV
[12:46:02] Modify product: Uncharacterized fimbrial-like protein YadM => putative fimbrial-like protein YadM
[12:46:02] Modify product: Uncharacterized fimbrial-like protein YadL => putative fimbrial-like protein YadL
[12:46:02] Modify product: Uncharacterized fimbrial-like protein YadK => putative fimbrial-like protein YadK
[12:46:02] Modify product: Uncharacterized ABC transporter ATP-binding protein YadG => putative ABC transporter ATP-binding protein YadG
[12:46:02] Modify product: UPF0231 protein YacL => hypothetical protein
[12:46:02] Modify product: Probable peptidoglycan glycosyltransferase FtsW => putative peptidoglycan glycosyltransferase FtsW
[12:46:02] Modify product: Uncharacterized fimbrial-like protein YehD => putative fimbrial-like protein YehD
[12:46:02] Modify product: Probable fimbrial chaperone YehC => putative fimbrial chaperone YehC
[12:46:02] Modify product: Uncharacterized protein YjjI => putative protein YjjI
[12:46:02] Modify product: Uncharacterized protein YjjI => putative protein YjjI
[12:46:02] Modify product: Uncharacterized metal-dependent hydrolase YjjV => putative metal-dependent hydrolase YjjV
[12:46:02] Modify product: UPF0442 protein YjjB => hypothetical protein
[12:46:02] Modify product: Probable HTH-type transcriptional regulator LgoR => putative HTH-type transcriptional regulator LgoR
[12:46:02] Modify product: Probable L-galactonate transporter => putative L-galactonate transporter
[12:46:02] Modify product: Probable type I restriction enzyme BthVORF4518P M protein => putative type I restriction enzymeP M protein
[12:46:02] Modify product: Uncharacterized protein YjiK => putative protein YjiK
[12:46:02] Modify product: Probable major fimbrial subunit LpfA => putative major fimbrial subunit LpfA
[12:46:02] Modify product: Probable N-acetylneuraminic acid outer membrane channel protein NanC => putative N-acetylneuraminic acid outer membrane channel protein NanC
[12:46:02] Modify product: Probable 9-O-acetyl-N-acetylneuraminic acid deacetylase => putative 9-O-acetyl-N-acetylneuraminic acid deacetylase
[12:46:03] Modify product: Uncharacterized protein YjgL => putative protein YjgL
[12:46:03] Modify product: UPF0307 protein YjgA => hypothetical protein
[12:46:03] Modify product: UPF0053 inner membrane protein YtfL => hypothetical protein
[12:46:03] Modify product: Uncharacterized protein YtfJ => putative protein YtfJ
[12:46:03] Modify product: Probable L-ascorbate-6-phosphate lactonase UlaG => putative L-ascorbate-6-phosphate lactonase UlaG
[12:46:03] Modify product: UPF0719 inner membrane protein YjfL => hypothetical protein
[12:46:03] Modify product: UPF0716 protein FxsA => hypothetical protein
[12:46:03] Modify product: Probable cadaverine/lysine antiporter => putative cadaverine/lysine antiporter
[12:46:03] Modify product: Uncharacterized protein YjdJ => putative protein YjdJ
[12:46:03] Modify product: Probable transcriptional regulator PhnF => putative transcriptional regulator PhnF
[12:46:03] Modify product: Probable fructose-bisphosphate aldolase => putative fructose-bisphosphate aldolase
[12:46:03] Modify product: Uncharacterized ferredoxin-like protein YdhX => putative ferredoxin-like protein YdhX
[12:46:03] Modify product: Probable cyclic di-GMP phosphodiesterase PdeC => putative cyclic di-GMP phosphodiesterase PdeC
[12:46:03] Modify product: Uncharacterized protein YjbR => putative protein YjbR
[12:46:03] Modify product: Probable autotransporter ROD_p1121 => putative autotransporter
[12:46:03] Modify product: Probable HTH-type transcriptional regulator YgaV => putative HTH-type transcriptional regulator YgaV
[12:46:03] Modify product: Uncharacterized protein YgaM => putative protein YgaM
[12:46:03] Modify product: Probable transporter SCO4007 => putative transporter
[12:46:03] Modify product: Probable cyclic di-GMP phosphodiesterase PdeB => putative cyclic di-GMP phosphodiesterase PdeB
[12:46:03] Modify product: Uncharacterized protein YbaA => putative protein YbaA
[12:46:03] Modify product: Uncharacterized lipoprotein YbaY => putative lipoprotein YbaY
[12:46:03] Modify product: Probable multidrug resistance ABC transporter ATP-binding/permease protein YheI => putative multidrug resistance ABC transporter ATP-binding/permease protein YheI
[12:46:03] Modify product: Uncharacterized protein HI_1008 => putative protein
[12:46:03] Modify product: UPF0234 protein YajQ => hypothetical protein
[12:46:03] Modify product: Uncharacterized lipoprotein YajI => putative lipoprotein YajI
[12:46:03] Modify product: Uncharacterized protein YaiA => putative protein YaiA
[12:46:03] Modify product: UPF0178 protein YaiI => hypothetical protein
[12:46:03] Modify product: Probable diguanylate cyclase DgcC => putative diguanylate cyclase DgcC
[12:46:03] Modify product: Uncharacterized protein HI_0131 => putative protein
[12:46:03] Modify product: Uncharacterized transporter YycB => putative transporter YycB
[12:46:04] Modify product: Uncharacterized HTH-type transcriptional regulator YahB => putative HTH-type transcriptional regulator YahB
[12:46:04] Modify product: Uncharacterized HTH-type transcriptional regulator YahB => putative HTH-type transcriptional regulator YahB
[12:46:04] Modify product: Probable pyridine nucleotide-disulfide oxidoreductase RclA => putative pyridine nucleotide-disulfide oxidoreductase RclA
[12:46:04] Modify product: Uncharacterized oxidoreductase YtbE => putative oxidoreductase YtbE
[12:46:04] Modify product: Uncharacterized protein YcjY => putative protein YcjY
[12:46:04] Modify product: Uncharacterized protein YccU => putative protein YccU
[12:46:04] Modify product: UPF0319 protein HI_1681 => hypothetical protein
[12:46:04] Modify product: Uncharacterized protein YcbX => putative protein YcbX
[12:46:04] Modify product: Uncharacterized fimbrial chaperone YcbF => putative fimbrial chaperone YcbF
[12:46:04] Modify product: Uncharacterized fimbrial-like protein YcbV => putative fimbrial-like protein YcbV
[12:46:04] Modify product: Uncharacterized fimbrial-like protein YcbU => putative fimbrial-like protein YcbU
[12:46:04] Modify product: Uncharacterized fimbrial-like protein ElfG => putative fimbrial-like protein ElfG
[12:46:04] Modify product: Probable outer membrane usher protein ElfC => putative outer membrane usher protein ElfC
[12:46:04] Modify product: Probable outer membrane usher protein ElfC => putative outer membrane usher protein ElfC
[12:46:04] Modify product: Probable fimbrial chaperone protein ElfD => putative fimbrial chaperone protein ElfD
[12:46:04] Modify product: Probable L,D-transpeptidase YcbB => putative L,D-transpeptidase YcbB
[12:46:04] Modify product: UPF0434 protein YcaR => hypothetical protein
[12:46:04] Modify product: Probable formate transporter 1 => putative formate transporter 1
[12:46:04] Modify product: Uncharacterized MFS-type transporter YcaD => putative MFS-type transporter YcaD
[12:46:04] Modify product: Probable hydrolase YcaC => putative hydrolase YcaC
[12:46:04] Modify product: Probable ABC transporter ATP-binding/permease protein HI_0664 => putative ABC transporter ATP-binding/permease protein
[12:46:04] Modify product: UPF0145 protein YbjQ => hypothetical protein
[12:46:04] Modify product: Uncharacterized lipoprotein YbjP => putative lipoprotein YbjP
[12:46:04] Modify product: Uncharacterized lipoprotein YbjP => putative lipoprotein YbjP
[12:46:04] Modify product: Uncharacterized protein YbjN => putative protein YbjN
[12:46:04] Modify product: Probable cyclic di-GMP phosphodiesterase PdeI => putative cyclic di-GMP phosphodiesterase PdeI
[12:46:04] Modify product: Uncharacterized protein YbiU => putative protein YbiU
[12:46:04] Modify product: Uncharacterized ABC transporter ATP-binding protein YbiT => putative ABC transporter ATP-binding protein YbiT
[12:46:04] Modify product: Probable L,D-transpeptidase YbiS => putative L,D-transpeptidase YbiS
[12:46:04] Modify product: Uncharacterized protein McbA => putative protein McbA
[12:46:04] Modify product: PKHD-type hydroxylase Sbal_3634 => PKHD-type hydroxylase
[12:46:04] Modify product: Uncharacterized protein YbiI => putative protein YbiI
[12:46:04] Modify product: Uncharacterized protein YbiB => putative protein YbiB
[12:46:04] Modify product: UPF0194 membrane protein YbhG => hypothetical protein
[12:46:04] Modify product: Probable multidrug ABC transporter ATP-binding protein YbhF => putative multidrug ABC transporter ATP-binding protein YbhF
[12:46:04] Modify product: Probable multidrug ABC transporter permease YbhS => putative multidrug ABC transporter permease YbhS
[12:46:04] Modify product: Probable multidrug ABC transporter permease YbhR => putative multidrug ABC transporter permease YbhR
[12:46:04] Modify product: UPF0098 protein YbhB => hypothetical protein
[12:46:04] Modify product: Probable ketoamine kinase lp_1983 => putative ketoamine kinase
[12:46:04] Modify product: Uncharacterized protein YniD => putative protein YniD
[12:46:04] Modify product: Uncharacterized protein YdiE => putative protein YdiE
[12:46:04] Modify product: Uncharacterized protein HI_1163 => putative protein
[12:46:04] Modify product: Probable ATP-dependent transporter SufC => putative ATP-dependent transporter SufC
[12:46:04] Modify product: Probable L,D-transpeptidase YnhG => putative L,D-transpeptidase YnhG
[12:46:05] Modify product: Uncharacterized ferredoxin-like protein YdhY => putative ferredoxin-like protein YdhY
[12:46:05] Modify product: Uncharacterized oxidoreductase YdhV => putative oxidoreductase YdhV
[12:46:05] Modify product: Uncharacterized protein YdhW => putative protein YdhW
[12:46:05] Modify product: Uncharacterized ferredoxin-like protein YdhX => putative ferredoxin-like protein YdhX
[12:46:05] Modify product: Uncharacterized protein YdhT => putative protein YdhT
[12:46:05] Modify product: Probable autotransporter ROD_p1121 => putative autotransporter
[12:46:05] Modify product: Uncharacterized HTH-type transcriptional regulator YahB => putative HTH-type transcriptional regulator YahB
[12:46:05] Modify product: Uncharacterized protein YnhF => putative protein YnhF
[12:46:05] Modify product: Uncharacterized oxidoreductase YdgJ => putative oxidoreductase YdgJ
[12:46:05] Modify product: Probable dimethyl sulfoxide reductase chain YnfF => putative dimethyl sulfoxide reductase chain YnfF
[12:46:05] Modify product: Uncharacterized protein YnfD => putative protein YnfD
[12:46:05] Modify product: UPF0482 protein YnfB => hypothetical protein
[12:46:05] Modify product: UPF0060 membrane protein YnfA => hypothetical protein
[12:46:05] Modify product: Cytochrome b561 homolog 1 => Cytochrome b561 
[12:46:05] Modify product: UPF0337 protein YjbJ => hypothetical protein
[12:46:05] Modify product: Uncharacterized lipoprotein GfcB => putative lipoprotein GfcB
[12:46:05] Modify product: Probable cystine transporter YijE => putative cystine transporter YijE
[12:46:05] Modify product: Uncharacterized protein HI_0431 => putative protein
[12:46:05] Modify product: Uncharacterized N-acetyltransferase YafP => putative N-acetyltransferase YafP
[12:46:05] Modify product: UPF0255 protein VV1_0328 => hypothetical protein
[12:46:05] Modify product: Probable L,D-transpeptidase ErfK/SrfK => putative L,D-transpeptidase ErfK/SrfK
[12:46:05] Modify product: Probable FMN/FAD exporter YeeO => putative FMN/FAD exporter YeeO
[12:46:05] Modify product: Probable transcriptional regulatory protein YeeN => putative transcriptional regulatory protein YeeN
[12:46:06] Modify product: UPF0053 inner membrane protein YfjD => hypothetical protein
[12:46:06] Modify product: UPF0053 inner membrane protein YfjD => hypothetical protein
[12:46:06] Modify product: UPF0125 protein RatB => hypothetical protein
[12:46:06] Modify product: UPF0401 protein YkfF => hypothetical protein
[12:46:06] Modify product: Uncharacterized protein PA2218 => putative protein
[12:46:06] Modify product: Uncharacterized oxidoreductase SA2266 => putative oxidoreductase
[12:46:06] Modify product: Uncharacterized protein YbdM => putative protein YbdM
[12:46:06] Modify product: Uncharacterized protein YdfO => putative protein YdfO
[12:46:06] Modify product: Uncharacterized protein YlcG => putative protein YlcG
[12:46:06] Modify product: Probable fimbrial chaperone EcpE => putative fimbrial chaperone EcpE
[12:46:06] Modify product: Probable outer membrane usher protein EcpC => putative outer membrane usher protein EcpC
[12:46:06] Modify product: Probable fimbrial chaperone EcpB => putative fimbrial chaperone EcpB
[12:46:06] Modify product: Prophage tail fiber assembly protein homolog TfaE => Prophage tail fiber assembly protein TfaE
[12:46:06] Modify product: Uncharacterized protein YdfB => putative protein YdfB
[12:46:06] Modify product: UPF0265 protein YeeX => hypothetical protein
[12:46:06] Modify product: UPF0098 protein YbcL => hypothetical protein
[12:46:06] Modify product: Uncharacterized protein YlcG => putative protein YlcG
[12:46:06] Modify product: Uncharacterized HTH-type transcriptional regulator CBU_1416 => putative HTH-type transcriptional regulator
[12:46:06] Modify product: Probable transport protein HsrA => putative transport protein HsrA
[12:46:06] Modify product: Probable major fimbrial subunit LpfA => putative major fimbrial subunit LpfA
[12:46:06] Modify product: Probable fimbrial chaperone YraI => putative fimbrial chaperone YraI
[12:46:06] Modify product: Probable outer membrane usher protein ElfC => putative outer membrane usher protein ElfC
[12:46:06] Modify product: Uncharacterized fimbrial-like protein ElfG => putative fimbrial-like protein ElfG
[12:46:06] Modify product: Uncharacterized fimbrial-like protein ElfG => putative fimbrial-like protein ElfG
[12:46:07] Modify product: Uncharacterized symporter YidK => putative symporter YidK
[12:46:07] Modify product: Uncharacterized inner membrane transporter YicL => putative inner membrane transporter YicL
[12:46:07] Modify product: Uncharacterized protein YjiK => putative protein YjiK
[12:46:07] Modify product: Probable ATP synthase YscN => putative ATP synthase YscN
[12:46:07] Modify product: Uncharacterized HTH-type transcriptional regulator RhmR => putative HTH-type transcriptional regulator RhmR
[12:46:07] Modify product: Probable 4-deoxy-4-formamido-L-arabinose-phosphoundecaprenol deformylase ArnD => putative 4-deoxy-4-formamido-L-arabinose-phosphoundecaprenol deformylase ArnD
[12:46:07] Modify product: Probable 4-amino-4-deoxy-L-arabinose-phosphoundecaprenol flippase subunit ArnE => putative 4-amino-4-deoxy-L-arabinose-phosphoundecaprenol flippase subunit ArnE
[12:46:07] Modify product: Probable 4-amino-4-deoxy-L-arabinose-phosphoundecaprenol flippase subunit ArnF => putative 4-amino-4-deoxy-L-arabinose-phosphoundecaprenol flippase subunit ArnF
[12:46:07] Modify product: UPF0304 protein YfbU => hypothetical protein
[12:46:07] Modify product: UPF0208 membrane protein YfbV => hypothetical protein
[12:46:07] Modify product: Uncharacterized Nudix hydrolase YfcD => putative Nudix hydrolase YfcD
[12:46:07] Modify product: Epimerase family protein SA0724 => Epimerase family protein
[12:46:07] Modify product: Uncharacterized MFS-type transporter YfcJ => putative MFS-type transporter YfcJ
[12:46:07] Modify product: Probable membrane transporter protein YfcA => putative membrane transporter protein YfcA
[12:46:07] Modify product: Uncharacterized protein YfcO => putative protein YfcO
[12:46:07] Modify product: Uncharacterized fimbrial-like protein YfcP => putative fimbrial-like protein YfcP
[12:46:07] Modify product: Uncharacterized fimbrial-like protein YfcQ => putative fimbrial-like protein YfcQ
[12:46:07] Modify product: Uncharacterized fimbrial-like protein YfcR => putative fimbrial-like protein YfcR
[12:46:07] Modify product: Probable fimbrial chaperone YfcS => putative fimbrial chaperone YfcS
[12:46:07] Modify product: Uncharacterized fimbrial-like protein YfcV => putative fimbrial-like protein YfcV
[12:46:07] Modify product: UPF0381 protein YiiS => hypothetical protein
[12:46:07] Modify product: Uncharacterized fimbrial-like protein YbgD => putative fimbrial-like protein YbgD
[12:46:07] Modify product: GTP cyclohydrolase 1 type 2 homolog => GTP cyclohydrolase 1 type 2 
[12:46:07] Modify product: Uncharacterized methyltransferase YcgJ => putative methyltransferase YcgJ
[12:46:07] Modify product: Probable Ni/Fe-hydrogenase 1 B-type cytochrome subunit => putative Ni/Fe-hydrogenase 1 B-type cytochrome subunit
[12:46:07] Modify product: Uncharacterized lipoprotein GfcB => putative lipoprotein GfcB
[12:46:07] Modify product: Uncharacterized protein YccJ => putative protein YccJ
[12:46:07] Modify product: Probable malonic semialdehyde reductase RutE => putative malonic semialdehyde reductase RutE
[12:46:07] Modify product: Probable diguanylate cyclase DgcT => putative diguanylate cyclase DgcT
[12:46:07] Modify product: Probable cyclic di-GMP phosphodiesterase PdeN => putative cyclic di-GMP phosphodiesterase PdeN
[12:46:07] Modify product: Probable fimbrial chaperone YadV => putative fimbrial chaperone YadV
[12:46:07] Modify product: Probable outer membrane usher protein LpfC' => putative outer membrane usher protein LpfC'
[12:46:07] Modify product: Probable outer membrane usher protein ElfC => putative outer membrane usher protein ElfC
[12:46:07] Modify product: Probable fimbrial chaperone YadV => putative fimbrial chaperone YadV
[12:46:07] Modify product: Uncharacterized ABC transporter ATP-binding protein YknY => putative ABC transporter ATP-binding protein YknY
[12:46:07] Modify product: Probable amino-acid metabolite efflux pump => putative amino-acid metabolite efflux pump
[12:46:07] Modify product: UPF0056 inner membrane protein MarC => hypothetical protein
[12:46:07] Modify product: Probable glutamate/gamma-aminobutyrate antiporter => putative glutamate/gamma-aminobutyrate antiporter
[12:46:07] Modify product: Probable D,D-dipeptide-binding periplasmic protein DdpA => putative D,D-dipeptide-binding periplasmic protein DdpA
[12:46:07] Modify product: Probable D,D-dipeptide transport system permease protein DdpB => putative D,D-dipeptide transport system permease protein DdpB
[12:46:07] Modify product: Probable D,D-dipeptide transport system permease protein DdpC => putative D,D-dipeptide transport system permease protein DdpC
[12:46:07] Modify product: Probable D,D-dipeptide transport ATP-binding protein DdpD => putative D,D-dipeptide transport ATP-binding protein DdpD
[12:46:07] Modify product: Probable D,D-dipeptide transport ATP-binding protein DdpF => putative D,D-dipeptide transport ATP-binding protein DdpF
[12:46:07] Modify product: Uncharacterized HTH-type transcriptional regulator YddM => putative HTH-type transcriptional regulator YddM
[12:46:07] Modify product: Probable nitrate reductase molybdenum cofactor assembly chaperone NarW => putative nitrate reductase molybdenum cofactor assembly chaperone NarW
[12:46:07] Modify product: Uncharacterized isomerase YddE => putative isomerase YddE
[12:46:07] Modify product: Prophage tail fiber assembly protein homolog TfaE => Prophage tail fiber assembly protein TfaE
[12:46:07] Modify product: 23S rRNA 5-hydroxycytidine C2501 synthase => 23S rRNA 5-hydroxycytidine synthase
[12:46:07] Modify product: UPF0339 protein YegP => hypothetical protein
[12:46:07] Modify product: Probable diguanylate cyclase DgcE => putative diguanylate cyclase DgcE
[12:46:07] Modify product: Probable diguanylate cyclase DgcE => putative diguanylate cyclase DgcE
[12:46:08] Modify product: UPF0053 inner membrane protein YoaE => hypothetical protein
[12:46:08] Modify product: UPF0394 inner membrane protein YeeE => hypothetical protein
[12:46:08] Modify product: UPF0758 protein CT0611 => hypothetical protein
[12:46:08] Modify product: Probable phosphatase YcdX => putative phosphatase YcdX
[12:46:08] Modify product: Uncharacterized protein YmdA => putative protein YmdA
[12:46:08] Modify product: UPF0176 protein YceA => hypothetical protein
[12:46:08] Modify product: Cytochrome b561 homolog 2 => Cytochrome b561 
[12:46:08] Modify product: Uncharacterized protein YceO => putative protein YceO
[12:46:08] Modify product: Uncharacterized lipoprotein YceB => putative lipoprotein YceB
[12:46:08] Modify product: UPF0502 protein YceH => hypothetical protein
[12:46:08] Modify product: Uncharacterized metal-dependent hydrolase YcfH => putative metal-dependent hydrolase YcfH
[12:46:08] Modify product: UPF0227 protein YcfP => hypothetical protein
[12:46:08] Modify product: Probable L,D-transpeptidase YcfS => putative L,D-transpeptidase YcfS
[12:46:08] Modify product: Probable autotransporter ROD_p1121 => putative autotransporter
[12:46:08] Modify product: Uncharacterized protein YcgM => putative protein YcgM
[12:46:08] Modify product: UPF0225 protein YchJ => hypothetical protein
[12:46:08] Modify product: Uncharacterized NTE family protein Rv1063c => putative NTE family protein
[12:46:08] Modify product: UPF0056 inner membrane protein MarC => hypothetical protein
[12:46:08] Modify product: UPF0263 protein YciU => hypothetical protein
[12:46:08] Modify product: Uncharacterized acyl-CoA thioester hydrolase HI_0827 => putative acyl-CoA thioester hydrolase
[12:46:08] Modify product: Probable intracellular septation protein A => putative intracellular septation protein A
[12:46:08] Modify product: UPF0259 membrane protein YciC => hypothetical protein
[12:46:08] Modify product: Probable acyltransferase YihG => putative acyltransferase YihG
[12:46:08] Modify product: Probable GTP-binding protein EngB => putative GTP-binding protein EngB
[12:46:08] Modify product: Uncharacterized protein YshB => putative protein YshB
[12:46:08] Modify product: Uncharacterized protein YihR => putative protein YihR
[12:46:08] Modify product: UPF0761 membrane protein YihY => hypothetical protein
[12:46:08] Modify product: UPF0381 protein YiiS => hypothetical protein
[12:46:08] Modify product: Probable protein kinase UbiB => putative protein kinase UbiB
[12:46:08] Modify product: Probable transport protein YifK => putative transport protein YifK
[12:46:08] Modify product: Probable ECA polymerase => putative ECA polymerase
[12:46:08] Modify product: UPF0438 protein YifE => hypothetical protein
[12:46:08] Modify product: Uncharacterized lipoprotein YehR => putative lipoprotein YehR
[12:46:08] Modify product: Uncharacterized protein YehL => putative protein YehL
[12:46:08] Modify product: Uncharacterized fimbrial-like protein YehD => putative fimbrial-like protein YehD
[12:46:08] Modify product: Probable fimbrial chaperone YehC => putative fimbrial chaperone YehC
[12:46:09] Modify product: Prophage tail fiber assembly protein homolog TfaE => Prophage tail fiber assembly protein TfaE
[12:46:09] Modify product: Uncharacterized protein YibL => putative protein YibL
[12:46:09] Modify product: Uncharacterized protein YibN => putative protein YibN
[12:46:09] Modify product: UPF0758 protein SP_1088 => hypothetical protein
[12:46:09] Modify product: UPF0701 protein YicC => hypothetical protein
[12:46:09] Modify product: UPF0126 inner membrane protein YicG => hypothetical protein
[12:46:09] Modify product: Prophage tail fiber assembly protein homolog TfaE => Prophage tail fiber assembly protein TfaE
[12:46:09] Modify product: UPF0394 inner membrane protein YedE => hypothetical protein
[12:46:09] Modify product: Uncharacterized N-acetyltransferase YsnE => putative N-acetyltransferase YsnE
[12:46:09] Modify product: Probable diguanylate cyclase DgcQ => putative diguanylate cyclase DgcQ
[12:46:09] Modify product: Uncharacterized inner membrane transporter YedA => putative inner membrane transporter YedA
[12:46:09] Modify product: Uncharacterized protein YedJ => putative protein YedJ
[12:46:09] Modify product: Uncharacterized protein YbcJ => putative protein YbcJ
[12:46:09] Modify product: Bifunctional protein FolD => Bifunctional protein FolD protein
[12:46:09] Modify product: Uncharacterized fimbrial-like protein SfmA => putative fimbrial-like protein SfmA
[12:46:09] Modify product: Probable fimbrial chaperone SfmC => putative fimbrial chaperone SfmC
[12:46:09] Modify product: Uncharacterized fimbrial-like protein SfmH => putative fimbrial-like protein SfmH
[12:46:09] Modify product: Uncharacterized fimbrial-like protein SfmF => putative fimbrial-like protein SfmF
[12:46:09] Modify product: Uncharacterized protein YbdM => putative protein YbdM
[12:46:09] Modify product: Uncharacterized HTH-type transcriptional regulator YbdO => putative HTH-type transcriptional regulator YbdO
[12:46:09] Modify product: Probable zinc-binding alcohol dehydrogenase Rv1895 => putative zinc-binding alcohol dehydrogenase
[12:46:09] Modify product: Uncharacterized HTH-type transcriptional regulator YbdO => putative HTH-type transcriptional regulator YbdO
[12:46:09] Modify product: UPF0250 protein YbeD => hypothetical protein
[12:46:09] Modify product: Uncharacterized lipoprotein ChiQ => putative lipoprotein ChiQ
[12:46:09] Modify product: Uncharacterized protein YbfE => putative protein YbfE
[12:46:09] Modify product: Uncharacterized protein YciO => putative protein YciO
[12:46:09] Modify product: Uncharacterized oxidoreductase YciK => putative oxidoreductase YciK
[12:46:09] Modify product: Probable protease SohB => putative protease SohB
[12:46:09] Modify product: Uncharacterized protein YciH => putative protein YciH
[12:46:09] Modify product: UPF0509 protein YciZ => hypothetical protein
[12:46:09] Modify product: Uncharacterized protein YcjX => putative protein YcjX
[12:46:09] Modify product: UPF0283 membrane protein YcjF => hypothetical protein
[12:46:09] Modify product: Uncharacterized protein YcjY => putative protein YcjY
[12:46:09] Modify product: Uncharacterized protein YcjY => putative protein YcjY
[12:46:09] Modify product: Uncharacterized protein YcjY => putative protein YcjY
[12:46:09] Modify product: Probable DNA endonuclease SmrA => putative DNA endonuclease SmrA
[12:46:09] Modify product: Uncharacterized protein YnbC => putative protein YnbC
[12:46:09] Modify product: Uncharacterized protein YnbD => putative protein YnbD
[12:46:09] Modify product: Uncharacterized protein Rv3292 => putative protein
[12:46:10] Modify product: 23S rRNA 5-hydroxycytidine C2501 synthase => 23S rRNA 5-hydroxycytidine synthase
[12:46:10] Modify product: Probable mRNA interferase toxin HicA => putative mRNA interferase toxin HicA
[12:46:10] Modify product: Uncharacterized protein YdcY => putative protein YdcY
[12:46:10] Modify product: Uncharacterized protein YncE => putative protein YncE
[12:46:10] Modify product: Uncharacterized HTH-type transcriptional regulator YdjF => putative HTH-type transcriptional regulator YdjF
[12:46:10] Modify product: Uncharacterized sugar kinase YdjH => putative sugar kinase YdjH
[12:46:10] Modify product: Uncharacterized protein YdjI => putative protein YdjI
[12:46:10] Modify product: Uncharacterized zinc-type alcohol dehydrogenase-like protein YdjJ => putative zinc-type alcohol dehydrogenase-like protein YdjJ
[12:46:10] Modify product: Stress response UPF0229 protein YhbH => hypothetical protein
[12:46:10] Modify product: Probable diguanylate cyclase CdgI => putative diguanylate cyclase CdgI
[12:46:10] Modify product: Probable diguanylate cyclase DgcJ => putative diguanylate cyclase DgcJ
[12:46:10] Modify product: Uncharacterized protein YeaR => putative protein YeaR
[12:46:10] Modify product: Probable ATP-dependent DNA helicase YoaA => putative ATP-dependent DNA helicase YoaA
[12:46:10] Modify product: Probable cyclic di-GMP phosphodiesterase PdeD => putative cyclic di-GMP phosphodiesterase PdeD
[12:46:10] Modify product: UPF0053 inner membrane protein YoaE => hypothetical protein
[12:46:10] Modify product: UPF0266 membrane protein YobD => hypothetical protein
[12:46:10] Modify product: Probable manganese efflux pump MntP => putative manganese efflux pump MntP
[12:46:10] Modify product: Uncharacterized protein YebV => putative protein YebV
[12:46:10] Modify product: Probable transcriptional regulatory protein YebC => putative transcriptional regulatory protein YebC
[12:46:10] Modify product: UPF0387 membrane protein YohO => hypothetical protein
[12:46:10] Modify product: Uncharacterized oxidoreductase YohF => putative oxidoreductase YohF
[12:46:10] Modify product: UPF0299 membrane protein YohJ => hypothetical protein
[12:46:10] Modify product: UPF0324 inner membrane protein YeiH => hypothetical protein
[12:46:10] Modify product: UPF0153 protein YeiW => hypothetical protein
[12:46:10] Modify product: Probable cyclic di-GMP phosphodiesterase PdeN => putative cyclic di-GMP phosphodiesterase PdeN
[12:46:10] Modify product: Uncharacterized ABC transporter ATP-binding protein YejF => putative ABC transporter ATP-binding protein YejF
[12:46:10] Modify product: Uncharacterized protein YejG => putative protein YejG
[12:46:10] Modify product: UPF0352 protein YejL => hypothetical protein
[12:46:10] Modify product: Probable autotransporter ROD_p1121 => putative autotransporter
[12:46:10] Modify product: Probable autotransporter YfaL => putative autotransporter YfaL
[12:46:10] Cleaned 388 /product names
[12:46:10] Deleting unwanted file: ./gp/CGT1113/PROKKA_04262022.sprot.tmp.718024.faa
[12:46:10] Deleting unwanted file: ./gp/CGT1113/PROKKA_04262022.sprot.tmp.718024.blast
[12:46:11] There are still 1567 unannotated CDS left (started with 5185)
[12:46:11] Will use hmmer3 to search against /home/Team5/miniconda3/envs/gene_prediction/db/hmm/HAMAP.hmm with 4 CPUs
[12:46:11] Running: cat \.\/gp\/CGT1113\/PROKKA_04262022\.HAMAP\.hmm\.tmp\.718024\.faa | parallel --gnu --plain -j 4 --block 47540 --recstart '>' --pipe hmmscan --noali --notextw --acc -E 1e-09 --cpu 1 /home/Team5/miniconda3/envs/gene_prediction/db/hmm/HAMAP.hmm /dev/stdin > \.\/gp\/CGT1113\/PROKKA_04262022\.HAMAP\.hmm\.tmp\.718024\.hmmer3 2> /dev/null
[12:47:23] Modify product: Uncharacterized Nudix hydrolase NudL => putative Nudix hydrolase NudL
[12:47:23] Cleaned 1 /product names
[12:47:23] Deleting unwanted file: ./gp/CGT1113/PROKKA_04262022.HAMAP.hmm.tmp.718024.faa
[12:47:23] Deleting unwanted file: ./gp/CGT1113/PROKKA_04262022.HAMAP.hmm.tmp.718024.hmmer3
[12:47:23] Labelling remaining 1472 proteins as 'hypothetical protein'
[12:47:23] Possible /pseudo '3-isopropylmalate dehydratase small subunit' at contig00001 position 143381
[12:47:23] Possible /pseudo 'Outer membrane usher protein YehB' at contig00001 position 207386
[12:47:23] Possible /pseudo 'putative protein YjjI' at contig00001 position 251907
[12:47:23] Possible /pseudo 'ISKra4 family transposase ISCep1' at contig00001 position 329019
[12:47:23] Possible /pseudo 'Fructose import ATP-binding protein FruK' at contig00001 position 416322
[12:47:23] Possible /pseudo 'Fructose import ATP-binding protein FruK' at contig00001 position 416721
[12:47:23] Possible /pseudo 'Formate dehydrogenase H' at contig00001 position 572360
[12:47:23] Possible /pseudo 'Inner membrane metabolite transport protein YgcS' at contig00002 position 118568
[12:47:23] Possible /pseudo 'Glucarate dehydratase-related protein' at contig00002 position 144640
[12:47:23] Possible /pseudo 'Energy-coupling factor transporter ATP-binding protein EcfA1' at contig00002 position 315652
[12:47:23] Possible /pseudo 'Streptomycin 3''-adenylyltransferase' at contig00002 position 389892
[12:47:23] Possible /pseudo 'Cellulose biosynthesis protein BcsQ' at contig00003 position 67051
[12:47:23] Possible /pseudo 'putative fructoselysine utilization operon transcriptional repressor' at contig00003 position 280497
[12:47:23] Possible /pseudo 'Fructoselysine 6-kinase' at contig00003 position 281538
[12:47:23] Possible /pseudo 'Multidrug export protein AcrF' at contig00004 position 5638
[12:47:23] Possible /pseudo 'putative fimbrial-like protein YraK' at contig00004 position 122912
[12:47:23] Possible /pseudo 'Acetyl-CoA:oxalate CoA-transferase' at contig00005 position 40480
[12:47:23] Possible /pseudo 'Oxidoreductase UcpA' at contig00005 position 90800
[12:47:23] Possible /pseudo 'Alpha-2-macroglobulin' at contig00005 position 195041
[12:47:23] Possible /pseudo 'putative HTH-type transcriptional regulator YahB' at contig00006 position 231315
[12:47:23] Possible /pseudo 'putative outer membrane usher protein ElfC' at contig00007 position 33479
[12:47:23] Possible /pseudo 'putative lipoprotein YbjP' at contig00007 position 129896
[12:47:23] Possible /pseudo 'Isoaspartyl peptidase' at contig00007 position 171513
[12:47:23] Possible /pseudo 'Beta-glucuronidase' at contig00008 position 159323
[12:47:23] Possible /pseudo 'Membrane-associated protein UidC' at contig00008 position 162881
[12:47:23] Possible /pseudo 'Allantoinase' at contig00009 position 13140
[12:47:23] Possible /pseudo 'Toxic protein HokE' at contig00009 position 71437
[12:47:23] Possible /pseudo 'Chitoporin' at contig00009 position 169452
[12:47:23] Possible /pseudo 'Cyclic di-GMP phosphodiesterase PdeR' at contig00010 position 36743
[12:47:23] Possible /pseudo 'Glucosylglycerate phosphorylase' at contig00010 position 69284
[12:47:23] Possible /pseudo 'putative protein YcjY' at contig00010 position 90802
[12:47:23] Possible /pseudo 'putative protein YcjY' at contig00010 position 91170
[12:47:23] Possible /pseudo 'Outer membrane porin N' at contig00010 position 112478
[12:47:23] Possible /pseudo 'Glucans biosynthesis protein D' at contig00010 position 152974
[12:47:23] Possible /pseudo 'Inner membrane protein YdcO' at contig00010 position 159446
[12:47:23] Possible /pseudo 'putative fimbrial-like protein ElfG' at contig00013 position 35684
[12:47:23] Possible /pseudo 'Adenine permease AdeQ' at contig00013 position 105251
[12:47:23] Possible /pseudo 'Succinate dehydrogenase flavoprotein subunit' at contig00015 position 59775
[12:47:23] Possible /pseudo 'IS3 family transposase IS629' at contig00016 position 106546
[12:47:23] Possible /pseudo 'Oxygen sensor protein DosP' at contig00017 position 72569
[12:47:23] Possible /pseudo 'Formate dehydrogenase, nitrate-inducible, major subunit' at contig00017 position 88887
[12:47:23] Possible /pseudo 'Arylamine N-acetyltransferase' at contig00017 position 104302
[12:47:23] Possible /pseudo 'putative diguanylate cyclase DgcE' at contig00018 position 36894
[12:47:23] Possible /pseudo 'Small toxic polypeptide LdrA' at contig00020 position 39979
[12:47:23] Possible /pseudo 'Putative 2,3-dihydroxypropane-1-sulfonate exporter' at contig00021 position 24953
[12:47:23] Possible /pseudo 'Formate dehydrogenase-O major subunit' at contig00021 position 47217
[12:47:23] Possible /pseudo 'L-rhamnose-proton symporter' at contig00021 position 63680
[12:47:23] Possible /pseudo 'IS3 family transposase ISEc31' at contig00024 position 74409
[12:47:23] Possible /pseudo 'General stress protein 16U' at contig00027 position 30963
[12:47:23] Possible /pseudo 'IS3 family transposase IS2' at contig00029 position 3325
[12:47:24] Found 3157 unique /gene codes.
[12:47:24] Fixed 2 duplicate /gene - yraI_1 yraI_2
[12:47:24] Fixed 4 duplicate /gene - srlR_1 srlR_2 srlR_3 srlR_4
[12:47:24] Fixed 2 duplicate /gene - ybdM_1 ybdM_2
[12:47:24] Fixed 2 duplicate /gene - rob_1 rob_2
[12:47:24] Fixed 3 duplicate /gene - kduD_1 kduD_2 kduD_3
[12:47:24] Fixed 2 duplicate /gene - dctA_1 dctA_2
[12:47:24] Fixed 2 duplicate /gene - yciE_1 yciE_2
[12:47:24] Fixed 2 duplicate /gene - cynR_1 cynR_2
[12:47:24] Fixed 2 duplicate /gene - ylcG_1 ylcG_2
[12:47:24] Fixed 2 duplicate /gene - rhtC_1 rhtC_2
[12:47:24] Fixed 2 duplicate /gene - dmsC_1 dmsC_2
[12:47:24] Fixed 2 duplicate /gene - ydhX_1 ydhX_2
[12:47:24] Fixed 3 duplicate /gene - ydcV_1 ydcV_2 ydcV_3
[12:47:24] Fixed 3 duplicate /gene - cutC_1 cutC_2 cutC_3
[12:47:24] Fixed 5 duplicate /gene - rhaR_1 rhaR_2 rhaR_3 rhaR_4 rhaR_5
[12:47:24] Fixed 3 duplicate /gene - cbeA_1 cbeA_2 cbeA_3
[12:47:24] Fixed 4 duplicate /gene - yceD_1 yceD_2 yceD_3 yceD_4
[12:47:24] Fixed 2 duplicate /gene - ant1_1 ant1_2
[12:47:24] Fixed 2 duplicate /gene - yjjI_1 yjjI_2
[12:47:24] Fixed 2 duplicate /gene - dmsA_1 dmsA_2
[12:47:24] Fixed 2 duplicate /gene - aaeB_1 aaeB_2
[12:47:24] Fixed 2 duplicate /gene - bcsQ_1 bcsQ_2
[12:47:24] Fixed 3 duplicate /gene - folP_1 folP_2 folP_3
[12:47:24] Fixed 2 duplicate /gene - proQ_1 proQ_2
[12:47:24] Fixed 2 duplicate /gene - papC_1 papC_2
[12:47:24] Fixed 3 duplicate /gene - fabG_1 fabG_2 fabG_3
[12:47:24] Fixed 2 duplicate /gene - aspT_1 aspT_2
[12:47:24] Fixed 2 duplicate /gene - cysH_1 cysH_2
[12:47:24] Fixed 2 duplicate /gene - cdhR_1 cdhR_2
[12:47:24] Fixed 3 duplicate /gene - btuD_1 btuD_2 btuD_3
[12:47:24] Fixed 5 duplicate /gene - intS_1 intS_2 intS_3 intS_4 intS_5
[12:47:24] Fixed 2 duplicate /gene - gfcB_1 gfcB_2
[12:47:24] Fixed 2 duplicate /gene - frlR_1 frlR_2
[12:47:24] Fixed 2 duplicate /gene - fixA_1 fixA_2
[12:47:24] Fixed 2 duplicate /gene - lapB_1 lapB_2
[12:47:24] Fixed 3 duplicate /gene - bhsA_1 bhsA_2 bhsA_3
[12:47:24] Fixed 2 duplicate /gene - ttdT_1 ttdT_2
[12:47:24] Fixed 2 duplicate /gene - gatC_1 gatC_2
[12:47:24] Fixed 2 duplicate /gene - ydjE_1 ydjE_2
[12:47:24] Fixed 2 duplicate /gene - lpfC'_1 lpfC'_2
[12:47:24] Fixed 2 duplicate /gene - emrE_1 emrE_2
[12:47:24] Fixed 2 duplicate /gene - manX_1 manX_2
[12:47:24] Fixed 2 duplicate /gene - mepS_1 mepS_2
[12:47:24] Fixed 4 duplicate /gene - klcA_1 klcA_2 klcA_3 klcA_4
[12:47:24] Fixed 2 duplicate /gene - slp_1 slp_2
[12:47:24] Fixed 2 duplicate /gene - fcl_1 fcl_2
[12:47:24] Fixed 2 duplicate /gene - lsrK_1 lsrK_2
[12:47:24] Fixed 3 duplicate /gene - dinI_1 dinI_2 dinI_3
[12:47:24] Fixed 2 duplicate /gene - srmB_1 srmB_2
[12:47:24] Fixed 5 duplicate /gene - hyfA_1 hyfA_2 hyfA_3 hyfA_4 hyfA_5
[12:47:24] Fixed 2 duplicate /gene - xylB_1 xylB_2
[12:47:24] Fixed 2 duplicate /gene - artM_1 artM_2
[12:47:24] Fixed 2 duplicate /gene - hin_1 hin_2
[12:47:24] Fixed 2 duplicate /gene - ldrA_1 ldrA_2
[12:47:24] Fixed 2 duplicate /gene - algC_1 algC_2
[12:47:24] Fixed 2 duplicate /gene - trmH_1 trmH_2
[12:47:24] Fixed 2 duplicate /gene - dcuD_1 dcuD_2
[12:47:24] Fixed 2 duplicate /gene - bioD1_1 bioD1_2
[12:47:24] Fixed 2 duplicate /gene - kefC_1 kefC_2
[12:47:24] Fixed 2 duplicate /gene - fimH_1 fimH_2
[12:47:24] Fixed 2 duplicate /gene - aaeA_1 aaeA_2
[12:47:24] Fixed 2 duplicate /gene - mdh_1 mdh_2
[12:47:24] Fixed 2 duplicate /gene - malP_1 malP_2
[12:47:24] Fixed 2 duplicate /gene - ykgM_1 ykgM_2
[12:47:24] Fixed 3 duplicate /gene - dmsB_1 dmsB_2 dmsB_3
[12:47:24] Fixed 2 duplicate /gene - alx_1 alx_2
[12:47:24] Fixed 2 duplicate /gene - gadX_1 gadX_2
[12:47:24] Fixed 2 duplicate /gene - adeQ_1 adeQ_2
[12:47:24] Fixed 4 duplicate /gene - pgrR_1 pgrR_2 pgrR_3 pgrR_4
[12:47:24] Fixed 2 duplicate /gene - dadA_1 dadA_2
[12:47:24] Fixed 2 duplicate /gene - epsE_1 epsE_2
[12:47:24] Fixed 5 duplicate /gene - dmlR_1 dmlR_2 dmlR_3 dmlR_4 dmlR_5
[12:47:24] Fixed 2 duplicate /gene - mtlA_1 mtlA_2
[12:47:24] Fixed 2 duplicate /gene - rlhA_1 rlhA_2
[12:47:24] Fixed 2 duplicate /gene - osmY_1 osmY_2
[12:47:24] Fixed 2 duplicate /gene - ucpA_1 ucpA_2
[12:47:24] Fixed 2 duplicate /gene - gatB_1 gatB_2
[12:47:24] Fixed 2 duplicate /gene - gmm_1 gmm_2
[12:47:24] Fixed 2 duplicate /gene - fbaA_1 fbaA_2
[12:47:24] Fixed 2 duplicate /gene - fixB_1 fixB_2
[12:47:24] Fixed 2 duplicate /gene - mdoD_1 mdoD_2
[12:47:24] Fixed 3 duplicate /gene - ygiW_1 ygiW_2 ygiW_3
[12:47:24] Fixed 2 duplicate /gene - pncC_1 pncC_2
[12:47:24] Fixed 2 duplicate /gene - lsrB_1 lsrB_2
[12:47:24] Fixed 2 duplicate /gene - era_1 era_2
[12:47:24] Fixed 2 duplicate /gene - cntO_1 cntO_2
[12:47:24] Fixed 2 duplicate /gene - gcvA_1 gcvA_2
[12:47:24] Fixed 2 duplicate /gene - rhlE_1 rhlE_2
[12:47:24] Fixed 3 duplicate /gene - norR_1 norR_2 norR_3
[12:47:24] Fixed 2 duplicate /gene - glmS_1 glmS_2
[12:47:24] Fixed 2 duplicate /gene - proA_1 proA_2
[12:47:24] Fixed 2 duplicate /gene - ugpC_1 ugpC_2
[12:47:24] Fixed 2 duplicate /gene - fdnH_1 fdnH_2
[12:47:24] Fixed 3 duplicate /gene - ygcS_1 ygcS_2 ygcS_3
[12:47:24] Fixed 2 duplicate /gene - yraK_1 yraK_2
[12:47:24] Fixed 2 duplicate /gene - acrR_1 acrR_2
[12:47:24] Fixed 2 duplicate /gene - ydeO_1 ydeO_2
[12:47:24] Fixed 2 duplicate /gene - acpS_1 acpS_2
[12:47:24] Fixed 5 duplicate /gene - rhaS_1 rhaS_2 rhaS_3 rhaS_4 rhaS_5
[12:47:24] Fixed 2 duplicate /gene - ydjZ_1 ydjZ_2
[12:47:24] Fixed 2 duplicate /gene - ccdB_1 ccdB_2
[12:47:24] Fixed 2 duplicate /gene - epsF_1 epsF_2
[12:47:24] Fixed 2 duplicate /gene - prfB_1 prfB_2
[12:47:24] Fixed 2 duplicate /gene - yggP_1 yggP_2
[12:47:24] Fixed 2 duplicate /gene - uhpB_1 uhpB_2
[12:47:24] Fixed 2 duplicate /gene - sbmC_1 sbmC_2
[12:47:24] Fixed 2 duplicate /gene - gcvT_1 gcvT_2
[12:47:24] Fixed 2 duplicate /gene - gstB_1 gstB_2
[12:47:24] Fixed 3 duplicate /gene - fabF_1 fabF_2 fabF_3
[12:47:24] Fixed 2 duplicate /gene - yrdA_1 yrdA_2
[12:47:24] Fixed 2 duplicate /gene - fryB_1 fryB_2
[12:47:24] Fixed 2 duplicate /gene - narL_1 narL_2
[12:47:24] Fixed 2 duplicate /gene - hycG_1 hycG_2
[12:47:24] Fixed 2 duplicate /gene - chiP_1 chiP_2
[12:47:24] Fixed 2 duplicate /gene - chuR_1 chuR_2
[12:47:24] Fixed 2 duplicate /gene - pspB_1 pspB_2
[12:47:24] Fixed 2 duplicate /gene - nanR_1 nanR_2
[12:47:24] Fixed 2 duplicate /gene - oxyR_1 oxyR_2
[12:47:24] Fixed 4 duplicate /gene - tfaE_1 tfaE_2 tfaE_3 tfaE_4
[12:47:24] Fixed 6 duplicate /gene - rusA_1 rusA_2 rusA_3 rusA_4 rusA_5 rusA_6
[12:47:24] Fixed 2 duplicate /gene - yhbX_1 yhbX_2
[12:47:24] Fixed 2 duplicate /gene - pdeN_1 pdeN_2
[12:47:24] Fixed 2 duplicate /gene - rapA_1 rapA_2
[12:47:24] Fixed 2 duplicate /gene - acs_1 acs_2
[12:47:24] Fixed 2 duplicate /gene - gmd_1 gmd_2
[12:47:24] Fixed 2 duplicate /gene - ydjF_1 ydjF_2
[12:47:24] Fixed 2 duplicate /gene - ecfA1_1 ecfA1_2
[12:47:24] Fixed 2 duplicate /gene - uhpC_1 uhpC_2
[12:47:24] Fixed 2 duplicate /gene - hcpA_1 hcpA_2
[12:47:24] Fixed 2 duplicate /gene - uhpA_1 uhpA_2
[12:47:24] Fixed 2 duplicate /gene - yhhT_1 yhhT_2
[12:47:24] Fixed 4 duplicate /gene - ycjY_1 ycjY_2 ycjY_3 ycjY_4
[12:47:24] Fixed 2 duplicate /gene - murR_1 murR_2
[12:47:24] Fixed 2 duplicate /gene - ompR_1 ompR_2
[12:47:24] Fixed 2 duplicate /gene - prs_1 prs_2
[12:47:24] Fixed 6 duplicate /gene - ompX_1 ompX_2 ompX_3 ompX_4 ompX_5 ompX_6
[12:47:24] Fixed 2 duplicate /gene - pal_1 pal_2
[12:47:24] Fixed 2 duplicate /gene - katG_1 katG_2
[12:47:24] Fixed 2 duplicate /gene - betI_1 betI_2
[12:47:24] Fixed 2 duplicate /gene - gudX_1 gudX_2
[12:47:24] Fixed 2 duplicate /gene - gltC_1 gltC_2
[12:47:24] Fixed 2 duplicate /gene - fryA_1 fryA_2
[12:47:24] Fixed 2 duplicate /gene - dgcE_1 dgcE_2
[12:47:24] Fixed 2 duplicate /gene - dosP_1 dosP_2
[12:47:24] Fixed 2 duplicate /gene - ssuC_1 ssuC_2
[12:47:24] Fixed 2 duplicate /gene - lsrD_1 lsrD_2
[12:47:24] Fixed 2 duplicate /gene - arcC2_1 arcC2_2
[12:47:24] Fixed 2 duplicate /gene - ybcO_1 ybcO_2
[12:47:24] Fixed 2 duplicate /gene - yciF_1 yciF_2
[12:47:24] Fixed 2 duplicate /gene - ccmF_1 ccmF_2
[12:47:24] Fixed 2 duplicate /gene - fdoG_1 fdoG_2
[12:47:24] Fixed 2 duplicate /gene - topA_1 topA_2
[12:47:24] Fixed 2 duplicate /gene - ulaB_1 ulaB_2
[12:47:24] Fixed 2 duplicate /gene - leuC_1 leuC_2
[12:47:24] Fixed 4 duplicate /gene - rbsC_1 rbsC_2 rbsC_3 rbsC_4
[12:47:24] Fixed 2 duplicate /gene - hcaR_1 hcaR_2
[12:47:24] Fixed 2 duplicate /gene - nepI_1 nepI_2
[12:47:24] Fixed 2 duplicate /gene - frlD_1 frlD_2
[12:47:24] Fixed 2 duplicate /gene - mglA_1 mglA_2
[12:47:24] Fixed 2 duplicate /gene - rbsA_1 rbsA_2
[12:47:24] Fixed 3 duplicate /gene - glnQ_1 glnQ_2 glnQ_3
[12:47:24] Fixed 2 duplicate /gene - btuR_1 btuR_2
[12:47:24] Fixed 2 duplicate /gene - nagK_1 nagK_2
[12:47:24] Fixed 4 duplicate /gene - dnaT_1 dnaT_2 dnaT_3 dnaT_4
[12:47:24] Fixed 2 duplicate /gene - pdeR_1 pdeR_2
[12:47:24] Fixed 3 duplicate /gene - lexA_1 lexA_2 lexA_3
[12:47:24] Fixed 3 duplicate /gene - yehB_1 yehB_2 yehB_3
[12:47:24] Fixed 2 duplicate /gene - arnC_1 arnC_2
[12:47:24] Fixed 4 duplicate /gene - hdfR_1 hdfR_2 hdfR_3 hdfR_4
[12:47:24] Fixed 2 duplicate /gene - mipA_1 mipA_2
[12:47:24] Fixed 2 duplicate /gene - sapB_1 sapB_2
[12:47:24] Fixed 2 duplicate /gene - ndhB_1 ndhB_2
[12:47:24] Fixed 2 duplicate /gene - agaC_1 agaC_2
[12:47:24] Fixed 2 duplicate /gene - fimF_1 fimF_2
[12:47:24] Fixed 2 duplicate /gene - ompC_1 ompC_2
[12:47:24] Fixed 2 duplicate /gene - rhaT_1 rhaT_2
[12:47:24] Fixed 2 duplicate /gene - fumA_1 fumA_2
[12:47:24] Fixed 2 duplicate /gene - yihP_1 yihP_2
[12:47:24] Fixed 2 duplicate /gene - ptsH_1 ptsH_2
[12:47:24] Fixed 2 duplicate /gene - ycjM_1 ycjM_2
[12:47:24] Fixed 3 duplicate /gene - acrB_1 acrB_2 acrB_3
[12:47:24] Fixed 2 duplicate /gene - lldR_1 lldR_2
[12:47:24] Fixed 2 duplicate /gene - sgrR_1 sgrR_2
[12:47:24] Fixed 2 duplicate /gene - gspA_1 gspA_2
[12:47:24] Fixed 2 duplicate /gene - lon_1 lon_2
[12:47:24] Fixed 2 duplicate /gene - ybdO_1 ybdO_2
[12:47:24] Fixed 3 duplicate /gene - yahB_1 yahB_2 yahB_3
[12:47:24] Fixed 2 duplicate /gene - ssb_1 ssb_2
[12:47:24] Fixed 2 duplicate /gene - cytR_1 cytR_2
[12:47:24] Fixed 2 duplicate /gene - der_1 der_2
[12:47:24] Fixed 2 duplicate /gene - xerD_1 xerD_2
[12:47:24] Fixed 3 duplicate /gene - bcr_1 bcr_2 bcr_3
[12:47:24] Fixed 2 duplicate /gene - ulaA_1 ulaA_2
[12:47:24] Fixed 2 duplicate /gene - ydcO_1 ydcO_2
[12:47:24] Fixed 2 duplicate /gene - lptB_1 lptB_2
[12:47:24] Fixed 2 duplicate /gene - yehC_1 yehC_2
[12:47:24] Fixed 2 duplicate /gene - nanM_1 nanM_2
[12:47:24] Fixed 2 duplicate /gene - yicJ_1 yicJ_2
[12:47:24] Fixed 2 duplicate /gene - rbsB_1 rbsB_2
[12:47:24] Fixed 2 duplicate /gene - iaaA_1 iaaA_2
[12:47:24] Fixed 2 duplicate /gene - yfdE_1 yfdE_2
[12:47:24] Fixed 2 duplicate /gene - yfhM_1 yfhM_2
[12:47:24] Fixed 2 duplicate /gene - argE_1 argE_2
[12:47:24] Fixed 5 duplicate /gene - rrrD_1 rrrD_2 rrrD_3 rrrD_4 rrrD_5
[12:47:24] Fixed 2 duplicate /gene - intA_1 intA_2
[12:47:24] Fixed 2 duplicate /gene - kdgK_1 kdgK_2
[12:47:24] Fixed 3 duplicate /gene - manZ_1 manZ_2 manZ_3
[12:47:24] Fixed 3 duplicate /gene - yadV_1 yadV_2 yadV_3
[12:47:24] Fixed 2 duplicate /gene - caiT_1 caiT_2
[12:47:24] Fixed 2 duplicate /gene - por_1 por_2
[12:47:24] Fixed 2 duplicate /gene - sctC_1 sctC_2
[12:47:24] Fixed 3 duplicate /gene - gadW_1 gadW_2 gadW_3
[12:47:24] Fixed 2 duplicate /gene - eptA_1 eptA_2
[12:47:24] Fixed 2 duplicate /gene - rep_1 rep_2
[12:47:24] Fixed 2 duplicate /gene - fdhF_1 fdhF_2
[12:47:24] Fixed 2 duplicate /gene - pdhR_1 pdhR_2
[12:47:24] Fixed 2 duplicate /gene - fimD_1 fimD_2
[12:47:24] Fixed 2 duplicate /gene - cusC_1 cusC_2
[12:47:24] Fixed 2 duplicate /gene - rsxB_1 rsxB_2
[12:47:24] Fixed 3 duplicate /gene - ompN_1 ompN_2 ompN_3
[12:47:24] Fixed 2 duplicate /gene - fdrA_1 fdrA_2
[12:47:24] Fixed 2 duplicate /gene - fdnG_1 fdnG_2
[12:47:24] Fixed 2 duplicate /gene - eptC_1 eptC_2
[12:47:24] Fixed 2 duplicate /gene - lolA_1 lolA_2
[12:47:24] Fixed 2 duplicate /gene - coaA_1 coaA_2
[12:47:24] Fixed 2 duplicate /gene - ydgA_1 ydgA_2
[12:47:24] Fixed 2 duplicate /gene - yiaW_1 yiaW_2
[12:47:24] Fixed 2 duplicate /gene - cysB_1 cysB_2
[12:47:24] Fixed 2 duplicate /gene - allB_1 allB_2
[12:47:24] Fixed 2 duplicate /gene - acpP_1 acpP_2
[12:47:24] Fixed 2 duplicate /gene - flhA_1 flhA_2
[12:47:24] Fixed 2 duplicate /gene - ccmH_1 ccmH_2
[12:47:24] Fixed 2 duplicate /gene - ndhI_1 ndhI_2
[12:47:24] Fixed 2 duplicate /gene - recQ_1 recQ_2
[12:47:24] Fixed 2 duplicate /gene - nuoL_1 nuoL_2
[12:47:24] Fixed 2 duplicate /gene - lpxM_1 lpxM_2
[12:47:24] Fixed 2 duplicate /gene - yhaJ_1 yhaJ_2
[12:47:24] Fixed 2 duplicate /gene - xdhA_1 xdhA_2
[12:47:24] Fixed 3 duplicate /gene - tdh_1 tdh_2 tdh_3
[12:47:24] Fixed 2 duplicate /gene - spaP_1 spaP_2
[12:47:24] Fixed 2 duplicate /gene - rcsB_1 rcsB_2
[12:47:24] Fixed 2 duplicate /gene - sorB_1 sorB_2
[12:47:24] Fixed 2 duplicate /gene - dnaB_1 dnaB_2
[12:47:24] Fixed 4 duplicate /gene - elfC_1 elfC_2 elfC_3 elfC_4
[12:47:24] Fixed 9 duplicate /gene - xerC_1 xerC_2 xerC_3 xerC_4 xerC_5 xerC_6 xerC_7 xerC_8 xerC_9
[12:47:24] Fixed 2 duplicate /gene - mlc_1 mlc_2
[12:47:24] Fixed 2 duplicate /gene - crfC_1 crfC_2
[12:47:24] Fixed 3 duplicate /gene - elfG_1 elfG_2 elfG_3
[12:47:24] Fixed 2 duplicate /gene - ybjP_1 ybjP_2
[12:47:24] Fixed 3 duplicate /gene - lpfA_1 lpfA_2 lpfA_3
[12:47:24] Fixed 2 duplicate /gene - yehD_1 yehD_2
[12:47:24] Fixed 2 duplicate /gene - hha_1 hha_2
[12:47:24] Fixed 2 duplicate /gene - mngR_1 mngR_2
[12:47:24] Fixed 2 duplicate /gene - dgkA_1 dgkA_2
[12:47:24] Fixed 2 duplicate /gene - fimG_1 fimG_2
[12:47:24] Fixed 4 duplicate /gene - cbtA_1 cbtA_2 cbtA_3 cbtA_4
[12:47:24] Fixed 2 duplicate /gene - ftsA_1 ftsA_2
[12:47:24] Fixed 2 duplicate /gene - nhoA_1 nhoA_2
[12:47:24] Fixed 2 duplicate /gene - ylpA_1 ylpA_2
[12:47:24] Fixed 3 duplicate /gene - cysE_1 cysE_2 cysE_3
[12:47:24] Fixed 2 duplicate /gene - fimA_1 fimA_2
[12:47:24] Fixed 2 duplicate /gene - kgtP_1 kgtP_2
[12:47:24] Fixed 2 duplicate /gene - fruA_1 fruA_2
[12:47:24] Fixed 2 duplicate /gene - lolD_1 lolD_2
[12:47:24] Fixed 2 duplicate /gene - araG_1 araG_2
[12:47:24] Fixed 2 duplicate /gene - caiA_1 caiA_2
[12:47:24] Fixed 2 duplicate /gene - dnaK_1 dnaK_2
[12:47:24] Fixed 2 duplicate /gene - rhsD_1 rhsD_2
[12:47:24] Fixed 4 duplicate /gene - fruK_1 fruK_2 fruK_3 fruK_4
[12:47:24] Fixed 2 duplicate /gene - pitA_1 pitA_2
[12:47:24] Fixed 3 duplicate /gene - clpP_1 clpP_2 clpP_3
[12:47:24] Fixed 3 duplicate /gene - cirA_1 cirA_2 cirA_3
[12:47:24] Fixed 3 duplicate /gene - mshA_1 mshA_2 mshA_3
[12:47:24] Fixed 2 duplicate /gene - psuK_1 psuK_2
[12:47:24] Fixed 2 duplicate /gene - yhdJ_1 yhdJ_2
[12:47:24] Fixed 2 duplicate /gene - tsaR_1 tsaR_2
[12:47:24] Fixed 2 duplicate /gene - sdhA_1 sdhA_2
[12:47:24] Fixed 3 duplicate /gene - potA_1 potA_2 potA_3
[12:47:24] Fixed 2 duplicate /gene - manC1_1 manC1_2
[12:47:24] Fixed 2 duplicate /gene - yjiK_1 yjiK_2
[12:47:24] Fixed 2 duplicate /gene - ygdR_1 ygdR_2
[12:47:24] Fixed 2 duplicate /gene - ubiJ_1 ubiJ_2
[12:47:24] Fixed 2 duplicate /gene - leuD_1 leuD_2
[12:47:24] Fixed 3 duplicate /gene - hokE_1 hokE_2 hokE_3
[12:47:24] Fixed 2 duplicate /gene - yvgN_1 yvgN_2
[12:47:24] Fixed 2 duplicate /gene - rhmT_1 rhmT_2
[12:47:24] Fixed 2 duplicate /gene - nlpD_1 nlpD_2
[12:47:24] Fixed 3 duplicate /gene - dnaC_1 dnaC_2 dnaC_3
[12:47:24] Fixed 2 duplicate /gene - rcsC_1 rcsC_2
[12:47:24] Fixed 2 duplicate /gene - acrF_1 acrF_2
[12:47:24] Fixed 2 duplicate /gene - uidC_1 uidC_2
[12:47:24] Fixed 2 duplicate /gene - purR_1 purR_2
[12:47:24] Fixed 3 duplicate /gene - nohA_1 nohA_2 nohA_3
[12:47:24] Fixed 2 duplicate /gene - recD_1 recD_2
[12:47:24] Fixed 3 duplicate /gene - fixX_1 fixX_2 fixX_3
[12:47:24] Fixed 2 duplicate /gene - melR_1 melR_2
[12:47:24] Fixed 2 duplicate /gene - manP_1 manP_2
[12:47:24] Fixed 2 duplicate /gene - kbaY_1 kbaY_2
[12:47:24] Fixed 2 duplicate /gene - uidA_1 uidA_2
[12:47:24] Fixed 2 duplicate /gene - intQ_1 intQ_2
[12:47:24] Fixed 2 duplicate /gene - gpFI_1 gpFI_2
[12:47:24] Fixed 301 colliding /gene names.
[12:47:24] Adding /locus_tag identifiers
[12:47:24] Assigned 5550 locus_tags to CDS and RNA features.
[12:47:24] Writing outputs to ./gp/CGT1113/
[12:47:30] Generating annotation statistics file
[12:47:30] Generating Genbank and Sequin files
[12:47:30] Running: tbl2asn -V b -a r10k -l paired-ends -M n -N 1 -y 'Annotated using prokka 1.14.6 from https://github.com/tseemann/prokka' -Z \.\/gp\/CGT1113\/PROKKA_04262022\.err -i \.\/gp\/CGT1113\/PROKKA_04262022\.fsa 2> /dev/null
[12:47:58] Deleting unwanted file: ./gp/CGT1113/errorsummary.val
[12:47:58] Deleting unwanted file: ./gp/CGT1113/PROKKA_04262022.dr
[12:47:58] Deleting unwanted file: ./gp/CGT1113/PROKKA_04262022.fixedproducts
[12:47:58] Deleting unwanted file: ./gp/CGT1113/PROKKA_04262022.ecn
[12:47:58] Deleting unwanted file: ./gp/CGT1113/PROKKA_04262022.val
[12:47:58] Repairing broken .GBK output that tbl2asn produces...
[12:47:58] Running: sed 's/COORDINATES: profile/COORDINATES:profile/' < \.\/gp\/CGT1113\/PROKKA_04262022\.gbf > \.\/gp\/CGT1113\/PROKKA_04262022\.gbk
[12:47:58] Deleting unwanted file: ./gp/CGT1113/PROKKA_04262022.gbf
[12:47:58] Output files:
[12:47:58] ./gp/CGT1113/PROKKA_04262022.tbl
[12:47:58] ./gp/CGT1113/PROKKA_04262022.txt
[12:47:58] ./gp/CGT1113/PROKKA_04262022.fna
[12:47:58] ./gp/CGT1113/PROKKA_04262022.gbk
[12:47:58] ./gp/CGT1113/PROKKA_04262022.err
[12:47:58] ./gp/CGT1113/PROKKA_04262022.log
[12:47:58] ./gp/CGT1113/PROKKA_04262022.gff
[12:47:58] ./gp/CGT1113/PROKKA_04262022.ffn
[12:47:58] ./gp/CGT1113/PROKKA_04262022.sqn
[12:47:58] ./gp/CGT1113/PROKKA_04262022.faa
[12:47:58] ./gp/CGT1113/PROKKA_04262022.tsv
[12:47:58] ./gp/CGT1113/PROKKA_04262022.fsa
[12:47:58] Annotation finished successfully.
[12:47:58] Walltime used: 17.48 minutes
[12:47:58] If you use this result please cite the Prokka paper:
[12:47:58] Seemann T (2014) Prokka: rapid prokaryotic genome annotation. Bioinformatics. 30(14):2068-9.
[12:47:58] Type 'prokka --citation' for more details.
[12:47:58] Share and enjoy!
