[12:33:24] This is prokka 1.14.6
[12:33:24] Written by Torsten Seemann <torsten.seemann@gmail.com>
[12:33:24] Homepage is https://github.com/tseemann/prokka
[12:33:24] Local time is Tue Apr 26 12:33:24 2022
[12:33:24] You are Team5
[12:33:24] Operating system is linux
[12:33:24] You have BioPerl 1.7.8
[12:33:24] System has 4 cores.
[12:33:24] Option --cpu asked for 8 cores, but system only has 4
[12:33:24] Will use maximum of 4 cores.
[12:33:24] Annotating as >>> Bacteria <<<
[12:33:24] Generating locus_tag from './final_output/CGT1144_contigs.fa' contents.
[12:33:24] Setting --locustag AKJJBAGK from MD5 a433ba04d0fd566660d7b66f9510a8a1
[12:33:24] Creating new output folder: ./gp/CGT1144
[12:33:24] Running: mkdir -p \.\/gp\/CGT1144
[12:33:24] Using filename prefix: PROKKA_04262022.XXX
[12:33:24] Setting HMMER_NCPU=1
[12:33:24] Writing log to: ./gp/CGT1144/PROKKA_04262022.log
[12:33:24] Command: /home/Team5/miniconda3/envs/gene_prediction/bin/prokka ./final_output/CGT1144_contigs.fa --outdir ./gp/CGT1144 --kingdom Bacteria --rfam
[12:33:24] Appending to PATH: /home/Team5/miniconda3/envs/gene_prediction/bin
[12:33:24] Looking for 'aragorn' - found /home/Team5/miniconda3/envs/gene_prediction/bin/aragorn
[12:33:24] Determined aragorn version is 001002 from 'ARAGORN v1.2.41 Dean Laslett'
[12:33:24] Looking for 'barrnap' - found /home/Team5/miniconda3/envs/gene_prediction/bin/barrnap
[12:33:24] Determined barrnap version is 000009 from 'barrnap 0.9'
[12:33:24] Looking for 'blastp' - found /home/Team5/miniconda3/envs/gene_prediction/bin/blastp
[12:33:24] Determined blastp version is 002012 from 'blastp: 2.12.0+'
[12:33:24] Looking for 'cmpress' - found /home/Team5/miniconda3/envs/gene_prediction/bin/cmpress
[12:33:24] Determined cmpress version is 001001 from '# INFERNAL 1.1.4 (Dec 2020)'
[12:33:24] Looking for 'cmscan' - found /home/Team5/miniconda3/envs/gene_prediction/bin/cmscan
[12:33:24] Determined cmscan version is 001001 from '# INFERNAL 1.1.4 (Dec 2020)'
[12:33:24] Looking for 'egrep' - found /usr/bin/egrep
[12:33:24] Looking for 'find' - found /usr/bin/find
[12:33:24] Looking for 'grep' - found /usr/bin/grep
[12:33:24] Looking for 'hmmpress' - found /home/Team5/miniconda3/envs/gene_prediction/bin/hmmpress
[12:33:24] Determined hmmpress version is 003003 from '# HMMER 3.3.2 (Nov 2020); http://hmmer.org/'
[12:33:24] Looking for 'hmmscan' - found /home/Team5/miniconda3/envs/gene_prediction/bin/hmmscan
[12:33:24] Determined hmmscan version is 003003 from '# HMMER 3.3.2 (Nov 2020); http://hmmer.org/'
[12:33:24] Looking for 'java' - found /home/Team5/miniconda3/envs/gene_prediction/bin/java
[12:33:24] Looking for 'makeblastdb' - found /home/Team5/miniconda3/envs/gene_prediction/bin/makeblastdb
[12:33:25] Determined makeblastdb version is 002012 from 'makeblastdb: 2.12.0+'
[12:33:25] Looking for 'minced' - found /home/Team5/miniconda3/envs/gene_prediction/bin/minced
[12:33:25] Determined minced version is 004002 from 'minced 0.4.2'
[12:33:25] Looking for 'parallel' - found /home/Team5/miniconda3/envs/gene_prediction/bin/parallel
[12:33:25] Determined parallel version is 20220222 from 'GNU parallel 20220222'
[12:33:25] Looking for 'prodigal' - found /home/Team5/miniconda3/envs/gene_prediction/bin/prodigal
[12:33:25] Determined prodigal version is 002006 from 'Prodigal V2.6.3: February, 2016'
[12:33:25] Looking for 'prokka-genbank_to_fasta_db' - found /home/Team5/miniconda3/envs/gene_prediction/bin/prokka-genbank_to_fasta_db
[12:33:25] Looking for 'sed' - found /usr/bin/sed
[12:33:25] Looking for 'tbl2asn' - found /home/Team5/miniconda3/envs/gene_prediction/bin/tbl2asn
[12:33:25] Determined tbl2asn version is 025007 from 'tbl2asn 25.7   arguments:'
[12:33:25] Using genetic code table 11.
[12:33:25] Loading and checking input file: ./final_output/CGT1144_contigs.fa
[12:33:26] Wrote 251 contigs totalling 5425108 bp.
[12:33:26] Predicting tRNAs and tmRNAs
[12:33:26] Running: aragorn -l -gc11  -w \.\/gp\/CGT1144\/PROKKA_04262022\.fna
[12:33:29] 1 tRNA-Leu [262430,262516] 35 (cag)
[12:33:29] 2 tRNA-Leu c[378349,378433] 35 (caa)
[12:33:29] 3 tRNA-Gly c[478996,479071] 34 (gcc)
[12:33:29] 4 tRNA-Gly c[479107,479182] 34 (gcc)
[12:33:29] 5 tRNA-Gly c[479219,479294] 34 (gcc)
[12:33:29] 6 tRNA-Phe [508302,508377] 34 (gaa)
[12:33:29] 1 tRNA-Met c[9498,9573] 34 (cat)
[12:33:29] 2 tRNA-Arg c[43493,43569] 35 (acg)
[12:33:29] 3 tRNA-Arg c[43672,43748] 35 (acg)
[12:33:29] 4 tRNA-Arg c[43811,43887] 35 (acg)
[12:33:29] 5 tRNA-Arg c[43952,44028] 35 (acg)
[12:33:29] 6 tRNA-Ser c[44032,44124] 35 (gct)
[12:33:29] 7 tRNA-Met [171500,171576] 35 (cat)
[12:33:29] 8 tRNA-Met [171610,171686] 35 (cat)
[12:33:29] 9 tRNA-Met [171720,171796] 35 (cat)
[12:33:29] 10 tRNA-Gly c[239026,239099] 33 (ccc)
[12:33:29] 11 tRNA-Phe [353672,353747] 34 (gaa)
[12:33:29] 1 tRNA-Pro c[260059,260135] 35 (cgg)
[12:33:29] 1 tRNA-Leu [92857,92943] 35 (gag)
[12:33:29] 2 tRNA-Met [96726,96802] 35 (cat)
[12:33:29] 3 tRNA-Met c[200993,201068] 34 (cat)
[12:33:29] 1 tRNA-Ser c[139917,140004] 35 (gga)
[12:33:29] 1 tRNA-Val c[108000,108076] 35 (gac)
[12:33:29] 2 tRNA-Val c[108081,108157] 35 (gac)
[12:33:29] 1 tRNA-Val [1954,2029] 34 (tac)
[12:33:29] 2 tRNA-Val [2074,2149] 34 (tac)
[12:33:29] 3 tRNA-Val [2196,2271] 34 (tac)
[12:33:29] 4 tRNA-Lys [2276,2351] 34 (ttt)
[12:33:29] 1 tRNA-Met [30826,30902] 35 (cat)
[12:33:29] 2 tRNA-Leu [30913,30997] 35 (tag)
[12:33:29] 3 tRNA-Gln [31021,31095] 33 (ttg)
[12:33:29] 4 tRNA-Gln [31130,31204] 33 (ttg)
[12:33:29] 5 tRNA-Met [31220,31296] 35 (cat)
[12:33:29] 6 tRNA-Gln [31345,31419] 33 (ctg)
[12:33:29] 7 tRNA-Gln [31457,31531] 33 (ctg)
[12:33:29] 8 tRNA-Arg c[150863,150939] 35 (tct)
[12:33:29] 1 tRNA-Pro [79710,79786] 35 (ggg)
[12:33:29] 1 tRNA-Ser [109487,109574] 35 (tga)
[12:33:29] 1 tRNA-Tyr c[56669,56753] 35 (gta)
[12:33:29] 2 tRNA-Tyr c[56963,57047] 35 (gta)
[12:33:29] 3 tRNA-Met [98407,98482] 34 (cat)
[12:33:29] 4 tRNA-Arg [98563,98639] 35 (tct)
[12:33:29] 1 tRNA-Ser c[3086,3173] 35 (gga)
[12:33:29] 1 tRNA-Pro c[55142,55218] 35 (tgg)
[12:33:29] 2 tRNA-Leu c[55261,55347] 35 (cag)
[12:33:29] 3 tRNA-His c[55368,55443] 34 (gtg)
[12:33:29] 4 tRNA-Arg c[55502,55578] 35 (ccg)
[12:33:29] 5 tRNA-Trp c[90882,90957] 34 (cca)
[12:33:29] 6 tRNA-Asp c[90966,91042] 35 (gtc)
[12:33:29] 1 tRNA-SeC [72325,72419] 35 (tca)
[12:33:29] 1 tRNA-Lys c[26935,27010] 34 (ttt)
[12:33:29] 2 tRNA-Lys c[27157,27232] 34 (ttt)
[12:33:29] 3 tRNA-Val c[27236,27311] 34 (tac)
[12:33:29] 4 tRNA-Lys c[27363,27438] 34 (ttt)
[12:33:29] 5 tRNA-Val c[27441,27516] 34 (tac)
[12:33:29] 6 tRNA-Lys c[27552,27627] 34 (ttt)
[12:33:29] 1 tRNA-Ser c[9040,9120] 38 (gga)
[12:33:29] 1 tRNA-Ala [1385,1460] 34 (ggc)
[12:33:29] 2 tRNA-Ala [1500,1575] 34 (ggc)
[12:33:29] 3 tRNA-Arg c[53417,53491] 34 (cct)
[12:33:29] 1 tRNA-Gly [53914,53989] 34 (gcc)
[12:33:29] 2 tRNA-Cys [54043,54116] 33 (gca)
[12:33:29] 3 tRNA-Leu [54129,54215] 35 (taa)
[12:33:29] 1 tRNA-Asp [119,195] 35 (gtc)
[12:33:29] 2 tRNA-Asp [8343,8419] 35 (gtc)
[12:33:29] 1 tRNA-Thr [25781,25856] 34 (cgt)
[12:33:29] 1 tRNA-Ser c[1525,1614] 35 (cga)
[12:33:29] 2 tRNA-Asn [2606,2681] 34 (gtt)
[12:33:29] 3 tRNA-Asn c[16986,17061] 34 (gtt)
[12:33:29] 4 tRNA-Asn [18810,18885] 34 (gtt)
[12:33:29] 5 tRNA-Asn [21218,21293] 34 (gtt)
[12:33:29] 1 tmRNA [24123,24485] 90,125 ANDENYALAA**
[12:33:29] 1 tRNA-Met [4592,4667] 34 (cat)
[12:33:29] 2 tRNA-Arg [4677,4753] 35 (tcg)
[12:33:29] 3 tRNA-Arg [4767,4843] 35 (tct)
[12:33:29] 1 tRNA-Met [3036,3111] 34 (cat)
[12:33:29] 2 tRNA-Arg [3119,3195] 35 (tcg)
[12:33:29] 3 tRNA-Arg [3209,3285] 35 (tct)
[12:33:29] 1 tRNA-Thr c[436,511] 34 (ggt)
[12:33:29] 2 tRNA-Gly c[518,592] 34 (tcc)
[12:33:29] 3 tRNA-Tyr c[709,793] 35 (gta)
[12:33:29] 4 tRNA-Thr c[802,877] 34 (tgt)
[12:33:29] 1 tRNA-Arg c[1775,1851] 35 (tct)
[12:33:29] 2 tRNA-Met c[1952,2027] 34 (cat)
[12:33:29] 1 tRNA-Met [1013,1088] 34 (cat)
[12:33:29] 2 tRNA-Arg [1090,1166] 35 (tcg)
[12:33:29] 3 tRNA-Arg [1180,1256] 35 (tct)
[12:33:29] 1 tRNA-Thr c[1321,1396] 34 (ggt)
[12:33:29] 1 tRNA-Arg c[326,402] 35 (tct)
[12:33:29] 2 tRNA-Arg c[416,492] 35 (tcg)
[12:33:29] 3 tRNA-Met c[500,575] 34 (cat)
[12:33:29] 1 tRNA-Glu [206,281] 35 (ttc)
[12:33:29] Found 92 tRNAs
[12:33:29] Predicting Ribosomal RNAs
[12:33:29] Running Barrnap with 4 threads
[12:33:33] 1 contig00001 2 16S ribosomal RNA
[12:33:33] 2 contig00008 198763 5S ribosomal RNA
[12:33:33] 3 contig00020 92228 5S ribosomal RNA
[12:33:33] 4 contig00090 3 23S ribosomal RNA (partial)
[12:33:33] 5 contig00090 2482 5S ribosomal RNA
[12:33:33] 6 contig00114 1169 5S ribosomal RNA
[12:33:33] 7 contig00114 1414 5S ribosomal RNA
[12:33:33] Found 7 rRNAs
[12:33:33] Scanning for ncRNAs... please be patient.
[12:33:33] Running: cmscan -Z 10.850216 --cut_ga --rfam --nohmmonly --fmt 2 --cpu 4 --tblout /dev/stdout -o /dev/null --noali /home/Team5/miniconda3/envs/gene_prediction/db/cm/Bacteria \.\/gp\/CGT1144\/PROKKA_04262022\.fna
[12:34:42] 1 ncRNA 1 contig00001 1..232
[12:34:42] 2 ncRNA 2 contig00001 1..195
[12:34:42] 3 ncRNA 3 contig00001 1..166
[12:34:42] 4 ncRNA 4 contig00001 1..142
[12:34:42] 5 ncRNA 5 contig00001 1..148
[12:34:42] 6 ncRNA 6 contig00001 1..123
[12:34:42] 7 ncRNA 7 contig00001 1..111
[12:34:42] 8 ncRNA 8 contig00001 1..158
[12:34:42] 9 ncRNA 9 contig00001 1..115
[12:34:42] 10 ncRNA 10 contig00001 1..85
[12:34:42] 11 ncRNA 11 contig00001 1..118
[12:34:42] 12 ncRNA 12 contig00001 1..93
[12:34:42] 13 ncRNA 13 contig00001 1..77
[12:34:42] 14 ncRNA 14 contig00001 1..97
[12:34:42] 15 ncRNA 15 contig00001 1..55
[12:34:42] 16 ncRNA 16 contig00001 1..114
[12:34:42] 17 ncRNA 17 contig00001 1..77
[12:34:42] 18 ncRNA 18 contig00001 1..77
[12:34:42] 19 ncRNA 19 contig00001 1..53
[12:34:42] 20 ncRNA 20 contig00001 1..57
[12:34:42] 21 ncRNA 21 contig00001 1..77
[12:34:42] 22 ncRNA 22 contig00001 1..46
[12:34:42] 23 ncRNA 23 contig00001 1..70
[12:34:42] 24 ncRNA 24 contig00001 1..77
[12:34:42] 25 ncRNA 25 contig00001 1..77
[12:34:42] 26 ncRNA 26 contig00001 1..77
[12:34:42] 27 ncRNA 27 contig00001 1..76
[12:34:42] 28 ncRNA 28 contig00001 1..77
[12:34:42] 29 ncRNA 29 contig00001 1..77
[12:34:42] 30 ncRNA 30 contig00001 1..77
[12:34:42] 31 ncRNA 31 contig00001 1..77
[12:34:42] 32 ncRNA 32 contig00001 1..105
[12:35:28] 33 ncRNA 33 contig00001 1..77
[12:35:28] 34 ncRNA 34 contig00001 1..77
[12:35:28] 35 ncRNA 35 contig00001 1..77
[12:35:28] 36 ncRNA 36 contig00001 1..77
[12:35:28] 37 ncRNA 37 contig00001 1..77
[12:35:28] 38 ncRNA 38 contig00001 1..48
[12:35:28] 39 ncRNA 1 contig00002 1..356
[12:35:28] 40 ncRNA 2 contig00002 1..198
[12:35:28] 41 ncRNA 3 contig00002 1..147
[12:35:28] 42 ncRNA 4 contig00002 1..147
[12:35:28] 43 ncRNA 5 contig00002 1..188
[12:35:28] 44 ncRNA 6 contig00002 1..158
[12:35:28] 45 ncRNA 7 contig00002 1..87
[12:35:28] 46 ncRNA 8 contig00002 1..87
[12:35:28] 47 ncRNA 9 contig00002 1..75
[12:35:28] 48 ncRNA 10 contig00002 1..77
[12:35:28] 49 ncRNA 11 contig00002 1..75
[12:36:38] 50 ncRNA 12 contig00002 1..77
[12:36:38] 51 ncRNA 13 contig00002 1..43
[12:36:38] 52 ncRNA 14 contig00002 1..43
[12:36:38] 53 ncRNA 1 contig00003 1..428
[12:36:38] 54 ncRNA 2 contig00003 1..114
[12:36:38] 55 ncRNA 3 contig00003 1..158
[12:36:38] 56 ncRNA 4 contig00003 1..84
[12:36:38] 57 ncRNA 5 contig00003 1..66
[12:36:38] 58 ncRNA 6 contig00003 1..72
[12:36:38] 59 ncRNA 7 contig00003 1..84
[12:36:38] 60 ncRNA 8 contig00003 1..67
[12:36:38] 61 ncRNA 9 contig00003 1..77
[12:36:38] 62 ncRNA 10 contig00003 1..43
[12:36:38] 63 ncRNA 11 contig00003 1..32
[12:36:38] 64 ncRNA 1 contig00004 1..367
[12:36:38] 65 ncRNA 2 contig00004 1..123
[12:36:38] 66 ncRNA 3 contig00004 1..147
[12:37:07] 67 ncRNA 4 contig00004 1..177
[12:37:07] 68 ncRNA 5 contig00004 1..140
[12:37:07] 69 ncRNA 6 contig00004 1..147
[12:37:07] 70 ncRNA 7 contig00004 1..117
[12:37:07] 71 ncRNA 8 contig00004 1..106
[12:37:07] 72 ncRNA 9 contig00004 1..124
[12:37:07] 73 ncRNA 10 contig00004 1..64
[12:37:07] 74 ncRNA 11 contig00004 1..111
[12:37:07] 75 ncRNA 12 contig00004 1..77
[12:37:07] 76 ncRNA 13 contig00004 1..77
[12:37:07] 77 ncRNA 14 contig00004 1..77
[12:37:07] 78 ncRNA 15 contig00004 1..77
[12:37:07] 79 ncRNA 16 contig00004 1..77
[12:37:07] 80 ncRNA 1 contig00005 1..135
[12:37:07] 81 ncRNA 2 contig00005 1..135
[12:37:07] 82 ncRNA 3 contig00005 1..79
[12:37:07] 83 ncRNA 4 contig00005 1..74
[12:37:48] 84 ncRNA 5 contig00005 1..77
[12:37:48] 85 ncRNA 6 contig00005 1..77
[12:37:48] 86 ncRNA 7 contig00005 1..77
[12:37:48] 87 ncRNA 8 contig00005 1..28
[12:37:48] 88 ncRNA 1 contig00006 1..388
[12:37:48] 89 ncRNA 2 contig00006 1..62
[12:37:48] 90 ncRNA 3 contig00006 1..108
[12:37:48] 91 ncRNA 4 contig00006 1..52
[12:37:48] 92 ncRNA 5 contig00006 1..156
[12:37:48] 93 ncRNA 6 contig00006 1..202
[12:37:48] 94 ncRNA 7 contig00006 1..125
[12:37:48] 95 ncRNA 1 contig00007 1..65
[12:37:48] 96 ncRNA 2 contig00007 1..95
[12:37:48] 97 ncRNA 3 contig00007 1..77
[12:37:48] 98 ncRNA 4 contig00007 1..97
[12:37:48] 99 ncRNA 5 contig00007 1..77
[12:37:48] 100 ncRNA 6 contig00007 1..77
[12:38:28] 101 ncRNA 7 contig00007 1..83
[12:38:28] 102 ncRNA 8 contig00007 1..77
[12:38:28] 103 ncRNA 9 contig00007 1..77
[12:38:28] 104 ncRNA 10 contig00007 1..77
[12:38:28] 105 ncRNA 11 contig00007 1..77
[12:38:28] 106 ncRNA 12 contig00007 1..77
[12:38:28] 107 ncRNA 13 contig00007 1..77
[12:38:28] 108 ncRNA 14 contig00007 1..77
[12:38:28] 109 ncRNA 1 contig00008 1..296
[12:38:28] 110 ncRNA 2 contig00008 1..214
[12:38:28] 111 ncRNA 3 contig00008 1..110
[12:38:28] 112 ncRNA 4 contig00008 1..163
[12:38:28] 113 ncRNA 5 contig00008 1..92
[12:38:28] 114 ncRNA 6 contig00008 1..77
[12:38:28] 115 ncRNA 1 contig00009 1..163
[12:38:28] 116 ncRNA 2 contig00009 1..428
[12:39:02] 117 ncRNA 3 contig00009 1..109
[12:39:02] 118 ncRNA 4 contig00009 1..158
[12:39:02] 119 ncRNA 5 contig00009 1..72
[12:39:02] 120 ncRNA 6 contig00009 1..158
[12:39:02] 121 ncRNA 1 contig00010 1..217
[12:39:02] 122 ncRNA 2 contig00010 1..119
[12:39:02] 123 ncRNA 3 contig00010 1..158
[12:39:02] 124 ncRNA 4 contig00010 1..96
[12:39:02] 125 ncRNA 5 contig00010 1..123
[12:39:02] 126 ncRNA 6 contig00010 1..100
[12:39:02] 127 ncRNA 7 contig00010 1..64
[12:39:02] 128 ncRNA 1 contig00011 1..308
[12:39:02] 129 ncRNA 2 contig00011 1..145
[12:39:02] 130 ncRNA 3 contig00011 1..428
[12:39:02] 131 ncRNA 4 contig00011 1..86
[12:39:02] 132 ncRNA 5 contig00011 1..100
[12:39:02] 133 ncRNA 6 contig00011 1..78
[12:39:40] 134 ncRNA 7 contig00011 1..87
[12:39:40] 135 ncRNA 8 contig00011 1..77
[12:39:40] 136 ncRNA 9 contig00011 1..77
[12:39:40] 137 ncRNA 1 contig00012 1..94
[12:39:40] 138 ncRNA 2 contig00012 1..77
[12:39:40] 139 ncRNA 3 contig00012 1..77
[12:39:40] 140 ncRNA 4 contig00012 1..77
[12:39:40] 141 ncRNA 5 contig00012 1..84
[12:39:40] 142 ncRNA 6 contig00012 1..77
[12:39:40] 143 ncRNA 1 contig00013 1..158
[12:39:40] 144 ncRNA 2 contig00013 1..130
[12:39:40] 145 ncRNA 3 contig00013 1..73
[12:39:40] 146 ncRNA 4 contig00013 1..81
[12:39:40] 147 ncRNA 5 contig00013 1..43
[12:39:40] 148 ncRNA 1 contig00014 1..77
[12:39:40] 149 ncRNA 2 contig00014 1..77
[12:39:40] 150 ncRNA 3 contig00014 1..77
[12:40:15] 151 ncRNA 4 contig00014 1..44
[12:40:15] 152 ncRNA 1 contig00015 1..194
[12:40:15] 153 ncRNA 2 contig00015 1..428
[12:40:15] 154 ncRNA 3 contig00015 1..117
[12:40:15] 155 ncRNA 4 contig00015 1..77
[12:40:15] 156 ncRNA 1 contig00016 1..214
[12:40:15] 157 ncRNA 2 contig00016 1..59
[12:40:15] 158 ncRNA 3 contig00016 1..118
[12:40:15] 159 ncRNA 1 contig00017 1..206
[12:40:15] 160 ncRNA 2 contig00017 1..130
[12:40:15] 161 ncRNA 3 contig00017 1..130
[12:40:15] 162 ncRNA 4 contig00017 1..130
[12:40:15] 163 ncRNA 5 contig00017 1..158
[12:40:15] 164 ncRNA 6 contig00017 1..79
[12:40:15] 165 ncRNA 7 contig00017 1..66
[12:40:15] 166 ncRNA 8 contig00017 1..66
[12:40:15] 167 ncRNA 9 contig00017 1..62
[12:40:37] 168 ncRNA 1 contig00018 1..147
[12:40:37] 169 ncRNA 2 contig00018 1..147
[12:40:37] 170 ncRNA 3 contig00018 1..147
[12:40:37] 171 ncRNA 4 contig00018 1..127
[12:40:37] 172 ncRNA 5 contig00018 1..85
[12:40:37] 173 ncRNA 6 contig00018 1..52
[12:40:37] 174 ncRNA 7 contig00018 1..77
[12:40:37] 175 ncRNA 8 contig00018 1..38
[12:40:37] 176 ncRNA 9 contig00018 1..38
[12:40:37] 177 ncRNA 1 contig00019 1..334
[12:40:37] 178 ncRNA 2 contig00019 1..169
[12:40:37] 179 ncRNA 3 contig00019 1..92
[12:40:37] 180 ncRNA 4 contig00019 1..50
[12:40:37] 181 ncRNA 5 contig00019 1..43
[12:40:37] 182 ncRNA 1 contig00020 1..255
[12:40:37] 183 ncRNA 2 contig00020 1..108
[12:40:37] 184 ncRNA 3 contig00020 1..115
[12:40:37] 185 ncRNA 4 contig00020 1..59
[12:41:18] 186 ncRNA 5 contig00020 1..77
[12:41:18] 187 ncRNA 6 contig00020 1..77
[12:41:18] 188 ncRNA 7 contig00020 1..58
[12:41:18] 189 ncRNA 8 contig00020 1..71
[12:41:18] 190 ncRNA 1 contig00021 1..252
[12:41:18] 191 ncRNA 2 contig00021 1..212
[12:41:18] 192 ncRNA 3 contig00021 1..300
[12:41:18] 193 ncRNA 4 contig00021 1..88
[12:41:18] 194 ncRNA 1 contig00022 1..76
[12:41:18] 195 ncRNA 2 contig00022 1..76
[12:41:18] 196 ncRNA 3 contig00022 1..105
[12:41:18] 197 ncRNA 4 contig00022 1..77
[12:41:18] 198 ncRNA 1 contig00023 1..123
[12:41:18] 199 ncRNA 2 contig00023 1..38
[12:41:18] 200 ncRNA 1 contig00024 1..77
[12:41:18] 201 ncRNA 2 contig00024 1..43
[12:41:50] 202 ncRNA 3 contig00024 1..130
[12:41:50] 203 ncRNA 1 contig00025 1..77
[12:41:50] 204 ncRNA 2 contig00025 1..77
[12:41:50] 205 ncRNA 3 contig00025 1..77
[12:41:50] 206 ncRNA 4 contig00025 1..77
[12:41:50] 207 ncRNA 1 contig00026 1..87
[12:41:50] 208 ncRNA 1 contig00027 1..183
[12:41:50] 209 ncRNA 2 contig00027 1..77
[12:41:50] 210 ncRNA 3 contig00027 1..77
[12:41:50] 211 ncRNA 4 contig00027 1..77
[12:41:50] 212 ncRNA 5 contig00027 1..162
[12:41:50] 213 ncRNA 1 contig00028 1..85
[12:41:50] 214 ncRNA 2 contig00028 1..94
[12:41:50] 215 ncRNA 1 contig00029 1..152
[12:41:50] 216 ncRNA 2 contig00029 1..292
[12:41:50] 217 ncRNA 3 contig00029 1..74
[12:41:50] 218 ncRNA 4 contig00029 1..134
[12:42:45] 219 ncRNA 5 contig00029 1..158
[12:42:45] 220 ncRNA 1 contig00031 1..110
[12:42:45] 221 ncRNA 2 contig00031 1..191
[12:42:45] 222 ncRNA 1 contig00033 1..161
[12:42:45] 223 ncRNA 2 contig00033 1..66
[12:42:45] 224 ncRNA 3 contig00033 1..105
[12:42:45] 225 ncRNA 1 contig00034 1..77
[12:42:45] 226 ncRNA 1 contig00035 1..110
[12:42:45] 227 ncRNA 1 contig00037 1..140
[12:42:45] 228 ncRNA 2 contig00037 1..125
[12:42:45] 229 ncRNA 1 contig00039 1..158
[12:42:45] 230 ncRNA 2 contig00039 1..99
[12:42:45] 231 ncRNA 1 contig00040 1..87
[12:42:45] 232 ncRNA 2 contig00040 1..77
[12:42:45] 233 ncRNA 1 contig00043 1..198
[12:42:45] 234 ncRNA 1 contig00044 1..185
[12:42:45] 235 ncRNA 2 contig00044 1..92
[12:43:27] 236 ncRNA 1 contig00045 1..158
[12:43:27] 237 ncRNA 2 contig00045 1..52
[12:43:27] 238 ncRNA 1 contig00047 1..198
[12:43:27] 239 ncRNA 1 contig00048 1..59
[12:43:27] 240 ncRNA 1 contig00052 1..158
[12:43:27] 241 ncRNA 2 contig00052 1..52
[12:43:27] 242 ncRNA 1 contig00053 1..117
[12:43:27] 243 ncRNA 1 contig00056 1..206
[12:43:27] 244 ncRNA 1 contig00057 1..198
[12:43:27] 245 ncRNA 1 contig00059 1..206
[12:43:27] 246 ncRNA 2 contig00059 1..62
[12:43:27] 247 ncRNA 1 contig00065 1..158
[12:43:27] 248 ncRNA 1 contig00067 1..77
[12:43:27] 249 ncRNA 2 contig00067 1..87
[12:43:27] 250 ncRNA 1 contig00068 1..206
[12:43:27] 251 ncRNA 1 contig00074 1..206
[12:43:27] 252 ncRNA 1 contig00076 1..117
[12:43:27] 253 ncRNA 1 contig00081 1..77
[12:44:10] 254 ncRNA 2 contig00081 1..87
[12:44:10] 255 ncRNA 3 contig00081 1..87
[12:44:10] 256 ncRNA 1 contig00088 1..68
[12:44:10] 257 ncRNA 1 contig00101 1..206
[12:44:10] 258 ncRNA 1 contig00111 1..206
[12:44:10] 259 ncRNA 2 contig00111 1..53
[12:44:10] 260 ncRNA 1 contig00146 18..59
[12:44:10] 261 ncRNA 1 contig00157 1..206
[12:44:10] 262 ncRNA 1 contig00170 1..59
[12:44:10] 263 ncRNA 1 contig00180 1..169
[12:44:10] 264 ncRNA 1 contig00211 1..62
[12:44:10] 265 ncRNA 2 contig00211 55..206
[12:44:10] Found 265 ncRNAs.
[12:44:10] Total of 98 tRNA + rRNA features
[12:44:10] Searching for CRISPR repeats
[12:44:11] CRISPR1 contig00002 99935 with 4 spacers
[12:44:12] Found 1 CRISPRs
[12:44:12] Predicting coding sequences
[12:44:12] Contigs total 5425108 bp, so using single mode
[12:44:12] Running: prodigal -i \.\/gp\/CGT1144\/PROKKA_04262022\.fna -c -m -g 11 -p single -f sco -q
[12:44:22] Excluding CDS which overlaps existing RNA (tRNA) at contig00002:43674..44321 on + strand
[12:44:26] Excluding CDS which overlaps existing RNA (tRNA) at contig00017:56490..57056 on + strand
[12:44:27] Excluding CDS which overlaps existing RNA (tRNA) at contig00028:54162..54413 on - strand
[12:44:28] Excluding CDS which overlaps existing RNA (tRNA) at contig00114:1244..1516 on + strand
[12:44:28] Found 5175 CDS
[12:44:28] Connecting features back to sequences
[12:44:28] Not using genus-specific database. Try --usegenus to enable it.
[12:44:28] Annotating CDS, please be patient.
[12:44:28] Will use 4 CPUs for similarity searching.
[12:44:32] There are still 5175 unannotated CDS left (started with 5175)
[12:44:32] Will use blast to search against /home/Team5/miniconda3/envs/gene_prediction/db/kingdom/Bacteria/IS with 4 CPUs
[12:44:32] Running: cat \.\/gp\/CGT1144\/PROKKA_04262022\.IS\.tmp\.719033\.faa | parallel --gnu --plain -j 4 --block 198607 --recstart '>' --pipe blastp -query - -db /home/Team5/miniconda3/envs/gene_prediction/db/kingdom/Bacteria/IS -evalue 1e-30 -qcov_hsp_perc 90 -num_threads 1 -num_descriptions 1 -num_alignments 1 -seg no > \.\/gp\/CGT1144\/PROKKA_04262022\.IS\.tmp\.719033\.blast 2> /dev/null
[12:45:43] Deleting unwanted file: ./gp/CGT1144/PROKKA_04262022.IS.tmp.719033.faa
[12:45:43] Deleting unwanted file: ./gp/CGT1144/PROKKA_04262022.IS.tmp.719033.blast
[12:45:47] There are still 5128 unannotated CDS left (started with 5175)
[12:45:47] Will use blast to search against /home/Team5/miniconda3/envs/gene_prediction/db/kingdom/Bacteria/AMR with 4 CPUs
[12:45:47] Running: cat \.\/gp\/CGT1144\/PROKKA_04262022\.AMR\.tmp\.719033\.faa | parallel --gnu --plain -j 4 --block 197214 --recstart '>' --pipe blastp -query - -db /home/Team5/miniconda3/envs/gene_prediction/db/kingdom/Bacteria/AMR -evalue 1e-300 -qcov_hsp_perc 90 -num_threads 1 -num_descriptions 1 -num_alignments 1 -seg no > \.\/gp\/CGT1144\/PROKKA_04262022\.AMR\.tmp\.719033\.blast 2> /dev/null
[12:46:38] Deleting unwanted file: ./gp/CGT1144/PROKKA_04262022.AMR.tmp.719033.faa
[12:46:38] Deleting unwanted file: ./gp/CGT1144/PROKKA_04262022.AMR.tmp.719033.blast
[12:46:42] There are still 5128 unannotated CDS left (started with 5175)
[12:46:42] Will use blast to search against /home/Team5/miniconda3/envs/gene_prediction/db/kingdom/Bacteria/sprot with 4 CPUs
[12:46:42] Running: cat \.\/gp\/CGT1144\/PROKKA_04262022\.sprot\.tmp\.719033\.faa | parallel --gnu --plain -j 4 --block 197214 --recstart '>' --pipe blastp -query - -db /home/Team5/miniconda3/envs/gene_prediction/db/kingdom/Bacteria/sprot -evalue 1e-09 -qcov_hsp_perc 80 -num_threads 1 -num_descriptions 1 -num_alignments 1 -seg no > \.\/gp\/CGT1144\/PROKKA_04262022\.sprot\.tmp\.719033\.blast 2> /dev/null
[12:49:24] Modify product: Probable UbiX-like flavin prenyltransferase => putative UbiX-like flavin prenyltransferase
[12:49:24] Modify product: Uncharacterized protein YgcP => putative protein YgcP
[12:49:24] Modify product: Probable glucarate transporter => putative glucarate transporter
[12:49:24] Modify product: Uncharacterized protein PA3435 => putative protein
[12:49:24] Modify product: Uncharacterized protein YqcC => putative protein YqcC
[12:49:24] Modify product: Uncharacterized HTH-type transcriptional regulator YdjF => putative HTH-type transcriptional regulator YdjF
[12:49:24] Modify product: UPF0382 inner membrane protein YgdD => hypothetical protein
[12:49:24] Modify product: Uncharacterized lipoprotein YgdR => putative lipoprotein YgdR
[12:49:24] Modify product: UPF0053 inner membrane protein YgdQ => hypothetical protein
[12:49:24] Modify product: Uncharacterized lipoprotein YgdR => putative lipoprotein YgdR
[12:49:24] Modify product: Probable ATP synthase SpaL => putative ATP synthase SpaL
[12:49:24] Modify product: Uncharacterized protein YqfG => putative protein YqfG
[12:49:24] Modify product: UPF0073 inner membrane protein YqfA => hypothetical protein
[12:49:24] Modify product: UPF0267 protein YqfB => hypothetical protein
[12:49:24] Modify product: UPF0149 protein HI_0817 => hypothetical protein
[12:49:24] Modify product: UPF0301 protein YqgE => hypothetical protein
[12:49:24] Modify product: Uncharacterized protein YggR => putative protein YggR
[12:49:24] Modify product: UPF0235 protein YggU => hypothetical protein
[12:49:24] Modify product: Uncharacterized protein HI_0341 => putative protein
[12:49:24] Modify product: Probable Fe(2+)-trafficking protein => putative Fe(2+)-trafficking protein
[12:49:24] Modify product: Uncharacterized signaling protein PA1727 => putative signaling protein
[12:49:24] Modify product: UPF0401 protein YkfF => hypothetical protein
[12:49:24] Modify product: UPF0758 protein => hypothetical protein
[12:49:24] Modify product: Protein SlyX homolog => Protein SlyX 
[12:49:24] Modify product: Uncharacterized ABC transporter ATP-binding protein YheS => putative ABC transporter ATP-binding protein YheS
[12:49:24] Modify product: UPF0270 protein PA3463 => hypothetical protein
[12:49:24] Modify product: Probable protein adenylyltransferase Fic => putative protein adenylyltransferase Fic
[12:49:24] Modify product: Uncharacterized protein YhfG => putative protein YhfG
[12:49:24] Modify product: Probable fructoselysine/psicoselysine transporter FrlA => putative fructoselysine/psicoselysine transporter FrlA
[12:49:24] Modify product: Probable fructoselysine utilization operon transcriptional repressor => putative fructoselysine utilization operon transcriptional repressor
[12:49:24] Modify product: Probable fructoselysine utilization operon transcriptional repressor => putative fructoselysine utilization operon transcriptional repressor
[12:49:24] Modify product: Putative membrane protein IgaA homolog => Putative membrane protein IgaA 
[12:49:24] Modify product: Probable [Fe-S]-dependent transcriptional repressor FeoC => putative [Fe-S]-dependent transcriptional repressor FeoC
[12:49:24] Modify product: UPF0056 inner membrane protein YhgN => hypothetical protein
[12:49:24] Modify product: Uncharacterized oxidoreductase YhhX => putative oxidoreductase YhhX
[12:49:24] Modify product: Uncharacterized protein YhhA => putative protein YhhA
[12:49:24] Modify product: Uncharacterized MFS-type transporter YhhS => putative MFS-type transporter YhhS
[12:49:24] Modify product: Uncharacterized protein HI_0933 => putative protein
[12:49:24] Modify product: Probable cyclic di-GMP phosphodiesterase PdeK => putative cyclic di-GMP phosphodiesterase PdeK
[12:49:24] Modify product: Probable fimbrial subunit LpfE => putative fimbrial subunit LpfE
[12:49:24] Modify product: Probable minor fimbrial subunit LpfD => putative minor fimbrial subunit LpfD
[12:49:24] Modify product: Probable outer membrane usher protein LpfC' => putative outer membrane usher protein LpfC'
[12:49:24] Modify product: Probable outer membrane usher protein LpfC => putative outer membrane usher protein LpfC
[12:49:24] Modify product: Probable fimbrial chaperone LpfB => putative fimbrial chaperone LpfB
[12:49:24] Modify product: Probable major fimbrial subunit LpfA => putative major fimbrial subunit LpfA
[12:49:24] Modify product: Uncharacterized MFS-type transporter YhjX => putative MFS-type transporter YhjX
[12:49:24] Modify product: Probable lipoprotein YiaD => putative lipoprotein YiaD
[12:49:24] Modify product: Probable L,D-transpeptidase YnhG => putative L,D-transpeptidase YnhG
[12:49:24] Modify product: Uncharacterized ferredoxin-like protein YdhY => putative ferredoxin-like protein YdhY
[12:49:24] Modify product: Uncharacterized oxidoreductase YdhV => putative oxidoreductase YdhV
[12:49:24] Modify product: Uncharacterized protein YdhW => putative protein YdhW
[12:49:24] Modify product: Uncharacterized ferredoxin-like protein YdhX => putative ferredoxin-like protein YdhX
[12:49:24] Modify product: Uncharacterized protein YdhT => putative protein YdhT
[12:49:24] Modify product: Probable autotransporter ROD_p1121 => putative autotransporter
[12:49:24] Modify product: Uncharacterized HTH-type transcriptional regulator YahB => putative HTH-type transcriptional regulator YahB
[12:49:24] Modify product: Uncharacterized protein YnhF => putative protein YnhF
[12:49:24] Modify product: Uncharacterized oxidoreductase YdgJ => putative oxidoreductase YdgJ
[12:49:24] Modify product: Probable dimethyl sulfoxide reductase chain YnfF => putative dimethyl sulfoxide reductase chain YnfF
[12:49:24] Modify product: Uncharacterized protein YnfD => putative protein YnfD
[12:49:24] Modify product: UPF0482 protein YnfB => hypothetical protein
[12:49:25] Modify product: UPF0060 membrane protein YnfA => hypothetical protein
[12:49:25] Modify product: Uncharacterized transporter YycB => putative transporter YycB
[12:49:25] Modify product: Uncharacterized protein HI_0131 => putative protein
[12:49:25] Modify product: Probable diguanylate cyclase DgcC => putative diguanylate cyclase DgcC
[12:49:25] Modify product: UPF0178 protein YaiI => hypothetical protein
[12:49:25] Modify product: Uncharacterized protein YaiA => putative protein YaiA
[12:49:25] Modify product: Uncharacterized lipoprotein YajI => putative lipoprotein YajI
[12:49:25] Modify product: UPF0234 protein YajQ => hypothetical protein
[12:49:25] Modify product: Uncharacterized protein HI_1008 => putative protein
[12:49:25] Modify product: Probable multidrug resistance ABC transporter ATP-binding/permease protein YheI => putative multidrug resistance ABC transporter ATP-binding/permease protein YheI
[12:49:25] Modify product: Uncharacterized lipoprotein YbaY => putative lipoprotein YbaY
[12:49:25] Modify product: Uncharacterized protein YbaA => putative protein YbaA
[12:49:25] Modify product: Probable cyclic di-GMP phosphodiesterase PdeB => putative cyclic di-GMP phosphodiesterase PdeB
[12:49:25] Modify product: Uncharacterized HTH-type transcriptional regulator YbaQ => putative HTH-type transcriptional regulator YbaQ
[12:49:25] Modify product: Probable iron export ATP-binding protein FetA => putative iron export ATP-binding protein FetA
[12:49:25] Modify product: Probable iron export permease protein FetB => putative iron export permease protein FetB
[12:49:25] Modify product: Uncharacterized protein YfeY => putative protein YfeY
[12:49:25] Modify product: Uncharacterized protein Rv2575 => putative protein
[12:49:25] Modify product: Probable formate transporter 2 => putative formate transporter 2
[12:49:25] Modify product: Uncharacterized protein YfgD => putative protein YfgD
[12:49:25] Modify product: Uncharacterized protein YfgJ => putative protein YfgJ
[12:49:25] Modify product: UPF0070 protein HI_0370 => hypothetical protein
[12:49:25] Modify product: Uncharacterized protein Rv2307c => putative protein
[12:49:25] Modify product: Probable 3-phenylpropionic acid transporter => putative 3-phenylpropionic acid transporter
[12:49:25] Modify product: Uncharacterized protein YphB => putative protein YphB
[12:49:25] Modify product: Uncharacterized tRNA/rRNA methyltransferase YfiF => putative tRNA/rRNA methyltransferase YfiF
[12:49:25] Modify product: Uncharacterized protein YbfE => putative protein YbfE
[12:49:25] Modify product: Uncharacterized lipoprotein ChiQ => putative lipoprotein ChiQ
[12:49:25] Modify product: UPF0250 protein YbeD => hypothetical protein
[12:49:25] Modify product: Uncharacterized HTH-type transcriptional regulator YbdO => putative HTH-type transcriptional regulator YbdO
[12:49:25] Modify product: Probable zinc-binding alcohol dehydrogenase Rv1895 => putative zinc-binding alcohol dehydrogenase
[12:49:25] Modify product: Uncharacterized HTH-type transcriptional regulator YbdO => putative HTH-type transcriptional regulator YbdO
[12:49:25] Modify product: Uncharacterized protein YbdM => putative protein YbdM
[12:49:25] Modify product: Uncharacterized protein YaeQ => putative protein YaeQ
[12:49:25] Modify product: UPF0253 protein YaeP => hypothetical protein
[12:49:25] Modify product: UPF0126 inner membrane protein YadS => hypothetical protein
[12:49:25] Modify product: Uncharacterized fimbrial-like protein YadN => putative fimbrial-like protein YadN
[12:49:25] Modify product: Probable fimbrial chaperone YadV => putative fimbrial chaperone YadV
[12:49:25] Modify product: Uncharacterized fimbrial-like protein YadM => putative fimbrial-like protein YadM
[12:49:25] Modify product: Uncharacterized fimbrial-like protein YadL => putative fimbrial-like protein YadL
[12:49:25] Modify product: Uncharacterized fimbrial-like protein YadK => putative fimbrial-like protein YadK
[12:49:25] Modify product: Uncharacterized ABC transporter ATP-binding protein YadG => putative ABC transporter ATP-binding protein YadG
[12:49:25] Modify product: UPF0231 protein YacL => hypothetical protein
[12:49:25] Modify product: Probable peptidoglycan glycosyltransferase FtsW => putative peptidoglycan glycosyltransferase FtsW
[12:49:25] Modify product: Uncharacterized fimbrial-like protein YehD => putative fimbrial-like protein YehD
[12:49:25] Modify product: Probable fimbrial chaperone YehC => putative fimbrial chaperone YehC
[12:49:25] Modify product: Uncharacterized protein YjjI => putative protein YjjI
[12:49:25] Modify product: Uncharacterized protein YjjI => putative protein YjjI
[12:49:25] Modify product: Uncharacterized metal-dependent hydrolase YjjV => putative metal-dependent hydrolase YjjV
[12:49:25] Modify product: UPF0442 protein YjjB => hypothetical protein
[12:49:25] Modify product: Probable HTH-type transcriptional regulator LgoR => putative HTH-type transcriptional regulator LgoR
[12:49:25] Modify product: Probable L-galactonate transporter => putative L-galactonate transporter
[12:49:25] Modify product: Probable type I restriction enzyme BthVORF4518P M protein => putative type I restriction enzymeP M protein
[12:49:25] Modify product: Uncharacterized protein YjiK => putative protein YjiK
[12:49:26] Modify product: Probable major fimbrial subunit LpfA => putative major fimbrial subunit LpfA
[12:49:26] Modify product: Probable N-acetylneuraminic acid outer membrane channel protein NanC => putative N-acetylneuraminic acid outer membrane channel protein NanC
[12:49:26] Modify product: Probable 9-O-acetyl-N-acetylneuraminic acid deacetylase => putative 9-O-acetyl-N-acetylneuraminic acid deacetylase
[12:49:26] Modify product: Uncharacterized protein YjgL => putative protein YjgL
[12:49:26] Modify product: UPF0307 protein YjgA => hypothetical protein
[12:49:26] Modify product: UPF0053 inner membrane protein YtfL => hypothetical protein
[12:49:26] Modify product: Uncharacterized protein YtfJ => putative protein YtfJ
[12:49:26] Modify product: Probable L-ascorbate-6-phosphate lactonase UlaG => putative L-ascorbate-6-phosphate lactonase UlaG
[12:49:26] Modify product: UPF0719 inner membrane protein YjfL => hypothetical protein
[12:49:26] Modify product: UPF0716 protein FxsA => hypothetical protein
[12:49:26] Modify product: Probable cadaverine/lysine antiporter => putative cadaverine/lysine antiporter
[12:49:26] Modify product: Uncharacterized protein YjdJ => putative protein YjdJ
[12:49:26] Modify product: Probable transcriptional regulator PhnF => putative transcriptional regulator PhnF
[12:49:26] Modify product: Probable fructose-bisphosphate aldolase => putative fructose-bisphosphate aldolase
[12:49:26] Modify product: Uncharacterized ferredoxin-like protein YdhX => putative ferredoxin-like protein YdhX
[12:49:26] Modify product: Probable cyclic di-GMP phosphodiesterase PdeC => putative cyclic di-GMP phosphodiesterase PdeC
[12:49:26] Modify product: Uncharacterized protein YjbR => putative protein YjbR
[12:49:26] Modify product: Probable autotransporter ROD_p1121 => putative autotransporter
[12:49:26] Modify product: Probable HTH-type transcriptional regulator YgaV => putative HTH-type transcriptional regulator YgaV
[12:49:26] Modify product: Uncharacterized protein YgaM => putative protein YgaM
[12:49:26] Modify product: Probable transporter SCO4007 => putative transporter
[12:49:26] Modify product: Uncharacterized GST-like protein YibF => putative GST-like protein YibF
[12:49:26] Modify product: Uncharacterized membrane protein YhdT => putative membrane protein YhdT
[12:49:26] Modify product: Probable acrylyl-CoA reductase AcuI => putative acrylyl-CoA reductase AcuI
[12:49:26] Modify product: Uncharacterized protein YhcO => putative protein YhcO
[12:49:26] Modify product: Uncharacterized protein YhcH => putative protein YhcH
[12:49:26] Modify product: Uncharacterized protein YrbL => putative protein YrbL
[12:49:26] Modify product: Uncharacterized inner membrane transporter YhbE => putative inner membrane transporter YhbE
[12:49:26] Modify product: Uncharacterized protease YhbU => putative protease YhbU
[12:49:26] Modify product: UPF0213 protein BH0048 => hypothetical protein
[12:49:26] Modify product: Uncharacterized fimbrial-like protein YraK => putative fimbrial-like protein YraK
[12:49:26] Modify product: Uncharacterized fimbrial-like protein YraK => putative fimbrial-like protein YraK
[12:49:26] Modify product: Probable fimbrial chaperone YraI => putative fimbrial chaperone YraI
[12:49:26] Modify product: Uncharacterized fimbrial-like protein YraH => putative fimbrial-like protein YraH
[12:49:26] Modify product: Probable glucosamine-6-phosphate deaminase 2 => putative glucosamine-6-phosphate deaminase 2
[12:49:26] Modify product: Probable galactarate transporter => putative galactarate transporter
[12:49:26] Modify product: UPF0597 protein YhaM => hypothetical protein
[12:49:26] Modify product: Uncharacterized protein YqjD => putative protein YqjD
[12:49:26] Modify product: Probable glycerol-3-phosphate acyltransferase => putative glycerol-3-phosphate acyltransferase
[12:49:26] Modify product: Probable siderophore transport system ATP-binding protein YusV => putative siderophore transport system ATP-binding protein YusV
[12:49:26] Modify product: Probable siderophore transport system permease protein YfiZ => putative siderophore transport system permease protein YfiZ
[12:49:26] Modify product: Probable quinol monooxygenase YgiN => putative quinol monooxygenase YgiN
[12:49:26] Modify product: Probable deoxycholate-binding periplasmic protein YgiS => putative deoxycholate-binding periplasmic protein YgiS
[12:49:26] Modify product: Uncharacterized oxidoreductase YghA => putative oxidoreductase YghA
[12:49:26] Modify product: Probable Ni/Fe-hydrogenase 2 b-type cytochrome subunit => putative Ni/Fe-hydrogenase 2 b-type cytochrome subunit
[12:49:26] Modify product: UPF0098 protein YbhB => hypothetical protein
[12:49:26] Modify product: Probable multidrug ABC transporter permease YbhR => putative multidrug ABC transporter permease YbhR
[12:49:26] Modify product: Probable multidrug ABC transporter permease YbhS => putative multidrug ABC transporter permease YbhS
[12:49:26] Modify product: Probable multidrug ABC transporter ATP-binding protein YbhF => putative multidrug ABC transporter ATP-binding protein YbhF
[12:49:26] Modify product: UPF0194 membrane protein YbhG => hypothetical protein
[12:49:26] Modify product: Uncharacterized protein YbiB => putative protein YbiB
[12:49:26] Modify product: Uncharacterized protein YbiI => putative protein YbiI
[12:49:26] Modify product: PKHD-type hydroxylase Sbal_3634 => PKHD-type hydroxylase
[12:49:26] Modify product: Uncharacterized protein McbA => putative protein McbA
[12:49:26] Modify product: Probable L,D-transpeptidase YbiS => putative L,D-transpeptidase YbiS
[12:49:26] Modify product: Uncharacterized ABC transporter ATP-binding protein YbiT => putative ABC transporter ATP-binding protein YbiT
[12:49:26] Modify product: Uncharacterized protein YbiU => putative protein YbiU
[12:49:26] Modify product: Probable cyclic di-GMP phosphodiesterase PdeI => putative cyclic di-GMP phosphodiesterase PdeI
[12:49:26] Modify product: Uncharacterized protein YbjN => putative protein YbjN
[12:49:26] Modify product: Uncharacterized lipoprotein YbjP => putative lipoprotein YbjP
[12:49:26] Modify product: Uncharacterized lipoprotein YbjP => putative lipoprotein YbjP
[12:49:26] Modify product: UPF0145 protein YbjQ => hypothetical protein
[12:49:26] Modify product: Probable ABC transporter ATP-binding/permease protein HI_0664 => putative ABC transporter ATP-binding/permease protein
[12:49:26] Modify product: Probable hydrolase YcaC => putative hydrolase YcaC
[12:49:26] Modify product: Uncharacterized MFS-type transporter YcaD => putative MFS-type transporter YcaD
[12:49:26] Modify product: Probable formate transporter 1 => putative formate transporter 1
[12:49:26] Modify product: UPF0434 protein YcaR => hypothetical protein
[12:49:26] Modify product: Probable L,D-transpeptidase YcbB => putative L,D-transpeptidase YcbB
[12:49:26] Modify product: Probable fimbrial chaperone protein ElfD => putative fimbrial chaperone protein ElfD
[12:49:26] Modify product: Probable outer membrane usher protein ElfC => putative outer membrane usher protein ElfC
[12:49:26] Modify product: Probable outer membrane usher protein ElfC => putative outer membrane usher protein ElfC
[12:49:26] Modify product: Uncharacterized fimbrial-like protein ElfG => putative fimbrial-like protein ElfG
[12:49:26] Modify product: Uncharacterized fimbrial-like protein YcbU => putative fimbrial-like protein YcbU
[12:49:26] Modify product: Uncharacterized fimbrial-like protein YcbV => putative fimbrial-like protein YcbV
[12:49:26] Modify product: Uncharacterized fimbrial chaperone YcbF => putative fimbrial chaperone YcbF
[12:49:26] Modify product: Uncharacterized protein YcbX => putative protein YcbX
[12:49:26] Modify product: UPF0319 protein HI_1681 => hypothetical protein
[12:49:26] Modify product: Uncharacterized protein YccU => putative protein YccU
[12:49:27] Modify product: Probable ketoamine kinase lp_1983 => putative ketoamine kinase
[12:49:27] Modify product: Uncharacterized protein YniD => putative protein YniD
[12:49:27] Modify product: Uncharacterized protein YdiE => putative protein YdiE
[12:49:27] Modify product: Uncharacterized protein HI_1163 => putative protein
[12:49:27] Modify product: Probable ATP-dependent transporter SufC => putative ATP-dependent transporter SufC
[12:49:27] Modify product: UPF0381 protein YiiS => hypothetical protein
[12:49:27] Modify product: UPF0761 membrane protein YihY => hypothetical protein
[12:49:27] Modify product: Uncharacterized protein YihR => putative protein YihR
[12:49:27] Modify product: Uncharacterized protein YshB => putative protein YshB
[12:49:27] Modify product: Probable GTP-binding protein EngB => putative GTP-binding protein EngB
[12:49:27] Modify product: Probable acyltransferase YihG => putative acyltransferase YihG
[12:49:27] Modify product: Probable protein kinase UbiB => putative protein kinase UbiB
[12:49:27] Modify product: Probable transport protein YifK => putative transport protein YifK
[12:49:27] Modify product: Probable ECA polymerase => putative ECA polymerase
[12:49:27] Modify product: UPF0438 protein YifE => hypothetical protein
[12:49:27] Modify product: Uncharacterized lipoprotein YehR => putative lipoprotein YehR
[12:49:27] Modify product: Uncharacterized protein YehL => putative protein YehL
[12:49:27] Modify product: Uncharacterized fimbrial-like protein YehD => putative fimbrial-like protein YehD
[12:49:27] Modify product: Probable fimbrial chaperone YehC => putative fimbrial chaperone YehC
[12:49:27] Modify product: Prophage tail fiber assembly protein homolog TfaE => Prophage tail fiber assembly protein TfaE
[12:49:27] Modify product: Uncharacterized protein YibL => putative protein YibL
[12:49:27] Modify product: Uncharacterized protein YibN => putative protein YibN
[12:49:27] Modify product: UPF0758 protein SP_1088 => hypothetical protein
[12:49:27] Modify product: UPF0701 protein YicC => hypothetical protein
[12:49:27] Modify product: UPF0126 inner membrane protein YicG => hypothetical protein
[12:49:27] Modify product: Uncharacterized fimbrial-like protein YbgD => putative fimbrial-like protein YbgD
[12:49:27] Modify product: GTP cyclohydrolase 1 type 2 homolog => GTP cyclohydrolase 1 type 2 
[12:49:27] Modify product: Uncharacterized HTH-type transcriptional regulator YahB => putative HTH-type transcriptional regulator YahB
[12:49:27] Modify product: Uncharacterized HTH-type transcriptional regulator YahB => putative HTH-type transcriptional regulator YahB
[12:49:27] Modify product: Probable pyridine nucleotide-disulfide oxidoreductase RclA => putative pyridine nucleotide-disulfide oxidoreductase RclA
[12:49:27] Modify product: Uncharacterized oxidoreductase YtbE => putative oxidoreductase YtbE
[12:49:27] Modify product: Uncharacterized protein YcjY => putative protein YcjY
[12:49:27] Modify product: Probable cyclic di-GMP phosphodiesterase PdeA => putative cyclic di-GMP phosphodiesterase PdeA
[12:49:27] Modify product: Probable multidrug resistance protein EmrK => putative multidrug resistance protein EmrK
[12:49:27] Modify product: Probable multidrug resistance protein EmrY => putative multidrug resistance protein EmrY
[12:49:27] Modify product: UPF0337 protein YjbJ => hypothetical protein
[12:49:27] Modify product: Uncharacterized lipoprotein GfcB => putative lipoprotein GfcB
[12:49:27] Modify product: Cytochrome b561 homolog 1 => Cytochrome b561 
[12:49:27] Modify product: Uncharacterized protein YedJ => putative protein YedJ
[12:49:27] Modify product: Uncharacterized inner membrane transporter YedA => putative inner membrane transporter YedA
[12:49:27] Modify product: Probable diguanylate cyclase DgcQ => putative diguanylate cyclase DgcQ
[12:49:27] Modify product: Uncharacterized N-acetyltransferase YsnE => putative N-acetyltransferase YsnE
[12:49:27] Modify product: UPF0394 inner membrane protein YedE => hypothetical protein
[12:49:27] Modify product: Probable ATP synthase YscN => putative ATP synthase YscN
[12:49:27] Modify product: UPF0381 protein YiiS => hypothetical protein
[12:49:27] Modify product: Uncharacterized fimbrial-like protein YfcV => putative fimbrial-like protein YfcV
[12:49:27] Modify product: Probable fimbrial chaperone YfcS => putative fimbrial chaperone YfcS
[12:49:27] Modify product: Uncharacterized fimbrial-like protein YfcR => putative fimbrial-like protein YfcR
[12:49:27] Modify product: Uncharacterized fimbrial-like protein YfcQ => putative fimbrial-like protein YfcQ
[12:49:27] Modify product: Uncharacterized fimbrial-like protein YfcP => putative fimbrial-like protein YfcP
[12:49:27] Modify product: Uncharacterized protein YfcO => putative protein YfcO
[12:49:27] Modify product: Probable membrane transporter protein YfcA => putative membrane transporter protein YfcA
[12:49:27] Modify product: Uncharacterized MFS-type transporter YfcJ => putative MFS-type transporter YfcJ
[12:49:27] Modify product: Epimerase family protein SA0724 => Epimerase family protein
[12:49:27] Modify product: Uncharacterized Nudix hydrolase YfcD => putative Nudix hydrolase YfcD
[12:49:27] Modify product: UPF0208 membrane protein YfbV => hypothetical protein
[12:49:27] Modify product: UPF0304 protein YfbU => hypothetical protein
[12:49:27] Modify product: Probable 4-amino-4-deoxy-L-arabinose-phosphoundecaprenol flippase subunit ArnF => putative 4-amino-4-deoxy-L-arabinose-phosphoundecaprenol flippase subunit ArnF
[12:49:27] Modify product: Probable 4-amino-4-deoxy-L-arabinose-phosphoundecaprenol flippase subunit ArnE => putative 4-amino-4-deoxy-L-arabinose-phosphoundecaprenol flippase subunit ArnE
[12:49:27] Modify product: Probable 4-deoxy-4-formamido-L-arabinose-phosphoundecaprenol deformylase ArnD => putative 4-deoxy-4-formamido-L-arabinose-phosphoundecaprenol deformylase ArnD
[12:49:27] Modify product: Uncharacterized HTH-type transcriptional regulator RhmR => putative HTH-type transcriptional regulator RhmR
[12:49:27] Modify product: Uncharacterized ABC transporter ATP-binding protein YknY => putative ABC transporter ATP-binding protein YknY
[12:49:27] Modify product: Probable fimbrial chaperone YadV => putative fimbrial chaperone YadV
[12:49:27] Modify product: Probable outer membrane usher protein ElfC => putative outer membrane usher protein ElfC
[12:49:27] Modify product: Probable outer membrane usher protein LpfC' => putative outer membrane usher protein LpfC'
[12:49:27] Modify product: Probable fimbrial chaperone YadV => putative fimbrial chaperone YadV
[12:49:27] Modify product: Probable cyclic di-GMP phosphodiesterase PdeN => putative cyclic di-GMP phosphodiesterase PdeN
[12:49:27] Modify product: Probable diguanylate cyclase DgcT => putative diguanylate cyclase DgcT
[12:49:27] Modify product: Probable malonic semialdehyde reductase RutE => putative malonic semialdehyde reductase RutE
[12:49:27] Modify product: Uncharacterized protein YccJ => putative protein YccJ
[12:49:27] Modify product: Uncharacterized lipoprotein GfcB => putative lipoprotein GfcB
[12:49:28] Modify product: Probable Ni/Fe-hydrogenase 1 B-type cytochrome subunit => putative Ni/Fe-hydrogenase 1 B-type cytochrome subunit
[12:49:28] Modify product: Probable amino-acid metabolite efflux pump => putative amino-acid metabolite efflux pump
[12:49:28] Modify product: UPF0056 inner membrane protein MarC => hypothetical protein
[12:49:28] Modify product: Probable glutamate/gamma-aminobutyrate antiporter => putative glutamate/gamma-aminobutyrate antiporter
[12:49:28] Modify product: Probable D,D-dipeptide-binding periplasmic protein DdpA => putative D,D-dipeptide-binding periplasmic protein DdpA
[12:49:28] Modify product: Probable D,D-dipeptide transport system permease protein DdpB => putative D,D-dipeptide transport system permease protein DdpB
[12:49:28] Modify product: Probable D,D-dipeptide transport system permease protein DdpC => putative D,D-dipeptide transport system permease protein DdpC
[12:49:28] Modify product: Probable D,D-dipeptide transport ATP-binding protein DdpD => putative D,D-dipeptide transport ATP-binding protein DdpD
[12:49:28] Modify product: Probable D,D-dipeptide transport ATP-binding protein DdpF => putative D,D-dipeptide transport ATP-binding protein DdpF
[12:49:28] Modify product: Uncharacterized HTH-type transcriptional regulator YddM => putative HTH-type transcriptional regulator YddM
[12:49:28] Modify product: Probable nitrate reductase molybdenum cofactor assembly chaperone NarW => putative nitrate reductase molybdenum cofactor assembly chaperone NarW
[12:49:28] Modify product: Uncharacterized isomerase YddE => putative isomerase YddE
[12:49:28] Modify product: Probable autotransporter ROD_p1121 => putative autotransporter
[12:49:28] Modify product: Uncharacterized protein YcgM => putative protein YcgM
[12:49:28] Modify product: UPF0225 protein YchJ => hypothetical protein
[12:49:28] Modify product: Uncharacterized NTE family protein Rv1063c => putative NTE family protein
[12:49:28] Modify product: UPF0056 inner membrane protein MarC => hypothetical protein
[12:49:28] Modify product: UPF0263 protein YciU => hypothetical protein
[12:49:28] Modify product: Uncharacterized acyl-CoA thioester hydrolase HI_0827 => putative acyl-CoA thioester hydrolase
[12:49:28] Modify product: Probable intracellular septation protein A => putative intracellular septation protein A
[12:49:28] Modify product: UPF0259 membrane protein YciC => hypothetical protein
[12:49:28] Modify product: UPF0394 inner membrane protein YeeE => hypothetical protein
[12:49:28] Modify product: UPF0053 inner membrane protein YoaE => hypothetical protein
[12:49:28] Modify product: Probable diguanylate cyclase DgcE => putative diguanylate cyclase DgcE
[12:49:28] Modify product: Probable diguanylate cyclase DgcE => putative diguanylate cyclase DgcE
[12:49:28] Modify product: UPF0339 protein YegP => hypothetical protein
[12:49:28] Modify product: 23S rRNA 5-hydroxycytidine C2501 synthase => 23S rRNA 5-hydroxycytidine synthase
[12:49:28] Modify product: Probable phosphatase YcdX => putative phosphatase YcdX
[12:49:28] Modify product: Uncharacterized protein YmdA => putative protein YmdA
[12:49:28] Modify product: UPF0176 protein YceA => hypothetical protein
[12:49:28] Modify product: Cytochrome b561 homolog 2 => Cytochrome b561 
[12:49:28] Modify product: Uncharacterized protein YceO => putative protein YceO
[12:49:28] Modify product: Uncharacterized lipoprotein YceB => putative lipoprotein YceB
[12:49:28] Modify product: UPF0502 protein YceH => hypothetical protein
[12:49:28] Modify product: Uncharacterized metal-dependent hydrolase YcfH => putative metal-dependent hydrolase YcfH
[12:49:28] Modify product: UPF0227 protein YcfP => hypothetical protein
[12:49:28] Modify product: Probable L,D-transpeptidase YcfS => putative L,D-transpeptidase YcfS
[12:49:28] Modify product: Uncharacterized methyltransferase YcgJ => putative methyltransferase YcgJ
[12:49:28] Modify product: Probable cystine transporter YijE => putative cystine transporter YijE
[12:49:28] Modify product: Uncharacterized protein HI_0431 => putative protein
[12:49:28] Modify product: Uncharacterized N-acetyltransferase YafP => putative N-acetyltransferase YafP
[12:49:28] Modify product: UPF0255 protein VV1_0328 => hypothetical protein
[12:49:28] Modify product: Probable transcriptional regulatory protein YeeN => putative transcriptional regulatory protein YeeN
[12:49:28] Modify product: Probable FMN/FAD exporter YeeO => putative FMN/FAD exporter YeeO
[12:49:28] Modify product: Probable L,D-transpeptidase ErfK/SrfK => putative L,D-transpeptidase ErfK/SrfK
[12:49:28] Modify product: UPF0053 inner membrane protein YfjD => hypothetical protein
[12:49:28] Modify product: UPF0053 inner membrane protein YfjD => hypothetical protein
[12:49:28] Modify product: UPF0125 protein RatB => hypothetical protein
[12:49:28] Modify product: UPF0401 protein YkfF => hypothetical protein
[12:49:28] Modify product: Uncharacterized protein PA2218 => putative protein
[12:49:28] Modify product: Uncharacterized oxidoreductase SA2266 => putative oxidoreductase
[12:49:28] Modify product: Probable fimbrial chaperone EcpB => putative fimbrial chaperone EcpB
[12:49:28] Modify product: Probable outer membrane usher protein EcpC => putative outer membrane usher protein EcpC
[12:49:28] Modify product: Probable fimbrial chaperone EcpE => putative fimbrial chaperone EcpE
[12:49:28] Modify product: Prophage tail fiber assembly protein homolog TfaE => Prophage tail fiber assembly protein TfaE
[12:49:28] Modify product: UPF0265 protein YeeX => hypothetical protein
[12:49:28] Modify product: Uncharacterized protein YdfO => putative protein YdfO
[12:49:28] Modify product: Uncharacterized protein YlcG => putative protein YlcG
[12:49:29] Modify product: Uncharacterized protein YdfB => putative protein YdfB
[12:49:29] Modify product: Uncharacterized protein YbdM => putative protein YbdM
[12:49:29] Modify product: Prophage tail fiber assembly protein homolog TfaE => Prophage tail fiber assembly protein TfaE
[12:49:29] Modify product: UPF0098 protein YbcL => hypothetical protein
[12:49:29] Modify product: Uncharacterized protein YlcG => putative protein YlcG
[12:49:29] Modify product: Uncharacterized HTH-type transcriptional regulator CBU_1416 => putative HTH-type transcriptional regulator
[12:49:29] Modify product: Prophage tail fiber assembly protein homolog TfaE => Prophage tail fiber assembly protein TfaE
[12:49:29] Modify product: Uncharacterized fimbrial-like protein SfmF => putative fimbrial-like protein SfmF
[12:49:29] Modify product: Uncharacterized fimbrial-like protein SfmH => putative fimbrial-like protein SfmH
[12:49:29] Modify product: Probable fimbrial chaperone SfmC => putative fimbrial chaperone SfmC
[12:49:29] Modify product: Uncharacterized fimbrial-like protein SfmA => putative fimbrial-like protein SfmA
[12:49:29] Modify product: Bifunctional protein FolD => Bifunctional protein FolD protein
[12:49:29] Modify product: Uncharacterized protein YbcJ => putative protein YbcJ
[12:49:29] Modify product: Uncharacterized protein YncE => putative protein YncE
[12:49:29] Modify product: Uncharacterized protein YdcY => putative protein YdcY
[12:49:29] Modify product: Probable mRNA interferase toxin HicA => putative mRNA interferase toxin HicA
[12:49:29] Modify product: 23S rRNA 5-hydroxycytidine C2501 synthase => 23S rRNA 5-hydroxycytidine synthase
[12:49:29] Modify product: Uncharacterized protein Rv3292 => putative protein
[12:49:29] Modify product: Uncharacterized protein YnbD => putative protein YnbD
[12:49:29] Modify product: Uncharacterized protein YnbC => putative protein YnbC
[12:49:29] Modify product: Probable DNA endonuclease SmrA => putative DNA endonuclease SmrA
[12:49:29] Modify product: Uncharacterized protein YcjY => putative protein YcjY
[12:49:29] Modify product: Uncharacterized protein YcjY => putative protein YcjY
[12:49:29] Modify product: Uncharacterized protein YcjY => putative protein YcjY
[12:49:29] Modify product: UPF0283 membrane protein YcjF => hypothetical protein
[12:49:29] Modify product: Uncharacterized protein YcjX => putative protein YcjX
[12:49:29] Modify product: UPF0509 protein YciZ => hypothetical protein
[12:49:29] Modify product: Uncharacterized protein YciH => putative protein YciH
[12:49:29] Modify product: Probable protease SohB => putative protease SohB
[12:49:29] Modify product: Uncharacterized oxidoreductase YciK => putative oxidoreductase YciK
[12:49:29] Modify product: Uncharacterized protein YciO => putative protein YciO
[12:49:29] Modify product: Uncharacterized HTH-type transcriptional regulator YdjF => putative HTH-type transcriptional regulator YdjF
[12:49:29] Modify product: Uncharacterized sugar kinase YdjH => putative sugar kinase YdjH
[12:49:29] Modify product: Uncharacterized protein YdjI => putative protein YdjI
[12:49:29] Modify product: Uncharacterized zinc-type alcohol dehydrogenase-like protein YdjJ => putative zinc-type alcohol dehydrogenase-like protein YdjJ
[12:49:29] Modify product: Stress response UPF0229 protein YhbH => hypothetical protein
[12:49:29] Modify product: Probable diguanylate cyclase CdgI => putative diguanylate cyclase CdgI
[12:49:29] Modify product: Probable diguanylate cyclase DgcJ => putative diguanylate cyclase DgcJ
[12:49:29] Modify product: Uncharacterized protein YeaR => putative protein YeaR
[12:49:29] Modify product: Probable ATP-dependent DNA helicase YoaA => putative ATP-dependent DNA helicase YoaA
[12:49:29] Modify product: Probable cyclic di-GMP phosphodiesterase PdeD => putative cyclic di-GMP phosphodiesterase PdeD
[12:49:29] Modify product: UPF0053 inner membrane protein YoaE => hypothetical protein
[12:49:29] Modify product: UPF0266 membrane protein YobD => hypothetical protein
[12:49:29] Modify product: Probable manganese efflux pump MntP => putative manganese efflux pump MntP
[12:49:29] Modify product: Uncharacterized protein YebV => putative protein YebV
[12:49:29] Modify product: Probable transcriptional regulatory protein YebC => putative transcriptional regulatory protein YebC
[12:49:29] Modify product: UPF0387 membrane protein YohO => hypothetical protein
[12:49:29] Modify product: Uncharacterized oxidoreductase YohF => putative oxidoreductase YohF
[12:49:29] Modify product: UPF0299 membrane protein YohJ => hypothetical protein
[12:49:29] Modify product: UPF0324 inner membrane protein YeiH => hypothetical protein
[12:49:29] Modify product: UPF0153 protein YeiW => hypothetical protein
[12:49:29] Modify product: Probable cyclic di-GMP phosphodiesterase PdeN => putative cyclic di-GMP phosphodiesterase PdeN
[12:49:29] Modify product: Uncharacterized ABC transporter ATP-binding protein YejF => putative ABC transporter ATP-binding protein YejF
[12:49:29] Modify product: Uncharacterized protein YejG => putative protein YejG
[12:49:29] Modify product: UPF0352 protein YejL => hypothetical protein
[12:49:29] Modify product: Probable autotransporter ROD_p1121 => putative autotransporter
[12:49:29] Modify product: Probable autotransporter YfaL => putative autotransporter YfaL
[12:49:29] Modify product: Probable transport protein HsrA => putative transport protein HsrA
[12:49:29] Modify product: Probable major fimbrial subunit LpfA => putative major fimbrial subunit LpfA
[12:49:29] Modify product: Probable fimbrial chaperone YraI => putative fimbrial chaperone YraI
[12:49:29] Modify product: Probable outer membrane usher protein ElfC => putative outer membrane usher protein ElfC
[12:49:29] Modify product: Uncharacterized fimbrial-like protein ElfG => putative fimbrial-like protein ElfG
[12:49:29] Modify product: Uncharacterized fimbrial-like protein ElfG => putative fimbrial-like protein ElfG
[12:49:29] Modify product: Uncharacterized symporter YidK => putative symporter YidK
[12:49:29] Modify product: Uncharacterized inner membrane transporter YicL => putative inner membrane transporter YicL
[12:49:29] Modify product: Uncharacterized protein YjiK => putative protein YjiK
[12:49:29] Cleaned 387 /product names
[12:49:29] Deleting unwanted file: ./gp/CGT1144/PROKKA_04262022.sprot.tmp.719033.faa
[12:49:29] Deleting unwanted file: ./gp/CGT1144/PROKKA_04262022.sprot.tmp.719033.blast
[12:49:30] There are still 1556 unannotated CDS left (started with 5175)
[12:49:30] Will use hmmer3 to search against /home/Team5/miniconda3/envs/gene_prediction/db/hmm/HAMAP.hmm with 4 CPUs
[12:49:30] Running: cat \.\/gp\/CGT1144\/PROKKA_04262022\.HAMAP\.hmm\.tmp\.719033\.faa | parallel --gnu --plain -j 4 --block 47568 --recstart '>' --pipe hmmscan --noali --notextw --acc -E 1e-09 --cpu 1 /home/Team5/miniconda3/envs/gene_prediction/db/hmm/HAMAP.hmm /dev/stdin > \.\/gp\/CGT1144\/PROKKA_04262022\.HAMAP\.hmm\.tmp\.719033\.hmmer3 2> /dev/null
[12:50:09] Modify product: Uncharacterized Nudix hydrolase NudL => putative Nudix hydrolase NudL
[12:50:09] Cleaned 1 /product names
[12:50:09] Deleting unwanted file: ./gp/CGT1144/PROKKA_04262022.HAMAP.hmm.tmp.719033.faa
[12:50:09] Deleting unwanted file: ./gp/CGT1144/PROKKA_04262022.HAMAP.hmm.tmp.719033.hmmer3
[12:50:09] Labelling remaining 1461 proteins as 'hypothetical protein'
[12:50:09] Possible /pseudo '3-isopropylmalate dehydratase small subunit' at contig00001 position 144826
[12:50:09] Possible /pseudo 'Outer membrane usher protein YehB' at contig00001 position 208831
[12:50:09] Possible /pseudo 'putative protein YjjI' at contig00001 position 253352
[12:50:09] Possible /pseudo 'ISKra4 family transposase ISCep1' at contig00001 position 330464
[12:50:09] Possible /pseudo 'Fructose import ATP-binding protein FruK' at contig00001 position 417767
[12:50:09] Possible /pseudo 'Fructose import ATP-binding protein FruK' at contig00001 position 418166
[12:50:09] Possible /pseudo 'Formate dehydrogenase H' at contig00001 position 573805
[12:50:09] Possible /pseudo 'Inner membrane metabolite transport protein YgcS' at contig00002 position 118566
[12:50:09] Possible /pseudo 'Glucarate dehydratase-related protein' at contig00002 position 144638
[12:50:09] Possible /pseudo 'Energy-coupling factor transporter ATP-binding protein EcfA1' at contig00002 position 315650
[12:50:09] Possible /pseudo 'Streptomycin 3''-adenylyltransferase' at contig00002 position 389890
[12:50:09] Possible /pseudo 'Fructoselysine 6-kinase' at contig00003 position 33067
[12:50:09] Possible /pseudo 'putative fructoselysine utilization operon transcriptional repressor' at contig00003 position 34135
[12:50:09] Possible /pseudo 'Cellulose biosynthesis protein BcsQ' at contig00003 position 247554
[12:50:09] Possible /pseudo 'Multidrug export protein AcrF' at contig00004 position 5635
[12:50:09] Possible /pseudo 'putative fimbrial-like protein YraK' at contig00004 position 122909
[12:50:09] Possible /pseudo 'Isoaspartyl peptidase' at contig00005 position 74225
[12:50:09] Possible /pseudo 'putative lipoprotein YbjP' at contig00005 position 115830
[12:50:09] Possible /pseudo 'putative outer membrane usher protein ElfC' at contig00005 position 212282
[12:50:09] Possible /pseudo 'Beta-glucuronidase' at contig00006 position 159318
[12:50:09] Possible /pseudo 'Membrane-associated protein UidC' at contig00006 position 162876
[12:50:09] Possible /pseudo 'Oxidoreductase UcpA' at contig00008 position 19884
[12:50:09] Possible /pseudo 'Alpha-2-macroglobulin' at contig00008 position 124125
[12:50:09] Possible /pseudo 'Chitoporin' at contig00009 position 19284
[12:50:09] Possible /pseudo 'Toxic protein HokE' at contig00009 position 117632
[12:50:09] Possible /pseudo 'Allantoinase' at contig00009 position 175585
[12:50:09] Possible /pseudo 'Inner membrane protein YdcO' at contig00010 position 27216
[12:50:09] Possible /pseudo 'Glucans biosynthesis protein D' at contig00010 position 33672
[12:50:09] Possible /pseudo 'Outer membrane porin N' at contig00010 position 74115
[12:50:09] Possible /pseudo 'putative protein YcjY' at contig00010 position 95448
[12:50:09] Possible /pseudo 'putative protein YcjY' at contig00010 position 95755
[12:50:09] Possible /pseudo 'Glucosylglycerate phosphorylase' at contig00010 position 117334
[12:50:09] Possible /pseudo 'Cyclic di-GMP phosphodiesterase PdeR' at contig00010 position 149862
[12:50:09] Possible /pseudo 'putative fimbrial-like protein ElfG' at contig00013 position 35639
[12:50:09] Possible /pseudo 'Adenine permease AdeQ' at contig00013 position 105206
[12:50:09] Possible /pseudo 'IS3 family transposase IS629' at contig00015 position 4024
[12:50:09] Possible /pseudo 'Oxygen sensor protein DosP' at contig00016 position 72971
[12:50:09] Possible /pseudo 'Formate dehydrogenase, nitrate-inducible, major subunit' at contig00016 position 89289
[12:50:09] Possible /pseudo 'Arylamine N-acetyltransferase' at contig00016 position 104704
[12:50:09] Possible /pseudo 'Small toxic polypeptide LdrA' at contig00017 position 39965
[12:50:09] Possible /pseudo 'putative diguanylate cyclase DgcE' at contig00018 position 68066
[12:50:09] Possible /pseudo 'L-rhamnose-proton symporter' at contig00020 position 28741
[12:50:09] Possible /pseudo 'Formate dehydrogenase-O major subunit' at contig00020 position 45162
[12:50:09] Possible /pseudo 'Putative 2,3-dihydroxypropane-1-sulfonate exporter' at contig00020 position 67417
[12:50:09] Possible /pseudo 'IS3 family transposase ISEc31' at contig00023 position 74365
[12:50:09] Possible /pseudo 'Succinate dehydrogenase flavoprotein subunit' at contig00024 position 59770
[12:50:09] Possible /pseudo 'putative HTH-type transcriptional regulator YahB' at contig00025 position 25904
[12:50:09] Possible /pseudo 'Acetyl-CoA:oxalate CoA-transferase' at contig00026 position 29361
[12:50:09] Possible /pseudo 'General stress protein 16U' at contig00029 position 15580
[12:50:09] Possible /pseudo 'IS3 family transposase IS2' at contig00032 position 3314
[12:50:09] Found 3161 unique /gene codes.
[12:50:09] Fixed 2 duplicate /gene - ompR_1 ompR_2
[12:50:09] Fixed 4 duplicate /gene - hdfR_1 hdfR_2 hdfR_3 hdfR_4
[12:50:09] Fixed 2 duplicate /gene - dnaB_1 dnaB_2
[12:50:09] Fixed 2 duplicate /gene - manX_1 manX_2
[12:50:09] Fixed 2 duplicate /gene - mipA_1 mipA_2
[12:50:09] Fixed 2 duplicate /gene - leuC_1 leuC_2
[12:50:09] Fixed 3 duplicate /gene - kduD_1 kduD_2 kduD_3
[12:50:09] Fixed 4 duplicate /gene - rbsC_1 rbsC_2 rbsC_3 rbsC_4
[12:50:09] Fixed 2 duplicate /gene - gstB_1 gstB_2
[12:50:09] Fixed 2 duplicate /gene - fdhF_1 fdhF_2
[12:50:09] Fixed 2 duplicate /gene - osmY_1 osmY_2
[12:50:09] Fixed 5 duplicate /gene - rrrD_1 rrrD_2 rrrD_3 rrrD_4 rrrD_5
[12:50:09] Fixed 2 duplicate /gene - cntO_1 cntO_2
[12:50:09] Fixed 2 duplicate /gene - rhmT_1 rhmT_2
[12:50:09] Fixed 2 duplicate /gene - fimG_1 fimG_2
[12:50:09] Fixed 2 duplicate /gene - gatB_1 gatB_2
[12:50:09] Fixed 3 duplicate /gene - elfG_1 elfG_2 elfG_3
[12:50:09] Fixed 5 duplicate /gene - intS_1 intS_2 intS_3 intS_4 intS_5
[12:50:09] Fixed 2 duplicate /gene - mtlA_1 mtlA_2
[12:50:09] Fixed 2 duplicate /gene - nanR_1 nanR_2
[12:50:09] Fixed 2 duplicate /gene - gadX_1 gadX_2
[12:50:09] Fixed 2 duplicate /gene - yjiK_1 yjiK_2
[12:50:09] Fixed 2 duplicate /gene - algC_1 algC_2
[12:50:09] Fixed 2 duplicate /gene - adeQ_1 adeQ_2
[12:50:09] Fixed 2 duplicate /gene - fdnG_1 fdnG_2
[12:50:09] Fixed 2 duplicate /gene - rapA_1 rapA_2
[12:50:09] Fixed 2 duplicate /gene - fcl_1 fcl_2
[12:50:09] Fixed 2 duplicate /gene - yciF_1 yciF_2
[12:50:09] Fixed 2 duplicate /gene - leuD_1 leuD_2
[12:50:09] Fixed 2 duplicate /gene - lolA_1 lolA_2
[12:50:09] Fixed 2 duplicate /gene - acpP_1 acpP_2
[12:50:09] Fixed 2 duplicate /gene - gmd_1 gmd_2
[12:50:09] Fixed 3 duplicate /gene - tdh_1 tdh_2 tdh_3
[12:50:09] Fixed 2 duplicate /gene - ygdR_1 ygdR_2
[12:50:09] Fixed 3 duplicate /gene - ydcV_1 ydcV_2 ydcV_3
[12:50:09] Fixed 2 duplicate /gene - bioD1_1 bioD1_2
[12:50:09] Fixed 2 duplicate /gene - emrE_1 emrE_2
[12:50:09] Fixed 2 duplicate /gene - prs_1 prs_2
[12:50:09] Fixed 2 duplicate /gene - caiA_1 caiA_2
[12:50:09] Fixed 3 duplicate /gene - fabF_1 fabF_2 fabF_3
[12:50:09] Fixed 2 duplicate /gene - fixB_1 fixB_2
[12:50:09] Fixed 3 duplicate /gene - bhsA_1 bhsA_2 bhsA_3
[12:50:09] Fixed 2 duplicate /gene - intQ_1 intQ_2
[12:50:09] Fixed 4 duplicate /gene - tfaE_1 tfaE_2 tfaE_3 tfaE_4
[12:50:09] Fixed 2 duplicate /gene - rhtC_1 rhtC_2
[12:50:09] Fixed 2 duplicate /gene - rlhA_1 rlhA_2
[12:50:09] Fixed 4 duplicate /gene - cbtA_1 cbtA_2 cbtA_3 cbtA_4
[12:50:09] Fixed 2 duplicate /gene - yhbX_1 yhbX_2
[12:50:09] Fixed 4 duplicate /gene - pgrR_1 pgrR_2 pgrR_3 pgrR_4
[12:50:09] Fixed 2 duplicate /gene - dgkA_1 dgkA_2
[12:50:09] Fixed 2 duplicate /gene - slp_1 slp_2
[12:50:09] Fixed 2 duplicate /gene - yicJ_1 yicJ_2
[12:50:09] Fixed 2 duplicate /gene - pdeN_1 pdeN_2
[12:50:09] Fixed 2 duplicate /gene - ucpA_1 ucpA_2
[12:50:09] Fixed 2 duplicate /gene - ptsH_1 ptsH_2
[12:50:09] Fixed 2 duplicate /gene - fdrA_1 fdrA_2
[12:50:09] Fixed 2 duplicate /gene - nagK_1 nagK_2
[12:50:09] Fixed 2 duplicate /gene - lsrB_1 lsrB_2
[12:50:09] Fixed 3 duplicate /gene - folP_1 folP_2 folP_3
[12:50:09] Fixed 2 duplicate /gene - pal_1 pal_2
[12:50:09] Fixed 2 duplicate /gene - uhpA_1 uhpA_2
[12:50:09] Fixed 2 duplicate /gene - gcvT_1 gcvT_2
[12:50:09] Fixed 2 duplicate /gene - prfB_1 prfB_2
[12:50:09] Fixed 2 duplicate /gene - dadA_1 dadA_2
[12:50:09] Fixed 2 duplicate /gene - rhaT_1 rhaT_2
[12:50:09] Fixed 2 duplicate /gene - yfdE_1 yfdE_2
[12:50:09] Fixed 2 duplicate /gene - yciE_1 yciE_2
[12:50:09] Fixed 2 duplicate /gene - xdhA_1 xdhA_2
[12:50:09] Fixed 2 duplicate /gene - sdhA_1 sdhA_2
[12:50:09] Fixed 3 duplicate /gene - potA_1 potA_2 potA_3
[12:50:09] Fixed 2 duplicate /gene - yrdA_1 yrdA_2
[12:50:09] Fixed 2 duplicate /gene - hycG_1 hycG_2
[12:50:09] Fixed 2 duplicate /gene - acs_1 acs_2
[12:50:09] Fixed 3 duplicate /gene - lpfA_1 lpfA_2 lpfA_3
[12:50:09] Fixed 2 duplicate /gene - eptA_1 eptA_2
[12:50:09] Fixed 2 duplicate /gene - uidC_1 uidC_2
[12:50:09] Fixed 2 duplicate /gene - argE_1 argE_2
[12:50:09] Fixed 2 duplicate /gene - fixA_1 fixA_2
[12:50:09] Fixed 2 duplicate /gene - pdhR_1 pdhR_2
[12:50:09] Fixed 2 duplicate /gene - fdoG_1 fdoG_2
[12:50:09] Fixed 3 duplicate /gene - clpP_1 clpP_2 clpP_3
[12:50:09] Fixed 2 duplicate /gene - hin_1 hin_2
[12:50:09] Fixed 3 duplicate /gene - ygcS_1 ygcS_2 ygcS_3
[12:50:09] Fixed 2 duplicate /gene - yehD_1 yehD_2
[12:50:09] Fixed 3 duplicate /gene - glnQ_1 glnQ_2 glnQ_3
[12:50:09] Fixed 2 duplicate /gene - frlR_1 frlR_2
[12:50:09] Fixed 2 duplicate /gene - psuK_1 psuK_2
[12:50:09] Fixed 2 duplicate /gene - oxyR_1 oxyR_2
[12:50:09] Fixed 2 duplicate /gene - chuR_1 chuR_2
[12:50:09] Fixed 2 duplicate /gene - malP_1 malP_2
[12:50:09] Fixed 2 duplicate /gene - uhpB_1 uhpB_2
[12:50:09] Fixed 2 duplicate /gene - gfcB_1 gfcB_2
[12:50:09] Fixed 3 duplicate /gene - bcr_1 bcr_2 bcr_3
[12:50:09] Fixed 2 duplicate /gene - fimD_1 fimD_2
[12:50:09] Fixed 2 duplicate /gene - gpFI_1 gpFI_2
[12:50:09] Fixed 2 duplicate /gene - ubiJ_1 ubiJ_2
[12:50:09] Fixed 2 duplicate /gene - papC_1 papC_2
[12:50:09] Fixed 2 duplicate /gene - tsaR_1 tsaR_2
[12:50:09] Fixed 2 duplicate /gene - yehC_1 yehC_2
[12:50:09] Fixed 2 duplicate /gene - ybdM_1 ybdM_2
[12:50:09] Fixed 2 duplicate /gene - betI_1 betI_2
[12:50:09] Fixed 4 duplicate /gene - ycjY_1 ycjY_2 ycjY_3 ycjY_4
[12:50:09] Fixed 2 duplicate /gene - alx_1 alx_2
[12:50:09] Fixed 3 duplicate /gene - acrB_1 acrB_2 acrB_3
[12:50:09] Fixed 2 duplicate /gene - pncC_1 pncC_2
[12:50:09] Fixed 2 duplicate /gene - fruA_1 fruA_2
[12:50:09] Fixed 2 duplicate /gene - fimF_1 fimF_2
[12:50:09] Fixed 4 duplicate /gene - elfC_1 elfC_2 elfC_3 elfC_4
[12:50:09] Fixed 2 duplicate /gene - ssuC_1 ssuC_2
[12:50:09] Fixed 4 duplicate /gene - yceD_1 yceD_2 yceD_3 yceD_4
[12:50:09] Fixed 2 duplicate /gene - rhsC_1 rhsC_2
[12:50:09] Fixed 2 duplicate /gene - yhdJ_1 yhdJ_2
[12:50:09] Fixed 2 duplicate /gene - coaA_1 coaA_2
[12:50:09] Fixed 2 duplicate /gene - glmS_1 glmS_2
[12:50:09] Fixed 2 duplicate /gene - trmH_1 trmH_2
[12:50:09] Fixed 2 duplicate /gene - intA_1 intA_2
[12:50:09] Fixed 2 duplicate /gene - acrR_1 acrR_2
[12:50:09] Fixed 2 duplicate /gene - yraK_1 yraK_2
[12:50:09] Fixed 2 duplicate /gene - bcsQ_1 bcsQ_2
[12:50:09] Fixed 2 duplicate /gene - flhA_1 flhA_2
[12:50:09] Fixed 2 duplicate /gene - sgrR_1 sgrR_2
[12:50:09] Fixed 2 duplicate /gene - dctA_1 dctA_2
[12:50:09] Fixed 2 duplicate /gene - cdhR_1 cdhR_2
[12:50:09] Fixed 2 duplicate /gene - btuR_1 btuR_2
[12:50:09] Fixed 2 duplicate /gene - rhlE_1 rhlE_2
[12:50:09] Fixed 2 duplicate /gene - rcsC_1 rcsC_2
[12:50:09] Fixed 2 duplicate /gene - ndhI_1 ndhI_2
[12:50:09] Fixed 2 duplicate /gene - dmsC_1 dmsC_2
[12:50:09] Fixed 2 duplicate /gene - manP_1 manP_2
[12:50:09] Fixed 2 duplicate /gene - arcC2_1 arcC2_2
[12:50:09] Fixed 2 duplicate /gene - allB_1 allB_2
[12:50:09] Fixed 3 duplicate /gene - gadW_1 gadW_2 gadW_3
[12:50:09] Fixed 2 duplicate /gene - rhsD_1 rhsD_2
[12:50:09] Fixed 2 duplicate /gene - kefC_1 kefC_2
[12:50:09] Fixed 2 duplicate /gene - hha_1 hha_2
[12:50:09] Fixed 3 duplicate /gene - fabG_1 fabG_2 fabG_3
[12:50:09] Fixed 2 duplicate /gene - gspA_1 gspA_2
[12:50:09] Fixed 3 duplicate /gene - lexA_1 lexA_2 lexA_3
[12:50:09] Fixed 2 duplicate /gene - yraI_1 yraI_2
[12:50:09] Fixed 3 duplicate /gene - norR_1 norR_2 norR_3
[12:50:09] Fixed 2 duplicate /gene - lldR_1 lldR_2
[12:50:09] Fixed 2 duplicate /gene - por_1 por_2
[12:50:09] Fixed 3 duplicate /gene - cysE_1 cysE_2 cysE_3
[12:50:09] Fixed 2 duplicate /gene - spaP_1 spaP_2
[12:50:09] Fixed 2 duplicate /gene - chiP_1 chiP_2
[12:50:09] Fixed 2 duplicate /gene - pitA_1 pitA_2
[12:50:09] Fixed 2 duplicate /gene - ugpC_1 ugpC_2
[12:50:09] Fixed 3 duplicate /gene - manZ_1 manZ_2 manZ_3
[12:50:09] Fixed 2 duplicate /gene - ccmH_1 ccmH_2
[12:50:09] Fixed 2 duplicate /gene - recD_1 recD_2
[12:50:09] Fixed 2 duplicate /gene - katG_1 katG_2
[12:50:09] Fixed 2 duplicate /gene - arnC_1 arnC_2
[12:50:09] Fixed 2 duplicate /gene - kbaY_1 kbaY_2
[12:50:09] Fixed 2 duplicate /gene - gcvA_1 gcvA_2
[12:50:09] Fixed 3 duplicate /gene - cutC_1 cutC_2 cutC_3
[12:50:09] Fixed 2 duplicate /gene - acrF_1 acrF_2
[12:50:09] Fixed 3 duplicate /gene - ompN_1 ompN_2 ompN_3
[12:50:09] Fixed 2 duplicate /gene - proQ_1 proQ_2
[12:50:09] Fixed 2 duplicate /gene - narL_1 narL_2
[12:50:09] Fixed 2 duplicate /gene - melR_1 melR_2
[12:50:09] Fixed 2 duplicate /gene - der_1 der_2
[12:50:09] Fixed 3 duplicate /gene - btuD_1 btuD_2 btuD_3
[12:50:09] Fixed 2 duplicate /gene - ydeO_1 ydeO_2
[12:50:09] Fixed 3 duplicate /gene - ygiW_1 ygiW_2 ygiW_3
[12:50:09] Fixed 2 duplicate /gene - ydcO_1 ydcO_2
[12:50:09] Fixed 2 duplicate /gene - mlc_1 mlc_2
[12:50:09] Fixed 2 duplicate /gene - cytR_1 cytR_2
[12:50:09] Fixed 2 duplicate /gene - recQ_1 recQ_2
[12:50:09] Fixed 2 duplicate /gene - lpfC'_1 lpfC'_2
[12:50:09] Fixed 2 duplicate /gene - nlpD_1 nlpD_2
[12:50:09] Fixed 2 duplicate /gene - gltC_1 gltC_2
[12:50:09] Fixed 2 duplicate /gene - ulaB_1 ulaB_2
[12:50:09] Fixed 2 duplicate /gene - yhhT_1 yhhT_2
[12:50:09] Fixed 2 duplicate /gene - dnaK_1 dnaK_2
[12:50:09] Fixed 2 duplicate /gene - dcuD_1 dcuD_2
[12:50:09] Fixed 2 duplicate /gene - ylpA_1 ylpA_2
[12:50:09] Fixed 2 duplicate /gene - ydjZ_1 ydjZ_2
[12:50:09] Fixed 2 duplicate /gene - cysH_1 cysH_2
[12:50:09] Fixed 2 duplicate /gene - ydhX_1 ydhX_2
[12:50:09] Fixed 2 duplicate /gene - pspB_1 pspB_2
[12:50:09] Fixed 2 duplicate /gene - lpxM_1 lpxM_2
[12:50:09] Fixed 2 duplicate /gene - yiaW_1 yiaW_2
[12:50:09] Fixed 2 duplicate /gene - uhpC_1 uhpC_2
[12:50:09] Fixed 2 duplicate /gene - ftsA_1 ftsA_2
[12:50:09] Fixed 2 duplicate /gene - agaC_1 agaC_2
[12:50:09] Fixed 3 duplicate /gene - yehB_1 yehB_2 yehB_3
[12:50:09] Fixed 2 duplicate /gene - caiT_1 caiT_2
[12:50:09] Fixed 2 duplicate /gene - rep_1 rep_2
[12:50:09] Fixed 2 duplicate /gene - fumA_1 fumA_2
[12:50:09] Fixed 2 duplicate /gene - sctC_1 sctC_2
[12:50:09] Fixed 2 duplicate /gene - sorB_1 sorB_2
[12:50:09] Fixed 2 duplicate /gene - nhoA_1 nhoA_2
[12:50:09] Fixed 2 duplicate /gene - fryB_1 fryB_2
[12:50:09] Fixed 2 duplicate /gene - manC1_1 manC1_2
[12:50:09] Fixed 2 duplicate /gene - yvgN_1 yvgN_2
[12:50:09] Fixed 2 duplicate /gene - ecfA1_1 ecfA1_2
[12:50:09] Fixed 2 duplicate /gene - artM_1 artM_2
[12:50:09] Fixed 4 duplicate /gene - fruK_1 fruK_2 fruK_3 fruK_4
[12:50:09] Fixed 2 duplicate /gene - lsrK_1 lsrK_2
[12:50:09] Fixed 9 duplicate /gene - xerC_1 xerC_2 xerC_3 xerC_4 xerC_5 xerC_6 xerC_7 xerC_8 xerC_9
[12:50:09] Fixed 6 duplicate /gene - rusA_1 rusA_2 rusA_3 rusA_4 rusA_5 rusA_6
[12:50:09] Fixed 2 duplicate /gene - kdgK_1 kdgK_2
[12:50:09] Fixed 2 duplicate /gene - mdh_1 mdh_2
[12:50:09] Fixed 2 duplicate /gene - rbsA_1 rbsA_2
[12:50:09] Fixed 2 duplicate /gene - ydjE_1 ydjE_2
[12:50:09] Fixed 2 duplicate /gene - frlD_1 frlD_2
[12:50:09] Fixed 2 duplicate /gene - lolD_1 lolD_2
[12:50:09] Fixed 2 duplicate /gene - cynR_1 cynR_2
[12:50:09] Fixed 3 duplicate /gene - nohA_1 nohA_2 nohA_3
[12:50:09] Fixed 2 duplicate /gene - rob_1 rob_2
[12:50:09] Fixed 2 duplicate /gene - aaeB_1 aaeB_2
[12:50:09] Fixed 2 duplicate /gene - rcsB_1 rcsB_2
[12:50:09] Fixed 2 duplicate /gene - fbaA_1 fbaA_2
[12:50:09] Fixed 3 duplicate /gene - cirA_1 cirA_2 cirA_3
[12:50:09] Fixed 2 duplicate /gene - pdeR_1 pdeR_2
[12:50:09] Fixed 3 duplicate /gene - dmsB_1 dmsB_2 dmsB_3
[12:50:09] Fixed 4 duplicate /gene - srlR_1 srlR_2 srlR_3 srlR_4
[12:50:09] Fixed 2 duplicate /gene - mepS_1 mepS_2
[12:50:09] Fixed 2 duplicate /gene - purR_1 purR_2
[12:50:09] Fixed 3 duplicate /gene - cbeA_1 cbeA_2 cbeA_3
[12:50:09] Fixed 2 duplicate /gene - yhaJ_1 yhaJ_2
[12:50:09] Fixed 2 duplicate /gene - xerD_1 xerD_2
[12:50:09] Fixed 2 duplicate /gene - ybdO_1 ybdO_2
[12:50:09] Fixed 2 duplicate /gene - hcpA_1 hcpA_2
[12:50:09] Fixed 2 duplicate /gene - epsF_1 epsF_2
[12:50:09] Fixed 2 duplicate /gene - acpS_1 acpS_2
[12:50:09] Fixed 2 duplicate /gene - ssb_1 ssb_2
[12:50:09] Fixed 2 duplicate /gene - topA_1 topA_2
[12:50:09] Fixed 4 duplicate /gene - klcA_1 klcA_2 klcA_3 klcA_4
[12:50:09] Fixed 2 duplicate /gene - srmB_1 srmB_2
[12:50:09] Fixed 3 duplicate /gene - dinI_1 dinI_2 dinI_3
[12:50:09] Fixed 2 duplicate /gene - aaeA_1 aaeA_2
[12:50:09] Fixed 5 duplicate /gene - dmlR_1 dmlR_2 dmlR_3 dmlR_4 dmlR_5
[12:50:09] Fixed 2 duplicate /gene - nepI_1 nepI_2
[12:50:09] Fixed 2 duplicate /gene - lptB_1 lptB_2
[12:50:09] Fixed 3 duplicate /gene - dnaC_1 dnaC_2 dnaC_3
[12:50:09] Fixed 2 duplicate /gene - xylB_1 xylB_2
[12:50:09] Fixed 2 duplicate /gene - cusC_1 cusC_2
[12:50:09] Fixed 2 duplicate /gene - proA_1 proA_2
[12:50:09] Fixed 3 duplicate /gene - yahB_1 yahB_2 yahB_3
[12:50:09] Fixed 2 duplicate /gene - ldrA_1 ldrA_2
[12:50:09] Fixed 2 duplicate /gene - ccmF_1 ccmF_2
[12:50:09] Fixed 2 duplicate /gene - rbsB_1 rbsB_2
[12:50:09] Fixed 2 duplicate /gene - sbmC_1 sbmC_2
[12:50:09] Fixed 2 duplicate /gene - sapB_1 sapB_2
[12:50:09] Fixed 2 duplicate /gene - gatC_1 gatC_2
[12:50:09] Fixed 2 duplicate /gene - lapB_1 lapB_2
[12:50:09] Fixed 2 duplicate /gene - yfhM_1 yfhM_2
[12:50:09] Fixed 2 duplicate /gene - kgtP_1 kgtP_2
[12:50:09] Fixed 5 duplicate /gene - hyfA_1 hyfA_2 hyfA_3 hyfA_4 hyfA_5
[12:50:09] Fixed 5 duplicate /gene - rhaR_1 rhaR_2 rhaR_3 rhaR_4 rhaR_5
[12:50:09] Fixed 3 duplicate /gene - hokE_1 hokE_2 hokE_3
[12:50:09] Fixed 4 duplicate /gene - dnaT_1 dnaT_2 dnaT_3 dnaT_4
[12:50:09] Fixed 2 duplicate /gene - ykgM_1 ykgM_2
[12:50:09] Fixed 2 duplicate /gene - yggP_1 yggP_2
[12:50:09] Fixed 2 duplicate /gene - crfC_1 crfC_2
[12:50:09] Fixed 2 duplicate /gene - era_1 era_2
[12:50:09] Fixed 2 duplicate /gene - mdoD_1 mdoD_2
[12:50:09] Fixed 2 duplicate /gene - dosP_1 dosP_2
[12:50:09] Fixed 2 duplicate /gene - murR_1 murR_2
[12:50:09] Fixed 2 duplicate /gene - dmsA_1 dmsA_2
[12:50:09] Fixed 2 duplicate /gene - ulaA_1 ulaA_2
[12:50:09] Fixed 2 duplicate /gene - lsrD_1 lsrD_2
[12:50:09] Fixed 2 duplicate /gene - mglA_1 mglA_2
[12:50:09] Fixed 2 duplicate /gene - yihP_1 yihP_2
[12:50:09] Fixed 3 duplicate /gene - mshA_1 mshA_2 mshA_3
[12:50:09] Fixed 2 duplicate /gene - epsE_1 epsE_2
[12:50:09] Fixed 2 duplicate /gene - iaaA_1 iaaA_2
[12:50:09] Fixed 2 duplicate /gene - uidA_1 uidA_2
[12:50:09] Fixed 2 duplicate /gene - ybjP_1 ybjP_2
[12:50:09] Fixed 2 duplicate /gene - eptC_1 eptC_2
[12:50:09] Fixed 2 duplicate /gene - nanM_1 nanM_2
[12:50:09] Fixed 3 duplicate /gene - fixX_1 fixX_2 fixX_3
[12:50:09] Fixed 2 duplicate /gene - fimH_1 fimH_2
[12:50:09] Fixed 2 duplicate /gene - fimA_1 fimA_2
[12:50:09] Fixed 2 duplicate /gene - araG_1 araG_2
[12:50:09] Fixed 2 duplicate /gene - lon_1 lon_2
[12:50:09] Fixed 2 duplicate /gene - fryA_1 fryA_2
[12:50:09] Fixed 2 duplicate /gene - ccdB_1 ccdB_2
[12:50:09] Fixed 5 duplicate /gene - ompX_1 ompX_2 ompX_3 ompX_4 ompX_5
[12:50:09] Fixed 2 duplicate /gene - gudX_1 gudX_2
[12:50:09] Fixed 2 duplicate /gene - ycjM_1 ycjM_2
[12:50:09] Fixed 2 duplicate /gene - aspT_1 aspT_2
[12:50:09] Fixed 2 duplicate /gene - rsxB_1 rsxB_2
[12:50:09] Fixed 5 duplicate /gene - rhaS_1 rhaS_2 rhaS_3 rhaS_4 rhaS_5
[12:50:09] Fixed 2 duplicate /gene - hcaR_1 hcaR_2
[12:50:09] Fixed 2 duplicate /gene - ydjF_1 ydjF_2
[12:50:09] Fixed 2 duplicate /gene - cysB_1 cysB_2
[12:50:09] Fixed 2 duplicate /gene - gmm_1 gmm_2
[12:50:09] Fixed 2 duplicate /gene - ndhB_1 ndhB_2
[12:50:09] Fixed 2 duplicate /gene - mngR_1 mngR_2
[12:50:09] Fixed 2 duplicate /gene - dgcE_1 dgcE_2
[12:50:09] Fixed 2 duplicate /gene - ompC_1 ompC_2
[12:50:09] Fixed 2 duplicate /gene - ybcO_1 ybcO_2
[12:50:09] Fixed 2 duplicate /gene - nuoL_1 nuoL_2
[12:50:09] Fixed 2 duplicate /gene - ydgA_1 ydgA_2
[12:50:09] Fixed 2 duplicate /gene - fdnH_1 fdnH_2
[12:50:09] Fixed 2 duplicate /gene - ant1_1 ant1_2
[12:50:09] Fixed 3 duplicate /gene - yadV_1 yadV_2 yadV_3
[12:50:09] Fixed 2 duplicate /gene - ylcG_1 ylcG_2
[12:50:09] Fixed 2 duplicate /gene - yjjI_1 yjjI_2
[12:50:09] Fixed 2 duplicate /gene - ttdT_1 ttdT_2
[12:50:09] Fixed 302 colliding /gene names.
[12:50:09] Adding /locus_tag identifiers
[12:50:09] Assigned 5539 locus_tags to CDS and RNA features.
[12:50:09] Writing outputs to ./gp/CGT1144/
[12:50:13] Generating annotation statistics file
[12:50:13] Generating Genbank and Sequin files
[12:50:13] Running: tbl2asn -V b -a r10k -l paired-ends -M n -N 1 -y 'Annotated using prokka 1.14.6 from https://github.com/tseemann/prokka' -Z \.\/gp\/CGT1144\/PROKKA_04262022\.err -i \.\/gp\/CGT1144\/PROKKA_04262022\.fsa 2> /dev/null
[12:50:33] Deleting unwanted file: ./gp/CGT1144/errorsummary.val
[12:50:33] Deleting unwanted file: ./gp/CGT1144/PROKKA_04262022.dr
[12:50:33] Deleting unwanted file: ./gp/CGT1144/PROKKA_04262022.fixedproducts
[12:50:33] Deleting unwanted file: ./gp/CGT1144/PROKKA_04262022.ecn
[12:50:33] Deleting unwanted file: ./gp/CGT1144/PROKKA_04262022.val
[12:50:33] Repairing broken .GBK output that tbl2asn produces...
[12:50:33] Running: sed 's/COORDINATES: profile/COORDINATES:profile/' < \.\/gp\/CGT1144\/PROKKA_04262022\.gbf > \.\/gp\/CGT1144\/PROKKA_04262022\.gbk
[12:50:33] Deleting unwanted file: ./gp/CGT1144/PROKKA_04262022.gbf
[12:50:33] Output files:
[12:50:33] ./gp/CGT1144/PROKKA_04262022.tbl
[12:50:33] ./gp/CGT1144/PROKKA_04262022.txt
[12:50:33] ./gp/CGT1144/PROKKA_04262022.fna
[12:50:33] ./gp/CGT1144/PROKKA_04262022.gbk
[12:50:33] ./gp/CGT1144/PROKKA_04262022.err
[12:50:33] ./gp/CGT1144/PROKKA_04262022.log
[12:50:33] ./gp/CGT1144/PROKKA_04262022.gff
[12:50:33] ./gp/CGT1144/PROKKA_04262022.ffn
[12:50:33] ./gp/CGT1144/PROKKA_04262022.sqn
[12:50:33] ./gp/CGT1144/PROKKA_04262022.faa
[12:50:33] ./gp/CGT1144/PROKKA_04262022.tsv
[12:50:33] ./gp/CGT1144/PROKKA_04262022.fsa
[12:50:33] Annotation finished successfully.
[12:50:33] Walltime used: 17.15 minutes
[12:50:33] If you use this result please cite the Prokka paper:
[12:50:33] Seemann T (2014) Prokka: rapid prokaryotic genome annotation. Bioinformatics. 30(14):2068-9.
[12:50:33] Type 'prokka --citation' for more details.
[12:50:33] Share and enjoy!
