[12:13:31] This is prokka 1.14.6
[12:13:31] Written by Torsten Seemann <torsten.seemann@gmail.com>
[12:13:31] Homepage is https://github.com/tseemann/prokka
[12:13:31] Local time is Tue Apr 26 12:13:31 2022
[12:13:31] You are Team5
[12:13:31] Operating system is linux
[12:13:31] You have BioPerl 1.7.8
[12:13:31] System has 4 cores.
[12:13:31] Option --cpu asked for 8 cores, but system only has 4
[12:13:31] Will use maximum of 4 cores.
[12:13:31] Annotating as >>> Bacteria <<<
[12:13:31] Generating locus_tag from './final_output/CGT1089_contigs.fa' contents.
[12:13:31] Setting --locustag ILNFNBCO from MD5 257f7bc8946e0240fe11227e6fe14d26
[12:13:31] Creating new output folder: ./gp/CGT1089
[12:13:31] Running: mkdir -p \.\/gp\/CGT1089
[12:13:31] Using filename prefix: PROKKA_04262022.XXX
[12:13:31] Setting HMMER_NCPU=1
[12:13:31] Writing log to: ./gp/CGT1089/PROKKA_04262022.log
[12:13:31] Command: /home/Team5/miniconda3/envs/gene_prediction/bin/prokka ./final_output/CGT1089_contigs.fa --outdir ./gp/CGT1089 --kingdom Bacteria --rfam
[12:13:31] Appending to PATH: /home/Team5/miniconda3/envs/gene_prediction/bin
[12:13:31] Looking for 'aragorn' - found /home/Team5/miniconda3/envs/gene_prediction/bin/aragorn
[12:13:31] Determined aragorn version is 001002 from 'ARAGORN v1.2.41 Dean Laslett'
[12:13:31] Looking for 'barrnap' - found /home/Team5/miniconda3/envs/gene_prediction/bin/barrnap
[12:13:31] Determined barrnap version is 000009 from 'barrnap 0.9'
[12:13:31] Looking for 'blastp' - found /home/Team5/miniconda3/envs/gene_prediction/bin/blastp
[12:13:31] Determined blastp version is 002012 from 'blastp: 2.12.0+'
[12:13:31] Looking for 'cmpress' - found /home/Team5/miniconda3/envs/gene_prediction/bin/cmpress
[12:13:31] Determined cmpress version is 001001 from '# INFERNAL 1.1.4 (Dec 2020)'
[12:13:31] Looking for 'cmscan' - found /home/Team5/miniconda3/envs/gene_prediction/bin/cmscan
[12:13:31] Determined cmscan version is 001001 from '# INFERNAL 1.1.4 (Dec 2020)'
[12:13:31] Looking for 'egrep' - found /usr/bin/egrep
[12:13:31] Looking for 'find' - found /usr/bin/find
[12:13:31] Looking for 'grep' - found /usr/bin/grep
[12:13:31] Looking for 'hmmpress' - found /home/Team5/miniconda3/envs/gene_prediction/bin/hmmpress
[12:13:31] Determined hmmpress version is 003003 from '# HMMER 3.3.2 (Nov 2020); http://hmmer.org/'
[12:13:31] Looking for 'hmmscan' - found /home/Team5/miniconda3/envs/gene_prediction/bin/hmmscan
[12:13:31] Determined hmmscan version is 003003 from '# HMMER 3.3.2 (Nov 2020); http://hmmer.org/'
[12:13:31] Looking for 'java' - found /home/Team5/miniconda3/envs/gene_prediction/bin/java
[12:13:31] Looking for 'makeblastdb' - found /home/Team5/miniconda3/envs/gene_prediction/bin/makeblastdb
[12:13:32] Determined makeblastdb version is 002012 from 'makeblastdb: 2.12.0+'
[12:13:32] Looking for 'minced' - found /home/Team5/miniconda3/envs/gene_prediction/bin/minced
[12:13:32] Determined minced version is 004002 from 'minced 0.4.2'
[12:13:32] Looking for 'parallel' - found /home/Team5/miniconda3/envs/gene_prediction/bin/parallel
[12:13:32] Determined parallel version is 20220222 from 'GNU parallel 20220222'
[12:13:32] Looking for 'prodigal' - found /home/Team5/miniconda3/envs/gene_prediction/bin/prodigal
[12:13:32] Determined prodigal version is 002006 from 'Prodigal V2.6.3: February, 2016'
[12:13:32] Looking for 'prokka-genbank_to_fasta_db' - found /home/Team5/miniconda3/envs/gene_prediction/bin/prokka-genbank_to_fasta_db
[12:13:32] Looking for 'sed' - found /usr/bin/sed
[12:13:32] Looking for 'tbl2asn' - found /home/Team5/miniconda3/envs/gene_prediction/bin/tbl2asn
[12:13:32] Determined tbl2asn version is 025007 from 'tbl2asn 25.7   arguments:'
[12:13:32] Using genetic code table 11.
[12:13:32] Loading and checking input file: ./final_output/CGT1089_contigs.fa
[12:13:32] Wrote 429 contigs totalling 5437965 bp.
[12:13:32] Predicting tRNAs and tmRNAs
[12:13:32] Running: aragorn -l -gc11  -w \.\/gp\/CGT1089\/PROKKA_04262022\.fna
[12:13:35] 1 tRNA-Phe c[104278,104353] 34 (gaa)
[12:13:35] 2 tRNA-Gly [133361,133436] 34 (gcc)
[12:13:35] 3 tRNA-Gly [133473,133548] 34 (gcc)
[12:13:35] 4 tRNA-Gly [133584,133659] 34 (gcc)
[12:13:35] 5 tRNA-Leu [234222,234306] 35 (caa)
[12:13:35] 6 tRNA-Leu c[350139,350225] 35 (cag)
[12:13:35] 1 tRNA-Met c[9500,9575] 34 (cat)
[12:13:35] 2 tRNA-Arg c[43495,43571] 35 (acg)
[12:13:35] 3 tRNA-Arg c[43674,43750] 35 (acg)
[12:13:35] 4 tRNA-Arg c[43813,43889] 35 (acg)
[12:13:35] 5 tRNA-Arg c[43954,44030] 35 (acg)
[12:13:35] 6 tRNA-Ser c[44034,44126] 35 (gct)
[12:13:35] 7 tRNA-Met [171502,171578] 35 (cat)
[12:13:35] 8 tRNA-Met [171612,171688] 35 (cat)
[12:13:35] 9 tRNA-Met [171722,171798] 35 (cat)
[12:13:35] 10 tRNA-Gly c[239028,239101] 33 (ccc)
[12:13:35] 11 tRNA-Phe [353674,353749] 34 (gaa)
[12:13:35] 1 tRNA-Pro [54480,54556] 35 (cgg)
[12:13:35] 1 tRNA-Leu [92841,92927] 35 (gag)
[12:13:35] 2 tRNA-Met [96710,96786] 35 (cat)
[12:13:35] 3 tRNA-Met c[200977,201052] 34 (cat)
[12:13:35] 1 tRNA-Arg [7429,7503] 34 (cct)
[12:13:35] 2 tRNA-Ala c[59345,59420] 34 (ggc)
[12:13:35] 3 tRNA-Ala c[59460,59535] 34 (ggc)
[12:13:35] 4 tRNA-Val [63982,64057] 34 (tac)
[12:13:35] 5 tRNA-Val [64102,64177] 34 (tac)
[12:13:35] 6 tRNA-Val [64224,64299] 34 (tac)
[12:13:35] 7 tRNA-Lys [64304,64379] 34 (ttt)
[12:13:35] 1 tRNA-Ser [105720,105807] 35 (gga)
[12:13:35] 1 tRNA-Val [101932,102008] 35 (gac)
[12:13:35] 2 tRNA-Val [102013,102089] 35 (gac)
[12:13:35] 1 tRNA-Pro c[67731,67807] 35 (ggg)
[12:13:35] 1 tRNA-Gln c[111225,111299] 33 (ctg)
[12:13:35] 2 tRNA-Gln c[111337,111411] 33 (ctg)
[12:13:35] 3 tRNA-Met c[111460,111536] 35 (cat)
[12:13:35] 4 tRNA-Gln c[111552,111626] 33 (ttg)
[12:13:35] 5 tRNA-Gln c[111661,111735] 33 (ttg)
[12:13:35] 6 tRNA-Leu c[111759,111843] 35 (tag)
[12:13:35] 7 tRNA-Met c[111854,111930] 35 (cat)
[12:13:35] 1 tRNA-Asp [152,228] 35 (gtc)
[12:13:35] 2 tRNA-Asp [8376,8452] 35 (gtc)
[12:13:35] 3 tRNA-Lys [93788,93863] 34 (ttt)
[12:13:35] 4 tRNA-Val [93899,93974] 34 (tac)
[12:13:35] 5 tRNA-Lys [93977,94052] 34 (ttt)
[12:13:35] 6 tRNA-Val [94104,94179] 34 (tac)
[12:13:35] 7 tRNA-Lys [94183,94258] 34 (ttt)
[12:13:35] 8 tRNA-Lys [94405,94480] 34 (ttt)
[12:13:35] 1 tRNA-Ser c[984,1071] 35 (tga)
[12:13:35] 1 tRNA-Ser [93826,93913] 35 (gga)
[12:13:35] 1 tRNA-Pro c[55113,55189] 35 (tgg)
[12:13:35] 2 tRNA-Leu c[55232,55318] 35 (cag)
[12:13:35] 3 tRNA-His c[55339,55414] 34 (gtg)
[12:13:35] 4 tRNA-Arg c[55473,55549] 35 (ccg)
[12:13:35] 5 tRNA-Trp c[90853,90928] 34 (cca)
[12:13:35] 6 tRNA-Asp c[90937,91013] 35 (gtc)
[12:13:35] 1 tRNA-SeC c[5239,5333] 35 (tca)
[12:13:35] 1 tRNA-Ser [54342,54422] 38 (gga)
[12:13:35] 1 tRNA-Leu c[9533,9619] 35 (taa)
[12:13:35] 2 tRNA-Cys c[9632,9705] 33 (gca)
[12:13:35] 3 tRNA-Gly c[9759,9834] 34 (gcc)
[12:13:35] 1 tRNA-Tyr [30561,30645] 35 (gta)
[12:13:35] 2 tRNA-Tyr [30855,30939] 35 (gta)
[12:13:36] 1 tRNA-Arg c[7478,7554] 35 (tct)
[12:13:36] 1 tmRNA c[4010,4372] 90,125 ANDENYALAA**
[12:13:36] 1 tRNA-Thr c[1520,1595] 34 (cgt)
[12:13:36] 1 tRNA-Ser c[1528,1617] 35 (cga)
[12:13:36] 2 tRNA-Asn [2609,2684] 34 (gtt)
[12:13:36] 3 tRNA-Asn c[16989,17064] 34 (gtt)
[12:13:36] 4 tRNA-Asn [18813,18888] 34 (gtt)
[12:13:36] 5 tRNA-Asn [21221,21296] 34 (gtt)
[12:13:36] 1 tRNA-Arg c[655,731] 35 (tct)
[12:13:36] 2 tRNA-Met c[812,887] 34 (cat)
[12:13:36] 1 tRNA-Met [3021,3096] 34 (cat)
[12:13:36] 2 tRNA-Arg [3104,3180] 35 (tcg)
[12:13:36] 3 tRNA-Arg [3194,3270] 35 (tct)
[12:13:36] 1 tRNA-Met [4673,4748] 34 (cat)
[12:13:36] 1 tRNA-Thr c[436,511] 34 (ggt)
[12:13:36] 2 tRNA-Gly c[518,592] 34 (tcc)
[12:13:36] 3 tRNA-Tyr c[709,793] 35 (gta)
[12:13:36] 4 tRNA-Thr c[802,877] 34 (tgt)
[12:13:36] 1 tRNA-Met [2330,2405] 34 (cat)
[12:13:36] 2 tRNA-Arg [2506,2582] 35 (tct)
[12:13:36] 1 tRNA-Arg c[333,409] 35 (tct)
[12:13:36] 2 tRNA-Arg c[423,499] 35 (tcg)
[12:13:36] 3 tRNA-Met c[501,576] 34 (cat)
[12:13:36] 1 tRNA-Thr c[1309,1384] 34 (ggt)
[12:13:36] 1 tRNA-Met [32,107] 34 (cat)
[12:13:36] 2 tRNA-Arg [117,193] 35 (tcg)
[12:13:36] 3 tRNA-Arg [207,283] 35 (tct)
[12:13:36] 1 tRNA-Met c[5,80] 34 (cat)
[12:13:36] 1 tRNA-Met [405,480] 34 (cat)
[12:13:36] 2 tRNA-Arg [488,564] 35 (tcg)
[12:13:36] 1 tRNA-Arg c[331,407] 35 (tct)
[12:13:36] 2 tRNA-Arg c[421,497] 35 (tcg)
[12:13:36] 3 tRNA-Met c[505,580] 34 (cat)
[12:13:36] Found 95 tRNAs
[12:13:36] Predicting Ribosomal RNAs
[12:13:36] Running Barrnap with 4 threads
[12:13:40] 1 contig00005 260791 5S ribosomal RNA (partial)
[12:13:40] 2 contig00012 146889 16S ribosomal RNA
[12:13:40] 3 contig00014 4 5S ribosomal RNA (partial)
[12:13:40] 4 contig00019 5 5S ribosomal RNA
[12:13:40] 5 contig00072 4348 5S ribosomal RNA (partial)
[12:13:40] 6 contig00090 5 23S ribosomal RNA (partial)
[12:13:40] 7 contig00090 2482 5S ribosomal RNA
[12:13:40] 8 contig00113 1157 5S ribosomal RNA
[12:13:40] 9 contig00113 1402 5S ribosomal RNA
[12:13:40] 10 contig00406 16 5S ribosomal RNA
[12:13:40] 11 contig00416 4 5S ribosomal RNA (partial)
[12:13:40] 12 contig00422 5 5S ribosomal RNA
[12:13:40] Found 12 rRNAs
[12:13:40] Scanning for ncRNAs... please be patient.
[12:13:40] Running: cmscan -Z 10.87593 --cut_ga --rfam --nohmmonly --fmt 2 --cpu 4 --tblout /dev/stdout -o /dev/null --noali /home/Team5/miniconda3/envs/gene_prediction/db/cm/Bacteria \.\/gp\/CGT1089\/PROKKA_04262022\.fna
[12:14:49] 1 ncRNA 1 contig00001 1..232
[12:14:49] 2 ncRNA 2 contig00001 1..195
[12:14:49] 3 ncRNA 3 contig00001 1..166
[12:14:49] 4 ncRNA 4 contig00001 1..142
[12:14:49] 5 ncRNA 5 contig00001 1..148
[12:14:49] 6 ncRNA 6 contig00001 1..123
[12:14:49] 7 ncRNA 7 contig00001 1..111
[12:14:49] 8 ncRNA 8 contig00001 1..158
[12:14:49] 9 ncRNA 9 contig00001 1..115
[12:14:49] 10 ncRNA 10 contig00001 1..85
[12:14:49] 11 ncRNA 11 contig00001 1..118
[12:14:49] 12 ncRNA 12 contig00001 1..93
[12:14:49] 13 ncRNA 13 contig00001 1..77
[12:14:49] 14 ncRNA 14 contig00001 1..97
[12:14:49] 15 ncRNA 15 contig00001 1..55
[12:14:49] 16 ncRNA 16 contig00001 1..114
[12:14:49] 17 ncRNA 17 contig00001 1..77
[12:14:49] 18 ncRNA 18 contig00001 1..77
[12:14:49] 19 ncRNA 19 contig00001 1..53
[12:14:49] 20 ncRNA 20 contig00001 1..57
[12:14:49] 21 ncRNA 21 contig00001 1..77
[12:14:49] 22 ncRNA 22 contig00001 1..46
[12:14:49] 23 ncRNA 23 contig00001 1..70
[12:14:49] 24 ncRNA 24 contig00001 1..77
[12:14:49] 25 ncRNA 25 contig00001 1..77
[12:14:49] 26 ncRNA 26 contig00001 1..77
[12:14:49] 27 ncRNA 27 contig00001 1..76
[12:14:49] 28 ncRNA 28 contig00001 1..77
[12:14:49] 29 ncRNA 29 contig00001 1..77
[12:14:49] 30 ncRNA 30 contig00001 1..77
[12:14:49] 31 ncRNA 31 contig00001 1..77
[12:14:49] 32 ncRNA 32 contig00001 1..105
[12:15:34] 33 ncRNA 33 contig00001 1..77
[12:15:34] 34 ncRNA 34 contig00001 1..77
[12:15:34] 35 ncRNA 35 contig00001 1..77
[12:15:34] 36 ncRNA 36 contig00001 1..77
[12:15:34] 37 ncRNA 37 contig00001 1..48
[12:15:34] 38 ncRNA 1 contig00002 1..356
[12:15:34] 39 ncRNA 2 contig00002 1..198
[12:15:34] 40 ncRNA 3 contig00002 1..147
[12:15:34] 41 ncRNA 4 contig00002 1..147
[12:15:34] 42 ncRNA 5 contig00002 1..188
[12:15:34] 43 ncRNA 6 contig00002 1..158
[12:15:34] 44 ncRNA 7 contig00002 1..87
[12:15:34] 45 ncRNA 8 contig00002 1..87
[12:15:34] 46 ncRNA 9 contig00002 1..75
[12:15:34] 47 ncRNA 10 contig00002 1..77
[12:15:34] 48 ncRNA 11 contig00002 1..75
[12:15:34] 49 ncRNA 12 contig00002 1..77
[12:16:42] 50 ncRNA 13 contig00002 1..43
[12:16:42] 51 ncRNA 14 contig00002 1..43
[12:16:42] 52 ncRNA 1 contig00003 1..428
[12:16:42] 53 ncRNA 2 contig00003 1..114
[12:16:42] 54 ncRNA 3 contig00003 1..158
[12:16:42] 55 ncRNA 4 contig00003 1..84
[12:16:42] 56 ncRNA 5 contig00003 1..66
[12:16:42] 57 ncRNA 6 contig00003 1..72
[12:16:42] 58 ncRNA 7 contig00003 1..84
[12:16:42] 59 ncRNA 8 contig00003 1..67
[12:16:42] 60 ncRNA 9 contig00003 1..77
[12:16:42] 61 ncRNA 10 contig00003 1..43
[12:16:42] 62 ncRNA 11 contig00003 1..32
[12:16:42] 63 ncRNA 1 contig00004 1..367
[12:16:42] 64 ncRNA 2 contig00004 1..123
[12:16:42] 65 ncRNA 3 contig00004 1..147
[12:16:42] 66 ncRNA 4 contig00004 1..177
[12:17:08] 67 ncRNA 5 contig00004 1..147
[12:17:08] 68 ncRNA 6 contig00004 1..140
[12:17:08] 69 ncRNA 7 contig00004 1..117
[12:17:08] 70 ncRNA 8 contig00004 1..106
[12:17:08] 71 ncRNA 9 contig00004 1..124
[12:17:08] 72 ncRNA 10 contig00004 1..64
[12:17:08] 73 ncRNA 11 contig00004 1..111
[12:17:08] 74 ncRNA 12 contig00004 1..77
[12:17:08] 75 ncRNA 13 contig00004 1..77
[12:17:08] 76 ncRNA 14 contig00004 1..77
[12:17:08] 77 ncRNA 15 contig00004 1..77
[12:17:08] 78 ncRNA 16 contig00004 1..77
[12:17:08] 79 ncRNA 17 contig00004 1..77
[12:17:08] 80 ncRNA 1 contig00005 1..296
[12:17:08] 81 ncRNA 2 contig00005 1..214
[12:17:08] 82 ncRNA 3 contig00005 1..110
[12:17:08] 83 ncRNA 4 contig00005 1..163
[12:17:52] 84 ncRNA 5 contig00005 1..92
[12:17:52] 85 ncRNA 6 contig00005 1..77
[12:17:52] 86 ncRNA 8 contig00005 1..87
[12:17:52] 87 ncRNA 1 contig00006 1..135
[12:17:52] 88 ncRNA 2 contig00006 1..135
[12:17:52] 89 ncRNA 3 contig00006 1..79
[12:17:52] 90 ncRNA 4 contig00006 1..74
[12:17:52] 91 ncRNA 5 contig00006 1..77
[12:17:52] 92 ncRNA 6 contig00006 1..77
[12:17:52] 93 ncRNA 7 contig00006 1..77
[12:17:52] 94 ncRNA 8 contig00006 1..28
[12:17:52] 95 ncRNA 1 contig00007 1..388
[12:17:52] 96 ncRNA 2 contig00007 1..62
[12:17:52] 97 ncRNA 3 contig00007 1..108
[12:17:52] 98 ncRNA 4 contig00007 1..52
[12:17:52] 99 ncRNA 5 contig00007 1..156
[12:18:32] 100 ncRNA 6 contig00007 1..202
[12:18:32] 101 ncRNA 7 contig00007 1..125
[12:18:32] 102 ncRNA 1 contig00008 1..65
[12:18:32] 103 ncRNA 2 contig00008 1..95
[12:18:32] 104 ncRNA 3 contig00008 1..77
[12:18:32] 105 ncRNA 4 contig00008 1..97
[12:18:32] 106 ncRNA 5 contig00008 1..77
[12:18:32] 107 ncRNA 6 contig00008 1..77
[12:18:32] 108 ncRNA 7 contig00008 1..83
[12:18:32] 109 ncRNA 8 contig00008 1..77
[12:18:32] 110 ncRNA 9 contig00008 1..77
[12:18:32] 111 ncRNA 10 contig00008 1..77
[12:18:32] 112 ncRNA 11 contig00008 1..77
[12:18:32] 113 ncRNA 12 contig00008 1..77
[12:18:32] 114 ncRNA 13 contig00008 1..77
[12:18:32] 115 ncRNA 1 contig00009 1..217
[12:18:32] 116 ncRNA 2 contig00009 1..119
[12:19:01] 117 ncRNA 3 contig00009 1..158
[12:19:01] 118 ncRNA 4 contig00009 1..96
[12:19:01] 119 ncRNA 5 contig00009 1..123
[12:19:01] 120 ncRNA 6 contig00009 1..100
[12:19:01] 121 ncRNA 7 contig00009 1..64
[12:19:01] 122 ncRNA 1 contig00010 1..94
[12:19:01] 123 ncRNA 2 contig00010 1..77
[12:19:01] 124 ncRNA 3 contig00010 1..77
[12:19:01] 125 ncRNA 4 contig00010 1..77
[12:19:01] 126 ncRNA 5 contig00010 1..84
[12:19:01] 127 ncRNA 6 contig00010 1..77
[12:19:01] 128 ncRNA 1 contig00011 1..308
[12:19:01] 129 ncRNA 2 contig00011 1..145
[12:19:01] 130 ncRNA 3 contig00011 1..428
[12:19:01] 131 ncRNA 4 contig00011 1..86
[12:19:01] 132 ncRNA 5 contig00011 1..100
[12:19:01] 133 ncRNA 6 contig00011 1..78
[12:19:57] 134 ncRNA 7 contig00011 1..87
[12:19:57] 135 ncRNA 8 contig00011 1..77
[12:19:57] 136 ncRNA 9 contig00011 1..77
[12:19:57] 137 ncRNA 1 contig00012 1..158
[12:19:57] 138 ncRNA 2 contig00012 1..130
[12:19:57] 139 ncRNA 3 contig00012 1..73
[12:19:57] 140 ncRNA 4 contig00012 1..81
[12:19:57] 141 ncRNA 5 contig00012 1..43
[12:19:57] 142 ncRNA 1 contig00013 1..163
[12:19:57] 143 ncRNA 2 contig00013 1..428
[12:19:57] 144 ncRNA 3 contig00013 1..109
[12:19:57] 145 ncRNA 4 contig00013 1..158
[12:19:57] 146 ncRNA 5 contig00013 1..158
[12:19:57] 147 ncRNA 1 contig00014 1..77
[12:19:57] 148 ncRNA 2 contig00014 1..43
[12:19:57] 149 ncRNA 3 contig00014 1..130
[12:19:57] 150 ncRNA 1 contig00015 1..214
[12:20:37] 151 ncRNA 2 contig00015 1..59
[12:20:37] 152 ncRNA 1 contig00016 1..194
[12:20:37] 153 ncRNA 2 contig00016 1..428
[12:20:37] 154 ncRNA 3 contig00016 1..77
[12:20:37] 155 ncRNA 1 contig00017 1..334
[12:20:37] 156 ncRNA 2 contig00017 1..169
[12:20:37] 157 ncRNA 3 contig00017 1..92
[12:20:37] 158 ncRNA 4 contig00017 1..50
[12:20:37] 159 ncRNA 5 contig00017 1..43
[12:20:37] 160 ncRNA 1 contig00018 1..147
[12:20:37] 161 ncRNA 2 contig00018 1..147
[12:20:37] 162 ncRNA 3 contig00018 1..147
[12:20:37] 163 ncRNA 4 contig00018 1..127
[12:20:37] 164 ncRNA 5 contig00018 1..85
[12:20:37] 165 ncRNA 6 contig00018 1..52
[12:20:37] 166 ncRNA 7 contig00018 1..77
[12:20:37] 167 ncRNA 8 contig00018 1..38
[12:20:37] 168 ncRNA 9 contig00018 1..38
[12:20:58] 169 ncRNA 1 contig00019 1..255
[12:20:58] 170 ncRNA 2 contig00019 1..108
[12:20:58] 171 ncRNA 3 contig00019 1..115
[12:20:58] 172 ncRNA 4 contig00019 1..59
[12:20:58] 173 ncRNA 5 contig00019 1..77
[12:20:58] 174 ncRNA 6 contig00019 1..77
[12:20:58] 175 ncRNA 7 contig00019 1..58
[12:20:58] 176 ncRNA 8 contig00019 1..71
[12:20:58] 177 ncRNA 1 contig00020 1..252
[12:20:58] 178 ncRNA 2 contig00020 1..212
[12:20:58] 179 ncRNA 3 contig00020 1..300
[12:20:58] 180 ncRNA 4 contig00020 1..88
[12:20:58] 181 ncRNA 1 contig00021 1..77
[12:20:58] 182 ncRNA 2 contig00021 1..77
[12:20:58] 183 ncRNA 3 contig00021 1..77
[12:20:58] 184 ncRNA 4 contig00021 1..44
[12:21:20] 185 ncRNA 1 contig00022 1..123
[12:21:20] 186 ncRNA 2 contig00022 1..38
[12:21:20] 187 ncRNA 1 contig00023 1..76
[12:21:20] 188 ncRNA 2 contig00023 1..76
[12:21:20] 189 ncRNA 3 contig00023 1..105
[12:21:20] 190 ncRNA 4 contig00023 1..77
[12:21:20] 191 ncRNA 1 contig00024 1..77
[12:21:20] 192 ncRNA 2 contig00024 1..77
[12:21:20] 193 ncRNA 3 contig00024 1..77
[12:21:20] 194 ncRNA 4 contig00024 1..77
[12:21:20] 195 ncRNA 1 contig00025 1..198
[12:21:20] 196 ncRNA 2 contig00025 1..85
[12:21:20] 197 ncRNA 3 contig00025 1..94
[12:21:20] 198 ncRNA 1 contig00026 1..183
[12:21:20] 199 ncRNA 2 contig00026 1..77
[12:21:20] 200 ncRNA 3 contig00026 1..77
[12:21:47] 201 ncRNA 4 contig00026 1..77
[12:21:47] 202 ncRNA 5 contig00026 1..162
[12:21:47] 203 ncRNA 1 contig00027 1..130
[12:21:47] 204 ncRNA 2 contig00027 1..130
[12:21:47] 205 ncRNA 3 contig00027 1..130
[12:21:47] 206 ncRNA 4 contig00027 1..66
[12:21:47] 207 ncRNA 1 contig00028 1..152
[12:21:47] 208 ncRNA 2 contig00028 1..292
[12:21:47] 209 ncRNA 3 contig00028 1..74
[12:21:47] 210 ncRNA 4 contig00028 1..134
[12:21:47] 211 ncRNA 5 contig00028 1..158
[12:21:47] 212 ncRNA 1 contig00029 1..72
[12:21:47] 213 ncRNA 1 contig00030 1..110
[12:21:47] 214 ncRNA 2 contig00030 1..191
[12:21:47] 215 ncRNA 1 contig00031 1..79
[12:21:47] 216 ncRNA 2 contig00031 1..66
[12:21:47] 217 ncRNA 1 contig00034 1..161
[12:21:47] 218 ncRNA 2 contig00034 1..66
[12:22:28] 219 ncRNA 3 contig00034 1..105
[12:22:28] 220 ncRNA 1 contig00035 1..140
[12:22:28] 221 ncRNA 2 contig00035 1..125
[12:22:28] 222 ncRNA 1 contig00036 1..77
[12:22:28] 223 ncRNA 1 contig00037 1..110
[12:22:28] 224 ncRNA 1 contig00040 1..158
[12:22:28] 225 ncRNA 2 contig00040 1..99
[12:22:28] 226 ncRNA 1 contig00041 1..87
[12:22:28] 227 ncRNA 2 contig00041 1..77
[12:22:28] 228 ncRNA 1 contig00042 1..206
[12:22:28] 229 ncRNA 1 contig00047 1..198
[12:22:28] 230 ncRNA 1 contig00048 1..198
[12:22:28] 231 ncRNA 1 contig00049 1..185
[12:22:28] 232 ncRNA 2 contig00049 1..92
[12:22:28] 233 ncRNA 1 contig00050 1..158
[12:22:28] 234 ncRNA 2 contig00050 1..52
[12:22:28] 235 ncRNA 1 contig00052 1..206
[12:22:28] 236 ncRNA 2 contig00052 1..158
[12:23:08] 237 ncRNA 3 contig00052 1..62
[12:23:08] 238 ncRNA 1 contig00054 1..158
[12:23:08] 239 ncRNA 2 contig00054 1..52
[12:23:08] 240 ncRNA 1 contig00058 1..59
[12:23:08] 241 ncRNA 1 contig00066 1..158
[12:23:08] 242 ncRNA 1 contig00067 1..77
[12:23:08] 243 ncRNA 2 contig00067 1..87
[12:23:08] 244 ncRNA 1 contig00068 1..206
[12:23:08] 245 ncRNA 1 contig00073 1..206
[12:23:08] 246 ncRNA 1 contig00078 1..54
[12:23:08] 247 ncRNA 1 contig00080 1..77
[12:23:08] 248 ncRNA 2 contig00080 1..87
[12:23:08] 249 ncRNA 3 contig00080 1..87
[12:23:08] 250 ncRNA 1 contig00085 1..206
[12:23:08] 251 ncRNA 1 contig00091 1..68
[12:23:08] 252 ncRNA 1 contig00098 1..118
[12:23:08] 253 ncRNA 1 contig00109 1..206
[12:23:38] 254 ncRNA 2 contig00109 1..53
[12:23:38] 255 ncRNA 1 contig00131 1..117
[12:23:38] 256 ncRNA 1 contig00132 1..206
[12:23:38] 257 ncRNA 2 contig00132 1..62
[12:23:38] 258 ncRNA 1 contig00136 1..117
[12:23:38] 259 ncRNA 1 contig00161 1..158
[12:23:38] 260 ncRNA 1 contig00176 1..59
[12:23:38] 261 ncRNA 1 contig00330 1..54
[12:23:38] Found 261 ncRNAs.
[12:23:38] Total of 106 tRNA + rRNA features
[12:23:38] Searching for CRISPR repeats
[12:23:39] CRISPR1 contig00002 99937 with 4 spacers
[12:23:40] Found 1 CRISPRs
[12:23:40] Predicting coding sequences
[12:23:40] Contigs total 5437965 bp, so using single mode
[12:23:40] Running: prodigal -i \.\/gp\/CGT1089\/PROKKA_04262022\.fna -c -m -g 11 -p single -f sco -q
[12:23:50] Excluding CDS which overlaps existing RNA (tRNA) at contig00002:43676..44323 on + strand
[12:23:53] Excluding CDS which overlaps existing RNA (rRNA) at contig00012:148073..148327 on + strand
[12:23:55] Excluding CDS which overlaps existing RNA (tRNA) at contig00025:9335..9586 on + strand
[12:23:55] Excluding CDS which overlaps existing RNA (tRNA) at contig00027:30552..31118 on - strand
[12:23:56] Found 5148 CDS
[12:23:56] Connecting features back to sequences
[12:23:56] Not using genus-specific database. Try --usegenus to enable it.
[12:23:56] Annotating CDS, please be patient.
[12:23:56] Will use 4 CPUs for similarity searching.
[12:23:59] There are still 5148 unannotated CDS left (started with 5148)
[12:23:59] Will use blast to search against /home/Team5/miniconda3/envs/gene_prediction/db/kingdom/Bacteria/IS with 4 CPUs
[12:23:59] Running: cat \.\/gp\/CGT1089\/PROKKA_04262022\.IS\.tmp\.707904\.faa | parallel --gnu --plain -j 4 --block 197761 --recstart '>' --pipe blastp -query - -db /home/Team5/miniconda3/envs/gene_prediction/db/kingdom/Bacteria/IS -evalue 1e-30 -qcov_hsp_perc 90 -num_threads 1 -num_descriptions 1 -num_alignments 1 -seg no > \.\/gp\/CGT1089\/PROKKA_04262022\.IS\.tmp\.707904\.blast 2> /dev/null
[12:25:13] Deleting unwanted file: ./gp/CGT1089/PROKKA_04262022.IS.tmp.707904.faa
[12:25:13] Deleting unwanted file: ./gp/CGT1089/PROKKA_04262022.IS.tmp.707904.blast
[12:25:16] There are still 5105 unannotated CDS left (started with 5148)
[12:25:16] Will use blast to search against /home/Team5/miniconda3/envs/gene_prediction/db/kingdom/Bacteria/AMR with 4 CPUs
[12:25:16] Running: cat \.\/gp\/CGT1089\/PROKKA_04262022\.AMR\.tmp\.707904\.faa | parallel --gnu --plain -j 4 --block 196451 --recstart '>' --pipe blastp -query - -db /home/Team5/miniconda3/envs/gene_prediction/db/kingdom/Bacteria/AMR -evalue 1e-300 -qcov_hsp_perc 90 -num_threads 1 -num_descriptions 1 -num_alignments 1 -seg no > \.\/gp\/CGT1089\/PROKKA_04262022\.AMR\.tmp\.707904\.blast 2> /dev/null
[12:26:10] Deleting unwanted file: ./gp/CGT1089/PROKKA_04262022.AMR.tmp.707904.faa
[12:26:10] Deleting unwanted file: ./gp/CGT1089/PROKKA_04262022.AMR.tmp.707904.blast
[12:26:14] There are still 5105 unannotated CDS left (started with 5148)
[12:26:14] Will use blast to search against /home/Team5/miniconda3/envs/gene_prediction/db/kingdom/Bacteria/sprot with 4 CPUs
[12:26:14] Running: cat \.\/gp\/CGT1089\/PROKKA_04262022\.sprot\.tmp\.707904\.faa | parallel --gnu --plain -j 4 --block 196451 --recstart '>' --pipe blastp -query - -db /home/Team5/miniconda3/envs/gene_prediction/db/kingdom/Bacteria/sprot -evalue 1e-09 -qcov_hsp_perc 80 -num_threads 1 -num_descriptions 1 -num_alignments 1 -seg no > \.\/gp\/CGT1089\/PROKKA_04262022\.sprot\.tmp\.707904\.blast 2> /dev/null
[12:30:00] Modify product: Uncharacterized protein YhfG => putative protein YhfG
[12:30:00] Modify product: Probable protein adenylyltransferase Fic => putative protein adenylyltransferase Fic
[12:30:00] Modify product: UPF0270 protein PA3463 => hypothetical protein
[12:30:00] Modify product: Uncharacterized ABC transporter ATP-binding protein YheS => putative ABC transporter ATP-binding protein YheS
[12:30:00] Modify product: Protein SlyX homolog => Protein SlyX 
[12:30:00] Modify product: Uncharacterized membrane protein YhdT => putative membrane protein YhdT
[12:30:00] Modify product: Probable acrylyl-CoA reductase AcuI => putative acrylyl-CoA reductase AcuI
[12:30:00] Modify product: Uncharacterized protein YhcO => putative protein YhcO
[12:30:00] Modify product: Uncharacterized protein YhcH => putative protein YhcH
[12:30:00] Modify product: Uncharacterized protein YrbL => putative protein YrbL
[12:30:00] Modify product: Uncharacterized inner membrane transporter YhbE => putative inner membrane transporter YhbE
[12:30:00] Modify product: Uncharacterized protease YhbU => putative protease YhbU
[12:30:00] Modify product: UPF0213 protein BH0048 => hypothetical protein
[12:30:00] Modify product: Uncharacterized fimbrial-like protein YraK => putative fimbrial-like protein YraK
[12:30:00] Modify product: Uncharacterized fimbrial-like protein YraK => putative fimbrial-like protein YraK
[12:30:00] Modify product: Probable fimbrial chaperone YraI => putative fimbrial chaperone YraI
[12:30:00] Modify product: Uncharacterized fimbrial-like protein YraH => putative fimbrial-like protein YraH
[12:30:00] Modify product: Probable glucosamine-6-phosphate deaminase 2 => putative glucosamine-6-phosphate deaminase 2
[12:30:00] Modify product: Probable galactarate transporter => putative galactarate transporter
[12:30:00] Modify product: UPF0597 protein YhaM => hypothetical protein
[12:30:00] Modify product: Uncharacterized protein YqjD => putative protein YqjD
[12:30:00] Modify product: Probable glycerol-3-phosphate acyltransferase => putative glycerol-3-phosphate acyltransferase
[12:30:00] Modify product: Probable siderophore transport system ATP-binding protein YusV => putative siderophore transport system ATP-binding protein YusV
[12:30:00] Modify product: Probable siderophore transport system permease protein YfiZ => putative siderophore transport system permease protein YfiZ
[12:30:00] Modify product: Probable quinol monooxygenase YgiN => putative quinol monooxygenase YgiN
[12:30:00] Modify product: Probable deoxycholate-binding periplasmic protein YgiS => putative deoxycholate-binding periplasmic protein YgiS
[12:30:00] Modify product: Uncharacterized oxidoreductase YghA => putative oxidoreductase YghA
[12:30:00] Modify product: Probable Ni/Fe-hydrogenase 2 b-type cytochrome subunit => putative Ni/Fe-hydrogenase 2 b-type cytochrome subunit
[12:30:00] Modify product: Probable multidrug resistance protein EmrY => putative multidrug resistance protein EmrY
[12:30:00] Modify product: Probable multidrug resistance protein EmrK => putative multidrug resistance protein EmrK
[12:30:00] Modify product: Probable cyclic di-GMP phosphodiesterase PdeA => putative cyclic di-GMP phosphodiesterase PdeA
[12:30:00] Modify product: Uncharacterized protein YfeY => putative protein YfeY
[12:30:00] Modify product: Uncharacterized protein Rv2575 => putative protein
[12:30:00] Modify product: Probable formate transporter 2 => putative formate transporter 2
[12:30:00] Modify product: Uncharacterized protein YfgD => putative protein YfgD
[12:30:01] Modify product: Uncharacterized protein YfgJ => putative protein YfgJ
[12:30:01] Modify product: UPF0070 protein HI_0370 => hypothetical protein
[12:30:01] Modify product: Uncharacterized protein Rv2307c => putative protein
[12:30:01] Modify product: Probable 3-phenylpropionic acid transporter => putative 3-phenylpropionic acid transporter
[12:30:01] Modify product: Uncharacterized protein YphB => putative protein YphB
[12:30:01] Modify product: Uncharacterized tRNA/rRNA methyltransferase YfiF => putative tRNA/rRNA methyltransferase YfiF
[12:30:01] Modify product: Uncharacterized protein YccU => putative protein YccU
[12:30:01] Modify product: UPF0319 protein HI_1681 => hypothetical protein
[12:30:01] Modify product: Uncharacterized protein YcbX => putative protein YcbX
[12:30:01] Modify product: Uncharacterized fimbrial chaperone YcbF => putative fimbrial chaperone YcbF
[12:30:01] Modify product: Uncharacterized fimbrial-like protein YcbV => putative fimbrial-like protein YcbV
[12:30:01] Modify product: Uncharacterized fimbrial-like protein YcbU => putative fimbrial-like protein YcbU
[12:30:01] Modify product: Uncharacterized fimbrial-like protein ElfG => putative fimbrial-like protein ElfG
[12:30:01] Modify product: Probable outer membrane usher protein ElfC => putative outer membrane usher protein ElfC
[12:30:01] Modify product: Probable outer membrane usher protein ElfC => putative outer membrane usher protein ElfC
[12:30:01] Modify product: Probable fimbrial chaperone protein ElfD => putative fimbrial chaperone protein ElfD
[12:30:01] Modify product: Probable L,D-transpeptidase YcbB => putative L,D-transpeptidase YcbB
[12:30:01] Modify product: UPF0434 protein YcaR => hypothetical protein
[12:30:01] Modify product: Probable formate transporter 1 => putative formate transporter 1
[12:30:01] Modify product: Uncharacterized protein YjbR => putative protein YjbR
[12:30:01] Modify product: Probable cyclic di-GMP phosphodiesterase PdeC => putative cyclic di-GMP phosphodiesterase PdeC
[12:30:01] Modify product: Uncharacterized ferredoxin-like protein YdhX => putative ferredoxin-like protein YdhX
[12:30:01] Modify product: Probable fructose-bisphosphate aldolase => putative fructose-bisphosphate aldolase
[12:30:01] Modify product: Probable transcriptional regulator PhnF => putative transcriptional regulator PhnF
[12:30:01] Modify product: Uncharacterized protein YjdJ => putative protein YjdJ
[12:30:01] Modify product: Probable cadaverine/lysine antiporter => putative cadaverine/lysine antiporter
[12:30:01] Modify product: UPF0716 protein FxsA => hypothetical protein
[12:30:01] Modify product: UPF0719 inner membrane protein YjfL => hypothetical protein
[12:30:01] Modify product: Probable L-ascorbate-6-phosphate lactonase UlaG => putative L-ascorbate-6-phosphate lactonase UlaG
[12:30:01] Modify product: Uncharacterized protein YtfJ => putative protein YtfJ
[12:30:01] Modify product: UPF0053 inner membrane protein YtfL => hypothetical protein
[12:30:01] Modify product: UPF0307 protein YjgA => hypothetical protein
[12:30:01] Modify product: Uncharacterized protein YjgL => putative protein YjgL
[12:30:01] Modify product: Probable 9-O-acetyl-N-acetylneuraminic acid deacetylase => putative 9-O-acetyl-N-acetylneuraminic acid deacetylase
[12:30:01] Modify product: Probable N-acetylneuraminic acid outer membrane channel protein NanC => putative N-acetylneuraminic acid outer membrane channel protein NanC
[12:30:01] Modify product: Probable major fimbrial subunit LpfA => putative major fimbrial subunit LpfA
[12:30:01] Modify product: Uncharacterized protein YjiK => putative protein YjiK
[12:30:01] Modify product: Probable type I restriction enzyme BthVORF4518P M protein => putative type I restriction enzymeP M protein
[12:30:01] Modify product: Probable L-galactonate transporter => putative L-galactonate transporter
[12:30:01] Modify product: Probable HTH-type transcriptional regulator LgoR => putative HTH-type transcriptional regulator LgoR
[12:30:01] Modify product: UPF0442 protein YjjB => hypothetical protein
[12:30:01] Modify product: Uncharacterized metal-dependent hydrolase YjjV => putative metal-dependent hydrolase YjjV
[12:30:01] Modify product: Uncharacterized protein YjjI => putative protein YjjI
[12:30:01] Modify product: Uncharacterized protein YjjI => putative protein YjjI
[12:30:02] Modify product: Probable fimbrial chaperone YehC => putative fimbrial chaperone YehC
[12:30:02] Modify product: Uncharacterized fimbrial-like protein YehD => putative fimbrial-like protein YehD
[12:30:02] Modify product: Probable peptidoglycan glycosyltransferase FtsW => putative peptidoglycan glycosyltransferase FtsW
[12:30:02] Modify product: UPF0231 protein YacL => hypothetical protein
[12:30:02] Modify product: Uncharacterized ABC transporter ATP-binding protein YadG => putative ABC transporter ATP-binding protein YadG
[12:30:02] Modify product: Uncharacterized fimbrial-like protein YadK => putative fimbrial-like protein YadK
[12:30:02] Modify product: Uncharacterized fimbrial-like protein YadL => putative fimbrial-like protein YadL
[12:30:02] Modify product: Uncharacterized fimbrial-like protein YadM => putative fimbrial-like protein YadM
[12:30:02] Modify product: Probable fimbrial chaperone YadV => putative fimbrial chaperone YadV
[12:30:02] Modify product: Uncharacterized fimbrial-like protein YadN => putative fimbrial-like protein YadN
[12:30:02] Modify product: UPF0126 inner membrane protein YadS => hypothetical protein
[12:30:02] Modify product: UPF0253 protein YaeP => hypothetical protein
[12:30:02] Modify product: Uncharacterized protein YaeQ => putative protein YaeQ
[12:30:02] Modify product: Probable autotransporter ROD_p1121 => putative autotransporter
[12:30:02] Modify product: Probable HTH-type transcriptional regulator YgaV => putative HTH-type transcriptional regulator YgaV
[12:30:02] Modify product: Uncharacterized protein YgaM => putative protein YgaM
[12:30:02] Modify product: Probable transporter SCO4007 => putative transporter
[12:30:02] Modify product: Probable UbiX-like flavin prenyltransferase => putative UbiX-like flavin prenyltransferase
[12:30:02] Modify product: Uncharacterized protein YgcP => putative protein YgcP
[12:30:02] Modify product: Probable glucarate transporter => putative glucarate transporter
[12:30:02] Modify product: Uncharacterized protein PA3435 => putative protein
[12:30:02] Modify product: Uncharacterized protein YqcC => putative protein YqcC
[12:30:02] Modify product: Uncharacterized HTH-type transcriptional regulator YdjF => putative HTH-type transcriptional regulator YdjF
[12:30:02] Modify product: UPF0382 inner membrane protein YgdD => hypothetical protein
[12:30:02] Modify product: Uncharacterized lipoprotein YgdR => putative lipoprotein YgdR
[12:30:02] Modify product: UPF0053 inner membrane protein YgdQ => hypothetical protein
[12:30:02] Modify product: Uncharacterized lipoprotein YgdR => putative lipoprotein YgdR
[12:30:03] Modify product: Probable ATP synthase SpaL => putative ATP synthase SpaL
[12:30:03] Modify product: Uncharacterized protein YqfG => putative protein YqfG
[12:30:03] Modify product: UPF0073 inner membrane protein YqfA => hypothetical protein
[12:30:03] Modify product: UPF0267 protein YqfB => hypothetical protein
[12:30:03] Modify product: UPF0149 protein HI_0817 => hypothetical protein
[12:30:03] Modify product: UPF0301 protein YqgE => hypothetical protein
[12:30:03] Modify product: Uncharacterized protein YggR => putative protein YggR
[12:30:03] Modify product: UPF0235 protein YggU => hypothetical protein
[12:30:03] Modify product: Uncharacterized protein HI_0341 => putative protein
[12:30:03] Modify product: Probable Fe(2+)-trafficking protein => putative Fe(2+)-trafficking protein
[12:30:03] Modify product: Uncharacterized signaling protein PA1727 => putative signaling protein
[12:30:03] Modify product: Uncharacterized GST-like protein YibF => putative GST-like protein YibF
[12:30:03] Modify product: Probable lipoprotein YiaD => putative lipoprotein YiaD
[12:30:03] Modify product: Uncharacterized MFS-type transporter YhjX => putative MFS-type transporter YhjX
[12:30:03] Modify product: Probable major fimbrial subunit LpfA => putative major fimbrial subunit LpfA
[12:30:03] Modify product: Probable fimbrial chaperone LpfB => putative fimbrial chaperone LpfB
[12:30:03] Modify product: Probable outer membrane usher protein LpfC => putative outer membrane usher protein LpfC
[12:30:03] Modify product: Probable outer membrane usher protein LpfC' => putative outer membrane usher protein LpfC'
[12:30:03] Modify product: Probable minor fimbrial subunit LpfD => putative minor fimbrial subunit LpfD
[12:30:03] Modify product: Probable fimbrial subunit LpfE => putative fimbrial subunit LpfE
[12:30:03] Modify product: Probable cyclic di-GMP phosphodiesterase PdeK => putative cyclic di-GMP phosphodiesterase PdeK
[12:30:03] Modify product: Uncharacterized protein HI_0933 => putative protein
[12:30:03] Modify product: Uncharacterized MFS-type transporter YhhS => putative MFS-type transporter YhhS
[12:30:03] Modify product: Uncharacterized protein YhhA => putative protein YhhA
[12:30:03] Modify product: Uncharacterized oxidoreductase YhhX => putative oxidoreductase YhhX
[12:30:03] Modify product: UPF0056 inner membrane protein YhgN => hypothetical protein
[12:30:03] Modify product: Probable [Fe-S]-dependent transcriptional repressor FeoC => putative [Fe-S]-dependent transcriptional repressor FeoC
[12:30:03] Modify product: Putative membrane protein IgaA homolog => Putative membrane protein IgaA 
[12:30:04] Modify product: Probable fructoselysine utilization operon transcriptional repressor => putative fructoselysine utilization operon transcriptional repressor
[12:30:04] Modify product: Probable fructoselysine/psicoselysine transporter FrlA => putative fructoselysine/psicoselysine transporter FrlA
[12:30:04] Modify product: Uncharacterized MFS-type transporter YcaD => putative MFS-type transporter YcaD
[12:30:04] Modify product: Probable hydrolase YcaC => putative hydrolase YcaC
[12:30:04] Modify product: Probable ABC transporter ATP-binding/permease protein HI_0664 => putative ABC transporter ATP-binding/permease protein
[12:30:04] Modify product: UPF0145 protein YbjQ => hypothetical protein
[12:30:04] Modify product: Uncharacterized lipoprotein YbjP => putative lipoprotein YbjP
[12:30:04] Modify product: Uncharacterized protein YbjN => putative protein YbjN
[12:30:04] Modify product: Probable cyclic di-GMP phosphodiesterase PdeI => putative cyclic di-GMP phosphodiesterase PdeI
[12:30:04] Modify product: Uncharacterized protein YbiU => putative protein YbiU
[12:30:04] Modify product: Uncharacterized ABC transporter ATP-binding protein YbiT => putative ABC transporter ATP-binding protein YbiT
[12:30:04] Modify product: Probable L,D-transpeptidase YbiS => putative L,D-transpeptidase YbiS
[12:30:04] Modify product: Uncharacterized protein McbA => putative protein McbA
[12:30:04] Modify product: PKHD-type hydroxylase Sbal_3634 => PKHD-type hydroxylase
[12:30:04] Modify product: Uncharacterized protein YbiI => putative protein YbiI
[12:30:04] Modify product: Uncharacterized protein YbiB => putative protein YbiB
[12:30:04] Modify product: UPF0194 membrane protein YbhG => hypothetical protein
[12:30:04] Modify product: Probable multidrug ABC transporter ATP-binding protein YbhF => putative multidrug ABC transporter ATP-binding protein YbhF
[12:30:04] Modify product: Probable multidrug ABC transporter permease YbhS => putative multidrug ABC transporter permease YbhS
[12:30:04] Modify product: Probable multidrug ABC transporter permease YbhR => putative multidrug ABC transporter permease YbhR
[12:30:04] Modify product: UPF0098 protein YbhB => hypothetical protein
[12:30:04] Modify product: UPF0060 membrane protein YnfA => hypothetical protein
[12:30:04] Modify product: UPF0482 protein YnfB => hypothetical protein
[12:30:04] Modify product: Uncharacterized protein YnfD => putative protein YnfD
[12:30:04] Modify product: Probable dimethyl sulfoxide reductase chain YnfF => putative dimethyl sulfoxide reductase chain YnfF
[12:30:04] Modify product: Uncharacterized oxidoreductase YdgJ => putative oxidoreductase YdgJ
[12:30:04] Modify product: Uncharacterized protein YnhF => putative protein YnhF
[12:30:04] Modify product: Uncharacterized HTH-type transcriptional regulator YahB => putative HTH-type transcriptional regulator YahB
[12:30:04] Modify product: Probable autotransporter ROD_p1121 => putative autotransporter
[12:30:04] Modify product: Uncharacterized protein YdhT => putative protein YdhT
[12:30:04] Modify product: Uncharacterized ferredoxin-like protein YdhX => putative ferredoxin-like protein YdhX
[12:30:04] Modify product: Uncharacterized protein YdhW => putative protein YdhW
[12:30:04] Modify product: Uncharacterized oxidoreductase YdhV => putative oxidoreductase YdhV
[12:30:04] Modify product: Uncharacterized ferredoxin-like protein YdhY => putative ferredoxin-like protein YdhY
[12:30:04] Modify product: Probable L,D-transpeptidase YnhG => putative L,D-transpeptidase YnhG
[12:30:04] Modify product: Probable ATP-dependent transporter SufC => putative ATP-dependent transporter SufC
[12:30:04] Modify product: Uncharacterized protein HI_1163 => putative protein
[12:30:04] Modify product: Uncharacterized protein YdiE => putative protein YdiE
[12:30:04] Modify product: Uncharacterized protein YniD => putative protein YniD
[12:30:04] Modify product: Probable ketoamine kinase lp_1983 => putative ketoamine kinase
[12:30:04] Modify product: Uncharacterized transporter YycB => putative transporter YycB
[12:30:04] Modify product: Uncharacterized protein HI_0131 => putative protein
[12:30:04] Modify product: Probable diguanylate cyclase DgcC => putative diguanylate cyclase DgcC
[12:30:04] Modify product: UPF0178 protein YaiI => hypothetical protein
[12:30:04] Modify product: Uncharacterized protein YaiA => putative protein YaiA
[12:30:04] Modify product: Uncharacterized lipoprotein YajI => putative lipoprotein YajI
[12:30:04] Modify product: UPF0234 protein YajQ => hypothetical protein
[12:30:04] Modify product: Uncharacterized protein HI_1008 => putative protein
[12:30:05] Modify product: Probable multidrug resistance ABC transporter ATP-binding/permease protein YheI => putative multidrug resistance ABC transporter ATP-binding/permease protein YheI
[12:30:05] Modify product: Uncharacterized lipoprotein YbaY => putative lipoprotein YbaY
[12:30:05] Modify product: Uncharacterized protein YbaA => putative protein YbaA
[12:30:05] Modify product: Probable cyclic di-GMP phosphodiesterase PdeB => putative cyclic di-GMP phosphodiesterase PdeB
[12:30:05] Modify product: Uncharacterized HTH-type transcriptional regulator YbaQ => putative HTH-type transcriptional regulator YbaQ
[12:30:05] Modify product: Probable iron export ATP-binding protein FetA => putative iron export ATP-binding protein FetA
[12:30:05] Modify product: Probable iron export permease protein FetB => putative iron export permease protein FetB
[12:30:05] Modify product: Uncharacterized protein YncE => putative protein YncE
[12:30:05] Modify product: Uncharacterized protein YdcY => putative protein YdcY
[12:30:05] Modify product: Probable mRNA interferase toxin HicA => putative mRNA interferase toxin HicA
[12:30:05] Modify product: 23S rRNA 5-hydroxycytidine C2501 synthase => 23S rRNA 5-hydroxycytidine synthase
[12:30:05] Modify product: Uncharacterized protein Rv3292 => putative protein
[12:30:05] Modify product: Uncharacterized protein YnbD => putative protein YnbD
[12:30:05] Modify product: Uncharacterized protein YnbC => putative protein YnbC
[12:30:05] Modify product: Probable cystine transporter YijE => putative cystine transporter YijE
[12:30:05] Modify product: Uncharacterized protein YcgM => putative protein YcgM
[12:30:05] Modify product: Probable autotransporter ROD_p1121 => putative autotransporter
[12:30:05] Modify product: Uncharacterized fimbrial-like protein YfcQ => putative fimbrial-like protein YfcQ
[12:30:05] Modify product: Uncharacterized fimbrial-like protein YfcR => putative fimbrial-like protein YfcR
[12:30:05] Modify product: Probable fimbrial chaperone YfcS => putative fimbrial chaperone YfcS
[12:30:05] Modify product: Uncharacterized fimbrial-like protein YfcV => putative fimbrial-like protein YfcV
[12:30:05] Modify product: UPF0381 protein YiiS => hypothetical protein
[12:30:05] Modify product: Uncharacterized protein HI_0431 => putative protein
[12:30:05] Modify product: UPF0125 protein RatB => hypothetical protein
[12:30:05] Modify product: UPF0053 inner membrane protein YfjD => hypothetical protein
[12:30:05] Modify product: UPF0053 inner membrane protein YfjD => hypothetical protein
[12:30:05] Modify product: UPF0255 protein VV1_0328 => hypothetical protein
[12:30:05] Modify product: Uncharacterized N-acetyltransferase YafP => putative N-acetyltransferase YafP
[12:30:05] Modify product: Probable transcriptional regulatory protein YeeN => putative transcriptional regulatory protein YeeN
[12:30:05] Modify product: Probable FMN/FAD exporter YeeO => putative FMN/FAD exporter YeeO
[12:30:05] Modify product: Probable L,D-transpeptidase ErfK/SrfK => putative L,D-transpeptidase ErfK/SrfK
[12:30:05] Modify product: Probable L,D-transpeptidase ErfK/SrfK => putative L,D-transpeptidase ErfK/SrfK
[12:30:05] Modify product: UPF0401 protein YkfF => hypothetical protein
[12:30:05] Modify product: Uncharacterized protein PA2218 => putative protein
[12:30:05] Modify product: Uncharacterized oxidoreductase SA2266 => putative oxidoreductase
[12:30:05] Modify product: Uncharacterized protein YbdM => putative protein YbdM
[12:30:05] Modify product: UPF0401 protein YkfF => hypothetical protein
[12:30:05] Modify product: UPF0758 protein => hypothetical protein
[12:30:05] Modify product: Uncharacterized protein YdfO => putative protein YdfO
[12:30:05] Modify product: Uncharacterized protein YlcG => putative protein YlcG
[12:30:05] Modify product: Probable fimbrial chaperone EcpB => putative fimbrial chaperone EcpB
[12:30:05] Modify product: Probable outer membrane usher protein EcpC => putative outer membrane usher protein EcpC
[12:30:05] Modify product: Probable fimbrial chaperone EcpE => putative fimbrial chaperone EcpE
[12:30:05] Modify product: Prophage tail fiber assembly protein homolog TfaE => Prophage tail fiber assembly protein TfaE
[12:30:06] Modify product: UPF0265 protein YeeX => hypothetical protein
[12:30:06] Modify product: Uncharacterized protein YdfB => putative protein YdfB
[12:30:06] Modify product: Uncharacterized HTH-type transcriptional regulator CBU_1416 => putative HTH-type transcriptional regulator
[12:30:06] Modify product: UPF0098 protein YbcL => hypothetical protein
[12:30:06] Modify product: Uncharacterized protein YlcG => putative protein YlcG
[12:30:06] Modify product: Prophage tail fiber assembly protein homolog TfaE => Prophage tail fiber assembly protein TfaE
[12:30:06] Modify product: UPF0381 protein YiiS => hypothetical protein
[12:30:06] Modify product: Probable protein kinase UbiB => putative protein kinase UbiB
[12:30:06] Modify product: Probable transport protein YifK => putative transport protein YifK
[12:30:06] Modify product: Probable ECA polymerase => putative ECA polymerase
[12:30:06] Modify product: UPF0438 protein YifE => hypothetical protein
[12:30:06] Modify product: Uncharacterized HTH-type transcriptional regulator RhmR => putative HTH-type transcriptional regulator RhmR
[12:30:06] Modify product: Probable 4-deoxy-4-formamido-L-arabinose-phosphoundecaprenol deformylase ArnD => putative 4-deoxy-4-formamido-L-arabinose-phosphoundecaprenol deformylase ArnD
[12:30:06] Modify product: Probable 4-amino-4-deoxy-L-arabinose-phosphoundecaprenol flippase subunit ArnE => putative 4-amino-4-deoxy-L-arabinose-phosphoundecaprenol flippase subunit ArnE
[12:30:06] Modify product: Probable 4-amino-4-deoxy-L-arabinose-phosphoundecaprenol flippase subunit ArnF => putative 4-amino-4-deoxy-L-arabinose-phosphoundecaprenol flippase subunit ArnF
[12:30:06] Modify product: UPF0304 protein YfbU => hypothetical protein
[12:30:06] Modify product: UPF0208 membrane protein YfbV => hypothetical protein
[12:30:06] Modify product: Uncharacterized Nudix hydrolase YfcD => putative Nudix hydrolase YfcD
[12:30:06] Modify product: Epimerase family protein SA0724 => Epimerase family protein
[12:30:06] Modify product: Uncharacterized MFS-type transporter YfcJ => putative MFS-type transporter YfcJ
[12:30:06] Modify product: Probable membrane transporter protein YfcA => putative membrane transporter protein YfcA
[12:30:06] Modify product: Uncharacterized protein YfcO => putative protein YfcO
[12:30:06] Modify product: Uncharacterized fimbrial-like protein YfcP => putative fimbrial-like protein YfcP
[12:30:06] Modify product: Uncharacterized fimbrial-like protein YfcQ => putative fimbrial-like protein YfcQ
[12:30:06] Modify product: UPF0126 inner membrane protein YicG => hypothetical protein
[12:30:06] Modify product: UPF0701 protein YicC => hypothetical protein
[12:30:06] Modify product: UPF0758 protein SP_1088 => hypothetical protein
[12:30:06] Modify product: Uncharacterized protein YibN => putative protein YibN
[12:30:06] Modify product: Uncharacterized protein YibL => putative protein YibL
[12:30:06] Modify product: Probable fimbrial chaperone YehC => putative fimbrial chaperone YehC
[12:30:06] Modify product: Uncharacterized fimbrial-like protein YehD => putative fimbrial-like protein YehD
[12:30:06] Modify product: Uncharacterized protein YehL => putative protein YehL
[12:30:06] Modify product: Uncharacterized lipoprotein YehR => putative lipoprotein YehR
[12:30:06] Modify product: Uncharacterized protein YcjY => putative protein YcjY
[12:30:06] Modify product: Uncharacterized oxidoreductase YtbE => putative oxidoreductase YtbE
[12:30:06] Modify product: Probable pyridine nucleotide-disulfide oxidoreductase RclA => putative pyridine nucleotide-disulfide oxidoreductase RclA
[12:30:06] Modify product: Uncharacterized HTH-type transcriptional regulator YahB => putative HTH-type transcriptional regulator YahB
[12:30:06] Modify product: Uncharacterized HTH-type transcriptional regulator YahB => putative HTH-type transcriptional regulator YahB
[12:30:06] Modify product: Prophage tail fiber assembly protein homolog TfaE => Prophage tail fiber assembly protein TfaE
[12:30:06] Modify product: UPF0394 inner membrane protein YedE => hypothetical protein
[12:30:06] Modify product: Uncharacterized N-acetyltransferase YsnE => putative N-acetyltransferase YsnE
[12:30:06] Modify product: Probable diguanylate cyclase DgcQ => putative diguanylate cyclase DgcQ
[12:30:06] Modify product: Uncharacterized inner membrane transporter YedA => putative inner membrane transporter YedA
[12:30:07] Modify product: Uncharacterized protein YedJ => putative protein YedJ
[12:30:07] Modify product: Cytochrome b561 homolog 1 => Cytochrome b561 
[12:30:07] Modify product: Uncharacterized lipoprotein GfcB => putative lipoprotein GfcB
[12:30:07] Modify product: UPF0337 protein YjbJ => hypothetical protein
[12:30:07] Modify product: UPF0259 membrane protein YciC => hypothetical protein
[12:30:07] Modify product: Probable intracellular septation protein A => putative intracellular septation protein A
[12:30:07] Modify product: Uncharacterized acyl-CoA thioester hydrolase HI_0827 => putative acyl-CoA thioester hydrolase
[12:30:07] Modify product: UPF0263 protein YciU => hypothetical protein
[12:30:07] Modify product: UPF0056 inner membrane protein MarC => hypothetical protein
[12:30:07] Modify product: Uncharacterized NTE family protein Rv1063c => putative NTE family protein
[12:30:07] Modify product: UPF0225 protein YchJ => hypothetical protein
[12:30:07] Modify product: Uncharacterized fimbrial-like protein SfmF => putative fimbrial-like protein SfmF
[12:30:07] Modify product: Uncharacterized fimbrial-like protein SfmH => putative fimbrial-like protein SfmH
[12:30:07] Modify product: Probable fimbrial chaperone SfmC => putative fimbrial chaperone SfmC
[12:30:07] Modify product: Uncharacterized fimbrial-like protein SfmA => putative fimbrial-like protein SfmA
[12:30:07] Modify product: Bifunctional protein FolD => Bifunctional protein FolD protein
[12:30:07] Modify product: Uncharacterized protein YbcJ => putative protein YbcJ
[12:30:07] Modify product: Probable DNA endonuclease SmrA => putative DNA endonuclease SmrA
[12:30:07] Modify product: Uncharacterized protein YcjY => putative protein YcjY
[12:30:07] Modify product: Uncharacterized protein YcjY => putative protein YcjY
[12:30:07] Modify product: Uncharacterized protein YcjY => putative protein YcjY
[12:30:07] Modify product: UPF0283 membrane protein YcjF => hypothetical protein
[12:30:07] Modify product: Uncharacterized protein YcjX => putative protein YcjX
[12:30:07] Modify product: UPF0509 protein YciZ => hypothetical protein
[12:30:07] Modify product: Uncharacterized protein YciH => putative protein YciH
[12:30:07] Modify product: Probable protease SohB => putative protease SohB
[12:30:07] Modify product: Uncharacterized oxidoreductase YciK => putative oxidoreductase YciK
[12:30:07] Modify product: Uncharacterized protein YciO => putative protein YciO
[12:30:07] Modify product: Probable autotransporter YfaL => putative autotransporter YfaL
[12:30:07] Modify product: Probable autotransporter ROD_p1121 => putative autotransporter
[12:30:07] Modify product: UPF0352 protein YejL => hypothetical protein
[12:30:07] Modify product: Uncharacterized protein YejG => putative protein YejG
[12:30:07] Modify product: Uncharacterized ABC transporter ATP-binding protein YejF => putative ABC transporter ATP-binding protein YejF
[12:30:07] Modify product: Probable cyclic di-GMP phosphodiesterase PdeN => putative cyclic di-GMP phosphodiesterase PdeN
[12:30:07] Modify product: UPF0324 inner membrane protein YeiH => hypothetical protein
[12:30:07] Modify product: UPF0299 membrane protein YohJ => hypothetical protein
[12:30:07] Modify product: Uncharacterized oxidoreductase YohF => putative oxidoreductase YohF
[12:30:07] Modify product: UPF0387 membrane protein YohO => hypothetical protein
[12:30:07] Modify product: Uncharacterized HTH-type transcriptional regulator YdjF => putative HTH-type transcriptional regulator YdjF
[12:30:07] Modify product: Uncharacterized sugar kinase YdjH => putative sugar kinase YdjH
[12:30:07] Modify product: Uncharacterized protein YdjI => putative protein YdjI
[12:30:07] Modify product: Uncharacterized zinc-type alcohol dehydrogenase-like protein YdjJ => putative zinc-type alcohol dehydrogenase-like protein YdjJ
[12:30:07] Modify product: Stress response UPF0229 protein YhbH => hypothetical protein
[12:30:07] Modify product: Probable diguanylate cyclase CdgI => putative diguanylate cyclase CdgI
[12:30:07] Modify product: Probable diguanylate cyclase DgcJ => putative diguanylate cyclase DgcJ
[12:30:07] Modify product: Uncharacterized protein YeaR => putative protein YeaR
[12:30:07] Modify product: Probable ATP-dependent DNA helicase YoaA => putative ATP-dependent DNA helicase YoaA
[12:30:07] Modify product: Probable cyclic di-GMP phosphodiesterase PdeD => putative cyclic di-GMP phosphodiesterase PdeD
[12:30:07] Modify product: UPF0053 inner membrane protein YoaE => hypothetical protein
[12:30:07] Modify product: UPF0266 membrane protein YobD => hypothetical protein
[12:30:07] Modify product: Probable manganese efflux pump MntP => putative manganese efflux pump MntP
[12:30:07] Modify product: Uncharacterized protein YebV => putative protein YebV
[12:30:07] Modify product: Probable transcriptional regulatory protein YebC => putative transcriptional regulatory protein YebC
[12:30:08] Modify product: Probable ATP synthase YscN => putative ATP synthase YscN
[12:30:08] Modify product: Uncharacterized protein YjiK => putative protein YjiK
[12:30:08] Modify product: Uncharacterized inner membrane transporter YicL => putative inner membrane transporter YicL
[12:30:08] Modify product: Uncharacterized symporter YidK => putative symporter YidK
[12:30:08] Modify product: Uncharacterized fimbrial-like protein ElfG => putative fimbrial-like protein ElfG
[12:30:08] Modify product: Uncharacterized fimbrial-like protein ElfG => putative fimbrial-like protein ElfG
[12:30:08] Modify product: Probable outer membrane usher protein ElfC => putative outer membrane usher protein ElfC
[12:30:08] Modify product: Probable fimbrial chaperone YraI => putative fimbrial chaperone YraI
[12:30:08] Modify product: Probable major fimbrial subunit LpfA => putative major fimbrial subunit LpfA
[12:30:08] Modify product: Probable transport protein HsrA => putative transport protein HsrA
[12:30:08] Modify product: Uncharacterized protein YbdM => putative protein YbdM
[12:30:08] Modify product: Uncharacterized HTH-type transcriptional regulator YbdO => putative HTH-type transcriptional regulator YbdO
[12:30:08] Modify product: Probable zinc-binding alcohol dehydrogenase Rv1895 => putative zinc-binding alcohol dehydrogenase
[12:30:08] Modify product: Uncharacterized HTH-type transcriptional regulator YbdO => putative HTH-type transcriptional regulator YbdO
[12:30:08] Modify product: UPF0250 protein YbeD => hypothetical protein
[12:30:08] Modify product: Uncharacterized lipoprotein ChiQ => putative lipoprotein ChiQ
[12:30:08] Modify product: Uncharacterized protein YbfE => putative protein YbfE
[12:30:08] Modify product: Uncharacterized methyltransferase YcgJ => putative methyltransferase YcgJ
[12:30:08] Modify product: GTP cyclohydrolase 1 type 2 homolog => GTP cyclohydrolase 1 type 2 
[12:30:08] Modify product: Uncharacterized fimbrial-like protein YbgD => putative fimbrial-like protein YbgD
[12:30:08] Modify product: Probable amino-acid metabolite efflux pump => putative amino-acid metabolite efflux pump
[12:30:08] Modify product: UPF0056 inner membrane protein MarC => hypothetical protein
[12:30:08] Modify product: Probable glutamate/gamma-aminobutyrate antiporter => putative glutamate/gamma-aminobutyrate antiporter
[12:30:08] Modify product: Probable D,D-dipeptide-binding periplasmic protein DdpA => putative D,D-dipeptide-binding periplasmic protein DdpA
[12:30:08] Modify product: Probable D,D-dipeptide transport system permease protein DdpB => putative D,D-dipeptide transport system permease protein DdpB
[12:30:08] Modify product: Probable D,D-dipeptide transport system permease protein DdpC => putative D,D-dipeptide transport system permease protein DdpC
[12:30:08] Modify product: Probable D,D-dipeptide transport ATP-binding protein DdpD => putative D,D-dipeptide transport ATP-binding protein DdpD
[12:30:08] Modify product: Probable D,D-dipeptide transport ATP-binding protein DdpF => putative D,D-dipeptide transport ATP-binding protein DdpF
[12:30:08] Modify product: Uncharacterized HTH-type transcriptional regulator YddM => putative HTH-type transcriptional regulator YddM
[12:30:08] Modify product: Probable nitrate reductase molybdenum cofactor assembly chaperone NarW => putative nitrate reductase molybdenum cofactor assembly chaperone NarW
[12:30:08] Modify product: Uncharacterized isomerase YddE => putative isomerase YddE
[12:30:08] Modify product: Probable Ni/Fe-hydrogenase 1 B-type cytochrome subunit => putative Ni/Fe-hydrogenase 1 B-type cytochrome subunit
[12:30:08] Modify product: Uncharacterized lipoprotein GfcB => putative lipoprotein GfcB
[12:30:08] Modify product: Uncharacterized protein YccJ => putative protein YccJ
[12:30:08] Modify product: Probable malonic semialdehyde reductase RutE => putative malonic semialdehyde reductase RutE
[12:30:08] Modify product: Probable diguanylate cyclase DgcT => putative diguanylate cyclase DgcT
[12:30:08] Modify product: Probable cyclic di-GMP phosphodiesterase PdeN => putative cyclic di-GMP phosphodiesterase PdeN
[12:30:08] Modify product: Probable fimbrial chaperone YadV => putative fimbrial chaperone YadV
[12:30:08] Modify product: Probable outer membrane usher protein LpfC' => putative outer membrane usher protein LpfC'
[12:30:08] Modify product: Probable outer membrane usher protein ElfC => putative outer membrane usher protein ElfC
[12:30:08] Modify product: Probable fimbrial chaperone YadV => putative fimbrial chaperone YadV
[12:30:08] Modify product: Uncharacterized ABC transporter ATP-binding protein YknY => putative ABC transporter ATP-binding protein YknY
[12:30:08] Modify product: Probable L,D-transpeptidase YcfS => putative L,D-transpeptidase YcfS
[12:30:08] Modify product: UPF0227 protein YcfP => hypothetical protein
[12:30:08] Modify product: Uncharacterized metal-dependent hydrolase YcfH => putative metal-dependent hydrolase YcfH
[12:30:08] Modify product: UPF0502 protein YceH => hypothetical protein
[12:30:08] Modify product: Uncharacterized lipoprotein YceB => putative lipoprotein YceB
[12:30:08] Modify product: Uncharacterized protein YceO => putative protein YceO
[12:30:08] Modify product: Cytochrome b561 homolog 2 => Cytochrome b561 
[12:30:08] Modify product: UPF0176 protein YceA => hypothetical protein
[12:30:08] Modify product: Uncharacterized protein YmdA => putative protein YmdA
[12:30:08] Modify product: Probable phosphatase YcdX => putative phosphatase YcdX
[12:30:08] Modify product: UPF0758 protein CT0611 => hypothetical protein
[12:30:08] Modify product: Prophage tail fiber assembly protein homolog TfaE => Prophage tail fiber assembly protein TfaE
[12:30:08] Modify product: 23S rRNA 5-hydroxycytidine C2501 synthase => 23S rRNA 5-hydroxycytidine synthase
[12:30:08] Modify product: UPF0339 protein YegP => hypothetical protein
[12:30:08] Modify product: Probable diguanylate cyclase DgcE => putative diguanylate cyclase DgcE
[12:30:08] Modify product: Probable diguanylate cyclase DgcE => putative diguanylate cyclase DgcE
[12:30:08] Modify product: UPF0053 inner membrane protein YoaE => hypothetical protein
[12:30:08] Modify product: UPF0394 inner membrane protein YeeE => hypothetical protein
[12:30:08] Modify product: Probable acyltransferase YihG => putative acyltransferase YihG
[12:30:08] Modify product: Probable GTP-binding protein EngB => putative GTP-binding protein EngB
[12:30:08] Modify product: Uncharacterized protein YshB => putative protein YshB
[12:30:08] Modify product: Uncharacterized protein YihR => putative protein YihR
[12:30:08] Modify product: UPF0761 membrane protein YihY => hypothetical protein
[12:30:09] Cleaned 387 /product names
[12:30:09] Deleting unwanted file: ./gp/CGT1089/PROKKA_04262022.sprot.tmp.707904.faa
[12:30:09] Deleting unwanted file: ./gp/CGT1089/PROKKA_04262022.sprot.tmp.707904.blast
[12:30:09] There are still 1535 unannotated CDS left (started with 5148)
[12:30:09] Will use hmmer3 to search against /home/Team5/miniconda3/envs/gene_prediction/db/hmm/HAMAP.hmm with 4 CPUs
[12:30:09] Running: cat \.\/gp\/CGT1089\/PROKKA_04262022\.HAMAP\.hmm\.tmp\.707904\.faa | parallel --gnu --plain -j 4 --block 46920 --recstart '>' --pipe hmmscan --noali --notextw --acc -E 1e-09 --cpu 1 /home/Team5/miniconda3/envs/gene_prediction/db/hmm/HAMAP.hmm /dev/stdin > \.\/gp\/CGT1089\/PROKKA_04262022\.HAMAP\.hmm\.tmp\.707904\.hmmer3 2> /dev/null
[12:31:04] Modify product: Uncharacterized Nudix hydrolase NudL => putative Nudix hydrolase NudL
[12:31:05] Cleaned 1 /product names
[12:31:05] Deleting unwanted file: ./gp/CGT1089/PROKKA_04262022.HAMAP.hmm.tmp.707904.faa
[12:31:05] Deleting unwanted file: ./gp/CGT1089/PROKKA_04262022.HAMAP.hmm.tmp.707904.hmmer3
[12:31:05] Labelling remaining 1439 proteins as 'hypothetical protein'
[12:31:05] Possible /pseudo 'Formate dehydrogenase H' at contig00001 position 38899
[12:31:05] Possible /pseudo 'Fructose import ATP-binding protein FruK' at contig00001 position 194514
[12:31:05] Possible /pseudo 'Fructose import ATP-binding protein FruK' at contig00001 position 195027
[12:31:05] Possible /pseudo 'ISKra4 family transposase ISCep1' at contig00001 position 282669
[12:31:05] Possible /pseudo 'putative protein YjjI' at contig00001 position 359339
[12:31:05] Possible /pseudo 'Outer membrane usher protein YehB' at contig00001 position 403999
[12:31:05] Possible /pseudo 'Inner membrane metabolite transport protein YgcS' at contig00002 position 118568
[12:31:05] Possible /pseudo 'Glucarate dehydratase-related protein' at contig00002 position 144640
[12:31:05] Possible /pseudo 'Energy-coupling factor transporter ATP-binding protein EcfA1' at contig00002 position 315652
[12:31:05] Possible /pseudo 'Streptomycin 3''-adenylyltransferase' at contig00002 position 389892
[12:31:05] Possible /pseudo 'Cellulose biosynthesis protein BcsQ' at contig00003 position 67080
[12:31:05] Possible /pseudo 'Fructoselysine 6-kinase' at contig00003 position 281567
[12:31:05] Possible /pseudo 'Multidrug export protein AcrF' at contig00004 position 5619
[12:31:05] Possible /pseudo 'putative fimbrial-like protein YraK' at contig00004 position 122893
[12:31:05] Possible /pseudo 'Acetyl-CoA:oxalate CoA-transferase' at contig00005 position 31592
[12:31:05] Possible /pseudo 'Oxidoreductase UcpA' at contig00005 position 81912
[12:31:05] Possible /pseudo 'Alpha-2-macroglobulin' at contig00005 position 186153
[12:31:05] Possible /pseudo 'putative outer membrane usher protein ElfC' at contig00006 position 33478
[12:31:05] Possible /pseudo 'Isoaspartyl peptidase' at contig00006 position 171512
[12:31:05] Possible /pseudo 'Molybdenum cofactor biosynthesis protein B' at contig00006 position 222046
[12:31:05] Possible /pseudo 'Membrane-associated protein UidC' at contig00007 position 47228
[12:31:05] Possible /pseudo 'Beta-glucuronidase' at contig00007 position 50765
[12:31:05] Possible /pseudo 'Farnesyl diphosphate synthase' at contig00008 position 95554
[12:31:05] Possible /pseudo 'Inner membrane protein YdcO' at contig00009 position 24319
[12:31:05] Possible /pseudo 'Outer membrane porin N' at contig00009 position 71218
[12:31:05] Possible /pseudo 'putative protein YcjY' at contig00009 position 92551
[12:31:05] Possible /pseudo 'putative protein YcjY' at contig00009 position 92858
[12:31:05] Possible /pseudo 'Glucosylglycerate phosphorylase' at contig00009 position 114437
[12:31:05] Possible /pseudo 'Cyclic di-GMP phosphodiesterase PdeR' at contig00009 position 146965
[12:31:05] Possible /pseudo 'Adenine permease AdeQ' at contig00012 position 41567
[12:31:05] Possible /pseudo 'putative fimbrial-like protein ElfG' at contig00012 position 111189
[12:31:05] Possible /pseudo 'Low affinity potassium transport system protein kup' at contig00012 position 137057
[12:31:05] Possible /pseudo 'Toxic protein HokE' at contig00013 position 25475
[12:31:05] Possible /pseudo 'Octanoyltransferase' at contig00013 position 77757
[12:31:05] Possible /pseudo 'Chaperone protein HscC' at contig00013 position 98467
[12:31:05] Possible /pseudo 'Chitoporin' at contig00013 position 123490
[12:31:05] Possible /pseudo 'Oxygen sensor protein DosP' at contig00015 position 72557
[12:31:05] Possible /pseudo 'Formate dehydrogenase, nitrate-inducible, major subunit' at contig00015 position 88875
[12:31:05] Possible /pseudo 'Arylamine N-acetyltransferase' at contig00015 position 104290
[12:31:05] Possible /pseudo 'putative diguanylate cyclase DgcE' at contig00018 position 31811
[12:31:05] Possible /pseudo 'Putative 2,3-dihydroxypropane-1-sulfonate exporter' at contig00019 position 24952
[12:31:05] Possible /pseudo 'Formate dehydrogenase-O major subunit' at contig00019 position 47216
[12:31:05] Possible /pseudo 'L-rhamnose-proton symporter' at contig00019 position 63679
[12:31:05] Possible /pseudo '1,4-dihydroxy-2-naphthoate octaprenyltransferase' at contig00019 position 84909
[12:31:05] Possible /pseudo 'IS3 family transposase ISEc31' at contig00022 position 3413
[12:31:05] Possible /pseudo 'putative HTH-type transcriptional regulator YahB' at contig00024 position 37519
[12:31:05] Possible /pseudo 'General stress protein 16U' at contig00028 position 30967
[12:31:05] Possible /pseudo 'Allantoinase' at contig00029 position 32200
[12:31:05] Possible /pseudo 'IS3 family transposase IS2' at contig00033 position 3336
[12:31:05] Possible /pseudo 'putative L,D-transpeptidase ErfK/SrfK' at contig00038 position 21958
[12:31:05] Found 3160 unique /gene codes.
[12:31:05] Fixed 2 duplicate /gene - gfcB_1 gfcB_2
[12:31:05] Fixed 2 duplicate /gene - yiaW_1 yiaW_2
[12:31:05] Fixed 2 duplicate /gene - cntO_1 cntO_2
[12:31:05] Fixed 2 duplicate /gene - rcsC_1 rcsC_2
[12:31:05] Fixed 2 duplicate /gene - rapA_1 rapA_2
[12:31:05] Fixed 3 duplicate /gene - hokE_1 hokE_2 hokE_3
[12:31:05] Fixed 2 duplicate /gene - pncC_1 pncC_2
[12:31:05] Fixed 2 duplicate /gene - fixA_1 fixA_2
[12:31:05] Fixed 2 duplicate /gene - yfcQ_1 yfcQ_2
[12:31:05] Fixed 2 duplicate /gene - dnaK_1 dnaK_2
[12:31:05] Fixed 3 duplicate /gene - clpP_1 clpP_2 clpP_3
[12:31:05] Fixed 2 duplicate /gene - ydeO_1 ydeO_2
[12:31:05] Fixed 2 duplicate /gene - iaaA_1 iaaA_2
[12:31:05] Fixed 2 duplicate /gene - nhoA_1 nhoA_2
[12:31:05] Fixed 2 duplicate /gene - artM_1 artM_2
[12:31:05] Fixed 2 duplicate /gene - ygdR_1 ygdR_2
[12:31:05] Fixed 5 duplicate /gene - rhaS_1 rhaS_2 rhaS_3 rhaS_4 rhaS_5
[12:31:05] Fixed 2 duplicate /gene - xdhA_1 xdhA_2
[12:31:05] Fixed 2 duplicate /gene - yggP_1 yggP_2
[12:31:05] Fixed 2 duplicate /gene - xylB_1 xylB_2
[12:31:05] Fixed 2 duplicate /gene - ycjM_1 ycjM_2
[12:31:05] Fixed 2 duplicate /gene - dmsA_1 dmsA_2
[12:31:05] Fixed 2 duplicate /gene - der_1 der_2
[12:31:05] Fixed 2 duplicate /gene - moaB_1 moaB_2
[12:31:05] Fixed 2 duplicate /gene - frlD_1 frlD_2
[12:31:05] Fixed 2 duplicate /gene - dgcE_1 dgcE_2
[12:31:05] Fixed 3 duplicate /gene - ygcS_1 ygcS_2 ygcS_3
[12:31:05] Fixed 2 duplicate /gene - acpP_1 acpP_2
[12:31:05] Fixed 2 duplicate /gene - bcsQ_1 bcsQ_2
[12:31:05] Fixed 3 duplicate /gene - dnaC_1 dnaC_2 dnaC_3
[12:31:05] Fixed 2 duplicate /gene - dmsC_1 dmsC_2
[12:31:05] Fixed 2 duplicate /gene - coaA_1 coaA_2
[12:31:05] Fixed 2 duplicate /gene - spaP_1 spaP_2
[12:31:05] Fixed 5 duplicate /gene - intS_1 intS_2 intS_3 intS_4 intS_5
[12:31:05] Fixed 2 duplicate /gene - dgkA_1 dgkA_2
[12:31:05] Fixed 2 duplicate /gene - ybdO_1 ybdO_2
[12:31:05] Fixed 2 duplicate /gene - oxyR_1 oxyR_2
[12:31:05] Fixed 2 duplicate /gene - melR_1 melR_2
[12:31:05] Fixed 3 duplicate /gene - fixX_1 fixX_2 fixX_3
[12:31:05] Fixed 2 duplicate /gene - hcaR_1 hcaR_2
[12:31:05] Fixed 2 duplicate /gene - ecfA1_1 ecfA1_2
[12:31:05] Fixed 2 duplicate /gene - srmB_1 srmB_2
[12:31:05] Fixed 2 duplicate /gene - alx_1 alx_2
[12:31:05] Fixed 2 duplicate /gene - ccmF_1 ccmF_2
[12:31:05] Fixed 2 duplicate /gene - cytR_1 cytR_2
[12:31:05] Fixed 2 duplicate /gene - ubiJ_1 ubiJ_2
[12:31:05] Fixed 2 duplicate /gene - rbsB_1 rbsB_2
[12:31:05] Fixed 3 duplicate /gene - elfG_1 elfG_2 elfG_3
[12:31:05] Fixed 2 duplicate /gene - flhA_1 flhA_2
[12:31:05] Fixed 2 duplicate /gene - kgtP_1 kgtP_2
[12:31:05] Fixed 3 duplicate /gene - yehB_1 yehB_2 yehB_3
[12:31:05] Fixed 3 duplicate /gene - acrB_1 acrB_2 acrB_3
[12:31:05] Fixed 2 duplicate /gene - fdoG_1 fdoG_2
[12:31:05] Fixed 2 duplicate /gene - betI_1 betI_2
[12:31:05] Fixed 2 duplicate /gene - yfdE_1 yfdE_2
[12:31:05] Fixed 2 duplicate /gene - gspA_1 gspA_2
[12:31:05] Fixed 2 duplicate /gene - btuR_1 btuR_2
[12:31:05] Fixed 2 duplicate /gene - yciF_1 yciF_2
[12:31:05] Fixed 2 duplicate /gene - ykgM_1 ykgM_2
[12:31:05] Fixed 2 duplicate /gene - cysH_1 cysH_2
[12:31:05] Fixed 2 duplicate /gene - mglA_1 mglA_2
[12:31:05] Fixed 2 duplicate /gene - hha_1 hha_2
[12:31:05] Fixed 2 duplicate /gene - ugpC_1 ugpC_2
[12:31:05] Fixed 2 duplicate /gene - ftsA_1 ftsA_2
[12:31:05] Fixed 3 duplicate /gene - folP_1 folP_2 folP_3
[12:31:05] Fixed 2 duplicate /gene - manC1_1 manC1_2
[12:31:05] Fixed 2 duplicate /gene - ydhX_1 ydhX_2
[12:31:05] Fixed 2 duplicate /gene - yraK_1 yraK_2
[12:31:05] Fixed 2 duplicate /gene - sapB_1 sapB_2
[12:31:05] Fixed 3 duplicate /gene - glnQ_1 glnQ_2 glnQ_3
[12:31:05] Fixed 2 duplicate /gene - rep_1 rep_2
[12:31:05] Fixed 2 duplicate /gene - uhpA_1 uhpA_2
[12:31:05] Fixed 2 duplicate /gene - lolA_1 lolA_2
[12:31:05] Fixed 6 duplicate /gene - rusA_1 rusA_2 rusA_3 rusA_4 rusA_5 rusA_6
[12:31:05] Fixed 2 duplicate /gene - chuR_1 chuR_2
[12:31:05] Fixed 3 duplicate /gene - ompN_1 ompN_2 ompN_3
[12:31:05] Fixed 2 duplicate /gene - yhhT_1 yhhT_2
[12:31:05] Fixed 2 duplicate /gene - uhpC_1 uhpC_2
[12:31:05] Fixed 2 duplicate /gene - yrdA_1 yrdA_2
[12:31:05] Fixed 3 duplicate /gene - yadV_1 yadV_2 yadV_3
[12:31:05] Fixed 2 duplicate /gene - pdeR_1 pdeR_2
[12:31:05] Fixed 3 duplicate /gene - yahB_1 yahB_2 yahB_3
[12:31:05] Fixed 3 duplicate /gene - gadW_1 gadW_2 gadW_3
[12:31:05] Fixed 2 duplicate /gene - sbmC_1 sbmC_2
[12:31:05] Fixed 2 duplicate /gene - fbaA_1 fbaA_2
[12:31:05] Fixed 2 duplicate /gene - fimF_1 fimF_2
[12:31:05] Fixed 2 duplicate /gene - uhpB_1 uhpB_2
[12:31:05] Fixed 3 duplicate /gene - kduD_1 kduD_2 kduD_3
[12:31:05] Fixed 2 duplicate /gene - kdgK_1 kdgK_2
[12:31:05] Fixed 2 duplicate /gene - lipB_1 lipB_2
[12:31:05] Fixed 4 duplicate /gene - nohA_1 nohA_2 nohA_3 nohA_4
[12:31:05] Fixed 2 duplicate /gene - kbaY_1 kbaY_2
[12:31:05] Fixed 2 duplicate /gene - yraI_1 yraI_2
[12:31:05] Fixed 2 duplicate /gene - xerD_1 xerD_2
[12:31:05] Fixed 2 duplicate /gene - acs_1 acs_2
[12:31:05] Fixed 2 duplicate /gene - eptA_1 eptA_2
[12:31:05] Fixed 2 duplicate /gene - mngR_1 mngR_2
[12:31:05] Fixed 2 duplicate /gene - rbsA_1 rbsA_2
[12:31:05] Fixed 2 duplicate /gene - pdhR_1 pdhR_2
[12:31:05] Fixed 2 duplicate /gene - ydjZ_1 ydjZ_2
[12:31:05] Fixed 2 duplicate /gene - yjiK_1 yjiK_2
[12:31:05] Fixed 2 duplicate /gene - ttdT_1 ttdT_2
[12:31:05] Fixed 2 duplicate /gene - lldR_1 lldR_2
[12:31:05] Fixed 2 duplicate /gene - eptC_1 eptC_2
[12:31:05] Fixed 2 duplicate /gene - ssb_1 ssb_2
[12:31:05] Fixed 2 duplicate /gene - lsrD_1 lsrD_2
[12:31:05] Fixed 2 duplicate /gene - nanM_1 nanM_2
[12:31:05] Fixed 4 duplicate /gene - rbsC_1 rbsC_2 rbsC_3 rbsC_4
[12:31:05] Fixed 2 duplicate /gene - mlc_1 mlc_2
[12:31:05] Fixed 2 duplicate /gene - ydgA_1 ydgA_2
[12:31:05] Fixed 2 duplicate /gene - yehC_1 yehC_2
[12:31:05] Fixed 2 duplicate /gene - prfB_1 prfB_2
[12:31:05] Fixed 3 duplicate /gene - dmsB_1 dmsB_2 dmsB_3
[12:31:05] Fixed 2 duplicate /gene - yciE_1 yciE_2
[12:31:05] Fixed 2 duplicate /gene - rhmT_1 rhmT_2
[12:31:05] Fixed 2 duplicate /gene - dnaB_1 dnaB_2
[12:31:05] Fixed 2 duplicate /gene - intQ_1 intQ_2
[12:31:05] Fixed 2 duplicate /gene - araG_1 araG_2
[12:31:05] Fixed 2 duplicate /gene - gpFI_1 gpFI_2
[12:31:05] Fixed 3 duplicate /gene - fabG_1 fabG_2 fabG_3
[12:31:05] Fixed 2 duplicate /gene - bioD1_1 bioD1_2
[12:31:05] Fixed 2 duplicate /gene - rhlE_1 rhlE_2
[12:31:05] Fixed 2 duplicate /gene - uidA_1 uidA_2
[12:31:05] Fixed 5 duplicate /gene - dmlR_1 dmlR_2 dmlR_3 dmlR_4 dmlR_5
[12:31:05] Fixed 2 duplicate /gene - kefC_1 kefC_2
[12:31:05] Fixed 2 duplicate /gene - aspT_1 aspT_2
[12:31:05] Fixed 4 duplicate /gene - dnaT_1 dnaT_2 dnaT_3 dnaT_4
[12:31:05] Fixed 2 duplicate /gene - gmm_1 gmm_2
[12:31:05] Fixed 2 duplicate /gene - por_1 por_2
[12:31:05] Fixed 4 duplicate /gene - hdfR_1 hdfR_2 hdfR_3 hdfR_4
[12:31:05] Fixed 2 duplicate /gene - fdhF_1 fdhF_2
[12:31:05] Fixed 3 duplicate /gene - dinI_1 dinI_2 dinI_3
[12:31:05] Fixed 2 duplicate /gene - uidC_1 uidC_2
[12:31:05] Fixed 2 duplicate /gene - acrF_1 acrF_2
[12:31:05] Fixed 2 duplicate /gene - proQ_1 proQ_2
[12:31:05] Fixed 2 duplicate /gene - malP_1 malP_2
[12:31:05] Fixed 2 duplicate /gene - slp_1 slp_2
[12:31:05] Fixed 2 duplicate /gene - sgrR_1 sgrR_2
[12:31:05] Fixed 2 duplicate /gene - adeQ_1 adeQ_2
[12:31:05] Fixed 2 duplicate /gene - rsxB_1 rsxB_2
[12:31:05] Fixed 4 duplicate /gene - srlR_1 srlR_2 srlR_3 srlR_4
[12:31:05] Fixed 2 duplicate /gene - murR_1 murR_2
[12:31:05] Fixed 2 duplicate /gene - fixB_1 fixB_2
[12:31:05] Fixed 2 duplicate /gene - nepI_1 nepI_2
[12:31:05] Fixed 2 duplicate /gene - acrR_1 acrR_2
[12:31:05] Fixed 2 duplicate /gene - allB_1 allB_2
[12:31:05] Fixed 2 duplicate /gene - cynR_1 cynR_2
[12:31:05] Fixed 3 duplicate /gene - manZ_1 manZ_2 manZ_3
[12:31:05] Fixed 2 duplicate /gene - ssuC_1 ssuC_2
[12:31:05] Fixed 2 duplicate /gene - cusC_1 cusC_2
[12:31:05] Fixed 2 duplicate /gene - rcsB_1 rcsB_2
[12:31:05] Fixed 2 duplicate /gene - ylcG_1 ylcG_2
[12:31:05] Fixed 2 duplicate /gene - fimA_1 fimA_2
[12:31:05] Fixed 2 duplicate /gene - ucpA_1 ucpA_2
[12:31:05] Fixed 2 duplicate /gene - lpxM_1 lpxM_2
[12:31:05] Fixed 2 duplicate /gene - mepS_1 mepS_2
[12:31:05] Fixed 2 duplicate /gene - erfK_1 erfK_2
[12:31:05] Fixed 4 duplicate /gene - rrrD_1 rrrD_2 rrrD_3 rrrD_4
[12:31:05] Fixed 2 duplicate /gene - hcpA_1 hcpA_2
[12:31:05] Fixed 3 duplicate /gene - ygiW_1 ygiW_2 ygiW_3
[12:31:05] Fixed 5 duplicate /gene - hyfA_1 hyfA_2 hyfA_3 hyfA_4 hyfA_5
[12:31:05] Fixed 2 duplicate /gene - caiA_1 caiA_2
[12:31:05] Fixed 2 duplicate /gene - nlpD_1 nlpD_2
[12:31:05] Fixed 2 duplicate /gene - ylpA_1 ylpA_2
[12:31:05] Fixed 2 duplicate /gene - epsE_1 epsE_2
[12:31:05] Fixed 2 duplicate /gene - gadX_1 gadX_2
[12:31:05] Fixed 4 duplicate /gene - yceD_1 yceD_2 yceD_3 yceD_4
[12:31:05] Fixed 4 duplicate /gene - ycjY_1 ycjY_2 ycjY_3 ycjY_4
[12:31:05] Fixed 2 duplicate /gene - fryA_1 fryA_2
[12:31:05] Fixed 4 duplicate /gene - pgrR_1 pgrR_2 pgrR_3 pgrR_4
[12:31:05] Fixed 2 duplicate /gene - trmH_1 trmH_2
[12:31:05] Fixed 3 duplicate /gene - tdh_1 tdh_2 tdh_3
[12:31:05] Fixed 4 duplicate /gene - elfC_1 elfC_2 elfC_3 elfC_4
[12:31:05] Fixed 2 duplicate /gene - pdeN_1 pdeN_2
[12:31:05] Fixed 2 duplicate /gene - gudX_1 gudX_2
[12:31:05] Fixed 2 duplicate /gene - narL_1 narL_2
[12:31:05] Fixed 2 duplicate /gene - pal_1 pal_2
[12:31:05] Fixed 2 duplicate /gene - hycG_1 hycG_2
[12:31:05] Fixed 2 duplicate /gene - ydcO_1 ydcO_2
[12:31:05] Fixed 2 duplicate /gene - recQ_1 recQ_2
[12:31:05] Fixed 2 duplicate /gene - era_1 era_2
[12:31:05] Fixed 2 duplicate /gene - psuK_1 psuK_2
[12:31:05] Fixed 2 duplicate /gene - ulaA_1 ulaA_2
[12:31:05] Fixed 2 duplicate /gene - yihP_1 yihP_2
[12:31:05] Fixed 2 duplicate /gene - lptB_1 lptB_2
[12:31:05] Fixed 2 duplicate /gene - nanR_1 nanR_2
[12:31:05] Fixed 3 duplicate /gene - btuD_1 btuD_2 btuD_3
[12:31:05] Fixed 2 duplicate /gene - ccmH_1 ccmH_2
[12:31:05] Fixed 2 duplicate /gene - tsaR_1 tsaR_2
[12:31:05] Fixed 3 duplicate /gene - lpfA_1 lpfA_2 lpfA_3
[12:31:05] Fixed 2 duplicate /gene - ptsH_1 ptsH_2
[12:31:05] Fixed 2 duplicate /gene - fcl_1 fcl_2
[12:31:05] Fixed 2 duplicate /gene - menA_1 menA_2
[12:31:05] Fixed 2 duplicate /gene - ant1_1 ant1_2
[12:31:05] Fixed 2 duplicate /gene - lolD_1 lolD_2
[12:31:05] Fixed 2 duplicate /gene - gcvA_1 gcvA_2
[12:31:05] Fixed 2 duplicate /gene - ydjE_1 ydjE_2
[12:31:05] Fixed 2 duplicate /gene - prs_1 prs_2
[12:31:05] Fixed 2 duplicate /gene - ispA_1 ispA_2
[12:31:05] Fixed 2 duplicate /gene - gmd_1 gmd_2
[12:31:05] Fixed 2 duplicate /gene - hin_1 hin_2
[12:31:05] Fixed 2 duplicate /gene - ccdB_1 ccdB_2
[12:31:05] Fixed 2 duplicate /gene - cdhR_1 cdhR_2
[12:31:05] Fixed 2 duplicate /gene - mdh_1 mdh_2
[12:31:05] Fixed 2 duplicate /gene - recD_1 recD_2
[12:31:05] Fixed 2 duplicate /gene - gatC_1 gatC_2
[12:31:05] Fixed 2 duplicate /gene - yvgN_1 yvgN_2
[12:31:05] Fixed 3 duplicate /gene - cirA_1 cirA_2 cirA_3
[12:31:05] Fixed 2 duplicate /gene - pitA_1 pitA_2
[12:31:05] Fixed 2 duplicate /gene - argE_1 argE_2
[12:31:05] Fixed 2 duplicate /gene - arnC_1 arnC_2
[12:31:05] Fixed 2 duplicate /gene - papC_1 papC_2
[12:31:05] Fixed 2 duplicate /gene - rlhA_1 rlhA_2
[12:31:05] Fixed 2 duplicate /gene - lsrB_1 lsrB_2
[12:31:05] Fixed 3 duplicate /gene - bcr_1 bcr_2 bcr_3
[12:31:05] Fixed 2 duplicate /gene - kup_1 kup_2
[12:31:05] Fixed 2 duplicate /gene - mipA_1 mipA_2
[12:31:05] Fixed 2 duplicate /gene - dosP_1 dosP_2
[12:31:05] Fixed 2 duplicate /gene - sorB_1 sorB_2
[12:31:05] Fixed 4 duplicate /gene - cbtA_1 cbtA_2 cbtA_3 cbtA_4
[12:31:05] Fixed 2 duplicate /gene - rhaT_1 rhaT_2
[12:31:05] Fixed 2 duplicate /gene - aaeB_1 aaeB_2
[12:31:05] Fixed 2 duplicate /gene - osmY_1 osmY_2
[12:31:05] Fixed 2 duplicate /gene - yjjI_1 yjjI_2
[12:31:05] Fixed 2 duplicate /gene - proA_1 proA_2
[12:31:05] Fixed 2 duplicate /gene - fruA_1 fruA_2
[12:31:05] Fixed 3 duplicate /gene - lexA_1 lexA_2 lexA_3
[12:31:05] Fixed 2 duplicate /gene - lon_1 lon_2
[12:31:05] Fixed 4 duplicate /gene - tfaE_1 tfaE_2 tfaE_3 tfaE_4
[12:31:05] Fixed 2 duplicate /gene - mtlA_1 mtlA_2
[12:31:05] Fixed 2 duplicate /gene - yfhM_1 yfhM_2
[12:31:05] Fixed 2 duplicate /gene - ldrA_1 ldrA_2
[12:31:05] Fixed 4 duplicate /gene - ompX_1 ompX_2 ompX_3 ompX_4
[12:31:05] Fixed 2 duplicate /gene - ybdM_1 ybdM_2
[12:31:05] Fixed 2 duplicate /gene - epsF_1 epsF_2
[12:31:05] Fixed 2 duplicate /gene - ndhB_1 ndhB_2
[12:31:05] Fixed 2 duplicate /gene - fdnH_1 fdnH_2
[12:31:05] Fixed 2 duplicate /gene - dcuD_1 dcuD_2
[12:31:05] Fixed 2 duplicate /gene - intA_1 intA_2
[12:31:05] Fixed 3 duplicate /gene - potA_1 potA_2 potA_3
[12:31:05] Fixed 2 duplicate /gene - aaeA_1 aaeA_2
[12:31:05] Fixed 3 duplicate /gene - gltC_1 gltC_2 gltC_3
[12:31:05] Fixed 2 duplicate /gene - agaC_1 agaC_2
[12:31:05] Fixed 2 duplicate /gene - yehD_1 yehD_2
[12:31:05] Fixed 2 duplicate /gene - algC_1 algC_2
[12:31:05] Fixed 2 duplicate /gene - nagK_1 nagK_2
[12:31:05] Fixed 2 duplicate /gene - gstB_1 gstB_2
[12:31:05] Fixed 4 duplicate /gene - klcA_1 klcA_2 klcA_3 klcA_4
[12:31:05] Fixed 3 duplicate /gene - norR_1 norR_2 norR_3
[12:31:05] Fixed 2 duplicate /gene - crfC_1 crfC_2
[12:31:05] Fixed 2 duplicate /gene - gatB_1 gatB_2
[12:31:05] Fixed 2 duplicate /gene - yhbX_1 yhbX_2
[12:31:05] Fixed 2 duplicate /gene - pphB_1 pphB_2
[12:31:05] Fixed 2 duplicate /gene - lpfC'_1 lpfC'_2
[12:31:05] Fixed 3 duplicate /gene - ydcV_1 ydcV_2 ydcV_3
[12:31:05] Fixed 2 duplicate /gene - ompC_1 ompC_2
[12:31:05] Fixed 2 duplicate /gene - chiP_1 chiP_2
[12:31:05] Fixed 2 duplicate /gene - pspB_1 pspB_2
[12:31:05] Fixed 2 duplicate /gene - lsrK_1 lsrK_2
[12:31:05] Fixed 4 duplicate /gene - fruK_1 fruK_2 fruK_3 fruK_4
[12:31:05] Fixed 2 duplicate /gene - fimG_1 fimG_2
[12:31:05] Fixed 3 duplicate /gene - cutC_1 cutC_2 cutC_3
[12:31:05] Fixed 2 duplicate /gene - gcvT_1 gcvT_2
[12:31:05] Fixed 3 duplicate /gene - cysE_1 cysE_2 cysE_3
[12:31:05] Fixed 2 duplicate /gene - ndhI_1 ndhI_2
[12:31:05] Fixed 2 duplicate /gene - arcC2_1 arcC2_2
[12:31:05] Fixed 2 duplicate /gene - katG_1 katG_2
[12:31:05] Fixed 2 duplicate /gene - manP_1 manP_2
[12:31:05] Fixed 2 duplicate /gene - rhsD_1 rhsD_2
[12:31:05] Fixed 9 duplicate /gene - xerC_1 xerC_2 xerC_3 xerC_4 xerC_5 xerC_6 xerC_7 xerC_8 xerC_9
[12:31:05] Fixed 2 duplicate /gene - sctC_1 sctC_2
[12:31:05] Fixed 2 duplicate /gene - nuoL_1 nuoL_2
[12:31:05] Fixed 2 duplicate /gene - dadA_1 dadA_2
[12:31:05] Fixed 2 duplicate /gene - acpS_1 acpS_2
[12:31:05] Fixed 2 duplicate /gene - rob_1 rob_2
[12:31:05] Fixed 2 duplicate /gene - fimD_1 fimD_2
[12:31:05] Fixed 2 duplicate /gene - ulaB_1 ulaB_2
[12:31:05] Fixed 2 duplicate /gene - fdrA_1 fdrA_2
[12:31:05] Fixed 2 duplicate /gene - ybcO_1 ybcO_2
[12:31:05] Fixed 2 duplicate /gene - fdnG_1 fdnG_2
[12:31:05] Fixed 2 duplicate /gene - glmS_1 glmS_2
[12:31:05] Fixed 2 duplicate /gene - rhtC_1 rhtC_2
[12:31:05] Fixed 2 duplicate /gene - dctA_1 dctA_2
[12:31:05] Fixed 2 duplicate /gene - ydjF_1 ydjF_2
[12:31:05] Fixed 3 duplicate /gene - cbeA_1 cbeA_2 cbeA_3
[12:31:05] Fixed 2 duplicate /gene - manX_1 manX_2
[12:31:05] Fixed 5 duplicate /gene - rhaR_1 rhaR_2 rhaR_3 rhaR_4 rhaR_5
[12:31:05] Fixed 2 duplicate /gene - yhaJ_1 yhaJ_2
[12:31:05] Fixed 2 duplicate /gene - ompR_1 ompR_2
[12:31:05] Fixed 2 duplicate /gene - yicJ_1 yicJ_2
[12:31:05] Fixed 2 duplicate /gene - hscC_1 hscC_2
[12:31:05] Fixed 2 duplicate /gene - fumA_1 fumA_2
[12:31:05] Fixed 2 duplicate /gene - purR_1 purR_2
[12:31:05] Fixed 3 duplicate /gene - mshA_1 mshA_2 mshA_3
[12:31:05] Fixed 2 duplicate /gene - yhdJ_1 yhdJ_2
[12:31:05] Fixed 2 duplicate /gene - topA_1 topA_2
[12:31:05] Fixed 2 duplicate /gene - leuC_1 leuC_2
[12:31:05] Fixed 2 duplicate /gene - fryB_1 fryB_2
[12:31:05] Fixed 3 duplicate /gene - bhsA_1 bhsA_2 bhsA_3
[12:31:05] Fixed 2 duplicate /gene - caiT_1 caiT_2
[12:31:05] Fixed 3 duplicate /gene - fabF_1 fabF_2 fabF_3
[12:31:05] Fixed 2 duplicate /gene - fimH_1 fimH_2
[12:31:05] Fixed 302 colliding /gene names.
[12:31:05] Adding /locus_tag identifiers
[12:31:05] Assigned 5516 locus_tags to CDS and RNA features.
[12:31:05] Writing outputs to ./gp/CGT1089/
[12:31:09] Generating annotation statistics file
[12:31:09] Generating Genbank and Sequin files
[12:31:09] Running: tbl2asn -V b -a r10k -l paired-ends -M n -N 1 -y 'Annotated using prokka 1.14.6 from https://github.com/tseemann/prokka' -Z \.\/gp\/CGT1089\/PROKKA_04262022\.err -i \.\/gp\/CGT1089\/PROKKA_04262022\.fsa 2> /dev/null
[12:31:44] Deleting unwanted file: ./gp/CGT1089/errorsummary.val
[12:31:44] Deleting unwanted file: ./gp/CGT1089/PROKKA_04262022.dr
[12:31:44] Deleting unwanted file: ./gp/CGT1089/PROKKA_04262022.fixedproducts
[12:31:44] Deleting unwanted file: ./gp/CGT1089/PROKKA_04262022.ecn
[12:31:44] Deleting unwanted file: ./gp/CGT1089/PROKKA_04262022.val
[12:31:44] Repairing broken .GBK output that tbl2asn produces...
[12:31:44] Running: sed 's/COORDINATES: profile/COORDINATES:profile/' < \.\/gp\/CGT1089\/PROKKA_04262022\.gbf > \.\/gp\/CGT1089\/PROKKA_04262022\.gbk
[12:31:44] Deleting unwanted file: ./gp/CGT1089/PROKKA_04262022.gbf
[12:31:44] Output files:
[12:31:44] ./gp/CGT1089/PROKKA_04262022.tbl
[12:31:44] ./gp/CGT1089/PROKKA_04262022.txt
[12:31:44] ./gp/CGT1089/PROKKA_04262022.fna
[12:31:44] ./gp/CGT1089/PROKKA_04262022.gbk
[12:31:44] ./gp/CGT1089/PROKKA_04262022.err
[12:31:44] ./gp/CGT1089/PROKKA_04262022.log
[12:31:44] ./gp/CGT1089/PROKKA_04262022.gff
[12:31:44] ./gp/CGT1089/PROKKA_04262022.ffn
[12:31:44] ./gp/CGT1089/PROKKA_04262022.sqn
[12:31:44] ./gp/CGT1089/PROKKA_04262022.faa
[12:31:44] ./gp/CGT1089/PROKKA_04262022.tsv
[12:31:44] ./gp/CGT1089/PROKKA_04262022.fsa
[12:31:44] Annotation finished successfully.
[12:31:44] Walltime used: 18.22 minutes
[12:31:44] If you use this result please cite the Prokka paper:
[12:31:44] Seemann T (2014) Prokka: rapid prokaryotic genome annotation. Bioinformatics. 30(14):2068-9.
[12:31:44] Type 'prokka --citation' for more details.
[12:31:44] Share and enjoy!
